8=FIX4.4; 35=A; 34=1; 49=MTHREE; 56=MS; 52=2022-05-31-13:35:31; 108=30; 10=0015;
8=FIX4.4; 35=A; 34=1; 49=MS; 56=MTHREE; 52=2022-05-31-13:35:31; 108=30; 10=0016;
8=FIX4.4; 35=0; 34=2; 49=MTHREE; 56=MS; 52=2022-05-31-13:35:31; 108=30; 10=0015;
8=FIX4.4; 35=0; 34=2; 49=MS; 56=MTHREE; 52=2022-05-31-13:35:31; 108=30; 10=0015;
8=FIX4.4; 35=0; 34=3; 49=MTHREE; 56=MS; 52=2022-05-31-13:35:33; 108=30; 10=0015;
8=FIX4.4; 35=0; 34=3; 49=MS; 56=MTHREE; 52=2022-05-31-13:35:33; 108=30; 10=0015;
8=FIX4.4; 35=0; 34=4; 49=MTHREE; 56=MS; 52=2022-05-31-13:35:35; 108=30; 10=0015;
8=FIX4.4; 35=0; 34=4; 49=MS; 56=MTHREE; 52=2022-05-31-13:35:35; 108=30; 10=0015;
8=FIX4.4; 35=0; 34=5; 49=MTHREE; 56=MS; 52=2022-05-31-13:35:37; 108=30; 10=0015;
8=FIX4.4; 35=0; 34=5; 49=MS; 56=MTHREE; 52=2022-05-31-13:35:37; 108=30; 10=0015;
8=FIX4.4; 35=0; 34=6; 49=MTHREE; 56=MS; 52=2022-05-31-13:35:39; 108=30; 10=0015;
8=FIX4.4; 35=0; 34=6; 49=MS; 56=MTHREE; 52=2022-05-31-13:35:39; 108=30; 10=0015;
8=FIX4.4; 35=0; 34=7; 49=MTHREE; 56=MS; 52=2022-05-31-13:35:41; 108=30; 10=0015;
8=FIX4.4; 35=0; 34=7; 49=MS; 56=MTHREE; 52=2022-05-31-13:35:41; 108=30; 10=0015;
8=FIX4.4; 35=0; 34=8; 49=MTHREE; 56=MS; 52=2022-05-31-13:35:43; 108=30; 10=0015;
8=FIX4.4; 35=0; 34=8; 49=MS; 56=MTHREE; 52=2022-05-31-13:35:43; 108=30; 10=0015;
8=FIX4.4; 35=0; 34=9; 49=MTHREE; 56=MS; 52=2022-05-31-13:35:45; 108=30; 10=0015;
8=FIX4.4; 35=0; 34=9; 49=MS; 56=MTHREE; 52=2022-05-31-13:35:45; 108=30; 10=0015;
8=FIX4.4; 35=0; 34=10; 49=MTHREE; 56=MS; 52=2022-05-31-13:35:47; 108=30; 10=0015;
8=FIX4.4; 35=0; 34=10; 49=MS; 56=MTHREE; 52=2022-05-31-13:35:47; 108=30; 10=0015;
8=FIX4.4; 35=0; 34=11; 49=MTHREE; 56=MS; 52=2022-05-31-13:35:49; 108=30; 10=0015;
8=FIX4.4; 35=0; 34=11; 49=MS; 56=MTHREE; 52=2022-05-31-13:35:49; 108=30; 10=0015;
8=FIX4.4; 35=0; 34=12; 49=MTHREE; 56=MS; 52=2022-05-31-13:35:51; 108=30; 10=0015;
8=FIX4.4; 35=0; 34=12; 49=MS; 56=MTHREE; 52=2022-05-31-13:35:51; 108=30; 10=0015;
8=FIX4.4; 35=0; 34=13; 49=MTHREE; 56=MS; 52=2022-05-31-13:35:53; 108=30; 10=0015;
8=FIX4.4; 35=0; 34=13; 49=MS; 56=MTHREE; 52=2022-05-31-13:35:53; 108=30; 10=0015;
8=FIX4.4; 35=0; 34=14; 49=MTHREE; 56=MS; 52=2022-05-31-13:35:55; 108=30; 10=0015;
8=FIX4.4; 35=0; 34=14; 49=MS; 56=MTHREE; 52=2022-05-31-13:35:55; 108=30; 10=0015;
8=FIX4.4; 35=0; 34=15; 49=MTHREE; 56=MS; 52=2022-05-31-13:35:57; 108=30; 10=0015;
8=FIX4.4; 35=0; 34=15; 49=MS; 56=MTHREE; 52=2022-05-31-13:35:57; 108=30; 10=0015;
8=FIX4.4; 35=0; 34=16; 49=MTHREE; 56=MS; 52=2022-05-31-13:35:59; 108=30; 10=0015;
8=FIX4.4; 35=0; 34=16; 49=MS; 56=MTHREE; 52=2022-05-31-13:35:59; 108=30; 10=0015;
8=FIX4.4; 35=0; 34=17; 49=MTHREE; 56=MS; 52=2022-05-31-13:36:01; 108=30; 10=0015;
8=FIX4.4; 35=0; 34=17; 49=MS; 56=MTHREE; 52=2022-05-31-13:36:01; 108=30; 10=0015;
8=FIX4.4; 35=0; 34=18; 49=MTHREE; 56=MS; 52=2022-05-31-13:36:03; 108=30; 10=0015;
8=FIX4.4; 35=0; 34=18; 49=MS; 56=MTHREE; 52=2022-05-31-13:36:03; 108=30; 10=0015;
8=FIX4.4; 35=0; 34=19; 49=MTHREE; 56=MS; 52=2022-05-31-13:36:05; 108=30; 10=0015;
8=FIX4.4; 35=0; 34=19; 49=MS; 56=MTHREE; 52=2022-05-31-13:36:05; 108=30; 10=0015;
8=FIX4.4; 35=0; 34=20; 49=MTHREE; 56=MS; 52=2022-05-31-13:36:07; 108=30; 10=0015;
8=FIX4.4; 35=0; 34=20; 49=MS; 56=MTHREE; 52=2022-05-31-13:36:07; 108=30; 10=0015;
8=FIX4.4; 35=0; 34=21; 49=MTHREE; 56=MS; 52=2022-05-31-13:36:09; 108=30; 10=0015;
8=FIX4.4; 35=0; 34=21; 49=MS; 56=MTHREE; 52=2022-05-31-13:36:09; 108=30; 10=0015;
8=FIX4.4; 35=0; 34=22; 49=MTHREE; 56=MS; 52=2022-05-31-13:36:11; 108=30; 10=0015;
8=FIX4.4; 35=0; 34=22; 49=MS; 56=MTHREE; 52=2022-05-31-13:36:11; 108=30; 10=0015;
8=FIX4.4; 35=0; 34=23; 49=MTHREE; 56=MS; 52=2022-05-31-13:36:13; 108=30; 10=0015;
8=FIX4.4; 35=0; 34=23; 49=MS; 56=MTHREE; 52=2022-05-31-13:36:13; 108=30; 10=0015;
8=FIX4.4; 35=0; 34=24; 49=MTHREE; 56=MS; 52=2022-05-31-13:36:15; 108=30; 10=0015;
8=FIX4.4; 35=0; 34=24; 49=MS; 56=MTHREE; 52=2022-05-31-13:36:15; 108=30; 10=0015;
8=FIX4.4; 35=0; 34=25; 49=MTHREE; 56=MS; 52=2022-05-31-13:36:17; 108=30; 10=0015;
8=FIX4.4; 35=0; 34=25; 49=MS; 56=MTHREE; 52=2022-05-31-13:36:17; 108=30; 10=0015;
8=FIX4.4; 35=0; 34=26; 49=MTHREE; 56=MS; 52=2022-05-31-13:36:19; 108=30; 10=0015;
8=FIX4.4; 35=0; 34=26; 49=MS; 56=MTHREE; 52=2022-05-31-13:36:19; 108=30; 10=0015;
8=FIX4.4; 35=0; 34=27; 49=MTHREE; 56=MS; 52=2022-05-31-13:36:21; 108=30; 10=0015;
8=FIX4.4; 35=0; 34=27; 49=MS; 56=MTHREE; 52=2022-05-31-13:36:21; 108=30; 10=0015;
8=FIX4.4; 35=0; 34=28; 49=MTHREE; 56=MS; 52=2022-05-31-13:36:23; 108=30; 10=0015;
8=FIX4.4; 35=0; 34=28; 49=MS; 56=MTHREE; 52=2022-05-31-13:36:23; 108=30; 10=0015;
8=FIX4.4; 35=0; 34=29; 49=MTHREE; 56=MS; 52=2022-05-31-13:36:25; 108=30; 10=0015;
8=FIX4.4; 35=0; 34=29; 49=MS; 56=MTHREE; 52=2022-05-31-13:36:25; 108=30; 10=0015;
8=FIX4.4; 35=0; 34=30; 49=MTHREE; 56=MS; 52=2022-05-31-13:36:27; 108=30; 10=0015;
8=FIX4.4; 35=0; 34=30; 49=MS; 56=MTHREE; 52=2022-05-31-13:36:27; 108=30; 10=0015;
8=FIX4.4; 35=0; 34=31; 49=MTHREE; 56=MS; 52=2022-05-31-13:36:29; 108=30; 10=0015;
8=FIX4.4; 35=0; 34=31; 49=MS; 56=MTHREE; 52=2022-05-31-13:36:29; 108=30; 10=0015;
8=FIX4.4; 35=0; 34=32; 49=MTHREE; 56=MS; 52=2022-05-31-13:36:31; 108=30; 10=0015;
8=FIX4.4; 35=0; 34=32; 49=MS; 56=MTHREE; 52=2022-05-31-13:36:31; 108=30; 10=0015;
8=FIX4.4; 35=0; 34=33; 49=MTHREE; 56=MS; 52=2022-05-31-13:36:33; 108=30; 10=0015;
8=FIX4.4; 35=0; 34=33; 49=MS; 56=MTHREE; 52=2022-05-31-13:36:33; 108=30; 10=0015;
8=FIX4.4; 35=0; 34=34; 49=MTHREE; 56=MS; 52=2022-05-31-13:36:35; 108=30; 10=0015;
8=FIX4.4; 35=0; 34=34; 49=MS; 56=MTHREE; 52=2022-05-31-13:36:35; 108=30; 10=0015;
8=FIX4.4; 35=0; 34=35; 49=MTHREE; 56=MS; 52=2022-05-31-13:36:37; 108=30; 10=0015;
8=FIX4.4; 35=0; 34=35; 49=MS; 56=MTHREE; 52=2022-05-31-13:36:37; 108=30; 10=0015;
8=FIX4.4; 35=0; 34=36; 49=MTHREE; 56=MS; 52=2022-05-31-13:36:39; 108=30; 10=0015;
8=FIX4.4; 35=0; 34=36; 49=MS; 56=MTHREE; 52=2022-05-31-13:36:39; 108=30; 10=0015;
8=FIX4.4; 35=0; 34=37; 49=MTHREE; 56=MS; 52=2022-05-31-13:36:41; 108=30; 10=0015;
8=FIX4.4; 35=0; 34=37; 49=MS; 56=MTHREE; 52=2022-05-31-13:36:41; 108=30; 10=0015;
8=FIX4.4; 35=0; 34=38; 49=MTHREE; 56=MS; 52=2022-05-31-13:36:43; 108=30; 10=0015;
8=FIX4.4; 35=0; 34=38; 49=MS; 56=MTHREE; 52=2022-05-31-13:36:43; 108=30; 10=0015;
8=FIX4.4; 35=0; 34=39; 49=MTHREE; 56=MS; 52=2022-05-31-13:36:45; 108=30; 10=0015;
8=FIX4.4; 35=0; 34=39; 49=MS; 56=MTHREE; 52=2022-05-31-13:36:45; 108=30; 10=0015;
8=FIX4.4; 35=0; 34=40; 49=MTHREE; 56=MS; 52=2022-05-31-13:36:47; 108=30; 10=0015;
8=FIX4.4; 35=0; 34=40; 49=MS; 56=MTHREE; 52=2022-05-31-13:36:47; 108=30; 10=0015;
8=FIX4.4; 35=0; 34=41; 49=MTHREE; 56=MS; 52=2022-05-31-13:36:49; 108=30; 10=0015;
8=FIX4.4; 35=0; 34=41; 49=MS; 56=MTHREE; 52=2022-05-31-13:36:49; 108=30; 10=0015;
8=FIX4.4; 35=0; 34=42; 49=MTHREE; 56=MS; 52=2022-05-31-13:36:51; 108=30; 10=0015;
8=FIX4.4; 35=0; 34=42; 49=MS; 56=MTHREE; 52=2022-05-31-13:36:51; 108=30; 10=0015;
8=FIX4.4; 35=0; 34=43; 49=MTHREE; 56=MS; 52=2022-05-31-13:36:53; 108=30; 10=0015;
8=FIX4.4; 35=0; 34=43; 49=MS; 56=MTHREE; 52=2022-05-31-13:36:53; 108=30; 10=0015;
8=FIX4.4; 35=0; 34=44; 49=MTHREE; 56=MS; 52=2022-05-31-13:36:56; 108=30; 10=0015;
8=FIX4.4; 35=0; 34=44; 49=MS; 56=MTHREE; 52=2022-05-31-13:36:56; 108=30; 10=0015;
8=FIX4.4; 35=0; 34=45; 49=MTHREE; 56=MS; 52=2022-05-31-13:36:58; 108=30; 10=0015;
8=FIX4.4; 35=0; 34=45; 49=MS; 56=MTHREE; 52=2022-05-31-13:36:58; 108=30; 10=0015;
8=FIX4.4; 35=0; 34=46; 49=MTHREE; 56=MS; 52=2022-05-31-13:37:00; 108=30; 10=0015;
8=FIX4.4; 35=0; 34=46; 49=MS; 56=MTHREE; 52=2022-05-31-13:37:00; 108=30; 10=0015;
8=FIX4.4; 35=0; 34=47; 49=MTHREE; 56=MS; 52=2022-05-31-13:37:02; 108=30; 10=0015;
8=FIX4.4; 35=0; 34=47; 49=MS; 56=MTHREE; 52=2022-05-31-13:37:02; 108=30; 10=0015;
8=FIX4.4; 35=0; 34=48; 49=MTHREE; 56=MS; 52=2022-05-31-13:37:04; 108=30; 10=0015;
8=FIX4.4; 35=0; 34=48; 49=MS; 56=MTHREE; 52=2022-05-31-13:37:04; 108=30; 10=0015;
8=FIX4.4; 35=0; 34=49; 49=MTHREE; 56=MS; 52=2022-05-31-13:37:06; 108=30; 10=0015;
8=FIX4.4; 35=0; 34=49; 49=MS; 56=MTHREE; 52=2022-05-31-13:37:06; 108=30; 10=0015;
8=FIX4.4; 35=0; 34=50; 49=MTHREE; 56=MS; 52=2022-05-31-13:37:08; 108=30; 10=0015;
8=FIX4.4; 35=0; 34=50; 49=MS; 56=MTHREE; 52=2022-05-31-13:37:08; 108=30; 10=0015;
8=FIX4.4; 35=0; 34=51; 49=MTHREE; 56=MS; 52=2022-05-31-13:37:10; 108=30; 10=0015;
8=FIX4.4; 35=0; 34=51; 49=MS; 56=MTHREE; 52=2022-05-31-13:37:10; 108=30; 10=0015;
8=FIX4.4; 35=D; 34=52; 49=MTHREE; 56=MS; 52=2022-05-31-13:37:12; 55=AAPL; 40=2; 38=3140; 21=2; 11=algo20220531133712; 60=2022-05-31-13:37:12; 54=1; 44=1276.37; 10=0252;
8=FIX4.4; 35=8; 34=52; 49=MS; 56=MTHREE; 52=2022-05-31-13:37:12; 55=AAPL; 40=2; 11=algo20220531133712; 31=1276.37; 150=0; 39=0; 54=1; 44=1276.37; 32=0; 17=exec20220531133712; 38=3140; 60=2022-05-31-13:37:12; 6=0; 14=0; 37=algo20220531133712; 10=200;
8=FIX4.4; 35=F; 34=52; 49=MTHREE; 56=MS; 52=2022-05-31-13:37:12; 41=algo20220531133712; 55=AAPL; 38=3140; 11=C_algo20220531133712; 60=2022-05-31-13:37:12; 10=060;
8=FIX4.4; 35=8; 34=52; 49=MS; 56=MTHREE; 52=2022-05-31-13:37:12; 55=AAPL; 11=C_algo20220531133712; 31=0; 150=6; 39=6; 54=1; 44=1276.37; 17=exec20220531133712; 32=0; 41=algo20220531133712; 38=3140; 60=2022-05-31-13:37:12; 6=0.0; 14=0; 37=algo20220531133712; 10=252;
8=FIX4.4; 35=8; 34=53; 49=MS; 56=MTHREE; 52=2022-05-31-13:37:12; 151=2512; 55=AAPL; 11=C_algo20220531133712; 31=0; 150=4; 39=4; 54=1; 17=exec20220531133712; 32=0; 41=algo20220531133712; 38=3140; 60=2022-05-31-13:37:12; 6=0.0; 14=0; 37=algo20220531133712; 10=252;
8=FIX4.4; 35=D; 34=54; 49=MTHREE; 56=MS; 52=2022-05-31-13:37:14; 55=MSFT; 40=2; 38=3601; 21=2; 11=algo20220531133714; 60=2022-05-31-13:37:14; 54=1; 44=59.89; 10=0252;
8=FIX4.4; 35=8; 34=55; 49=MS; 56=MTHREE; 52=2022-05-31-13:37:14; 55=MSFT; 40=2; 11=algo20220531133714; 31=59.89; 150=0; 39=0; 54=1; 44=59.89; 32=0; 17=exec20220531133714; 38=3601; 60=2022-05-31-13:37:14; 6=0; 14=0; 37=algo20220531133714; 10=200;
8=FIX4.4; 35=8; 34=56; 49=MS; 56=MTHREE; 52=2022-05-31-13:37:14; 55=MSFT; 40=2; 11=algo20220531133714; 31=59.89; 150=1; 39=1; 54=1; 44=59.89; 32=900; 17=exec20220531133714; 38=3601; 60=2022-05-31-13:37:14; 6=59.89; 14=900; 37=algo20220531133714; 10=240;
8=FIX4.4; 35=F; 34=54; 49=MTHREE; 56=MS; 52=2022-05-31-13:37:15; 41=algo20220531133714; 55=MSFT; 38=3601; 11=C_algo20220531133714; 60=2022-05-31-13:37:15; 10=060;
8=FIX4.4; 35=8; 34=56; 49=MS; 56=MTHREE; 52=2022-05-31-13:37:15; 55=MSFT; 11=C_algo20220531133714; 31=0; 150=6; 39=6; 54=1; 44=59.89; 17=exec20220531133715; 32=0; 41=algo20220531133714; 38=3601; 60=2022-05-31-13:37:15; 6=0.0; 14=900; 37=algo20220531133714; 10=252;
8=FIX4.4; 35=8; 34=57; 49=MS; 56=MTHREE; 52=2022-05-31-13:37:15; 151=1801; 55=MSFT; 11=C_algo20220531133714; 31=0; 150=4; 39=4; 54=1; 17=exec20220531133715; 32=0; 41=algo20220531133714; 38=3601; 60=2022-05-31-13:37:15; 6=0.0; 14=900; 37=algo20220531133714; 10=252;
8=FIX4.4; 35=D; 34=56; 49=MTHREE; 56=MS; 52=2022-05-31-13:37:17; 55=AMZN; 40=2; 38=7717; 21=2; 11=algo20220531133717; 60=2022-05-31-13:37:17; 54=2; 44=133.47; 10=0252;
8=FIX4.4; 35=8; 34=59; 49=MS; 56=MTHREE; 52=2022-05-31-13:37:17; 55=AMZN; 40=2; 11=algo20220531133717; 31=133.47; 150=0; 39=0; 54=2; 44=133.47; 32=0; 17=exec20220531133717; 38=7717; 60=2022-05-31-13:37:17; 6=0; 14=0; 37=algo20220531133717; 10=200;
8=FIX4.4; 35=8; 34=60; 49=MS; 56=MTHREE; 52=2022-05-31-13:37:18; 55=AMZN; 40=2; 11=algo20220531133717; 31=133.47; 150=2; 39=2; 54=2; 44=133.47; 32=7717; 17=exec20220531133718; 38=7717; 60=2022-05-31-13:37:18; 6=133.47; 14=7717; 37=algo20220531133717; 10=246;
8=FIX4.4; 35=D; 34=57; 49=MTHREE; 56=MS; 52=2022-05-31-13:37:18; 55=FB; 40=2; 38=17630; 21=2; 11=algo20220531133718; 60=2022-05-31-13:37:18; 54=2; 44=430.62; 10=0252;
8=FIX4.4; 35=8; 34=61; 49=MS; 56=MTHREE; 52=2022-05-31-13:37:18; 55=FB; 40=2; 11=algo20220531133718; 31=430.62; 150=0; 39=0; 54=2; 44=430.62; 32=0; 17=exec20220531133718; 38=17630; 60=2022-05-31-13:37:18; 6=0; 14=0; 37=algo20220531133718; 10=200;
8=FIX4.4; 35=F; 34=57; 49=MTHREE; 56=MS; 52=2022-05-31-13:37:18; 41=algo20220531133718; 55=FB; 38=17630; 11=C_algo20220531133718; 60=2022-05-31-13:37:18; 10=060;
8=FIX4.4; 35=8; 34=61; 49=MS; 56=MTHREE; 52=2022-05-31-13:37:18; 55=FB; 11=C_algo20220531133718; 31=0; 150=6; 39=6; 54=2; 44=430.62; 17=exec20220531133718; 32=0; 41=algo20220531133718; 38=17630; 60=2022-05-31-13:37:18; 6=0.0; 14=0; 37=algo20220531133718; 10=252;
8=FIX4.4; 35=8; 34=62; 49=MS; 56=MTHREE; 52=2022-05-31-13:37:18; 151=11754; 55=FB; 11=C_algo20220531133718; 31=0; 150=4; 39=4; 54=2; 17=exec20220531133718; 32=0; 41=algo20220531133718; 38=17630; 60=2022-05-31-13:37:18; 6=0.0; 14=0; 37=algo20220531133718; 10=252;
8=FIX4.4; 35=D; 34=59; 49=MTHREE; 56=MS; 52=2022-05-31-13:37:20; 55=GOOG; 40=2; 38=22036; 21=2; 11=algo20220531133720; 60=2022-05-31-13:37:20; 54=1; 44=42.05; 10=0252;
8=FIX4.4; 35=8; 34=64; 49=MS; 56=MTHREE; 52=2022-05-31-13:37:20; 55=GOOG; 40=2; 11=algo20220531133720; 31=42.05; 150=0; 39=0; 54=1; 44=42.05; 32=0; 17=exec20220531133720; 38=22036; 60=2022-05-31-13:37:20; 6=0; 14=0; 37=algo20220531133720; 10=200;
8=FIX4.4; 35=F; 34=59; 49=MTHREE; 56=MS; 52=2022-05-31-13:37:20; 41=algo20220531133720; 55=GOOG; 38=22036; 11=C_algo20220531133720; 60=2022-05-31-13:37:20; 10=060;
8=FIX4.4; 35=8; 34=64; 49=MS; 56=MTHREE; 52=2022-05-31-13:37:20; 55=GOOG; 11=C_algo20220531133720; 31=0; 150=6; 39=6; 54=1; 44=42.05; 17=exec20220531133720; 32=0; 41=algo20220531133720; 38=22036; 60=2022-05-31-13:37:20; 6=0.0; 14=0; 37=algo20220531133720; 10=252;
8=FIX4.4; 35=8; 34=65; 49=MS; 56=MTHREE; 52=2022-05-31-13:37:20; 151=11018; 55=GOOG; 11=C_algo20220531133720; 31=0; 150=4; 39=4; 54=1; 17=exec20220531133720; 32=0; 41=algo20220531133720; 38=22036; 60=2022-05-31-13:37:20; 6=0.0; 14=0; 37=algo20220531133720; 10=252;
8=FIX4.4; 35=D; 34=61; 49=MTHREE; 56=MS; 52=2022-05-31-13:37:22; 55=GOOGL; 40=2; 38=8111; 21=2; 11=algo20220531133722; 60=2022-05-31-13:37:22; 54=2; 44=289.20; 10=0252;
8=FIX4.4; 35=8; 34=67; 49=MS; 56=MTHREE; 52=2022-05-31-13:37:22; 55=GOOGL; 40=2; 11=algo20220531133722; 31=289.20; 150=0; 39=0; 54=2; 44=289.20; 32=0; 17=exec20220531133722; 38=8111; 60=2022-05-31-13:37:22; 6=0; 14=0; 37=algo20220531133722; 10=200;
8=FIX4.4; 35=8; 34=68; 49=MS; 56=MTHREE; 52=2022-05-31-13:37:23; 55=GOOGL; 40=2; 11=algo20220531133722; 31=289.20; 150=2; 39=2; 54=2; 44=289.20; 32=8111; 17=exec20220531133723; 38=8111; 60=2022-05-31-13:37:23; 6=289.20; 14=8111; 37=algo20220531133722; 10=246;
8=FIX4.4; 35=D; 34=62; 49=MTHREE; 56=MS; 52=2022-05-31-13:37:23; 55=INTC; 40=2; 38=30094; 21=2; 11=algo20220531133723; 60=2022-05-31-13:37:23; 54=2; 44=339.13; 10=0252;
8=FIX4.4; 35=8; 34=69; 49=MS; 56=MTHREE; 52=2022-05-31-13:37:23; 55=INTC; 40=2; 11=algo20220531133723; 31=339.13; 150=0; 39=0; 54=2; 44=339.13; 32=0; 17=exec20220531133723; 38=30094; 60=2022-05-31-13:37:23; 6=0; 14=0; 37=algo20220531133723; 10=200;
8=FIX4.4; 35=8; 34=70; 49=MS; 56=MTHREE; 52=2022-05-31-13:37:24; 55=INTC; 40=2; 11=algo20220531133723; 31=339.13; 150=2; 39=2; 54=2; 44=339.13; 32=30094; 17=exec20220531133724; 38=30094; 60=2022-05-31-13:37:24; 6=339.13; 14=30094; 37=algo20220531133723; 10=246;
8=FIX4.4; 35=D; 34=63; 49=MTHREE; 56=MS; 52=2022-05-31-13:37:24; 55=PEP; 40=2; 38=28389; 21=2; 11=algo20220531133724; 60=2022-05-31-13:37:24; 54=1; 44=36.21; 10=0252;
8=FIX4.4; 35=8; 34=71; 49=MS; 56=MTHREE; 52=2022-05-31-13:37:24; 55=PEP; 40=2; 11=algo20220531133724; 31=36.21; 150=0; 39=0; 54=1; 44=36.21; 32=0; 17=exec20220531133724; 38=28389; 60=2022-05-31-13:37:24; 6=0; 14=0; 37=algo20220531133724; 10=200;
8=FIX4.4; 35=F; 34=63; 49=MTHREE; 56=MS; 52=2022-05-31-13:37:24; 41=algo20220531133724; 55=PEP; 38=28389; 11=C_algo20220531133724; 60=2022-05-31-13:37:24; 10=060;
8=FIX4.4; 35=8; 34=71; 49=MS; 56=MTHREE; 52=2022-05-31-13:37:24; 55=PEP; 11=C_algo20220531133724; 31=0; 150=6; 39=6; 54=1; 44=36.21; 17=exec20220531133724; 32=0; 41=algo20220531133724; 38=28389; 60=2022-05-31-13:37:24; 6=0.0; 14=0; 37=algo20220531133724; 10=252;
8=FIX4.4; 35=8; 34=72; 49=MS; 56=MTHREE; 52=2022-05-31-13:37:24; 151=22712; 55=PEP; 11=C_algo20220531133724; 31=0; 150=4; 39=4; 54=1; 17=exec20220531133724; 32=0; 41=algo20220531133724; 38=28389; 60=2022-05-31-13:37:24; 6=0.0; 14=0; 37=algo20220531133724; 10=252;
8=FIX4.4; 35=D; 34=65; 49=MTHREE; 56=MS; 52=2022-05-31-13:37:26; 55=NFLX; 40=2; 38=6117; 21=2; 11=algo20220531133726; 60=2022-05-31-13:37:26; 54=2; 44=306.71; 10=0252;
8=FIX4.4; 35=8; 34=74; 49=MS; 56=MTHREE; 52=2022-05-31-13:37:26; 55=NFLX; 40=2; 11=algo20220531133726; 31=306.71; 150=0; 39=0; 54=2; 44=306.71; 32=0; 17=exec20220531133726; 38=6117; 60=2022-05-31-13:37:26; 6=0; 14=0; 37=algo20220531133726; 10=200;
8=FIX4.4; 35=F; 34=65; 49=MTHREE; 56=MS; 52=2022-05-31-13:37:26; 41=algo20220531133726; 55=NFLX; 38=6117; 11=C_algo20220531133726; 60=2022-05-31-13:37:26; 10=060;
8=FIX4.4; 35=8; 34=74; 49=MS; 56=MTHREE; 52=2022-05-31-13:37:26; 55=NFLX; 11=C_algo20220531133726; 31=0; 150=6; 39=6; 54=2; 44=306.71; 17=exec20220531133726; 32=0; 41=algo20220531133726; 38=6117; 60=2022-05-31-13:37:26; 6=0.0; 14=0; 37=algo20220531133726; 10=252;
8=FIX4.4; 35=8; 34=75; 49=MS; 56=MTHREE; 52=2022-05-31-13:37:26; 151=3059; 55=NFLX; 11=C_algo20220531133726; 31=0; 150=4; 39=4; 54=2; 17=exec20220531133726; 32=0; 41=algo20220531133726; 38=6117; 60=2022-05-31-13:37:26; 6=0.0; 14=0; 37=algo20220531133726; 10=252;
8=FIX4.4; 35=D; 34=67; 49=MTHREE; 56=MS; 52=2022-05-31-13:37:28; 55=CSCO; 40=2; 38=14866; 21=2; 11=algo20220531133728; 60=2022-05-31-13:37:28; 54=1; 44=233.73; 10=0252;
8=FIX4.4; 35=8; 34=77; 49=MS; 56=MTHREE; 52=2022-05-31-13:37:28; 55=CSCO; 40=2; 11=algo20220531133728; 31=233.73; 150=0; 39=0; 54=1; 44=233.73; 32=0; 17=exec20220531133728; 38=14866; 60=2022-05-31-13:37:28; 6=0; 14=0; 37=algo20220531133728; 10=200;
8=FIX4.4; 35=8; 34=78; 49=MS; 56=MTHREE; 52=2022-05-31-13:37:28; 55=CSCO; 40=2; 11=algo20220531133728; 31=233.73; 150=1; 39=1; 54=1; 44=233.73; 32=2973; 17=exec20220531133728; 38=14866; 60=2022-05-31-13:37:28; 6=233.73; 14=2973; 37=algo20220531133728; 10=240;
8=FIX4.4; 35=8; 34=79; 49=MS; 56=MTHREE; 52=2022-05-31-13:37:29; 55=CSCO; 40=2; 11=algo20220531133728; 31=233.73; 150=1; 39=1; 54=1; 44=233.73; 32=2973; 17=exec20220531133729; 38=14866; 60=2022-05-31-13:37:29; 6=233.73; 14=5946; 37=algo20220531133728; 10=240;
8=FIX4.4; 35=F; 34=67; 49=MTHREE; 56=MS; 52=2022-05-31-13:37:30; 41=algo20220531133728; 55=CSCO; 38=14866; 11=C_algo20220531133728; 60=2022-05-31-13:37:30; 10=060;
8=FIX4.4; 35=8; 34=79; 49=MS; 56=MTHREE; 52=2022-05-31-13:37:30; 55=CSCO; 11=C_algo20220531133728; 31=0; 150=6; 39=6; 54=1; 44=233.73; 17=exec20220531133730; 32=0; 41=algo20220531133728; 38=14866; 60=2022-05-31-13:37:30; 6=0.0; 14=5946; 37=algo20220531133728; 10=252;
8=FIX4.4; 35=8; 34=80; 49=MS; 56=MTHREE; 52=2022-05-31-13:37:30; 151=5947; 55=CSCO; 11=C_algo20220531133728; 31=0; 150=4; 39=4; 54=1; 17=exec20220531133730; 32=0; 41=algo20220531133728; 38=14866; 60=2022-05-31-13:37:30; 6=0.0; 14=5946; 37=algo20220531133728; 10=252;
8=FIX4.4; 35=D; 34=69; 49=MTHREE; 56=MS; 52=2022-05-31-13:37:32; 55=AMGN; 40=2; 38=24328; 21=2; 11=algo20220531133732; 60=2022-05-31-13:37:32; 54=2; 44=116.62; 10=0252;
8=FIX4.4; 35=8; 34=82; 49=MS; 56=MTHREE; 52=2022-05-31-13:37:32; 55=AMGN; 40=2; 11=algo20220531133732; 31=116.62; 150=0; 39=0; 54=2; 44=116.62; 32=0; 17=exec20220531133732; 38=24328; 60=2022-05-31-13:37:32; 6=0; 14=0; 37=algo20220531133732; 10=200;
8=FIX4.4; 35=8; 34=83; 49=MS; 56=MTHREE; 52=2022-05-31-13:37:32; 55=AMGN; 40=2; 11=algo20220531133732; 31=116.62; 150=1; 39=1; 54=2; 44=116.62; 32=4865; 17=exec20220531133732; 38=24328; 60=2022-05-31-13:37:32; 6=116.62; 14=4865; 37=algo20220531133732; 10=240;
8=FIX4.4; 35=8; 34=84; 49=MS; 56=MTHREE; 52=2022-05-31-13:37:33; 55=AMGN; 40=2; 11=algo20220531133732; 31=116.62; 150=1; 39=1; 54=2; 44=116.62; 32=4865; 17=exec20220531133733; 38=24328; 60=2022-05-31-13:37:33; 6=116.62; 14=9730; 37=algo20220531133732; 10=240;
8=FIX4.4; 35=F; 34=69; 49=MTHREE; 56=MS; 52=2022-05-31-13:37:34; 41=algo20220531133732; 55=AMGN; 38=24328; 11=C_algo20220531133732; 60=2022-05-31-13:37:34; 10=060;
8=FIX4.4; 35=8; 34=84; 49=MS; 56=MTHREE; 52=2022-05-31-13:37:34; 55=AMGN; 11=C_algo20220531133732; 31=0; 150=6; 39=6; 54=2; 44=116.62; 17=exec20220531133734; 32=0; 41=algo20220531133732; 38=24328; 60=2022-05-31-13:37:34; 6=0.0; 14=9730; 37=algo20220531133732; 10=252;
8=FIX4.4; 35=8; 34=85; 49=MS; 56=MTHREE; 52=2022-05-31-13:37:34; 151=9733; 55=AMGN; 11=C_algo20220531133732; 31=0; 150=4; 39=4; 54=2; 17=exec20220531133734; 32=0; 41=algo20220531133732; 38=24328; 60=2022-05-31-13:37:34; 6=0.0; 14=9730; 37=algo20220531133732; 10=252;
8=FIX4.4; 35=D; 34=71; 49=MTHREE; 56=MS; 52=2022-05-31-13:37:36; 55=PYPL; 40=2; 38=4825; 21=2; 11=algo20220531133736; 60=2022-05-31-13:37:36; 54=1; 44=723.61; 10=0252;
8=FIX4.4; 35=8; 34=87; 49=MS; 56=MTHREE; 52=2022-05-31-13:37:36; 55=PYPL; 40=2; 11=algo20220531133736; 31=723.61; 150=0; 39=0; 54=1; 44=723.61; 32=0; 17=exec20220531133736; 38=4825; 60=2022-05-31-13:37:36; 6=0; 14=0; 37=algo20220531133736; 10=200;
8=FIX4.4; 35=8; 34=88; 49=MS; 56=MTHREE; 52=2022-05-31-13:37:37; 55=PYPL; 40=2; 11=algo20220531133736; 31=723.61; 150=2; 39=2; 54=1; 44=723.61; 32=4825; 17=exec20220531133737; 38=4825; 60=2022-05-31-13:37:37; 6=723.61; 14=4825; 37=algo20220531133736; 10=246;
8=FIX4.4; 35=D; 34=72; 49=MTHREE; 56=MS; 52=2022-05-31-13:37:37; 55=TSLA; 40=2; 38=23253; 21=2; 11=algo20220531133737; 60=2022-05-31-13:37:37; 54=2; 44=503.77; 10=0252;
8=FIX4.4; 35=8; 34=89; 49=MS; 56=MTHREE; 52=2022-05-31-13:37:37; 55=TSLA; 40=2; 11=algo20220531133737; 31=503.77; 150=0; 39=0; 54=2; 44=503.77; 32=0; 17=exec20220531133737; 38=23253; 60=2022-05-31-13:37:37; 6=0; 14=0; 37=algo20220531133737; 10=200;
8=FIX4.4; 35=8; 34=90; 49=MS; 56=MTHREE; 52=2022-05-31-13:37:37; 55=TSLA; 40=2; 11=algo20220531133737; 31=503.77; 150=1; 39=1; 54=2; 44=503.77; 32=7751; 17=exec20220531133737; 38=23253; 60=2022-05-31-13:37:37; 6=503.77; 14=7751; 37=algo20220531133737; 10=240;
8=FIX4.4; 35=8; 34=91; 49=MS; 56=MTHREE; 52=2022-05-31-13:37:38; 55=TSLA; 40=2; 11=algo20220531133737; 31=503.77; 150=1; 39=1; 54=2; 44=503.77; 32=7751; 17=exec20220531133738; 38=23253; 60=2022-05-31-13:37:38; 6=503.77; 14=15502; 37=algo20220531133737; 10=240;
8=FIX4.4; 35=8; 34=92; 49=MS; 56=MTHREE; 52=2022-05-31-13:37:40; 55=TSLA; 40=2; 11=algo20220531133737; 31=503.77; 150=2; 39=2; 54=2; 44=503.77; 32=7751; 17=exec20220531133740; 38=23253; 60=2022-05-31-13:37:40; 6=503.77; 14=23253; 37=algo20220531133737; 10=246;
8=FIX4.4; 35=D; 34=73; 49=MTHREE; 56=MS; 52=2022-05-31-13:37:40; 55=TXN; 40=2; 38=3934; 21=2; 11=algo20220531133740; 60=2022-05-31-13:37:40; 54=2; 44=112.46; 10=0252;
8=FIX4.4; 35=8; 34=93; 49=MS; 56=MTHREE; 52=2022-05-31-13:37:40; 55=TXN; 40=2; 11=algo20220531133740; 31=112.46; 150=0; 39=0; 54=2; 44=112.46; 32=0; 17=exec20220531133740; 38=3934; 60=2022-05-31-13:37:40; 6=0; 14=0; 37=algo20220531133740; 10=200;
8=FIX4.4; 35=F; 34=73; 49=MTHREE; 56=MS; 52=2022-05-31-13:37:40; 41=algo20220531133740; 55=TXN; 38=3934; 11=C_algo20220531133740; 60=2022-05-31-13:37:40; 10=060;
8=FIX4.4; 35=8; 34=93; 49=MS; 56=MTHREE; 52=2022-05-31-13:37:40; 55=TXN; 11=C_algo20220531133740; 31=0; 150=6; 39=6; 54=2; 44=112.46; 17=exec20220531133740; 32=0; 41=algo20220531133740; 38=3934; 60=2022-05-31-13:37:40; 6=0.0; 14=0; 37=algo20220531133740; 10=252;
8=FIX4.4; 35=8; 34=94; 49=MS; 56=MTHREE; 52=2022-05-31-13:37:40; 151=2623; 55=TXN; 11=C_algo20220531133740; 31=0; 150=4; 39=4; 54=2; 17=exec20220531133740; 32=0; 41=algo20220531133740; 38=3934; 60=2022-05-31-13:37:40; 6=0.0; 14=0; 37=algo20220531133740; 10=252;
8=FIX4.4; 35=D; 34=75; 49=MTHREE; 56=MS; 52=2022-05-31-13:37:42; 55=AVGO; 40=2; 38=13416; 21=2; 11=algo20220531133742; 60=2022-05-31-13:37:42; 54=2; 44=262.99; 10=0252;
8=FIX4.4; 35=8; 34=96; 49=MS; 56=MTHREE; 52=2022-05-31-13:37:42; 55=AVGO; 40=2; 11=algo20220531133742; 31=262.99; 150=0; 39=0; 54=2; 44=262.99; 32=0; 17=exec20220531133742; 38=13416; 60=2022-05-31-13:37:42; 6=0; 14=0; 37=algo20220531133742; 10=200;
8=FIX4.4; 35=F; 34=75; 49=MTHREE; 56=MS; 52=2022-05-31-13:37:42; 41=algo20220531133742; 55=AVGO; 38=13416; 11=C_algo20220531133742; 60=2022-05-31-13:37:42; 10=060;
8=FIX4.4; 35=8; 34=96; 49=MS; 56=MTHREE; 52=2022-05-31-13:37:42; 55=AVGO; 11=C_algo20220531133742; 31=0; 150=6; 39=6; 54=2; 44=262.99; 17=exec20220531133742; 32=0; 41=algo20220531133742; 38=13416; 60=2022-05-31-13:37:42; 6=0.0; 14=0; 37=algo20220531133742; 10=252;
8=FIX4.4; 35=8; 34=97; 49=MS; 56=MTHREE; 52=2022-05-31-13:37:42; 151=8944; 55=AVGO; 11=C_algo20220531133742; 31=0; 150=4; 39=4; 54=2; 17=exec20220531133742; 32=0; 41=algo20220531133742; 38=13416; 60=2022-05-31-13:37:42; 6=0.0; 14=0; 37=algo20220531133742; 10=252;
8=FIX4.4; 35=D; 34=77; 49=MTHREE; 56=MS; 52=2022-05-31-13:37:44; 55=GILD; 40=2; 38=23744; 21=2; 11=algo20220531133744; 60=2022-05-31-13:37:44; 54=2; 44=82.91; 10=0252;
8=FIX4.4; 35=8; 34=99; 49=MS; 56=MTHREE; 52=2022-05-31-13:37:44; 55=GILD; 40=2; 11=algo20220531133744; 31=82.91; 150=0; 39=0; 54=2; 44=82.91; 32=0; 17=exec20220531133744; 38=23744; 60=2022-05-31-13:37:44; 6=0; 14=0; 37=algo20220531133744; 10=200;
8=FIX4.4; 35=F; 34=77; 49=MTHREE; 56=MS; 52=2022-05-31-13:37:44; 41=algo20220531133744; 55=GILD; 38=23744; 11=C_algo20220531133744; 60=2022-05-31-13:37:44; 10=060;
8=FIX4.4; 35=8; 34=99; 49=MS; 56=MTHREE; 52=2022-05-31-13:37:44; 55=GILD; 11=C_algo20220531133744; 31=0; 150=6; 39=6; 54=2; 44=82.91; 17=exec20220531133744; 32=0; 41=algo20220531133744; 38=23744; 60=2022-05-31-13:37:44; 6=0.0; 14=0; 37=algo20220531133744; 10=252;
8=FIX4.4; 35=8; 34=100; 49=MS; 56=MTHREE; 52=2022-05-31-13:37:44; 151=18996; 55=GILD; 11=C_algo20220531133744; 31=0; 150=4; 39=4; 54=2; 17=exec20220531133744; 32=0; 41=algo20220531133744; 38=23744; 60=2022-05-31-13:37:44; 6=0.0; 14=0; 37=algo20220531133744; 10=252;
8=FIX4.4; 35=D; 34=79; 49=MTHREE; 56=MS; 52=2022-05-31-13:37:46; 55=SBUX; 40=2; 38=12302; 21=2; 11=algo20220531133746; 60=2022-05-31-13:37:46; 54=1; 44=75.71; 10=0252;
8=FIX4.4; 35=8; 34=102; 49=MS; 56=MTHREE; 52=2022-05-31-13:37:46; 55=SBUX; 40=2; 11=algo20220531133746; 31=75.71; 150=0; 39=0; 54=1; 44=75.71; 32=0; 17=exec20220531133746; 38=12302; 60=2022-05-31-13:37:46; 6=0; 14=0; 37=algo20220531133746; 10=200;
8=FIX4.4; 35=8; 34=103; 49=MS; 56=MTHREE; 52=2022-05-31-13:37:46; 55=SBUX; 40=2; 11=algo20220531133746; 31=75.71; 150=1; 39=1; 54=1; 44=75.71; 32=3075; 17=exec20220531133746; 38=12302; 60=2022-05-31-13:37:46; 6=75.71; 14=3075; 37=algo20220531133746; 10=240;
8=FIX4.4; 35=8; 34=104; 49=MS; 56=MTHREE; 52=2022-05-31-13:37:47; 55=SBUX; 40=2; 11=algo20220531133746; 31=75.71; 150=1; 39=1; 54=1; 44=75.71; 32=3075; 17=exec20220531133747; 38=12302; 60=2022-05-31-13:37:47; 6=75.71; 14=6150; 37=algo20220531133746; 10=240;
8=FIX4.4; 35=8; 34=105; 49=MS; 56=MTHREE; 52=2022-05-31-13:37:48; 55=SBUX; 40=2; 11=algo20220531133746; 31=75.71; 150=1; 39=1; 54=1; 44=75.71; 32=3075; 17=exec20220531133748; 38=12302; 60=2022-05-31-13:37:48; 6=75.71; 14=9225; 37=algo20220531133746; 10=240;
8=FIX4.4; 35=8; 34=106; 49=MS; 56=MTHREE; 52=2022-05-31-13:37:50; 55=SBUX; 40=2; 11=algo20220531133746; 31=75.71; 150=2; 39=2; 54=1; 44=75.71; 32=3077; 17=exec20220531133750; 38=12302; 60=2022-05-31-13:37:50; 6=75.71; 14=12302; 37=algo20220531133746; 10=246;
8=FIX4.4; 35=D; 34=80; 49=MTHREE; 56=MS; 52=2022-05-31-13:37:50; 55=QCOM; 40=2; 38=6562; 21=2; 11=algo20220531133750; 60=2022-05-31-13:37:50; 54=1; 44=75.47; 10=0252;
8=FIX4.4; 35=8; 34=107; 49=MS; 56=MTHREE; 52=2022-05-31-13:37:50; 55=QCOM; 40=2; 11=algo20220531133750; 31=75.47; 150=0; 39=0; 54=1; 44=75.47; 32=0; 17=exec20220531133750; 38=6562; 60=2022-05-31-13:37:50; 6=0; 14=0; 37=algo20220531133750; 10=200;
8=FIX4.4; 35=F; 34=80; 49=MTHREE; 56=MS; 52=2022-05-31-13:37:50; 41=algo20220531133750; 55=QCOM; 38=6562; 11=C_algo20220531133750; 60=2022-05-31-13:37:50; 10=060;
8=FIX4.4; 35=8; 34=107; 49=MS; 56=MTHREE; 52=2022-05-31-13:37:50; 55=QCOM; 11=C_algo20220531133750; 31=0; 150=6; 39=6; 54=1; 44=75.47; 17=exec20220531133750; 32=0; 41=algo20220531133750; 38=6562; 60=2022-05-31-13:37:50; 6=0.0; 14=0; 37=algo20220531133750; 10=252;
8=FIX4.4; 35=8; 34=108; 49=MS; 56=MTHREE; 52=2022-05-31-13:37:50; 151=4375; 55=QCOM; 11=C_algo20220531133750; 31=0; 150=4; 39=4; 54=1; 17=exec20220531133750; 32=0; 41=algo20220531133750; 38=6562; 60=2022-05-31-13:37:50; 6=0.0; 14=0; 37=algo20220531133750; 10=252;
8=FIX4.4; 35=D; 34=82; 49=MTHREE; 56=MS; 52=2022-05-31-13:37:52; 55=TMUS; 40=2; 38=24672; 21=2; 11=algo20220531133752; 60=2022-05-31-13:37:52; 54=2; 44=90.74; 10=0252;
8=FIX4.4; 35=8; 34=110; 49=MS; 56=MTHREE; 52=2022-05-31-13:37:52; 55=TMUS; 40=2; 11=algo20220531133752; 31=90.74; 150=0; 39=0; 54=2; 44=90.74; 32=0; 17=exec20220531133752; 38=24672; 60=2022-05-31-13:37:52; 6=0; 14=0; 37=algo20220531133752; 10=200;
8=FIX4.4; 35=8; 34=111; 49=MS; 56=MTHREE; 52=2022-05-31-13:37:52; 55=TMUS; 40=2; 11=algo20220531133752; 31=90.74; 150=1; 39=1; 54=2; 44=90.74; 32=6168; 17=exec20220531133752; 38=24672; 60=2022-05-31-13:37:52; 6=90.74; 14=6168; 37=algo20220531133752; 10=240;
8=FIX4.4; 35=8; 34=112; 49=MS; 56=MTHREE; 52=2022-05-31-13:37:53; 55=TMUS; 40=2; 11=algo20220531133752; 31=90.74; 150=1; 39=1; 54=2; 44=90.74; 32=6168; 17=exec20220531133753; 38=24672; 60=2022-05-31-13:37:53; 6=90.74; 14=12336; 37=algo20220531133752; 10=240;
8=FIX4.4; 35=F; 34=82; 49=MTHREE; 56=MS; 52=2022-05-31-13:37:54; 41=algo20220531133752; 55=TMUS; 38=24672; 11=C_algo20220531133752; 60=2022-05-31-13:37:54; 10=060;
8=FIX4.4; 35=8; 34=112; 49=MS; 56=MTHREE; 52=2022-05-31-13:37:54; 55=TMUS; 11=C_algo20220531133752; 31=0; 150=6; 39=6; 54=2; 44=90.74; 17=exec20220531133754; 32=0; 41=algo20220531133752; 38=24672; 60=2022-05-31-13:37:54; 6=0.0; 14=12336; 37=algo20220531133752; 10=252;
8=FIX4.4; 35=8; 34=113; 49=MS; 56=MTHREE; 52=2022-05-31-13:37:54; 151=6168; 55=TMUS; 11=C_algo20220531133752; 31=0; 150=4; 39=4; 54=2; 17=exec20220531133754; 32=0; 41=algo20220531133752; 38=24672; 60=2022-05-31-13:37:54; 6=0.0; 14=12336; 37=algo20220531133752; 10=252;
8=FIX4.4; 35=D; 34=84; 49=MTHREE; 56=MS; 52=2022-05-31-13:37:56; 55=MDLZ; 40=2; 38=13841; 21=2; 11=algo20220531133756; 60=2022-05-31-13:37:56; 54=1; 44=52.26; 10=0252;
8=FIX4.4; 35=8; 34=115; 49=MS; 56=MTHREE; 52=2022-05-31-13:37:56; 55=MDLZ; 40=2; 11=algo20220531133756; 31=52.26; 150=0; 39=0; 54=1; 44=52.26; 32=0; 17=exec20220531133756; 38=13841; 60=2022-05-31-13:37:56; 6=0; 14=0; 37=algo20220531133756; 10=200;
8=FIX4.4; 35=8; 34=116; 49=MS; 56=MTHREE; 52=2022-05-31-13:37:56; 55=MDLZ; 40=2; 11=algo20220531133756; 31=52.26; 150=1; 39=1; 54=1; 44=52.26; 32=4613; 17=exec20220531133756; 38=13841; 60=2022-05-31-13:37:56; 6=52.26; 14=4613; 37=algo20220531133756; 10=240;
8=FIX4.4; 35=F; 34=84; 49=MTHREE; 56=MS; 52=2022-05-31-13:37:57; 41=algo20220531133756; 55=MDLZ; 38=13841; 11=C_algo20220531133756; 60=2022-05-31-13:37:57; 10=060;
8=FIX4.4; 35=8; 34=116; 49=MS; 56=MTHREE; 52=2022-05-31-13:37:57; 55=MDLZ; 11=C_algo20220531133756; 31=0; 150=6; 39=6; 54=1; 44=52.26; 17=exec20220531133757; 32=0; 41=algo20220531133756; 38=13841; 60=2022-05-31-13:37:57; 6=0.0; 14=4613; 37=algo20220531133756; 10=252;
8=FIX4.4; 35=8; 34=117; 49=MS; 56=MTHREE; 52=2022-05-31-13:37:57; 151=4615; 55=MDLZ; 11=C_algo20220531133756; 31=0; 150=4; 39=4; 54=1; 17=exec20220531133757; 32=0; 41=algo20220531133756; 38=13841; 60=2022-05-31-13:37:57; 6=0.0; 14=4613; 37=algo20220531133756; 10=252;
8=FIX4.4; 35=D; 34=86; 49=MTHREE; 56=MS; 52=2022-05-31-13:37:59; 55=BAC; 40=2; 38=23121; 21=2; 11=algo20220531133759; 60=2022-05-31-13:37:59; 54=2; 44=22.03; 10=0252;
8=FIX4.4; 35=8; 34=119; 49=MS; 56=MTHREE; 52=2022-05-31-13:37:59; 55=BAC; 40=2; 11=algo20220531133759; 31=22.03; 150=0; 39=0; 54=2; 44=22.03; 32=0; 17=exec20220531133759; 38=23121; 60=2022-05-31-13:37:59; 6=0; 14=0; 37=algo20220531133759; 10=200;
8=FIX4.4; 35=8; 34=120; 49=MS; 56=MTHREE; 52=2022-05-31-13:37:59; 55=BAC; 40=2; 11=algo20220531133759; 31=22.03; 150=1; 39=1; 54=2; 44=22.03; 32=4624; 17=exec20220531133759; 38=23121; 60=2022-05-31-13:37:59; 6=22.03; 14=4624; 37=algo20220531133759; 10=240;
8=FIX4.4; 35=F; 34=86; 49=MTHREE; 56=MS; 52=2022-05-31-13:38:00; 41=algo20220531133759; 55=BAC; 38=23121; 11=C_algo20220531133759; 60=2022-05-31-13:38:00; 10=060;
8=FIX4.4; 35=8; 34=120; 49=MS; 56=MTHREE; 52=2022-05-31-13:38:00; 55=BAC; 11=C_algo20220531133759; 31=0; 150=6; 39=6; 54=2; 44=22.03; 17=exec20220531133800; 32=0; 41=algo20220531133759; 38=23121; 60=2022-05-31-13:38:00; 6=0.0; 14=4624; 37=algo20220531133759; 10=252;
8=FIX4.4; 35=8; 34=121; 49=MS; 56=MTHREE; 52=2022-05-31-13:38:00; 151=13873; 55=BAC; 11=C_algo20220531133759; 31=0; 150=4; 39=4; 54=2; 17=exec20220531133800; 32=0; 41=algo20220531133759; 38=23121; 60=2022-05-31-13:38:00; 6=0.0; 14=4624; 37=algo20220531133759; 10=252;
8=FIX4.4; 35=D; 34=88; 49=MTHREE; 56=MS; 52=2022-05-31-13:38:02; 55=DDD; 40=2; 38=29806; 21=2; 11=algo20220531133802; 60=2022-05-31-13:38:02; 54=1; 44=8.01; 10=0252;
8=FIX4.4; 35=8; 34=123; 49=MS; 56=MTHREE; 52=2022-05-31-13:38:02; 55=DDD; 40=2; 11=algo20220531133802; 31=8.01; 150=0; 39=0; 54=1; 44=8.01; 32=0; 17=exec20220531133802; 38=29806; 60=2022-05-31-13:38:02; 6=0; 14=0; 37=algo20220531133802; 10=200;
8=FIX4.4; 35=8; 34=124; 49=MS; 56=MTHREE; 52=2022-05-31-13:38:03; 55=DDD; 40=2; 11=algo20220531133802; 31=8.01; 150=2; 39=2; 54=1; 44=8.01; 32=29806; 17=exec20220531133803; 38=29806; 60=2022-05-31-13:38:03; 6=8.01; 14=29806; 37=algo20220531133802; 10=246;
8=FIX4.4; 35=D; 34=89; 49=MTHREE; 56=MS; 52=2022-05-31-13:38:03; 55=MMM; 40=2; 38=14678; 21=2; 11=algo20220531133803; 60=2022-05-31-13:38:03; 54=2; 44=146.98; 10=0252;
8=FIX4.4; 35=8; 34=125; 49=MS; 56=MTHREE; 52=2022-05-31-13:38:03; 55=MMM; 40=2; 11=algo20220531133803; 31=146.98; 150=0; 39=0; 54=2; 44=146.98; 32=0; 17=exec20220531133803; 38=14678; 60=2022-05-31-13:38:03; 6=0; 14=0; 37=algo20220531133803; 10=200;
8=FIX4.4; 35=F; 34=89; 49=MTHREE; 56=MS; 52=2022-05-31-13:38:03; 41=algo20220531133803; 55=MMM; 38=14678; 11=C_algo20220531133803; 60=2022-05-31-13:38:03; 10=060;
8=FIX4.4; 35=8; 34=125; 49=MS; 56=MTHREE; 52=2022-05-31-13:38:03; 55=MMM; 11=C_algo20220531133803; 31=0; 150=6; 39=6; 54=2; 44=146.98; 17=exec20220531133803; 32=0; 41=algo20220531133803; 38=14678; 60=2022-05-31-13:38:03; 6=0.0; 14=0; 37=algo20220531133803; 10=252;
8=FIX4.4; 35=8; 34=126; 49=MS; 56=MTHREE; 52=2022-05-31-13:38:03; 151=11743; 55=MMM; 11=C_algo20220531133803; 31=0; 150=4; 39=4; 54=2; 17=exec20220531133803; 32=0; 41=algo20220531133803; 38=14678; 60=2022-05-31-13:38:03; 6=0.0; 14=0; 37=algo20220531133803; 10=252;
8=FIX4.4; 35=D; 34=91; 49=MTHREE; 56=MS; 52=2022-05-31-13:38:05; 55=WBAI; 40=2; 38=16827; 21=2; 11=algo20220531133805; 60=2022-05-31-13:38:05; 54=1; 44=4.10; 10=0252;
8=FIX4.4; 35=8; 34=128; 49=MS; 56=MTHREE; 52=2022-05-31-13:38:05; 55=WBAI; 40=2; 11=algo20220531133805; 31=4.10; 150=0; 39=0; 54=1; 44=4.10; 32=0; 17=exec20220531133805; 38=16827; 60=2022-05-31-13:38:05; 6=0; 14=0; 37=algo20220531133805; 10=200;
8=FIX4.4; 35=8; 34=129; 49=MS; 56=MTHREE; 52=2022-05-31-13:38:05; 55=WBAI; 40=2; 11=algo20220531133805; 31=4.10; 150=1; 39=1; 54=1; 44=4.10; 32=4206; 17=exec20220531133805; 38=16827; 60=2022-05-31-13:38:05; 6=4.10; 14=4206; 37=algo20220531133805; 10=240;
8=FIX4.4; 35=8; 34=130; 49=MS; 56=MTHREE; 52=2022-05-31-13:38:06; 55=WBAI; 40=2; 11=algo20220531133805; 31=4.10; 150=1; 39=1; 54=1; 44=4.10; 32=4206; 17=exec20220531133806; 38=16827; 60=2022-05-31-13:38:06; 6=4.10; 14=8412; 37=algo20220531133805; 10=240;
8=FIX4.4; 35=8; 34=131; 49=MS; 56=MTHREE; 52=2022-05-31-13:38:07; 55=WBAI; 40=2; 11=algo20220531133805; 31=4.10; 150=1; 39=1; 54=1; 44=4.10; 32=4206; 17=exec20220531133807; 38=16827; 60=2022-05-31-13:38:07; 6=4.10; 14=12618; 37=algo20220531133805; 10=240;
8=FIX4.4; 35=8; 34=132; 49=MS; 56=MTHREE; 52=2022-05-31-13:38:09; 55=WBAI; 40=2; 11=algo20220531133805; 31=4.10; 150=2; 39=2; 54=1; 44=4.10; 32=4209; 17=exec20220531133809; 38=16827; 60=2022-05-31-13:38:09; 6=4.10; 14=16827; 37=algo20220531133805; 10=246;
8=FIX4.4; 35=D; 34=92; 49=MTHREE; 56=MS; 52=2022-05-31-13:38:09; 55=WUBA; 40=2; 38=18969; 21=2; 11=algo20220531133809; 60=2022-05-31-13:38:09; 54=1; 44=51.41; 10=0252;
8=FIX4.4; 35=8; 34=133; 49=MS; 56=MTHREE; 52=2022-05-31-13:38:09; 55=WUBA; 40=2; 11=algo20220531133809; 31=51.41; 150=0; 39=0; 54=1; 44=51.41; 32=0; 17=exec20220531133809; 38=18969; 60=2022-05-31-13:38:09; 6=0; 14=0; 37=algo20220531133809; 10=200;
8=FIX4.4; 35=8; 34=134; 49=MS; 56=MTHREE; 52=2022-05-31-13:38:10; 55=WUBA; 40=2; 11=algo20220531133809; 31=51.41; 150=2; 39=2; 54=1; 44=51.41; 32=18969; 17=exec20220531133810; 38=18969; 60=2022-05-31-13:38:10; 6=51.41; 14=18969; 37=algo20220531133809; 10=246;
8=FIX4.4; 35=D; 34=93; 49=MTHREE; 56=MS; 52=2022-05-31-13:38:10; 55=EGHT; 40=2; 38=6489; 21=2; 11=algo20220531133810; 60=2022-05-31-13:38:10; 54=1; 44=17.03; 10=0252;
8=FIX4.4; 35=8; 34=135; 49=MS; 56=MTHREE; 52=2022-05-31-13:38:10; 55=EGHT; 40=2; 11=algo20220531133810; 31=17.03; 150=0; 39=0; 54=1; 44=17.03; 32=0; 17=exec20220531133810; 38=6489; 60=2022-05-31-13:38:10; 6=0; 14=0; 37=algo20220531133810; 10=200;
8=FIX4.4; 35=F; 34=93; 49=MTHREE; 56=MS; 52=2022-05-31-13:38:10; 41=algo20220531133810; 55=EGHT; 38=6489; 11=C_algo20220531133810; 60=2022-05-31-13:38:10; 10=060;
8=FIX4.4; 35=8; 34=135; 49=MS; 56=MTHREE; 52=2022-05-31-13:38:10; 55=EGHT; 11=C_algo20220531133810; 31=0; 150=6; 39=6; 54=1; 44=17.03; 17=exec20220531133810; 32=0; 41=algo20220531133810; 38=6489; 60=2022-05-31-13:38:10; 6=0.0; 14=0; 37=algo20220531133810; 10=252;
8=FIX4.4; 35=8; 34=136; 49=MS; 56=MTHREE; 52=2022-05-31-13:38:10; 151=5192; 55=EGHT; 11=C_algo20220531133810; 31=0; 150=4; 39=4; 54=1; 17=exec20220531133810; 32=0; 41=algo20220531133810; 38=6489; 60=2022-05-31-13:38:10; 6=0.0; 14=0; 37=algo20220531133810; 10=252;
8=FIX4.4; 35=D; 34=95; 49=MTHREE; 56=MS; 52=2022-05-31-13:38:12; 55=AHC; 40=2; 38=5031; 21=2; 11=algo20220531133812; 60=2022-05-31-13:38:12; 54=1; 44=1.40; 10=0252;
8=FIX4.4; 35=8; 34=138; 49=MS; 56=MTHREE; 52=2022-05-31-13:38:12; 55=AHC; 40=2; 11=algo20220531133812; 31=1.40; 150=0; 39=0; 54=1; 44=1.40; 32=0; 17=exec20220531133812; 38=5031; 60=2022-05-31-13:38:12; 6=0; 14=0; 37=algo20220531133812; 10=200;
8=FIX4.4; 35=8; 34=139; 49=MS; 56=MTHREE; 52=2022-05-31-13:38:12; 55=AHC; 40=2; 11=algo20220531133812; 31=1.40; 150=1; 39=1; 54=1; 44=1.40; 32=2515; 17=exec20220531133812; 38=5031; 60=2022-05-31-13:38:12; 6=1.40; 14=2515; 37=algo20220531133812; 10=240;
8=FIX4.4; 35=8; 34=140; 49=MS; 56=MTHREE; 52=2022-05-31-13:38:14; 55=AHC; 40=2; 11=algo20220531133812; 31=1.40; 150=2; 39=2; 54=1; 44=1.40; 32=2516; 17=exec20220531133814; 38=5031; 60=2022-05-31-13:38:14; 6=1.40; 14=5031; 37=algo20220531133812; 10=246;
8=FIX4.4; 35=D; 34=96; 49=MTHREE; 56=MS; 52=2022-05-31-13:38:14; 55=AOS; 40=2; 38=29460; 21=2; 11=algo20220531133814; 60=2022-05-31-13:38:14; 54=1; 44=40.38; 10=0252;
8=FIX4.4; 35=8; 34=141; 49=MS; 56=MTHREE; 52=2022-05-31-13:38:14; 55=AOS; 40=2; 11=algo20220531133814; 31=40.38; 150=0; 39=0; 54=1; 44=40.38; 32=0; 17=exec20220531133814; 38=29460; 60=2022-05-31-13:38:14; 6=0; 14=0; 37=algo20220531133814; 10=200;
8=FIX4.4; 35=8; 34=142; 49=MS; 56=MTHREE; 52=2022-05-31-13:38:15; 55=AOS; 40=2; 11=algo20220531133814; 31=40.38; 150=2; 39=2; 54=1; 44=40.38; 32=29460; 17=exec20220531133815; 38=29460; 60=2022-05-31-13:38:15; 6=40.38; 14=29460; 37=algo20220531133814; 10=246;
8=FIX4.4; 35=D; 34=97; 49=MTHREE; 56=MS; 52=2022-05-31-13:38:15; 55=ATEN; 40=2; 38=11849; 21=2; 11=algo20220531133815; 60=2022-05-31-13:38:15; 54=1; 44=6.45; 10=0252;
8=FIX4.4; 35=8; 34=143; 49=MS; 56=MTHREE; 52=2022-05-31-13:38:15; 55=ATEN; 40=2; 11=algo20220531133815; 31=6.45; 150=0; 39=0; 54=1; 44=6.45; 32=0; 17=exec20220531133815; 38=11849; 60=2022-05-31-13:38:15; 6=0; 14=0; 37=algo20220531133815; 10=200;
8=FIX4.4; 35=8; 34=144; 49=MS; 56=MTHREE; 52=2022-05-31-13:38:16; 55=ATEN; 40=2; 11=algo20220531133815; 31=6.45; 150=2; 39=2; 54=1; 44=6.45; 32=11849; 17=exec20220531133816; 38=11849; 60=2022-05-31-13:38:16; 6=6.45; 14=11849; 37=algo20220531133815; 10=246;
8=FIX4.4; 35=D; 34=98; 49=MTHREE; 56=MS; 52=2022-05-31-13:38:16; 55=AIR; 40=2; 38=11776; 21=2; 11=algo20220531133816; 60=2022-05-31-13:38:16; 54=1; 44=16.31; 10=0252;
8=FIX4.4; 35=8; 34=145; 49=MS; 56=MTHREE; 52=2022-05-31-13:38:16; 55=AIR; 40=2; 11=algo20220531133816; 31=16.31; 150=0; 39=0; 54=1; 44=16.31; 32=0; 17=exec20220531133816; 38=11776; 60=2022-05-31-13:38:16; 6=0; 14=0; 37=algo20220531133816; 10=200;
8=FIX4.4; 35=8; 34=146; 49=MS; 56=MTHREE; 52=2022-05-31-13:38:16; 55=AIR; 40=2; 11=algo20220531133816; 31=16.31; 150=1; 39=1; 54=1; 44=16.31; 32=2355; 17=exec20220531133816; 38=11776; 60=2022-05-31-13:38:16; 6=16.31; 14=2355; 37=algo20220531133816; 10=240;
8=FIX4.4; 35=8; 34=147; 49=MS; 56=MTHREE; 52=2022-05-31-13:38:17; 55=AIR; 40=2; 11=algo20220531133816; 31=16.31; 150=1; 39=1; 54=1; 44=16.31; 32=2355; 17=exec20220531133817; 38=11776; 60=2022-05-31-13:38:17; 6=16.31; 14=4710; 37=algo20220531133816; 10=240;
8=FIX4.4; 35=8; 34=148; 49=MS; 56=MTHREE; 52=2022-05-31-13:38:18; 55=AIR; 40=2; 11=algo20220531133816; 31=16.31; 150=1; 39=1; 54=1; 44=16.31; 32=2355; 17=exec20220531133818; 38=11776; 60=2022-05-31-13:38:18; 6=16.31; 14=7065; 37=algo20220531133816; 10=240;
8=FIX4.4; 35=F; 34=98; 49=MTHREE; 56=MS; 52=2022-05-31-13:38:19; 41=algo20220531133816; 55=AIR; 38=11776; 11=C_algo20220531133816; 60=2022-05-31-13:38:19; 10=060;
8=FIX4.4; 35=8; 34=148; 49=MS; 56=MTHREE; 52=2022-05-31-13:38:19; 55=AIR; 11=C_algo20220531133816; 31=0; 150=6; 39=6; 54=1; 44=16.31; 17=exec20220531133819; 32=0; 41=algo20220531133816; 38=11776; 60=2022-05-31-13:38:19; 6=0.0; 14=7065; 37=algo20220531133816; 10=252;
8=FIX4.4; 35=8; 34=149; 49=MS; 56=MTHREE; 52=2022-05-31-13:38:19; 151=2356; 55=AIR; 11=C_algo20220531133816; 31=0; 150=4; 39=4; 54=1; 17=exec20220531133819; 32=0; 41=algo20220531133816; 38=11776; 60=2022-05-31-13:38:19; 6=0.0; 14=7065; 37=algo20220531133816; 10=252;
8=FIX4.4; 35=D; 34=100; 49=MTHREE; 56=MS; 52=2022-05-31-13:38:21; 55=AAN; 40=2; 38=19141; 21=2; 11=algo20220531133821; 60=2022-05-31-13:38:21; 54=1; 44=25.68; 10=0252;
8=FIX4.4; 35=8; 34=151; 49=MS; 56=MTHREE; 52=2022-05-31-13:38:21; 55=AAN; 40=2; 11=algo20220531133821; 31=25.68; 150=0; 39=0; 54=1; 44=25.68; 32=0; 17=exec20220531133821; 38=19141; 60=2022-05-31-13:38:21; 6=0; 14=0; 37=algo20220531133821; 10=200;
8=FIX4.4; 35=F; 34=100; 49=MTHREE; 56=MS; 52=2022-05-31-13:38:21; 41=algo20220531133821; 55=AAN; 38=19141; 11=C_algo20220531133821; 60=2022-05-31-13:38:21; 10=060;
8=FIX4.4; 35=8; 34=151; 49=MS; 56=MTHREE; 52=2022-05-31-13:38:21; 55=AAN; 11=C_algo20220531133821; 31=0; 150=6; 39=6; 54=1; 44=25.68; 17=exec20220531133821; 32=0; 41=algo20220531133821; 38=19141; 60=2022-05-31-13:38:21; 6=0.0; 14=0; 37=algo20220531133821; 10=252;
8=FIX4.4; 35=8; 34=152; 49=MS; 56=MTHREE; 52=2022-05-31-13:38:21; 151=12761; 55=AAN; 11=C_algo20220531133821; 31=0; 150=4; 39=4; 54=1; 17=exec20220531133821; 32=0; 41=algo20220531133821; 38=19141; 60=2022-05-31-13:38:21; 6=0.0; 14=0; 37=algo20220531133821; 10=252;
8=FIX4.4; 35=D; 34=102; 49=MTHREE; 56=MS; 52=2022-05-31-13:38:23; 55=ABB; 40=2; 38=17345; 21=2; 11=algo20220531133823; 60=2022-05-31-13:38:23; 54=1; 44=17.42; 10=0252;
8=FIX4.4; 35=8; 34=154; 49=MS; 56=MTHREE; 52=2022-05-31-13:38:23; 55=ABB; 40=2; 11=algo20220531133823; 31=17.42; 150=0; 39=0; 54=1; 44=17.42; 32=0; 17=exec20220531133823; 38=17345; 60=2022-05-31-13:38:23; 6=0; 14=0; 37=algo20220531133823; 10=200;
8=FIX4.4; 35=8; 34=155; 49=MS; 56=MTHREE; 52=2022-05-31-13:38:24; 55=ABB; 40=2; 11=algo20220531133823; 31=17.42; 150=2; 39=2; 54=1; 44=17.42; 32=17345; 17=exec20220531133824; 38=17345; 60=2022-05-31-13:38:24; 6=17.42; 14=17345; 37=algo20220531133823; 10=246;
8=FIX4.4; 35=D; 34=103; 49=MTHREE; 56=MS; 52=2022-05-31-13:38:24; 55=ABT; 40=2; 38=3606; 21=2; 11=algo20220531133824; 60=2022-05-31-13:38:24; 54=1; 44=94.04; 10=0252;
8=FIX4.4; 35=8; 34=156; 49=MS; 56=MTHREE; 52=2022-05-31-13:38:24; 55=ABT; 40=2; 11=algo20220531133824; 31=94.04; 150=0; 39=0; 54=1; 44=94.04; 32=0; 17=exec20220531133824; 38=3606; 60=2022-05-31-13:38:24; 6=0; 14=0; 37=algo20220531133824; 10=200;
8=FIX4.4; 35=F; 34=103; 49=MTHREE; 56=MS; 52=2022-05-31-13:38:24; 41=algo20220531133824; 55=ABT; 38=3606; 11=C_algo20220531133824; 60=2022-05-31-13:38:24; 10=060;
8=FIX4.4; 35=8; 34=156; 49=MS; 56=MTHREE; 52=2022-05-31-13:38:24; 55=ABT; 11=C_algo20220531133824; 31=0; 150=6; 39=6; 54=1; 44=94.04; 17=exec20220531133824; 32=0; 41=algo20220531133824; 38=3606; 60=2022-05-31-13:38:24; 6=0.0; 14=0; 37=algo20220531133824; 10=252;
8=FIX4.4; 35=8; 34=157; 49=MS; 56=MTHREE; 52=2022-05-31-13:38:24; 151=1803; 55=ABT; 11=C_algo20220531133824; 31=0; 150=4; 39=4; 54=1; 17=exec20220531133824; 32=0; 41=algo20220531133824; 38=3606; 60=2022-05-31-13:38:24; 6=0.0; 14=0; 37=algo20220531133824; 10=252;
8=FIX4.4; 35=D; 34=105; 49=MTHREE; 56=MS; 52=2022-05-31-13:38:26; 55=ABBV; 40=2; 38=27324; 21=2; 11=algo20220531133826; 60=2022-05-31-13:38:26; 54=2; 44=83.60; 10=0252;
8=FIX4.4; 35=8; 34=159; 49=MS; 56=MTHREE; 52=2022-05-31-13:38:26; 55=ABBV; 40=2; 11=algo20220531133826; 31=83.60; 150=0; 39=0; 54=2; 44=83.60; 32=0; 17=exec20220531133826; 38=27324; 60=2022-05-31-13:38:26; 6=0; 14=0; 37=algo20220531133826; 10=200;
8=FIX4.4; 35=8; 34=160; 49=MS; 56=MTHREE; 52=2022-05-31-13:38:26; 55=ABBV; 40=2; 11=algo20220531133826; 31=83.60; 150=1; 39=1; 54=2; 44=83.60; 32=5464; 17=exec20220531133826; 38=27324; 60=2022-05-31-13:38:26; 6=83.60; 14=5464; 37=algo20220531133826; 10=240;
8=FIX4.4; 35=F; 34=105; 49=MTHREE; 56=MS; 52=2022-05-31-13:38:27; 41=algo20220531133826; 55=ABBV; 38=27324; 11=C_algo20220531133826; 60=2022-05-31-13:38:27; 10=060;
8=FIX4.4; 35=8; 34=160; 49=MS; 56=MTHREE; 52=2022-05-31-13:38:27; 55=ABBV; 11=C_algo20220531133826; 31=0; 150=6; 39=6; 54=2; 44=83.60; 17=exec20220531133827; 32=0; 41=algo20220531133826; 38=27324; 60=2022-05-31-13:38:27; 6=0.0; 14=5464; 37=algo20220531133826; 10=252;
8=FIX4.4; 35=8; 34=161; 49=MS; 56=MTHREE; 52=2022-05-31-13:38:27; 151=16396; 55=ABBV; 11=C_algo20220531133826; 31=0; 150=4; 39=4; 54=2; 17=exec20220531133827; 32=0; 41=algo20220531133826; 38=27324; 60=2022-05-31-13:38:27; 6=0.0; 14=5464; 37=algo20220531133826; 10=252;
8=FIX4.4; 35=D; 34=107; 49=MTHREE; 56=MS; 52=2022-05-31-13:38:29; 55=ANF; 40=2; 38=6539; 21=2; 11=algo20220531133829; 60=2022-05-31-13:38:29; 54=1; 44=9.10; 10=0252;
8=FIX4.4; 35=8; 34=163; 49=MS; 56=MTHREE; 52=2022-05-31-13:38:29; 55=ANF; 40=2; 11=algo20220531133829; 31=9.10; 150=0; 39=0; 54=1; 44=9.10; 32=0; 17=exec20220531133829; 38=6539; 60=2022-05-31-13:38:29; 6=0; 14=0; 37=algo20220531133829; 10=200;
8=FIX4.4; 35=F; 34=107; 49=MTHREE; 56=MS; 52=2022-05-31-13:38:29; 41=algo20220531133829; 55=ANF; 38=6539; 11=C_algo20220531133829; 60=2022-05-31-13:38:29; 10=060;
8=FIX4.4; 35=8; 34=163; 49=MS; 56=MTHREE; 52=2022-05-31-13:38:29; 55=ANF; 11=C_algo20220531133829; 31=0; 150=6; 39=6; 54=1; 44=9.10; 17=exec20220531133829; 32=0; 41=algo20220531133829; 38=6539; 60=2022-05-31-13:38:29; 6=0.0; 14=0; 37=algo20220531133829; 10=252;
8=FIX4.4; 35=8; 34=164; 49=MS; 56=MTHREE; 52=2022-05-31-13:38:29; 151=4360; 55=ANF; 11=C_algo20220531133829; 31=0; 150=4; 39=4; 54=1; 17=exec20220531133829; 32=0; 41=algo20220531133829; 38=6539; 60=2022-05-31-13:38:29; 6=0.0; 14=0; 37=algo20220531133829; 10=252;
8=FIX4.4; 35=D; 34=109; 49=MTHREE; 56=MS; 52=2022-05-31-13:38:31; 55=ABM; 40=2; 38=1355; 21=2; 11=algo20220531133831; 60=2022-05-31-13:38:31; 54=1; 44=31.64; 10=0252;
8=FIX4.4; 35=8; 34=166; 49=MS; 56=MTHREE; 52=2022-05-31-13:38:31; 55=ABM; 40=2; 11=algo20220531133831; 31=31.64; 150=0; 39=0; 54=1; 44=31.64; 32=0; 17=exec20220531133831; 38=1355; 60=2022-05-31-13:38:31; 6=0; 14=0; 37=algo20220531133831; 10=200;
8=FIX4.4; 35=8; 34=167; 49=MS; 56=MTHREE; 52=2022-05-31-13:38:32; 55=ABM; 40=2; 11=algo20220531133831; 31=31.64; 150=2; 39=2; 54=1; 44=31.64; 32=1355; 17=exec20220531133832; 38=1355; 60=2022-05-31-13:38:32; 6=31.64; 14=1355; 37=algo20220531133831; 10=246;
8=FIX4.4; 35=D; 34=110; 49=MTHREE; 56=MS; 52=2022-05-31-13:38:32; 55=AAPL; 40=2; 38=24578; 21=2; 11=algo20220531133832; 60=2022-05-31-13:38:32; 54=2; 44=284.65; 10=0252;
8=FIX4.4; 35=8; 34=168; 49=MS; 56=MTHREE; 52=2022-05-31-13:38:32; 55=AAPL; 40=2; 11=algo20220531133832; 31=284.65; 150=0; 39=0; 54=2; 44=284.65; 32=0; 17=exec20220531133832; 38=24578; 60=2022-05-31-13:38:32; 6=0; 14=0; 37=algo20220531133832; 10=200;
8=FIX4.4; 35=F; 34=110; 49=MTHREE; 56=MS; 52=2022-05-31-13:38:32; 41=algo20220531133832; 55=AAPL; 38=24578; 11=C_algo20220531133832; 60=2022-05-31-13:38:32; 10=060;
8=FIX4.4; 35=8; 34=168; 49=MS; 56=MTHREE; 52=2022-05-31-13:38:32; 55=AAPL; 11=C_algo20220531133832; 31=0; 150=6; 39=6; 54=2; 44=284.65; 17=exec20220531133832; 32=0; 41=algo20220531133832; 38=24578; 60=2022-05-31-13:38:32; 6=0.0; 14=0; 37=algo20220531133832; 10=252;
8=FIX4.4; 35=8; 34=169; 49=MS; 56=MTHREE; 52=2022-05-31-13:38:32; 151=12289; 55=AAPL; 11=C_algo20220531133832; 31=0; 150=4; 39=4; 54=2; 17=exec20220531133832; 32=0; 41=algo20220531133832; 38=24578; 60=2022-05-31-13:38:32; 6=0.0; 14=0; 37=algo20220531133832; 10=252;
8=FIX4.4; 35=D; 34=112; 49=MTHREE; 56=MS; 52=2022-05-31-13:38:34; 55=PEP; 40=2; 38=13484; 21=2; 11=algo20220531133834; 60=2022-05-31-13:38:34; 54=2; 44=45.43; 10=0252;
8=FIX4.4; 35=8; 34=171; 49=MS; 56=MTHREE; 52=2022-05-31-13:38:34; 55=PEP; 40=2; 11=algo20220531133834; 31=45.43; 150=0; 39=0; 54=2; 44=45.43; 32=0; 17=exec20220531133834; 38=13484; 60=2022-05-31-13:38:34; 6=0; 14=0; 37=algo20220531133834; 10=200;
8=FIX4.4; 35=8; 34=172; 49=MS; 56=MTHREE; 52=2022-05-31-13:38:34; 55=PEP; 40=2; 11=algo20220531133834; 31=45.43; 150=1; 39=1; 54=2; 44=45.43; 32=2696; 17=exec20220531133834; 38=13484; 60=2022-05-31-13:38:34; 6=45.43; 14=2696; 37=algo20220531133834; 10=240;
8=FIX4.4; 35=F; 34=112; 49=MTHREE; 56=MS; 52=2022-05-31-13:38:35; 41=algo20220531133834; 55=PEP; 38=13484; 11=C_algo20220531133834; 60=2022-05-31-13:38:35; 10=060;
8=FIX4.4; 35=8; 34=172; 49=MS; 56=MTHREE; 52=2022-05-31-13:38:35; 55=PEP; 11=C_algo20220531133834; 31=0; 150=6; 39=6; 54=2; 44=45.43; 17=exec20220531133835; 32=0; 41=algo20220531133834; 38=13484; 60=2022-05-31-13:38:35; 6=0.0; 14=2696; 37=algo20220531133834; 10=252;
8=FIX4.4; 35=8; 34=173; 49=MS; 56=MTHREE; 52=2022-05-31-13:38:35; 151=8092; 55=PEP; 11=C_algo20220531133834; 31=0; 150=4; 39=4; 54=2; 17=exec20220531133835; 32=0; 41=algo20220531133834; 38=13484; 60=2022-05-31-13:38:35; 6=0.0; 14=2696; 37=algo20220531133834; 10=252;
8=FIX4.4; 35=D; 34=114; 49=MTHREE; 56=MS; 52=2022-05-31-13:38:37; 55=; 40=2; 38=24563; 21=2; 11=algo20220531133837; 60=2022-05-31-13:38:37; 54=2; 44=; 10=0252;
8=FIX4.4; 35=8; 34=175; 49=MS; 56=MTHREE; 52=2022-05-31-13:38:37; 55=; 40=2; 11=algo20220531133837; 31=; 150=0; 39=0; 54=2; 44=; 32=0; 17=exec20220531133837; 38=24563; 60=2022-05-31-13:38:37; 6=0; 14=0; 37=algo20220531133837; 10=200;
8=FIX4.4; 35=8; 34=176; 49=MS; 56=MTHREE; 52=2022-05-31-13:38:38; 55=; 40=2; 11=algo20220531133837; 31=; 150=2; 39=2; 54=2; 44=; 32=24563; 17=exec20220531133838; 38=24563; 60=2022-05-31-13:38:38; 6=; 14=24563; 37=algo20220531133837; 10=246;
