8=FIX4.4; 35=A; 34=1; 49=MTHREE; 56=MS; 52=2022-05-31-12:55:22; 108=30; 10=0015;
8=FIX4.4; 35=A; 34=1; 49=MS; 56=MTHREE; 52=2022-05-31-12:55:22; 108=30; 10=0016;
8=FIX4.4; 35=0; 34=2; 49=MTHREE; 56=MS; 52=2022-05-31-12:55:22; 108=30; 10=0015;
8=FIX4.4; 35=0; 34=2; 49=MS; 56=MTHREE; 52=2022-05-31-12:55:22; 108=30; 10=0015;
8=FIX4.4; 35=0; 34=3; 49=MTHREE; 56=MS; 52=2022-05-31-12:55:24; 108=30; 10=0015;
8=FIX4.4; 35=0; 34=3; 49=MS; 56=MTHREE; 52=2022-05-31-12:55:24; 108=30; 10=0015;
8=FIX4.4; 35=0; 34=4; 49=MTHREE; 56=MS; 52=2022-05-31-12:55:26; 108=30; 10=0015;
8=FIX4.4; 35=0; 34=4; 49=MS; 56=MTHREE; 52=2022-05-31-12:55:26; 108=30; 10=0015;
8=FIX4.4; 35=0; 34=5; 49=MTHREE; 56=MS; 52=2022-05-31-12:55:28; 108=30; 10=0015;
8=FIX4.4; 35=0; 34=5; 49=MS; 56=MTHREE; 52=2022-05-31-12:55:28; 108=30; 10=0015;
8=FIX4.4; 35=0; 34=6; 49=MTHREE; 56=MS; 52=2022-05-31-12:55:30; 108=30; 10=0015;
8=FIX4.4; 35=0; 34=6; 49=MS; 56=MTHREE; 52=2022-05-31-12:55:30; 108=30; 10=0015;
8=FIX4.4; 35=0; 34=7; 49=MTHREE; 56=MS; 52=2022-05-31-12:55:32; 108=30; 10=0015;
8=FIX4.4; 35=0; 34=7; 49=MS; 56=MTHREE; 52=2022-05-31-12:55:32; 108=30; 10=0015;
8=FIX4.4; 35=0; 34=8; 49=MTHREE; 56=MS; 52=2022-05-31-12:55:34; 108=30; 10=0015;
8=FIX4.4; 35=0; 34=8; 49=MS; 56=MTHREE; 52=2022-05-31-12:55:34; 108=30; 10=0015;
8=FIX4.4; 35=0; 34=9; 49=MTHREE; 56=MS; 52=2022-05-31-12:55:36; 108=30; 10=0015;
8=FIX4.4; 35=0; 34=9; 49=MS; 56=MTHREE; 52=2022-05-31-12:55:36; 108=30; 10=0015;
8=FIX4.4; 35=0; 34=10; 49=MTHREE; 56=MS; 52=2022-05-31-12:55:38; 108=30; 10=0015;
8=FIX4.4; 35=0; 34=10; 49=MS; 56=MTHREE; 52=2022-05-31-12:55:38; 108=30; 10=0015;
8=FIX4.4; 35=0; 34=11; 49=MTHREE; 56=MS; 52=2022-05-31-12:55:40; 108=30; 10=0015;
8=FIX4.4; 35=0; 34=11; 49=MS; 56=MTHREE; 52=2022-05-31-12:55:40; 108=30; 10=0015;
8=FIX4.4; 35=0; 34=12; 49=MTHREE; 56=MS; 52=2022-05-31-12:55:42; 108=30; 10=0015;
8=FIX4.4; 35=0; 34=12; 49=MS; 56=MTHREE; 52=2022-05-31-12:55:42; 108=30; 10=0015;
8=FIX4.4; 35=0; 34=13; 49=MTHREE; 56=MS; 52=2022-05-31-12:55:44; 108=30; 10=0015;
8=FIX4.4; 35=0; 34=13; 49=MS; 56=MTHREE; 52=2022-05-31-12:55:44; 108=30; 10=0015;
8=FIX4.4; 35=0; 34=14; 49=MTHREE; 56=MS; 52=2022-05-31-12:55:46; 108=30; 10=0015;
8=FIX4.4; 35=0; 34=14; 49=MS; 56=MTHREE; 52=2022-05-31-12:55:46; 108=30; 10=0015;
8=FIX4.4; 35=0; 34=15; 49=MTHREE; 56=MS; 52=2022-05-31-12:55:48; 108=30; 10=0015;
8=FIX4.4; 35=0; 34=15; 49=MS; 56=MTHREE; 52=2022-05-31-12:55:48; 108=30; 10=0015;
8=FIX4.4; 35=0; 34=16; 49=MTHREE; 56=MS; 52=2022-05-31-12:55:50; 108=30; 10=0015;
8=FIX4.4; 35=0; 34=16; 49=MS; 56=MTHREE; 52=2022-05-31-12:55:50; 108=30; 10=0015;
8=FIX4.4; 35=0; 34=17; 49=MTHREE; 56=MS; 52=2022-05-31-12:55:52; 108=30; 10=0015;
8=FIX4.4; 35=0; 34=17; 49=MS; 56=MTHREE; 52=2022-05-31-12:55:52; 108=30; 10=0015;
8=FIX4.4; 35=0; 34=18; 49=MTHREE; 56=MS; 52=2022-05-31-12:55:54; 108=30; 10=0015;
8=FIX4.4; 35=0; 34=18; 49=MS; 56=MTHREE; 52=2022-05-31-12:55:54; 108=30; 10=0015;
8=FIX4.4; 35=0; 34=19; 49=MTHREE; 56=MS; 52=2022-05-31-12:55:56; 108=30; 10=0015;
8=FIX4.4; 35=0; 34=19; 49=MS; 56=MTHREE; 52=2022-05-31-12:55:56; 108=30; 10=0015;
8=FIX4.4; 35=0; 34=20; 49=MTHREE; 56=MS; 52=2022-05-31-12:55:58; 108=30; 10=0015;
8=FIX4.4; 35=0; 34=20; 49=MS; 56=MTHREE; 52=2022-05-31-12:55:58; 108=30; 10=0015;
8=FIX4.4; 35=0; 34=21; 49=MTHREE; 56=MS; 52=2022-05-31-12:56:00; 108=30; 10=0015;
8=FIX4.4; 35=0; 34=21; 49=MS; 56=MTHREE; 52=2022-05-31-12:56:00; 108=30; 10=0015;
8=FIX4.4; 35=0; 34=22; 49=MTHREE; 56=MS; 52=2022-05-31-12:56:02; 108=30; 10=0015;
8=FIX4.4; 35=0; 34=22; 49=MS; 56=MTHREE; 52=2022-05-31-12:56:02; 108=30; 10=0015;
8=FIX4.4; 35=0; 34=23; 49=MTHREE; 56=MS; 52=2022-05-31-12:56:04; 108=30; 10=0015;
8=FIX4.4; 35=0; 34=23; 49=MS; 56=MTHREE; 52=2022-05-31-12:56:04; 108=30; 10=0015;
8=FIX4.4; 35=0; 34=24; 49=MTHREE; 56=MS; 52=2022-05-31-12:56:06; 108=30; 10=0015;
8=FIX4.4; 35=0; 34=24; 49=MS; 56=MTHREE; 52=2022-05-31-12:56:06; 108=30; 10=0015;
8=FIX4.4; 35=0; 34=25; 49=MTHREE; 56=MS; 52=2022-05-31-12:56:08; 108=30; 10=0015;
8=FIX4.4; 35=0; 34=25; 49=MS; 56=MTHREE; 52=2022-05-31-12:56:08; 108=30; 10=0015;
8=FIX4.4; 35=0; 34=26; 49=MTHREE; 56=MS; 52=2022-05-31-12:56:10; 108=30; 10=0015;
8=FIX4.4; 35=0; 34=26; 49=MS; 56=MTHREE; 52=2022-05-31-12:56:10; 108=30; 10=0015;
8=FIX4.4; 35=0; 34=27; 49=MTHREE; 56=MS; 52=2022-05-31-12:56:12; 108=30; 10=0015;
8=FIX4.4; 35=0; 34=27; 49=MS; 56=MTHREE; 52=2022-05-31-12:56:12; 108=30; 10=0015;
8=FIX4.4; 35=0; 34=28; 49=MTHREE; 56=MS; 52=2022-05-31-12:56:14; 108=30; 10=0015;
8=FIX4.4; 35=0; 34=28; 49=MS; 56=MTHREE; 52=2022-05-31-12:56:14; 108=30; 10=0015;
8=FIX4.4; 35=0; 34=29; 49=MTHREE; 56=MS; 52=2022-05-31-12:56:16; 108=30; 10=0015;
8=FIX4.4; 35=0; 34=29; 49=MS; 56=MTHREE; 52=2022-05-31-12:56:16; 108=30; 10=0015;
8=FIX4.4; 35=0; 34=30; 49=MTHREE; 56=MS; 52=2022-05-31-12:56:18; 108=30; 10=0015;
8=FIX4.4; 35=0; 34=30; 49=MS; 56=MTHREE; 52=2022-05-31-12:56:18; 108=30; 10=0015;
8=FIX4.4; 35=0; 34=31; 49=MTHREE; 56=MS; 52=2022-05-31-12:56:20; 108=30; 10=0015;
8=FIX4.4; 35=0; 34=31; 49=MS; 56=MTHREE; 52=2022-05-31-12:56:20; 108=30; 10=0015;
8=FIX4.4; 35=0; 34=32; 49=MTHREE; 56=MS; 52=2022-05-31-12:56:22; 108=30; 10=0015;
8=FIX4.4; 35=0; 34=32; 49=MS; 56=MTHREE; 52=2022-05-31-12:56:22; 108=30; 10=0015;
8=FIX4.4; 35=0; 34=33; 49=MTHREE; 56=MS; 52=2022-05-31-12:56:24; 108=30; 10=0015;
8=FIX4.4; 35=0; 34=33; 49=MS; 56=MTHREE; 52=2022-05-31-12:56:24; 108=30; 10=0015;
8=FIX4.4; 35=0; 34=34; 49=MTHREE; 56=MS; 52=2022-05-31-12:56:26; 108=30; 10=0015;
8=FIX4.4; 35=0; 34=34; 49=MS; 56=MTHREE; 52=2022-05-31-12:56:26; 108=30; 10=0015;
8=FIX4.4; 35=0; 34=35; 49=MTHREE; 56=MS; 52=2022-05-31-12:56:28; 108=30; 10=0015;
8=FIX4.4; 35=0; 34=35; 49=MS; 56=MTHREE; 52=2022-05-31-12:56:28; 108=30; 10=0015;
8=FIX4.4; 35=0; 34=36; 49=MTHREE; 56=MS; 52=2022-05-31-12:56:30; 108=30; 10=0015;
8=FIX4.4; 35=0; 34=36; 49=MS; 56=MTHREE; 52=2022-05-31-12:56:30; 108=30; 10=0015;
8=FIX4.4; 35=0; 34=37; 49=MTHREE; 56=MS; 52=2022-05-31-12:56:32; 108=30; 10=0015;
8=FIX4.4; 35=0; 34=37; 49=MS; 56=MTHREE; 52=2022-05-31-12:56:32; 108=30; 10=0015;
8=FIX4.4; 35=0; 34=38; 49=MTHREE; 56=MS; 52=2022-05-31-12:56:34; 108=30; 10=0015;
8=FIX4.4; 35=0; 34=38; 49=MS; 56=MTHREE; 52=2022-05-31-12:56:34; 108=30; 10=0015;
8=FIX4.4; 35=0; 34=39; 49=MTHREE; 56=MS; 52=2022-05-31-12:56:36; 108=30; 10=0015;
8=FIX4.4; 35=0; 34=39; 49=MS; 56=MTHREE; 52=2022-05-31-12:56:36; 108=30; 10=0015;
8=FIX4.4; 35=0; 34=40; 49=MTHREE; 56=MS; 52=2022-05-31-12:56:38; 108=30; 10=0015;
8=FIX4.4; 35=0; 34=40; 49=MS; 56=MTHREE; 52=2022-05-31-12:56:38; 108=30; 10=0015;
8=FIX4.4; 35=0; 34=41; 49=MTHREE; 56=MS; 52=2022-05-31-12:56:40; 108=30; 10=0015;
8=FIX4.4; 35=0; 34=41; 49=MS; 56=MTHREE; 52=2022-05-31-12:56:40; 108=30; 10=0015;
8=FIX4.4; 35=0; 34=42; 49=MTHREE; 56=MS; 52=2022-05-31-12:56:42; 108=30; 10=0015;
8=FIX4.4; 35=0; 34=42; 49=MS; 56=MTHREE; 52=2022-05-31-12:56:42; 108=30; 10=0015;
8=FIX4.4; 35=0; 34=43; 49=MTHREE; 56=MS; 52=2022-05-31-12:56:44; 108=30; 10=0015;
8=FIX4.4; 35=0; 34=43; 49=MS; 56=MTHREE; 52=2022-05-31-12:56:44; 108=30; 10=0015;
8=FIX4.4; 35=0; 34=44; 49=MTHREE; 56=MS; 52=2022-05-31-12:56:46; 108=30; 10=0015;
8=FIX4.4; 35=0; 34=44; 49=MS; 56=MTHREE; 52=2022-05-31-12:56:46; 108=30; 10=0015;
8=FIX4.4; 35=0; 34=45; 49=MTHREE; 56=MS; 52=2022-05-31-12:56:48; 108=30; 10=0015;
8=FIX4.4; 35=0; 34=45; 49=MS; 56=MTHREE; 52=2022-05-31-12:56:48; 108=30; 10=0015;
8=FIX4.4; 35=0; 34=46; 49=MTHREE; 56=MS; 52=2022-05-31-12:56:50; 108=30; 10=0015;
8=FIX4.4; 35=0; 34=46; 49=MS; 56=MTHREE; 52=2022-05-31-12:56:50; 108=30; 10=0015;
8=FIX4.4; 35=0; 34=47; 49=MTHREE; 56=MS; 52=2022-05-31-12:56:52; 108=30; 10=0015;
8=FIX4.4; 35=0; 34=47; 49=MS; 56=MTHREE; 52=2022-05-31-12:56:52; 108=30; 10=0015;
8=FIX4.4; 35=0; 34=48; 49=MTHREE; 56=MS; 52=2022-05-31-12:56:54; 108=30; 10=0015;
8=FIX4.4; 35=0; 34=48; 49=MS; 56=MTHREE; 52=2022-05-31-12:56:54; 108=30; 10=0015;
8=FIX4.4; 35=0; 34=49; 49=MTHREE; 56=MS; 52=2022-05-31-12:56:56; 108=30; 10=0015;
8=FIX4.4; 35=0; 34=49; 49=MS; 56=MTHREE; 52=2022-05-31-12:56:56; 108=30; 10=0015;
8=FIX4.4; 35=0; 34=50; 49=MTHREE; 56=MS; 52=2022-05-31-12:56:58; 108=30; 10=0015;
8=FIX4.4; 35=0; 34=50; 49=MS; 56=MTHREE; 52=2022-05-31-12:56:58; 108=30; 10=0015;
8=FIX4.4; 35=0; 34=51; 49=MTHREE; 56=MS; 52=2022-05-31-12:57:00; 108=30; 10=0015;
8=FIX4.4; 35=0; 34=51; 49=MS; 56=MTHREE; 52=2022-05-31-12:57:00; 108=30; 10=0015;
8=FIX4.4; 35=D; 34=52; 49=MTHREE; 56=MS; 52=2022-05-31-12:57:02; 55=AAPL; 40=2; 38=29822; 21=2; 11=algo20220531125702; 60=2022-05-31-12:57:02; 54=1; 44=1276.37; 10=0252;
8=FIX4.4; 35=8; 34=52; 49=MS; 56=MTHREE; 52=2022-05-31-12:57:02; 55=AAPL; 40=2; 11=algo20220531125702; 31=1276.37; 150=0; 39=0; 54=1; 44=1276.37; 32=0; 17=exec20220531125702; 38=29822; 60=2022-05-31-12:57:02; 6=0; 14=0; 37=algo20220531125702; 10=200;
8=FIX4.4; 35=F; 34=52; 49=MTHREE; 56=MS; 52=2022-05-31-12:57:02; 41=algo20220531125702; 55=AAPL; 38=29822; 11=C_algo20220531125702; 60=2022-05-31-12:57:02; 10=060;
8=FIX4.4; 35=8; 34=52; 49=MS; 56=MTHREE; 52=2022-05-31-12:57:02; 55=AAPL; 11=C_algo20220531125702; 31=0; 150=6; 39=6; 54=1; 44=1276.37; 17=exec20220531125702; 32=0; 41=algo20220531125702; 38=29822; 60=2022-05-31-12:57:02; 6=0.0; 14=0; 37=algo20220531125702; 10=252;
8=FIX4.4; 35=8; 34=53; 49=MS; 56=MTHREE; 52=2022-05-31-12:57:02; 151=23858; 55=AAPL; 11=C_algo20220531125702; 31=0; 150=4; 39=4; 54=1; 17=exec20220531125702; 32=0; 41=algo20220531125702; 38=29822; 60=2022-05-31-12:57:02; 6=0.0; 14=0; 37=algo20220531125702; 10=252;
8=FIX4.4; 35=D; 34=54; 49=MTHREE; 56=MS; 52=2022-05-31-12:57:04; 55=MSFT; 40=2; 38=16504; 21=2; 11=algo20220531125704; 60=2022-05-31-12:57:04; 54=2; 44=59.89; 10=0252;
8=FIX4.4; 35=8; 34=55; 49=MS; 56=MTHREE; 52=2022-05-31-12:57:04; 55=MSFT; 40=2; 11=algo20220531125704; 31=59.89; 150=0; 39=0; 54=2; 44=59.89; 32=0; 17=exec20220531125704; 38=16504; 60=2022-05-31-12:57:04; 6=0; 14=0; 37=algo20220531125704; 10=200;
8=FIX4.4; 35=F; 34=54; 49=MTHREE; 56=MS; 52=2022-05-31-12:57:04; 41=algo20220531125704; 55=MSFT; 38=16504; 11=C_algo20220531125704; 60=2022-05-31-12:57:04; 10=060;
8=FIX4.4; 35=8; 34=55; 49=MS; 56=MTHREE; 52=2022-05-31-12:57:04; 55=MSFT; 11=C_algo20220531125704; 31=0; 150=6; 39=6; 54=2; 44=59.89; 17=exec20220531125704; 32=0; 41=algo20220531125704; 38=16504; 60=2022-05-31-12:57:04; 6=0.0; 14=0; 37=algo20220531125704; 10=252;
8=FIX4.4; 35=8; 34=56; 49=MS; 56=MTHREE; 52=2022-05-31-12:57:04; 151=8252; 55=MSFT; 11=C_algo20220531125704; 31=0; 150=4; 39=4; 54=2; 17=exec20220531125704; 32=0; 41=algo20220531125704; 38=16504; 60=2022-05-31-12:57:04; 6=0.0; 14=0; 37=algo20220531125704; 10=252;
8=FIX4.4; 35=D; 34=56; 49=MTHREE; 56=MS; 52=2022-05-31-12:57:06; 55=AMZN; 40=2; 38=28569; 21=2; 11=algo20220531125706; 60=2022-05-31-12:57:06; 54=2; 44=133.47; 10=0252;
8=FIX4.4; 35=8; 34=58; 49=MS; 56=MTHREE; 52=2022-05-31-12:57:06; 55=AMZN; 40=2; 11=algo20220531125706; 31=133.47; 150=0; 39=0; 54=2; 44=133.47; 32=0; 17=exec20220531125706; 38=28569; 60=2022-05-31-12:57:06; 6=0; 14=0; 37=algo20220531125706; 10=200;
8=FIX4.4; 35=8; 34=59; 49=MS; 56=MTHREE; 52=2022-05-31-12:57:06; 55=AMZN; 40=2; 11=algo20220531125706; 31=133.47; 150=1; 39=1; 54=2; 44=133.47; 32=14284; 17=exec20220531125706; 38=28569; 60=2022-05-31-12:57:06; 6=133.47; 14=14284; 37=algo20220531125706; 10=240;
8=FIX4.4; 35=8; 34=60; 49=MS; 56=MTHREE; 52=2022-05-31-12:57:08; 55=AMZN; 40=2; 11=algo20220531125706; 31=133.47; 150=2; 39=2; 54=2; 44=133.47; 32=14285; 17=exec20220531125708; 38=28569; 60=2022-05-31-12:57:08; 6=133.47; 14=28569; 37=algo20220531125706; 10=246;
8=FIX4.4; 35=D; 34=57; 49=MTHREE; 56=MS; 52=2022-05-31-12:57:08; 55=FB; 40=2; 38=18131; 21=2; 11=algo20220531125708; 60=2022-05-31-12:57:08; 54=1; 44=430.62; 10=0252;
8=FIX4.4; 35=8; 34=61; 49=MS; 56=MTHREE; 52=2022-05-31-12:57:08; 55=FB; 40=2; 11=algo20220531125708; 31=430.62; 150=0; 39=0; 54=1; 44=430.62; 32=0; 17=exec20220531125708; 38=18131; 60=2022-05-31-12:57:08; 6=0; 14=0; 37=algo20220531125708; 10=200;
8=FIX4.4; 35=8; 34=62; 49=MS; 56=MTHREE; 52=2022-05-31-12:57:09; 55=FB; 40=2; 11=algo20220531125708; 31=430.62; 150=2; 39=2; 54=1; 44=430.62; 32=18131; 17=exec20220531125709; 38=18131; 60=2022-05-31-12:57:09; 6=430.62; 14=18131; 37=algo20220531125708; 10=246;
8=FIX4.4; 35=D; 34=58; 49=MTHREE; 56=MS; 52=2022-05-31-12:57:09; 55=GOOG; 40=2; 38=17582; 21=2; 11=algo20220531125709; 60=2022-05-31-12:57:09; 54=1; 44=42.05; 10=0252;
8=FIX4.4; 35=8; 34=63; 49=MS; 56=MTHREE; 52=2022-05-31-12:57:09; 55=GOOG; 40=2; 11=algo20220531125709; 31=42.05; 150=0; 39=0; 54=1; 44=42.05; 32=0; 17=exec20220531125709; 38=17582; 60=2022-05-31-12:57:09; 6=0; 14=0; 37=algo20220531125709; 10=200;
8=FIX4.4; 35=8; 34=64; 49=MS; 56=MTHREE; 52=2022-05-31-12:57:09; 55=GOOG; 40=2; 11=algo20220531125709; 31=42.05; 150=1; 39=1; 54=1; 44=42.05; 32=5860; 17=exec20220531125709; 38=17582; 60=2022-05-31-12:57:09; 6=42.05; 14=5860; 37=algo20220531125709; 10=240;
8=FIX4.4; 35=F; 34=58; 49=MTHREE; 56=MS; 52=2022-05-31-12:57:10; 41=algo20220531125709; 55=GOOG; 38=17582; 11=C_algo20220531125709; 60=2022-05-31-12:57:10; 10=060;
8=FIX4.4; 35=8; 34=64; 49=MS; 56=MTHREE; 52=2022-05-31-12:57:10; 55=GOOG; 11=C_algo20220531125709; 31=0; 150=6; 39=6; 54=1; 44=42.05; 17=exec20220531125710; 32=0; 41=algo20220531125709; 38=17582; 60=2022-05-31-12:57:10; 6=0.0; 14=5860; 37=algo20220531125709; 10=252;
8=FIX4.4; 35=8; 34=65; 49=MS; 56=MTHREE; 52=2022-05-31-12:57:10; 151=5862; 55=GOOG; 11=C_algo20220531125709; 31=0; 150=4; 39=4; 54=1; 17=exec20220531125710; 32=0; 41=algo20220531125709; 38=17582; 60=2022-05-31-12:57:10; 6=0.0; 14=5860; 37=algo20220531125709; 10=252;
8=FIX4.4; 35=D; 34=60; 49=MTHREE; 56=MS; 52=2022-05-31-12:57:12; 55=GOOGL; 40=2; 38=28985; 21=2; 11=algo20220531125712; 60=2022-05-31-12:57:12; 54=1; 44=289.20; 10=0252;
8=FIX4.4; 35=8; 34=67; 49=MS; 56=MTHREE; 52=2022-05-31-12:57:12; 55=GOOGL; 40=2; 11=algo20220531125712; 31=289.20; 150=0; 39=0; 54=1; 44=289.20; 32=0; 17=exec20220531125712; 38=28985; 60=2022-05-31-12:57:12; 6=0; 14=0; 37=algo20220531125712; 10=200;
8=FIX4.4; 35=8; 34=68; 49=MS; 56=MTHREE; 52=2022-05-31-12:57:12; 55=GOOGL; 40=2; 11=algo20220531125712; 31=289.20; 150=1; 39=1; 54=1; 44=289.20; 32=14492; 17=exec20220531125712; 38=28985; 60=2022-05-31-12:57:12; 6=289.20; 14=14492; 37=algo20220531125712; 10=240;
8=FIX4.4; 35=8; 34=69; 49=MS; 56=MTHREE; 52=2022-05-31-12:57:14; 55=GOOGL; 40=2; 11=algo20220531125712; 31=289.20; 150=2; 39=2; 54=1; 44=289.20; 32=14493; 17=exec20220531125714; 38=28985; 60=2022-05-31-12:57:14; 6=289.20; 14=28985; 37=algo20220531125712; 10=246;
8=FIX4.4; 35=D; 34=61; 49=MTHREE; 56=MS; 52=2022-05-31-12:57:14; 55=INTC; 40=2; 38=8166; 21=2; 11=algo20220531125714; 60=2022-05-31-12:57:14; 54=1; 44=339.13; 10=0252;
8=FIX4.4; 35=8; 34=70; 49=MS; 56=MTHREE; 52=2022-05-31-12:57:14; 55=INTC; 40=2; 11=algo20220531125714; 31=339.13; 150=0; 39=0; 54=1; 44=339.13; 32=0; 17=exec20220531125714; 38=8166; 60=2022-05-31-12:57:14; 6=0; 14=0; 37=algo20220531125714; 10=200;
8=FIX4.4; 35=8; 34=71; 49=MS; 56=MTHREE; 52=2022-05-31-12:57:15; 55=INTC; 40=2; 11=algo20220531125714; 31=339.13; 150=2; 39=2; 54=1; 44=339.13; 32=8166; 17=exec20220531125715; 38=8166; 60=2022-05-31-12:57:15; 6=339.13; 14=8166; 37=algo20220531125714; 10=246;
8=FIX4.4; 35=D; 34=62; 49=MTHREE; 56=MS; 52=2022-05-31-12:57:15; 55=PEP; 40=2; 38=23181; 21=2; 11=algo20220531125715; 60=2022-05-31-12:57:15; 54=2; 44=36.21; 10=0252;
8=FIX4.4; 35=8; 34=72; 49=MS; 56=MTHREE; 52=2022-05-31-12:57:15; 55=PEP; 40=2; 11=algo20220531125715; 31=36.21; 150=0; 39=0; 54=2; 44=36.21; 32=0; 17=exec20220531125715; 38=23181; 60=2022-05-31-12:57:15; 6=0; 14=0; 37=algo20220531125715; 10=200;
8=FIX4.4; 35=8; 34=73; 49=MS; 56=MTHREE; 52=2022-05-31-12:57:15; 55=PEP; 40=2; 11=algo20220531125715; 31=36.21; 150=1; 39=1; 54=2; 44=36.21; 32=11590; 17=exec20220531125715; 38=23181; 60=2022-05-31-12:57:15; 6=36.21; 14=11590; 37=algo20220531125715; 10=240;
8=FIX4.4; 35=8; 34=74; 49=MS; 56=MTHREE; 52=2022-05-31-12:57:17; 55=PEP; 40=2; 11=algo20220531125715; 31=36.21; 150=2; 39=2; 54=2; 44=36.21; 32=11591; 17=exec20220531125717; 38=23181; 60=2022-05-31-12:57:17; 6=36.21; 14=23181; 37=algo20220531125715; 10=246;
8=FIX4.4; 35=D; 34=63; 49=MTHREE; 56=MS; 52=2022-05-31-12:57:17; 55=NFLX; 40=2; 38=3658; 21=2; 11=algo20220531125717; 60=2022-05-31-12:57:17; 54=2; 44=306.71; 10=0252;
8=FIX4.4; 35=8; 34=75; 49=MS; 56=MTHREE; 52=2022-05-31-12:57:17; 55=NFLX; 40=2; 11=algo20220531125717; 31=306.71; 150=0; 39=0; 54=2; 44=306.71; 32=0; 17=exec20220531125717; 38=3658; 60=2022-05-31-12:57:17; 6=0; 14=0; 37=algo20220531125717; 10=200;
8=FIX4.4; 35=8; 34=76; 49=MS; 56=MTHREE; 52=2022-05-31-12:57:18; 55=NFLX; 40=2; 11=algo20220531125717; 31=306.71; 150=2; 39=2; 54=2; 44=306.71; 32=3658; 17=exec20220531125718; 38=3658; 60=2022-05-31-12:57:18; 6=306.71; 14=3658; 37=algo20220531125717; 10=246;
8=FIX4.4; 35=D; 34=64; 49=MTHREE; 56=MS; 52=2022-05-31-12:57:18; 55=CSCO; 40=2; 38=9819; 21=2; 11=algo20220531125718; 60=2022-05-31-12:57:18; 54=1; 44=233.73; 10=0252;
8=FIX4.4; 35=8; 34=77; 49=MS; 56=MTHREE; 52=2022-05-31-12:57:18; 55=CSCO; 40=2; 11=algo20220531125718; 31=233.73; 150=0; 39=0; 54=1; 44=233.73; 32=0; 17=exec20220531125718; 38=9819; 60=2022-05-31-12:57:18; 6=0; 14=0; 37=algo20220531125718; 10=200;
8=FIX4.4; 35=F; 34=64; 49=MTHREE; 56=MS; 52=2022-05-31-12:57:18; 41=algo20220531125718; 55=CSCO; 38=9819; 11=C_algo20220531125718; 60=2022-05-31-12:57:18; 10=060;
8=FIX4.4; 35=8; 34=77; 49=MS; 56=MTHREE; 52=2022-05-31-12:57:18; 55=CSCO; 11=C_algo20220531125718; 31=0; 150=6; 39=6; 54=1; 44=233.73; 17=exec20220531125718; 32=0; 41=algo20220531125718; 38=9819; 60=2022-05-31-12:57:18; 6=0.0; 14=0; 37=algo20220531125718; 10=252;
8=FIX4.4; 35=8; 34=78; 49=MS; 56=MTHREE; 52=2022-05-31-12:57:18; 151=7856; 55=CSCO; 11=C_algo20220531125718; 31=0; 150=4; 39=4; 54=1; 17=exec20220531125718; 32=0; 41=algo20220531125718; 38=9819; 60=2022-05-31-12:57:18; 6=0.0; 14=0; 37=algo20220531125718; 10=252;
8=FIX4.4; 35=D; 34=66; 49=MTHREE; 56=MS; 52=2022-05-31-12:57:20; 55=AMGN; 40=2; 38=31811; 21=2; 11=algo20220531125720; 60=2022-05-31-12:57:20; 54=2; 44=116.62; 10=0252;
8=FIX4.4; 35=8; 34=80; 49=MS; 56=MTHREE; 52=2022-05-31-12:57:20; 55=AMGN; 40=2; 11=algo20220531125720; 31=116.62; 150=0; 39=0; 54=2; 44=116.62; 32=0; 17=exec20220531125720; 38=31811; 60=2022-05-31-12:57:20; 6=0; 14=0; 37=algo20220531125720; 10=200;
8=FIX4.4; 35=8; 34=81; 49=MS; 56=MTHREE; 52=2022-05-31-12:57:20; 55=AMGN; 40=2; 11=algo20220531125720; 31=116.62; 150=1; 39=1; 54=2; 44=116.62; 32=6362; 17=exec20220531125720; 38=31811; 60=2022-05-31-12:57:20; 6=116.62; 14=6362; 37=algo20220531125720; 10=240;
8=FIX4.4; 35=F; 34=66; 49=MTHREE; 56=MS; 52=2022-05-31-12:57:21; 41=algo20220531125720; 55=AMGN; 38=31811; 11=C_algo20220531125720; 60=2022-05-31-12:57:21; 10=060;
8=FIX4.4; 35=8; 34=81; 49=MS; 56=MTHREE; 52=2022-05-31-12:57:21; 55=AMGN; 11=C_algo20220531125720; 31=0; 150=6; 39=6; 54=2; 44=116.62; 17=exec20220531125721; 32=0; 41=algo20220531125720; 38=31811; 60=2022-05-31-12:57:21; 6=0.0; 14=6362; 37=algo20220531125720; 10=252;
8=FIX4.4; 35=8; 34=82; 49=MS; 56=MTHREE; 52=2022-05-31-12:57:21; 151=19087; 55=AMGN; 11=C_algo20220531125720; 31=0; 150=4; 39=4; 54=2; 17=exec20220531125721; 32=0; 41=algo20220531125720; 38=31811; 60=2022-05-31-12:57:21; 6=0.0; 14=6362; 37=algo20220531125720; 10=252;
8=FIX4.4; 35=D; 34=68; 49=MTHREE; 56=MS; 52=2022-05-31-12:57:23; 55=PYPL; 40=2; 38=2230; 21=2; 11=algo20220531125723; 60=2022-05-31-12:57:23; 54=2; 44=723.61; 10=0252;
8=FIX4.4; 35=8; 34=84; 49=MS; 56=MTHREE; 52=2022-05-31-12:57:23; 55=PYPL; 40=2; 11=algo20220531125723; 31=723.61; 150=0; 39=0; 54=2; 44=723.61; 32=0; 17=exec20220531125723; 38=2230; 60=2022-05-31-12:57:23; 6=0; 14=0; 37=algo20220531125723; 10=200;
8=FIX4.4; 35=8; 34=85; 49=MS; 56=MTHREE; 52=2022-05-31-12:57:24; 55=PYPL; 40=2; 11=algo20220531125723; 31=723.61; 150=2; 39=2; 54=2; 44=723.61; 32=2230; 17=exec20220531125724; 38=2230; 60=2022-05-31-12:57:24; 6=723.61; 14=2230; 37=algo20220531125723; 10=246;
8=FIX4.4; 35=D; 34=69; 49=MTHREE; 56=MS; 52=2022-05-31-12:57:24; 55=TSLA; 40=2; 38=29260; 21=2; 11=algo20220531125724; 60=2022-05-31-12:57:24; 54=2; 44=503.77; 10=0252;
8=FIX4.4; 35=8; 34=86; 49=MS; 56=MTHREE; 52=2022-05-31-12:57:24; 55=TSLA; 40=2; 11=algo20220531125724; 31=503.77; 150=0; 39=0; 54=2; 44=503.77; 32=0; 17=exec20220531125724; 38=29260; 60=2022-05-31-12:57:24; 6=0; 14=0; 37=algo20220531125724; 10=200;
8=FIX4.4; 35=F; 34=69; 49=MTHREE; 56=MS; 52=2022-05-31-12:57:24; 41=algo20220531125724; 55=TSLA; 38=29260; 11=C_algo20220531125724; 60=2022-05-31-12:57:24; 10=060;
8=FIX4.4; 35=8; 34=86; 49=MS; 56=MTHREE; 52=2022-05-31-12:57:24; 55=TSLA; 11=C_algo20220531125724; 31=0; 150=6; 39=6; 54=2; 44=503.77; 17=exec20220531125724; 32=0; 41=algo20220531125724; 38=29260; 60=2022-05-31-12:57:24; 6=0.0; 14=0; 37=algo20220531125724; 10=252;
8=FIX4.4; 35=8; 34=87; 49=MS; 56=MTHREE; 52=2022-05-31-12:57:24; 151=21945; 55=TSLA; 11=C_algo20220531125724; 31=0; 150=4; 39=4; 54=2; 17=exec20220531125724; 32=0; 41=algo20220531125724; 38=29260; 60=2022-05-31-12:57:24; 6=0.0; 14=0; 37=algo20220531125724; 10=252;
8=FIX4.4; 35=D; 34=71; 49=MTHREE; 56=MS; 52=2022-05-31-12:57:26; 55=TXN; 40=2; 38=23232; 21=2; 11=algo20220531125726; 60=2022-05-31-12:57:26; 54=1; 44=112.46; 10=0252;
8=FIX4.4; 35=8; 34=89; 49=MS; 56=MTHREE; 52=2022-05-31-12:57:26; 55=TXN; 40=2; 11=algo20220531125726; 31=112.46; 150=0; 39=0; 54=1; 44=112.46; 32=0; 17=exec20220531125726; 38=23232; 60=2022-05-31-12:57:26; 6=0; 14=0; 37=algo20220531125726; 10=200;
8=FIX4.4; 35=F; 34=71; 49=MTHREE; 56=MS; 52=2022-05-31-12:57:26; 41=algo20220531125726; 55=TXN; 38=23232; 11=C_algo20220531125726; 60=2022-05-31-12:57:26; 10=060;
8=FIX4.4; 35=8; 34=89; 49=MS; 56=MTHREE; 52=2022-05-31-12:57:26; 55=TXN; 11=C_algo20220531125726; 31=0; 150=6; 39=6; 54=1; 44=112.46; 17=exec20220531125726; 32=0; 41=algo20220531125726; 38=23232; 60=2022-05-31-12:57:26; 6=0.0; 14=0; 37=algo20220531125726; 10=252;
8=FIX4.4; 35=8; 34=90; 49=MS; 56=MTHREE; 52=2022-05-31-12:57:26; 151=11616; 55=TXN; 11=C_algo20220531125726; 31=0; 150=4; 39=4; 54=1; 17=exec20220531125726; 32=0; 41=algo20220531125726; 38=23232; 60=2022-05-31-12:57:26; 6=0.0; 14=0; 37=algo20220531125726; 10=252;
8=FIX4.4; 35=D; 34=73; 49=MTHREE; 56=MS; 52=2022-05-31-12:57:28; 55=AVGO; 40=2; 38=28300; 21=2; 11=algo20220531125728; 60=2022-05-31-12:57:28; 54=2; 44=262.99; 10=0252;
8=FIX4.4; 35=8; 34=92; 49=MS; 56=MTHREE; 52=2022-05-31-12:57:28; 55=AVGO; 40=2; 11=algo20220531125728; 31=262.99; 150=0; 39=0; 54=2; 44=262.99; 32=0; 17=exec20220531125728; 38=28300; 60=2022-05-31-12:57:28; 6=0; 14=0; 37=algo20220531125728; 10=200;
8=FIX4.4; 35=8; 34=93; 49=MS; 56=MTHREE; 52=2022-05-31-12:57:28; 55=AVGO; 40=2; 11=algo20220531125728; 31=262.99; 150=1; 39=1; 54=2; 44=262.99; 32=5660; 17=exec20220531125728; 38=28300; 60=2022-05-31-12:57:28; 6=262.99; 14=5660; 37=algo20220531125728; 10=240;
8=FIX4.4; 35=8; 34=94; 49=MS; 56=MTHREE; 52=2022-05-31-12:57:29; 55=AVGO; 40=2; 11=algo20220531125728; 31=262.99; 150=1; 39=1; 54=2; 44=262.99; 32=5660; 17=exec20220531125729; 38=28300; 60=2022-05-31-12:57:29; 6=262.99; 14=11320; 37=algo20220531125728; 10=240;
8=FIX4.4; 35=8; 34=95; 49=MS; 56=MTHREE; 52=2022-05-31-12:57:30; 55=AVGO; 40=2; 11=algo20220531125728; 31=262.99; 150=1; 39=1; 54=2; 44=262.99; 32=5660; 17=exec20220531125730; 38=28300; 60=2022-05-31-12:57:30; 6=262.99; 14=16980; 37=algo20220531125728; 10=240;
8=FIX4.4; 35=8; 34=96; 49=MS; 56=MTHREE; 52=2022-05-31-12:57:31; 55=AVGO; 40=2; 11=algo20220531125728; 31=262.99; 150=1; 39=1; 54=2; 44=262.99; 32=5660; 17=exec20220531125731; 38=28300; 60=2022-05-31-12:57:31; 6=262.99; 14=22640; 37=algo20220531125728; 10=240;
8=FIX4.4; 35=8; 34=97; 49=MS; 56=MTHREE; 52=2022-05-31-12:57:33; 55=AVGO; 40=2; 11=algo20220531125728; 31=262.99; 150=2; 39=2; 54=2; 44=262.99; 32=5660; 17=exec20220531125733; 38=28300; 60=2022-05-31-12:57:33; 6=262.99; 14=28300; 37=algo20220531125728; 10=246;
8=FIX4.4; 35=D; 34=74; 49=MTHREE; 56=MS; 52=2022-05-31-12:57:33; 55=GILD; 40=2; 38=17057; 21=2; 11=algo20220531125733; 60=2022-05-31-12:57:33; 54=1; 44=82.91; 10=0252;
8=FIX4.4; 35=8; 34=98; 49=MS; 56=MTHREE; 52=2022-05-31-12:57:33; 55=GILD; 40=2; 11=algo20220531125733; 31=82.91; 150=0; 39=0; 54=1; 44=82.91; 32=0; 17=exec20220531125733; 38=17057; 60=2022-05-31-12:57:33; 6=0; 14=0; 37=algo20220531125733; 10=200;
8=FIX4.4; 35=F; 34=74; 49=MTHREE; 56=MS; 52=2022-05-31-12:57:33; 41=algo20220531125733; 55=GILD; 38=17057; 11=C_algo20220531125733; 60=2022-05-31-12:57:33; 10=060;
8=FIX4.4; 35=8; 34=98; 49=MS; 56=MTHREE; 52=2022-05-31-12:57:33; 55=GILD; 11=C_algo20220531125733; 31=0; 150=6; 39=6; 54=1; 44=82.91; 17=exec20220531125733; 32=0; 41=algo20220531125733; 38=17057; 60=2022-05-31-12:57:33; 6=0.0; 14=0; 37=algo20220531125733; 10=252;
8=FIX4.4; 35=8; 34=99; 49=MS; 56=MTHREE; 52=2022-05-31-12:57:33; 151=12793; 55=GILD; 11=C_algo20220531125733; 31=0; 150=4; 39=4; 54=1; 17=exec20220531125733; 32=0; 41=algo20220531125733; 38=17057; 60=2022-05-31-12:57:33; 6=0.0; 14=0; 37=algo20220531125733; 10=252;
8=FIX4.4; 35=D; 34=76; 49=MTHREE; 56=MS; 52=2022-05-31-12:57:35; 55=SBUX; 40=2; 38=15528; 21=2; 11=algo20220531125735; 60=2022-05-31-12:57:35; 54=2; 44=75.71; 10=0252;
8=FIX4.4; 35=8; 34=101; 49=MS; 56=MTHREE; 52=2022-05-31-12:57:35; 55=SBUX; 40=2; 11=algo20220531125735; 31=75.71; 150=0; 39=0; 54=2; 44=75.71; 32=0; 17=exec20220531125735; 38=15528; 60=2022-05-31-12:57:35; 6=0; 14=0; 37=algo20220531125735; 10=200;
8=FIX4.4; 35=F; 34=76; 49=MTHREE; 56=MS; 52=2022-05-31-12:57:35; 41=algo20220531125735; 55=SBUX; 38=15528; 11=C_algo20220531125735; 60=2022-05-31-12:57:35; 10=060;
8=FIX4.4; 35=8; 34=101; 49=MS; 56=MTHREE; 52=2022-05-31-12:57:35; 55=SBUX; 11=C_algo20220531125735; 31=0; 150=6; 39=6; 54=2; 44=75.71; 17=exec20220531125735; 32=0; 41=algo20220531125735; 38=15528; 60=2022-05-31-12:57:35; 6=0.0; 14=0; 37=algo20220531125735; 10=252;
8=FIX4.4; 35=8; 34=102; 49=MS; 56=MTHREE; 52=2022-05-31-12:57:35; 151=10352; 55=SBUX; 11=C_algo20220531125735; 31=0; 150=4; 39=4; 54=2; 17=exec20220531125735; 32=0; 41=algo20220531125735; 38=15528; 60=2022-05-31-12:57:35; 6=0.0; 14=0; 37=algo20220531125735; 10=252;
8=FIX4.4; 35=D; 34=78; 49=MTHREE; 56=MS; 52=2022-05-31-12:57:37; 55=QCOM; 40=2; 38=27779; 21=2; 11=algo20220531125737; 60=2022-05-31-12:57:37; 54=2; 44=75.47; 10=0252;
8=FIX4.4; 35=8; 34=104; 49=MS; 56=MTHREE; 52=2022-05-31-12:57:37; 55=QCOM; 40=2; 11=algo20220531125737; 31=75.47; 150=0; 39=0; 54=2; 44=75.47; 32=0; 17=exec20220531125737; 38=27779; 60=2022-05-31-12:57:37; 6=0; 14=0; 37=algo20220531125737; 10=200;
8=FIX4.4; 35=8; 34=105; 49=MS; 56=MTHREE; 52=2022-05-31-12:57:37; 55=QCOM; 40=2; 11=algo20220531125737; 31=75.47; 150=1; 39=1; 54=2; 44=75.47; 32=5555; 17=exec20220531125737; 38=27779; 60=2022-05-31-12:57:37; 6=75.47; 14=5555; 37=algo20220531125737; 10=240;
8=FIX4.4; 35=F; 34=78; 49=MTHREE; 56=MS; 52=2022-05-31-12:57:38; 41=algo20220531125737; 55=QCOM; 38=27779; 11=C_algo20220531125737; 60=2022-05-31-12:57:38; 10=060;
8=FIX4.4; 35=8; 34=105; 49=MS; 56=MTHREE; 52=2022-05-31-12:57:38; 55=QCOM; 11=C_algo20220531125737; 31=0; 150=6; 39=6; 54=2; 44=75.47; 17=exec20220531125738; 32=0; 41=algo20220531125737; 38=27779; 60=2022-05-31-12:57:38; 6=0.0; 14=5555; 37=algo20220531125737; 10=252;
8=FIX4.4; 35=8; 34=106; 49=MS; 56=MTHREE; 52=2022-05-31-12:57:38; 151=16669; 55=QCOM; 11=C_algo20220531125737; 31=0; 150=4; 39=4; 54=2; 17=exec20220531125738; 32=0; 41=algo20220531125737; 38=27779; 60=2022-05-31-12:57:38; 6=0.0; 14=5555; 37=algo20220531125737; 10=252;
8=FIX4.4; 35=D; 34=80; 49=MTHREE; 56=MS; 52=2022-05-31-12:57:40; 55=TMUS; 40=2; 38=32540; 21=2; 11=algo20220531125740; 60=2022-05-31-12:57:40; 54=1; 44=90.74; 10=0252;
8=FIX4.4; 35=8; 34=108; 49=MS; 56=MTHREE; 52=2022-05-31-12:57:40; 55=TMUS; 40=2; 11=algo20220531125740; 31=90.74; 150=0; 39=0; 54=1; 44=90.74; 32=0; 17=exec20220531125740; 38=32540; 60=2022-05-31-12:57:40; 6=0; 14=0; 37=algo20220531125740; 10=200;
8=FIX4.4; 35=8; 34=109; 49=MS; 56=MTHREE; 52=2022-05-31-12:57:40; 55=TMUS; 40=2; 11=algo20220531125740; 31=90.74; 150=1; 39=1; 54=1; 44=90.74; 32=16270; 17=exec20220531125740; 38=32540; 60=2022-05-31-12:57:40; 6=90.74; 14=16270; 37=algo20220531125740; 10=240;
8=FIX4.4; 35=8; 34=110; 49=MS; 56=MTHREE; 52=2022-05-31-12:57:42; 55=TMUS; 40=2; 11=algo20220531125740; 31=90.74; 150=2; 39=2; 54=1; 44=90.74; 32=16270; 17=exec20220531125742; 38=32540; 60=2022-05-31-12:57:42; 6=90.74; 14=32540; 37=algo20220531125740; 10=246;
8=FIX4.4; 35=D; 34=81; 49=MTHREE; 56=MS; 52=2022-05-31-12:57:42; 55=MDLZ; 40=2; 38=2696; 21=2; 11=algo20220531125742; 60=2022-05-31-12:57:42; 54=1; 44=52.26; 10=0252;
8=FIX4.4; 35=8; 34=111; 49=MS; 56=MTHREE; 52=2022-05-31-12:57:42; 55=MDLZ; 40=2; 11=algo20220531125742; 31=52.26; 150=0; 39=0; 54=1; 44=52.26; 32=0; 17=exec20220531125742; 38=2696; 60=2022-05-31-12:57:42; 6=0; 14=0; 37=algo20220531125742; 10=200;
8=FIX4.4; 35=8; 34=112; 49=MS; 56=MTHREE; 52=2022-05-31-12:57:42; 55=MDLZ; 40=2; 11=algo20220531125742; 31=52.26; 150=1; 39=1; 54=1; 44=52.26; 32=1348; 17=exec20220531125742; 38=2696; 60=2022-05-31-12:57:42; 6=52.26; 14=1348; 37=algo20220531125742; 10=240;
8=FIX4.4; 35=8; 34=113; 49=MS; 56=MTHREE; 52=2022-05-31-12:57:44; 55=MDLZ; 40=2; 11=algo20220531125742; 31=52.26; 150=2; 39=2; 54=1; 44=52.26; 32=1348; 17=exec20220531125744; 38=2696; 60=2022-05-31-12:57:44; 6=52.26; 14=2696; 37=algo20220531125742; 10=246;
8=FIX4.4; 35=D; 34=82; 49=MTHREE; 56=MS; 52=2022-05-31-12:57:44; 55=BAC; 40=2; 38=6128; 21=2; 11=algo20220531125744; 60=2022-05-31-12:57:44; 54=2; 44=22.03; 10=0252;
8=FIX4.4; 35=8; 34=114; 49=MS; 56=MTHREE; 52=2022-05-31-12:57:44; 55=BAC; 40=2; 11=algo20220531125744; 31=22.03; 150=0; 39=0; 54=2; 44=22.03; 32=0; 17=exec20220531125744; 38=6128; 60=2022-05-31-12:57:44; 6=0; 14=0; 37=algo20220531125744; 10=200;
8=FIX4.4; 35=F; 34=82; 49=MTHREE; 56=MS; 52=2022-05-31-12:57:44; 41=algo20220531125744; 55=BAC; 38=6128; 11=C_algo20220531125744; 60=2022-05-31-12:57:44; 10=060;
8=FIX4.4; 35=8; 34=114; 49=MS; 56=MTHREE; 52=2022-05-31-12:57:44; 55=BAC; 11=C_algo20220531125744; 31=0; 150=6; 39=6; 54=2; 44=22.03; 17=exec20220531125744; 32=0; 41=algo20220531125744; 38=6128; 60=2022-05-31-12:57:44; 6=0.0; 14=0; 37=algo20220531125744; 10=252;
8=FIX4.4; 35=8; 34=115; 49=MS; 56=MTHREE; 52=2022-05-31-12:57:44; 151=3064; 55=BAC; 11=C_algo20220531125744; 31=0; 150=4; 39=4; 54=2; 17=exec20220531125744; 32=0; 41=algo20220531125744; 38=6128; 60=2022-05-31-12:57:44; 6=0.0; 14=0; 37=algo20220531125744; 10=252;
8=FIX4.4; 35=D; 34=84; 49=MTHREE; 56=MS; 52=2022-05-31-12:57:46; 55=DDD; 40=2; 38=9168; 21=2; 11=algo20220531125746; 60=2022-05-31-12:57:46; 54=2; 44=8.01; 10=0252;
8=FIX4.4; 35=8; 34=117; 49=MS; 56=MTHREE; 52=2022-05-31-12:57:46; 55=DDD; 40=2; 11=algo20220531125746; 31=8.01; 150=0; 39=0; 54=2; 44=8.01; 32=0; 17=exec20220531125746; 38=9168; 60=2022-05-31-12:57:46; 6=0; 14=0; 37=algo20220531125746; 10=200;
8=FIX4.4; 35=8; 34=118; 49=MS; 56=MTHREE; 52=2022-05-31-12:57:47; 55=DDD; 40=2; 11=algo20220531125746; 31=8.01; 150=2; 39=2; 54=2; 44=8.01; 32=9168; 17=exec20220531125747; 38=9168; 60=2022-05-31-12:57:47; 6=8.01; 14=9168; 37=algo20220531125746; 10=246;
8=FIX4.4; 35=D; 34=85; 49=MTHREE; 56=MS; 52=2022-05-31-12:57:47; 55=MMM; 40=2; 38=17641; 21=2; 11=algo20220531125747; 60=2022-05-31-12:57:47; 54=2; 44=146.98; 10=0252;
8=FIX4.4; 35=8; 34=119; 49=MS; 56=MTHREE; 52=2022-05-31-12:57:47; 55=MMM; 40=2; 11=algo20220531125747; 31=146.98; 150=0; 39=0; 54=2; 44=146.98; 32=0; 17=exec20220531125747; 38=17641; 60=2022-05-31-12:57:47; 6=0; 14=0; 37=algo20220531125747; 10=200;
8=FIX4.4; 35=8; 34=120; 49=MS; 56=MTHREE; 52=2022-05-31-12:57:47; 55=MMM; 40=2; 11=algo20220531125747; 31=146.98; 150=1; 39=1; 54=2; 44=146.98; 32=5880; 17=exec20220531125747; 38=17641; 60=2022-05-31-12:57:47; 6=146.98; 14=5880; 37=algo20220531125747; 10=240;
8=FIX4.4; 35=F; 34=85; 49=MTHREE; 56=MS; 52=2022-05-31-12:57:48; 41=algo20220531125747; 55=MMM; 38=17641; 11=C_algo20220531125747; 60=2022-05-31-12:57:48; 10=060;
8=FIX4.4; 35=8; 34=120; 49=MS; 56=MTHREE; 52=2022-05-31-12:57:48; 55=MMM; 11=C_algo20220531125747; 31=0; 150=6; 39=6; 54=2; 44=146.98; 17=exec20220531125748; 32=0; 41=algo20220531125747; 38=17641; 60=2022-05-31-12:57:48; 6=0.0; 14=5880; 37=algo20220531125747; 10=252;
8=FIX4.4; 35=8; 34=121; 49=MS; 56=MTHREE; 52=2022-05-31-12:57:48; 151=5881; 55=MMM; 11=C_algo20220531125747; 31=0; 150=4; 39=4; 54=2; 17=exec20220531125748; 32=0; 41=algo20220531125747; 38=17641; 60=2022-05-31-12:57:48; 6=0.0; 14=5880; 37=algo20220531125747; 10=252;
8=FIX4.4; 35=D; 34=87; 49=MTHREE; 56=MS; 52=2022-05-31-12:57:50; 55=WBAI; 40=2; 38=31710; 21=2; 11=algo20220531125750; 60=2022-05-31-12:57:50; 54=2; 44=4.10; 10=0252;
8=FIX4.4; 35=8; 34=123; 49=MS; 56=MTHREE; 52=2022-05-31-12:57:50; 55=WBAI; 40=2; 11=algo20220531125750; 31=4.10; 150=0; 39=0; 54=2; 44=4.10; 32=0; 17=exec20220531125750; 38=31710; 60=2022-05-31-12:57:50; 6=0; 14=0; 37=algo20220531125750; 10=200;
8=FIX4.4; 35=F; 34=87; 49=MTHREE; 56=MS; 52=2022-05-31-12:57:50; 41=algo20220531125750; 55=WBAI; 38=31710; 11=C_algo20220531125750; 60=2022-05-31-12:57:50; 10=060;
8=FIX4.4; 35=8; 34=123; 49=MS; 56=MTHREE; 52=2022-05-31-12:57:50; 55=WBAI; 11=C_algo20220531125750; 31=0; 150=6; 39=6; 54=2; 44=4.10; 17=exec20220531125750; 32=0; 41=algo20220531125750; 38=31710; 60=2022-05-31-12:57:50; 6=0.0; 14=0; 37=algo20220531125750; 10=252;
8=FIX4.4; 35=8; 34=124; 49=MS; 56=MTHREE; 52=2022-05-31-12:57:50; 151=21140; 55=WBAI; 11=C_algo20220531125750; 31=0; 150=4; 39=4; 54=2; 17=exec20220531125750; 32=0; 41=algo20220531125750; 38=31710; 60=2022-05-31-12:57:50; 6=0.0; 14=0; 37=algo20220531125750; 10=252;
8=FIX4.4; 35=D; 34=89; 49=MTHREE; 56=MS; 52=2022-05-31-12:57:52; 55=WUBA; 40=2; 38=16984; 21=2; 11=algo20220531125752; 60=2022-05-31-12:57:52; 54=2; 44=51.41; 10=0252;
8=FIX4.4; 35=8; 34=126; 49=MS; 56=MTHREE; 52=2022-05-31-12:57:52; 55=WUBA; 40=2; 11=algo20220531125752; 31=51.41; 150=0; 39=0; 54=2; 44=51.41; 32=0; 17=exec20220531125752; 38=16984; 60=2022-05-31-12:57:52; 6=0; 14=0; 37=algo20220531125752; 10=200;
8=FIX4.4; 35=8; 34=127; 49=MS; 56=MTHREE; 52=2022-05-31-12:57:53; 55=WUBA; 40=2; 11=algo20220531125752; 31=51.41; 150=2; 39=2; 54=2; 44=51.41; 32=16984; 17=exec20220531125753; 38=16984; 60=2022-05-31-12:57:53; 6=51.41; 14=16984; 37=algo20220531125752; 10=246;
8=FIX4.4; 35=D; 34=90; 49=MTHREE; 56=MS; 52=2022-05-31-12:57:53; 55=EGHT; 40=2; 38=3054; 21=2; 11=algo20220531125754; 60=2022-05-31-12:57:53; 54=1; 44=17.03; 10=0252;
8=FIX4.4; 35=8; 34=128; 49=MS; 56=MTHREE; 52=2022-05-31-12:57:53; 55=EGHT; 40=2; 11=algo20220531125754; 31=17.03; 150=0; 39=0; 54=1; 44=17.03; 32=0; 17=exec20220531125754; 38=3054; 60=2022-05-31-12:57:53; 6=0; 14=0; 37=algo20220531125754; 10=200;
8=FIX4.4; 35=F; 34=90; 49=MTHREE; 56=MS; 52=2022-05-31-12:57:54; 41=algo20220531125754; 55=EGHT; 38=3054; 11=C_algo20220531125754; 60=2022-05-31-12:57:54; 10=060;
8=FIX4.4; 35=8; 34=128; 49=MS; 56=MTHREE; 52=2022-05-31-12:57:54; 55=EGHT; 11=C_algo20220531125754; 31=0; 150=6; 39=6; 54=1; 44=17.03; 17=exec20220531125754; 32=0; 41=algo20220531125754; 38=3054; 60=2022-05-31-12:57:54; 6=0.0; 14=0; 37=algo20220531125754; 10=252;
8=FIX4.4; 35=8; 34=129; 49=MS; 56=MTHREE; 52=2022-05-31-12:57:54; 151=2036; 55=EGHT; 11=C_algo20220531125754; 31=0; 150=4; 39=4; 54=1; 17=exec20220531125754; 32=0; 41=algo20220531125754; 38=3054; 60=2022-05-31-12:57:54; 6=0.0; 14=0; 37=algo20220531125754; 10=252;
8=FIX4.4; 35=D; 34=92; 49=MTHREE; 56=MS; 52=2022-05-31-12:57:56; 55=AHC; 40=2; 38=19630; 21=2; 11=algo20220531125756; 60=2022-05-31-12:57:56; 54=2; 44=1.40; 10=0252;
8=FIX4.4; 35=8; 34=131; 49=MS; 56=MTHREE; 52=2022-05-31-12:57:56; 55=AHC; 40=2; 11=algo20220531125756; 31=1.40; 150=0; 39=0; 54=2; 44=1.40; 32=0; 17=exec20220531125756; 38=19630; 60=2022-05-31-12:57:56; 6=0; 14=0; 37=algo20220531125756; 10=200;
8=FIX4.4; 35=8; 34=132; 49=MS; 56=MTHREE; 52=2022-05-31-12:57:56; 55=AHC; 40=2; 11=algo20220531125756; 31=1.40; 150=1; 39=1; 54=2; 44=1.40; 32=4907; 17=exec20220531125756; 38=19630; 60=2022-05-31-12:57:56; 6=1.40; 14=4907; 37=algo20220531125756; 10=240;
8=FIX4.4; 35=F; 34=92; 49=MTHREE; 56=MS; 52=2022-05-31-12:57:57; 41=algo20220531125756; 55=AHC; 38=19630; 11=C_algo20220531125756; 60=2022-05-31-12:57:57; 10=060;
8=FIX4.4; 35=8; 34=132; 49=MS; 56=MTHREE; 52=2022-05-31-12:57:57; 55=AHC; 11=C_algo20220531125756; 31=0; 150=6; 39=6; 54=2; 44=1.40; 17=exec20220531125757; 32=0; 41=algo20220531125756; 38=19630; 60=2022-05-31-12:57:57; 6=0.0; 14=4907; 37=algo20220531125756; 10=252;
8=FIX4.4; 35=8; 34=133; 49=MS; 56=MTHREE; 52=2022-05-31-12:57:57; 151=9816; 55=AHC; 11=C_algo20220531125756; 31=0; 150=4; 39=4; 54=2; 17=exec20220531125757; 32=0; 41=algo20220531125756; 38=19630; 60=2022-05-31-12:57:57; 6=0.0; 14=4907; 37=algo20220531125756; 10=252;
8=FIX4.4; 35=D; 34=94; 49=MTHREE; 56=MS; 52=2022-05-31-12:57:59; 55=AOS; 40=2; 38=9443; 21=2; 11=algo20220531125759; 60=2022-05-31-12:57:59; 54=2; 44=40.38; 10=0252;
8=FIX4.4; 35=8; 34=135; 49=MS; 56=MTHREE; 52=2022-05-31-12:57:59; 55=AOS; 40=2; 11=algo20220531125759; 31=40.38; 150=0; 39=0; 54=2; 44=40.38; 32=0; 17=exec20220531125759; 38=9443; 60=2022-05-31-12:57:59; 6=0; 14=0; 37=algo20220531125759; 10=200;
8=FIX4.4; 35=F; 34=94; 49=MTHREE; 56=MS; 52=2022-05-31-12:57:59; 41=algo20220531125759; 55=AOS; 38=9443; 11=C_algo20220531125759; 60=2022-05-31-12:57:59; 10=060;
8=FIX4.4; 35=8; 34=135; 49=MS; 56=MTHREE; 52=2022-05-31-12:57:59; 55=AOS; 11=C_algo20220531125759; 31=0; 150=6; 39=6; 54=2; 44=40.38; 17=exec20220531125759; 32=0; 41=algo20220531125759; 38=9443; 60=2022-05-31-12:57:59; 6=0.0; 14=0; 37=algo20220531125759; 10=252;
8=FIX4.4; 35=8; 34=136; 49=MS; 56=MTHREE; 52=2022-05-31-12:57:59; 151=4722; 55=AOS; 11=C_algo20220531125759; 31=0; 150=4; 39=4; 54=2; 17=exec20220531125759; 32=0; 41=algo20220531125759; 38=9443; 60=2022-05-31-12:57:59; 6=0.0; 14=0; 37=algo20220531125759; 10=252;
8=FIX4.4; 35=D; 34=96; 49=MTHREE; 56=MS; 52=2022-05-31-12:58:01; 55=ATEN; 40=2; 38=8880; 21=2; 11=algo20220531125801; 60=2022-05-31-12:58:01; 54=1; 44=6.45; 10=0252;
8=FIX4.4; 35=8; 34=138; 49=MS; 56=MTHREE; 52=2022-05-31-12:58:01; 55=ATEN; 40=2; 11=algo20220531125801; 31=6.45; 150=0; 39=0; 54=1; 44=6.45; 32=0; 17=exec20220531125801; 38=8880; 60=2022-05-31-12:58:01; 6=0; 14=0; 37=algo20220531125801; 10=200;
8=FIX4.4; 35=F; 34=96; 49=MTHREE; 56=MS; 52=2022-05-31-12:58:01; 41=algo20220531125801; 55=ATEN; 38=8880; 11=C_algo20220531125801; 60=2022-05-31-12:58:01; 10=060;
8=FIX4.4; 35=8; 34=138; 49=MS; 56=MTHREE; 52=2022-05-31-12:58:01; 55=ATEN; 11=C_algo20220531125801; 31=0; 150=6; 39=6; 54=1; 44=6.45; 17=exec20220531125801; 32=0; 41=algo20220531125801; 38=8880; 60=2022-05-31-12:58:01; 6=0.0; 14=0; 37=algo20220531125801; 10=252;
8=FIX4.4; 35=8; 34=139; 49=MS; 56=MTHREE; 52=2022-05-31-12:58:01; 151=6660; 55=ATEN; 11=C_algo20220531125801; 31=0; 150=4; 39=4; 54=1; 17=exec20220531125801; 32=0; 41=algo20220531125801; 38=8880; 60=2022-05-31-12:58:01; 6=0.0; 14=0; 37=algo20220531125801; 10=252;
8=FIX4.4; 35=D; 34=98; 49=MTHREE; 56=MS; 52=2022-05-31-12:58:03; 55=AIR; 40=2; 38=32725; 21=2; 11=algo20220531125803; 60=2022-05-31-12:58:03; 54=2; 44=16.31; 10=0252;
8=FIX4.4; 35=8; 34=141; 49=MS; 56=MTHREE; 52=2022-05-31-12:58:03; 55=AIR; 40=2; 11=algo20220531125803; 31=16.31; 150=0; 39=0; 54=2; 44=16.31; 32=0; 17=exec20220531125803; 38=32725; 60=2022-05-31-12:58:03; 6=0; 14=0; 37=algo20220531125803; 10=200;
8=FIX4.4; 35=8; 34=142; 49=MS; 56=MTHREE; 52=2022-05-31-12:58:03; 55=AIR; 40=2; 11=algo20220531125803; 31=16.31; 150=1; 39=1; 54=2; 44=16.31; 32=16362; 17=exec20220531125803; 38=32725; 60=2022-05-31-12:58:03; 6=16.31; 14=16362; 37=algo20220531125803; 10=240;
8=FIX4.4; 35=8; 34=143; 49=MS; 56=MTHREE; 52=2022-05-31-12:58:05; 55=AIR; 40=2; 11=algo20220531125803; 31=16.31; 150=2; 39=2; 54=2; 44=16.31; 32=16363; 17=exec20220531125805; 38=32725; 60=2022-05-31-12:58:05; 6=16.31; 14=32725; 37=algo20220531125803; 10=246;
8=FIX4.4; 35=D; 34=99; 49=MTHREE; 56=MS; 52=2022-05-31-12:58:05; 55=AAN; 40=2; 38=31193; 21=2; 11=algo20220531125805; 60=2022-05-31-12:58:05; 54=2; 44=25.68; 10=0252;
8=FIX4.4; 35=8; 34=144; 49=MS; 56=MTHREE; 52=2022-05-31-12:58:05; 55=AAN; 40=2; 11=algo20220531125805; 31=25.68; 150=0; 39=0; 54=2; 44=25.68; 32=0; 17=exec20220531125805; 38=31193; 60=2022-05-31-12:58:05; 6=0; 14=0; 37=algo20220531125805; 10=200;
8=FIX4.4; 35=F; 34=99; 49=MTHREE; 56=MS; 52=2022-05-31-12:58:05; 41=algo20220531125805; 55=AAN; 38=31193; 11=C_algo20220531125805; 60=2022-05-31-12:58:05; 10=060;
8=FIX4.4; 35=8; 34=144; 49=MS; 56=MTHREE; 52=2022-05-31-12:58:05; 55=AAN; 11=C_algo20220531125805; 31=0; 150=6; 39=6; 54=2; 44=25.68; 17=exec20220531125805; 32=0; 41=algo20220531125805; 38=31193; 60=2022-05-31-12:58:05; 6=0.0; 14=0; 37=algo20220531125805; 10=252;
8=FIX4.4; 35=8; 34=145; 49=MS; 56=MTHREE; 52=2022-05-31-12:58:05; 151=24955; 55=AAN; 11=C_algo20220531125805; 31=0; 150=4; 39=4; 54=2; 17=exec20220531125805; 32=0; 41=algo20220531125805; 38=31193; 60=2022-05-31-12:58:05; 6=0.0; 14=0; 37=algo20220531125805; 10=252;
8=FIX4.4; 35=D; 34=101; 49=MTHREE; 56=MS; 52=2022-05-31-12:58:07; 55=ABB; 40=2; 38=25092; 21=2; 11=algo20220531125807; 60=2022-05-31-12:58:07; 54=2; 44=17.42; 10=0252;
8=FIX4.4; 35=8; 34=147; 49=MS; 56=MTHREE; 52=2022-05-31-12:58:07; 55=ABB; 40=2; 11=algo20220531125807; 31=17.42; 150=0; 39=0; 54=2; 44=17.42; 32=0; 17=exec20220531125807; 38=25092; 60=2022-05-31-12:58:07; 6=0; 14=0; 37=algo20220531125807; 10=200;
8=FIX4.4; 35=F; 34=101; 49=MTHREE; 56=MS; 52=2022-05-31-12:58:07; 41=algo20220531125807; 55=ABB; 38=25092; 11=C_algo20220531125807; 60=2022-05-31-12:58:07; 10=060;
8=FIX4.4; 35=8; 34=147; 49=MS; 56=MTHREE; 52=2022-05-31-12:58:07; 55=ABB; 11=C_algo20220531125807; 31=0; 150=6; 39=6; 54=2; 44=17.42; 17=exec20220531125807; 32=0; 41=algo20220531125807; 38=25092; 60=2022-05-31-12:58:07; 6=0.0; 14=0; 37=algo20220531125807; 10=252;
8=FIX4.4; 35=8; 34=148; 49=MS; 56=MTHREE; 52=2022-05-31-12:58:07; 151=20074; 55=ABB; 11=C_algo20220531125807; 31=0; 150=4; 39=4; 54=2; 17=exec20220531125807; 32=0; 41=algo20220531125807; 38=25092; 60=2022-05-31-12:58:07; 6=0.0; 14=0; 37=algo20220531125807; 10=252;
8=FIX4.4; 35=D; 34=103; 49=MTHREE; 56=MS; 52=2022-05-31-12:58:09; 55=ABT; 40=2; 38=4108; 21=2; 11=algo20220531125809; 60=2022-05-31-12:58:09; 54=1; 44=94.04; 10=0252;
8=FIX4.4; 35=8; 34=150; 49=MS; 56=MTHREE; 52=2022-05-31-12:58:09; 55=ABT; 40=2; 11=algo20220531125809; 31=94.04; 150=0; 39=0; 54=1; 44=94.04; 32=0; 17=exec20220531125809; 38=4108; 60=2022-05-31-12:58:09; 6=0; 14=0; 37=algo20220531125809; 10=200;
8=FIX4.4; 35=8; 34=151; 49=MS; 56=MTHREE; 52=2022-05-31-12:58:09; 55=ABT; 40=2; 11=algo20220531125809; 31=94.04; 150=1; 39=1; 54=1; 44=94.04; 32=1369; 17=exec20220531125809; 38=4108; 60=2022-05-31-12:58:09; 6=94.04; 14=1369; 37=algo20220531125809; 10=240;
8=FIX4.4; 35=8; 34=152; 49=MS; 56=MTHREE; 52=2022-05-31-12:58:10; 55=ABT; 40=2; 11=algo20220531125809; 31=94.04; 150=1; 39=1; 54=1; 44=94.04; 32=1369; 17=exec20220531125810; 38=4108; 60=2022-05-31-12:58:10; 6=94.04; 14=2738; 37=algo20220531125809; 10=240;
8=FIX4.4; 35=8; 34=153; 49=MS; 56=MTHREE; 52=2022-05-31-12:58:12; 55=ABT; 40=2; 11=algo20220531125809; 31=94.04; 150=2; 39=2; 54=1; 44=94.04; 32=1370; 17=exec20220531125812; 38=4108; 60=2022-05-31-12:58:12; 6=94.04; 14=4108; 37=algo20220531125809; 10=246;
8=FIX4.4; 35=D; 34=104; 49=MTHREE; 56=MS; 52=2022-05-31-12:58:12; 55=ABBV; 40=2; 38=30488; 21=2; 11=algo20220531125812; 60=2022-05-31-12:58:12; 54=2; 44=83.60; 10=0252;
8=FIX4.4; 35=8; 34=154; 49=MS; 56=MTHREE; 52=2022-05-31-12:58:12; 55=ABBV; 40=2; 11=algo20220531125812; 31=83.60; 150=0; 39=0; 54=2; 44=83.60; 32=0; 17=exec20220531125812; 38=30488; 60=2022-05-31-12:58:12; 6=0; 14=0; 37=algo20220531125812; 10=200;
8=FIX4.4; 35=8; 34=155; 49=MS; 56=MTHREE; 52=2022-05-31-12:58:12; 55=ABBV; 40=2; 11=algo20220531125812; 31=83.60; 150=1; 39=1; 54=2; 44=83.60; 32=6097; 17=exec20220531125812; 38=30488; 60=2022-05-31-12:58:12; 6=83.60; 14=6097; 37=algo20220531125812; 10=240;
8=FIX4.4; 35=8; 34=156; 49=MS; 56=MTHREE; 52=2022-05-31-12:58:13; 55=ABBV; 40=2; 11=algo20220531125812; 31=83.60; 150=1; 39=1; 54=2; 44=83.60; 32=6097; 17=exec20220531125813; 38=30488; 60=2022-05-31-12:58:13; 6=83.60; 14=12194; 37=algo20220531125812; 10=240;
8=FIX4.4; 35=F; 34=104; 49=MTHREE; 56=MS; 52=2022-05-31-12:58:14; 41=algo20220531125812; 55=ABBV; 38=30488; 11=C_algo20220531125812; 60=2022-05-31-12:58:14; 10=060;
8=FIX4.4; 35=8; 34=156; 49=MS; 56=MTHREE; 52=2022-05-31-12:58:14; 55=ABBV; 11=C_algo20220531125812; 31=0; 150=6; 39=6; 54=2; 44=83.60; 17=exec20220531125814; 32=0; 41=algo20220531125812; 38=30488; 60=2022-05-31-12:58:14; 6=0.0; 14=12194; 37=algo20220531125812; 10=252;
8=FIX4.4; 35=8; 34=157; 49=MS; 56=MTHREE; 52=2022-05-31-12:58:14; 151=12197; 55=ABBV; 11=C_algo20220531125812; 31=0; 150=4; 39=4; 54=2; 17=exec20220531125814; 32=0; 41=algo20220531125812; 38=30488; 60=2022-05-31-12:58:14; 6=0.0; 14=12194; 37=algo20220531125812; 10=252;
8=FIX4.4; 35=D; 34=106; 49=MTHREE; 56=MS; 52=2022-05-31-12:58:16; 55=ANF; 40=2; 38=29482; 21=2; 11=algo20220531125816; 60=2022-05-31-12:58:16; 54=1; 44=9.10; 10=0252;
8=FIX4.4; 35=8; 34=159; 49=MS; 56=MTHREE; 52=2022-05-31-12:58:16; 55=ANF; 40=2; 11=algo20220531125816; 31=9.10; 150=0; 39=0; 54=1; 44=9.10; 32=0; 17=exec20220531125816; 38=29482; 60=2022-05-31-12:58:16; 6=0; 14=0; 37=algo20220531125816; 10=200;
8=FIX4.4; 35=8; 34=160; 49=MS; 56=MTHREE; 52=2022-05-31-12:58:16; 55=ANF; 40=2; 11=algo20220531125816; 31=9.10; 150=1; 39=1; 54=1; 44=9.10; 32=14741; 17=exec20220531125816; 38=29482; 60=2022-05-31-12:58:16; 6=9.10; 14=14741; 37=algo20220531125816; 10=240;
8=FIX4.4; 35=8; 34=161; 49=MS; 56=MTHREE; 52=2022-05-31-12:58:18; 55=ANF; 40=2; 11=algo20220531125816; 31=9.10; 150=2; 39=2; 54=1; 44=9.10; 32=14741; 17=exec20220531125818; 38=29482; 60=2022-05-31-12:58:18; 6=9.10; 14=29482; 37=algo20220531125816; 10=246;
8=FIX4.4; 35=D; 34=107; 49=MTHREE; 56=MS; 52=2022-05-31-12:58:18; 55=ABM; 40=2; 38=18749; 21=2; 11=algo20220531125818; 60=2022-05-31-12:58:18; 54=1; 44=31.64; 10=0252;
8=FIX4.4; 35=8; 34=162; 49=MS; 56=MTHREE; 52=2022-05-31-12:58:18; 55=ABM; 40=2; 11=algo20220531125818; 31=31.64; 150=0; 39=0; 54=1; 44=31.64; 32=0; 17=exec20220531125818; 38=18749; 60=2022-05-31-12:58:18; 6=0; 14=0; 37=algo20220531125818; 10=200;
8=FIX4.4; 35=8; 34=163; 49=MS; 56=MTHREE; 52=2022-05-31-12:58:19; 55=ABM; 40=2; 11=algo20220531125818; 31=31.64; 150=2; 39=2; 54=1; 44=31.64; 32=18749; 17=exec20220531125819; 38=18749; 60=2022-05-31-12:58:19; 6=31.64; 14=18749; 37=algo20220531125818; 10=246;
8=FIX4.4; 35=D; 34=108; 49=MTHREE; 56=MS; 52=2022-05-31-12:58:19; 55=AAPL; 40=2; 38=18200; 21=2; 11=algo20220531125819; 60=2022-05-31-12:58:19; 54=2; 44=284.65; 10=0252;
8=FIX4.4; 35=8; 34=164; 49=MS; 56=MTHREE; 52=2022-05-31-12:58:19; 55=AAPL; 40=2; 11=algo20220531125819; 31=284.65; 150=0; 39=0; 54=2; 44=284.65; 32=0; 17=exec20220531125819; 38=18200; 60=2022-05-31-12:58:19; 6=0; 14=0; 37=algo20220531125819; 10=200;
8=FIX4.4; 35=F; 34=108; 49=MTHREE; 56=MS; 52=2022-05-31-12:58:19; 41=algo20220531125819; 55=AAPL; 38=18200; 11=C_algo20220531125819; 60=2022-05-31-12:58:19; 10=060;
8=FIX4.4; 35=8; 34=164; 49=MS; 56=MTHREE; 52=2022-05-31-12:58:19; 55=AAPL; 11=C_algo20220531125819; 31=0; 150=6; 39=6; 54=2; 44=284.65; 17=exec20220531125819; 32=0; 41=algo20220531125819; 38=18200; 60=2022-05-31-12:58:19; 6=0.0; 14=0; 37=algo20220531125819; 10=252;
8=FIX4.4; 35=8; 34=165; 49=MS; 56=MTHREE; 52=2022-05-31-12:58:19; 151=14560; 55=AAPL; 11=C_algo20220531125819; 31=0; 150=4; 39=4; 54=2; 17=exec20220531125819; 32=0; 41=algo20220531125819; 38=18200; 60=2022-05-31-12:58:19; 6=0.0; 14=0; 37=algo20220531125819; 10=252;
8=FIX4.4; 35=D; 34=110; 49=MTHREE; 56=MS; 52=2022-05-31-12:58:21; 55=PEP; 40=2; 38=19884; 21=2; 11=algo20220531125821; 60=2022-05-31-12:58:21; 54=1; 44=45.43; 10=0252;
8=FIX4.4; 35=8; 34=167; 49=MS; 56=MTHREE; 52=2022-05-31-12:58:21; 55=PEP; 40=2; 11=algo20220531125821; 31=45.43; 150=0; 39=0; 54=1; 44=45.43; 32=0; 17=exec20220531125821; 38=19884; 60=2022-05-31-12:58:21; 6=0; 14=0; 37=algo20220531125821; 10=200;
8=FIX4.4; 35=8; 34=168; 49=MS; 56=MTHREE; 52=2022-05-31-12:58:21; 55=PEP; 40=2; 11=algo20220531125821; 31=45.43; 150=1; 39=1; 54=1; 44=45.43; 32=3976; 17=exec20220531125821; 38=19884; 60=2022-05-31-12:58:21; 6=45.43; 14=3976; 37=algo20220531125821; 10=240;
8=FIX4.4; 35=8; 34=169; 49=MS; 56=MTHREE; 52=2022-05-31-12:58:22; 55=PEP; 40=2; 11=algo20220531125821; 31=45.43; 150=1; 39=1; 54=1; 44=45.43; 32=3976; 17=exec20220531125822; 38=19884; 60=2022-05-31-12:58:22; 6=45.43; 14=7952; 37=algo20220531125821; 10=240;
8=FIX4.4; 35=8; 34=170; 49=MS; 56=MTHREE; 52=2022-05-31-12:58:23; 55=PEP; 40=2; 11=algo20220531125821; 31=45.43; 150=1; 39=1; 54=1; 44=45.43; 32=3976; 17=exec20220531125823; 38=19884; 60=2022-05-31-12:58:23; 6=45.43; 14=11928; 37=algo20220531125821; 10=240;
8=FIX4.4; 35=8; 34=171; 49=MS; 56=MTHREE; 52=2022-05-31-12:58:24; 55=PEP; 40=2; 11=algo20220531125821; 31=45.43; 150=1; 39=1; 54=1; 44=45.43; 32=3976; 17=exec20220531125824; 38=19884; 60=2022-05-31-12:58:24; 6=45.43; 14=15904; 37=algo20220531125821; 10=240;
8=FIX4.4; 35=8; 34=172; 49=MS; 56=MTHREE; 52=2022-05-31-12:58:26; 55=PEP; 40=2; 11=algo20220531125821; 31=45.43; 150=2; 39=2; 54=1; 44=45.43; 32=3980; 17=exec20220531125826; 38=19884; 60=2022-05-31-12:58:26; 6=45.43; 14=19884; 37=algo20220531125821; 10=246;
8=FIX4.4; 35=D; 34=111; 49=MTHREE; 56=MS; 52=2022-05-31-12:58:26; 55=; 40=2; 38=2515; 21=2; 11=algo20220531125826; 60=2022-05-31-12:58:26; 54=1; 44=; 10=0252;
8=FIX4.4; 35=8; 34=173; 49=MS; 56=MTHREE; 52=2022-05-31-12:58:26; 55=; 40=2; 11=algo20220531125826; 31=; 150=0; 39=0; 54=1; 44=; 32=0; 17=exec20220531125826; 38=2515; 60=2022-05-31-12:58:26; 6=0; 14=0; 37=algo20220531125826; 10=200;
8=FIX4.4; 35=8; 34=174; 49=MS; 56=MTHREE; 52=2022-05-31-12:58:27; 55=; 40=2; 11=algo20220531125826; 31=; 150=2; 39=2; 54=1; 44=; 32=2515; 17=exec20220531125827; 38=2515; 60=2022-05-31-12:58:27; 6=; 14=2515; 37=algo20220531125826; 10=246;
