8=FIX4.4; 35=A; 34=1; 49=MTHREE; 56=MS; 52=2022-05-31-13:34:34; 108=30; 10=0015;
8=FIX4.4; 35=A; 34=1; 49=MS; 56=MTHREE; 52=2022-05-31-13:34:34; 108=30; 10=0016;
8=FIX4.4; 35=0; 34=2; 49=MTHREE; 56=MS; 52=2022-05-31-13:34:34; 108=30; 10=0015;
8=FIX4.4; 35=0; 34=2; 49=MS; 56=MTHREE; 52=2022-05-31-13:34:34; 108=30; 10=0015;
8=FIX4.4; 35=0; 34=3; 49=MTHREE; 56=MS; 52=2022-05-31-13:34:36; 108=30; 10=0015;
8=FIX4.4; 35=0; 34=3; 49=MS; 56=MTHREE; 52=2022-05-31-13:34:36; 108=30; 10=0015;
8=FIX4.4; 35=0; 34=4; 49=MTHREE; 56=MS; 52=2022-05-31-13:34:38; 108=30; 10=0015;
8=FIX4.4; 35=0; 34=4; 49=MS; 56=MTHREE; 52=2022-05-31-13:34:38; 108=30; 10=0015;
8=FIX4.4; 35=0; 34=5; 49=MTHREE; 56=MS; 52=2022-05-31-13:34:40; 108=30; 10=0015;
8=FIX4.4; 35=0; 34=5; 49=MS; 56=MTHREE; 52=2022-05-31-13:34:40; 108=30; 10=0015;
8=FIX4.4; 35=0; 34=6; 49=MTHREE; 56=MS; 52=2022-05-31-13:34:42; 108=30; 10=0015;
8=FIX4.4; 35=0; 34=6; 49=MS; 56=MTHREE; 52=2022-05-31-13:34:42; 108=30; 10=0015;
8=FIX4.4; 35=0; 34=7; 49=MTHREE; 56=MS; 52=2022-05-31-13:34:44; 108=30; 10=0015;
8=FIX4.4; 35=0; 34=7; 49=MS; 56=MTHREE; 52=2022-05-31-13:34:44; 108=30; 10=0015;
8=FIX4.4; 35=0; 34=8; 49=MTHREE; 56=MS; 52=2022-05-31-13:34:46; 108=30; 10=0015;
8=FIX4.4; 35=0; 34=8; 49=MS; 56=MTHREE; 52=2022-05-31-13:34:46; 108=30; 10=0015;
8=FIX4.4; 35=0; 34=9; 49=MTHREE; 56=MS; 52=2022-05-31-13:34:48; 108=30; 10=0015;
8=FIX4.4; 35=0; 34=9; 49=MS; 56=MTHREE; 52=2022-05-31-13:34:48; 108=30; 10=0015;
8=FIX4.4; 35=0; 34=10; 49=MTHREE; 56=MS; 52=2022-05-31-13:34:50; 108=30; 10=0015;
8=FIX4.4; 35=0; 34=10; 49=MS; 56=MTHREE; 52=2022-05-31-13:34:50; 108=30; 10=0015;
8=FIX4.4; 35=0; 34=11; 49=MTHREE; 56=MS; 52=2022-05-31-13:34:52; 108=30; 10=0015;
8=FIX4.4; 35=0; 34=11; 49=MS; 56=MTHREE; 52=2022-05-31-13:34:52; 108=30; 10=0015;
8=FIX4.4; 35=0; 34=12; 49=MTHREE; 56=MS; 52=2022-05-31-13:34:55; 108=30; 10=0015;
8=FIX4.4; 35=0; 34=12; 49=MS; 56=MTHREE; 52=2022-05-31-13:34:55; 108=30; 10=0015;
8=FIX4.4; 35=0; 34=13; 49=MTHREE; 56=MS; 52=2022-05-31-13:34:57; 108=30; 10=0015;
8=FIX4.4; 35=0; 34=13; 49=MS; 56=MTHREE; 52=2022-05-31-13:34:57; 108=30; 10=0015;
8=FIX4.4; 35=0; 34=14; 49=MTHREE; 56=MS; 52=2022-05-31-13:34:59; 108=30; 10=0015;
8=FIX4.4; 35=0; 34=14; 49=MS; 56=MTHREE; 52=2022-05-31-13:34:59; 108=30; 10=0015;
8=FIX4.4; 35=0; 34=15; 49=MTHREE; 56=MS; 52=2022-05-31-13:35:01; 108=30; 10=0015;
8=FIX4.4; 35=0; 34=15; 49=MS; 56=MTHREE; 52=2022-05-31-13:35:01; 108=30; 10=0015;
8=FIX4.4; 35=0; 34=16; 49=MTHREE; 56=MS; 52=2022-05-31-13:35:03; 108=30; 10=0015;
8=FIX4.4; 35=0; 34=16; 49=MS; 56=MTHREE; 52=2022-05-31-13:35:03; 108=30; 10=0015;
8=FIX4.4; 35=0; 34=17; 49=MTHREE; 56=MS; 52=2022-05-31-13:35:05; 108=30; 10=0015;
8=FIX4.4; 35=0; 34=17; 49=MS; 56=MTHREE; 52=2022-05-31-13:35:05; 108=30; 10=0015;
8=FIX4.4; 35=0; 34=18; 49=MTHREE; 56=MS; 52=2022-05-31-13:35:07; 108=30; 10=0015;
8=FIX4.4; 35=0; 34=18; 49=MS; 56=MTHREE; 52=2022-05-31-13:35:07; 108=30; 10=0015;
8=FIX4.4; 35=0; 34=19; 49=MTHREE; 56=MS; 52=2022-05-31-13:35:09; 108=30; 10=0015;
8=FIX4.4; 35=0; 34=19; 49=MS; 56=MTHREE; 52=2022-05-31-13:35:09; 108=30; 10=0015;
8=FIX4.4; 35=0; 34=20; 49=MTHREE; 56=MS; 52=2022-05-31-13:35:11; 108=30; 10=0015;
8=FIX4.4; 35=0; 34=20; 49=MS; 56=MTHREE; 52=2022-05-31-13:35:11; 108=30; 10=0015;
8=FIX4.4; 35=0; 34=21; 49=MTHREE; 56=MS; 52=2022-05-31-13:35:13; 108=30; 10=0015;
8=FIX4.4; 35=0; 34=21; 49=MS; 56=MTHREE; 52=2022-05-31-13:35:13; 108=30; 10=0015;
8=FIX4.4; 35=0; 34=22; 49=MTHREE; 56=MS; 52=2022-05-31-13:35:15; 108=30; 10=0015;
8=FIX4.4; 35=0; 34=22; 49=MS; 56=MTHREE; 52=2022-05-31-13:35:15; 108=30; 10=0015;
8=FIX4.4; 35=0; 34=23; 49=MTHREE; 56=MS; 52=2022-05-31-13:35:17; 108=30; 10=0015;
8=FIX4.4; 35=0; 34=23; 49=MS; 56=MTHREE; 52=2022-05-31-13:35:17; 108=30; 10=0015;
8=FIX4.4; 35=0; 34=24; 49=MTHREE; 56=MS; 52=2022-05-31-13:35:19; 108=30; 10=0015;
8=FIX4.4; 35=0; 34=24; 49=MS; 56=MTHREE; 52=2022-05-31-13:35:19; 108=30; 10=0015;
8=FIX4.4; 35=0; 34=25; 49=MTHREE; 56=MS; 52=2022-05-31-13:35:21; 108=30; 10=0015;
8=FIX4.4; 35=0; 34=25; 49=MS; 56=MTHREE; 52=2022-05-31-13:35:21; 108=30; 10=0015;
8=FIX4.4; 35=0; 34=26; 49=MTHREE; 56=MS; 52=2022-05-31-13:35:23; 108=30; 10=0015;
8=FIX4.4; 35=0; 34=26; 49=MS; 56=MTHREE; 52=2022-05-31-13:35:23; 108=30; 10=0015;
8=FIX4.4; 35=0; 34=27; 49=MTHREE; 56=MS; 52=2022-05-31-13:35:25; 108=30; 10=0015;
8=FIX4.4; 35=0; 34=27; 49=MS; 56=MTHREE; 52=2022-05-31-13:35:25; 108=30; 10=0015;
8=FIX4.4; 35=0; 34=28; 49=MTHREE; 56=MS; 52=2022-05-31-13:35:27; 108=30; 10=0015;
8=FIX4.4; 35=0; 34=28; 49=MS; 56=MTHREE; 52=2022-05-31-13:35:27; 108=30; 10=0015;
8=FIX4.4; 35=0; 34=29; 49=MTHREE; 56=MS; 52=2022-05-31-13:35:29; 108=30; 10=0015;
8=FIX4.4; 35=0; 34=29; 49=MS; 56=MTHREE; 52=2022-05-31-13:35:29; 108=30; 10=0015;
8=FIX4.4; 35=0; 34=30; 49=MTHREE; 56=MS; 52=2022-05-31-13:35:31; 108=30; 10=0015;
8=FIX4.4; 35=0; 34=30; 49=MS; 56=MTHREE; 52=2022-05-31-13:35:31; 108=30; 10=0015;
8=FIX4.4; 35=0; 34=31; 49=MTHREE; 56=MS; 52=2022-05-31-13:35:33; 108=30; 10=0015;
8=FIX4.4; 35=0; 34=31; 49=MS; 56=MTHREE; 52=2022-05-31-13:35:33; 108=30; 10=0015;
8=FIX4.4; 35=0; 34=32; 49=MTHREE; 56=MS; 52=2022-05-31-13:35:35; 108=30; 10=0015;
8=FIX4.4; 35=0; 34=32; 49=MS; 56=MTHREE; 52=2022-05-31-13:35:35; 108=30; 10=0015;
8=FIX4.4; 35=0; 34=33; 49=MTHREE; 56=MS; 52=2022-05-31-13:35:37; 108=30; 10=0015;
8=FIX4.4; 35=0; 34=33; 49=MS; 56=MTHREE; 52=2022-05-31-13:35:37; 108=30; 10=0015;
8=FIX4.4; 35=0; 34=34; 49=MTHREE; 56=MS; 52=2022-05-31-13:35:39; 108=30; 10=0015;
8=FIX4.4; 35=0; 34=34; 49=MS; 56=MTHREE; 52=2022-05-31-13:35:39; 108=30; 10=0015;
8=FIX4.4; 35=0; 34=35; 49=MTHREE; 56=MS; 52=2022-05-31-13:35:41; 108=30; 10=0015;
8=FIX4.4; 35=0; 34=35; 49=MS; 56=MTHREE; 52=2022-05-31-13:35:41; 108=30; 10=0015;
8=FIX4.4; 35=0; 34=36; 49=MTHREE; 56=MS; 52=2022-05-31-13:35:43; 108=30; 10=0015;
8=FIX4.4; 35=0; 34=36; 49=MS; 56=MTHREE; 52=2022-05-31-13:35:43; 108=30; 10=0015;
8=FIX4.4; 35=0; 34=37; 49=MTHREE; 56=MS; 52=2022-05-31-13:35:45; 108=30; 10=0015;
8=FIX4.4; 35=0; 34=37; 49=MS; 56=MTHREE; 52=2022-05-31-13:35:45; 108=30; 10=0015;
8=FIX4.4; 35=0; 34=38; 49=MTHREE; 56=MS; 52=2022-05-31-13:35:47; 108=30; 10=0015;
8=FIX4.4; 35=0; 34=38; 49=MS; 56=MTHREE; 52=2022-05-31-13:35:47; 108=30; 10=0015;
8=FIX4.4; 35=0; 34=39; 49=MTHREE; 56=MS; 52=2022-05-31-13:35:49; 108=30; 10=0015;
8=FIX4.4; 35=0; 34=39; 49=MS; 56=MTHREE; 52=2022-05-31-13:35:49; 108=30; 10=0015;
8=FIX4.4; 35=0; 34=40; 49=MTHREE; 56=MS; 52=2022-05-31-13:35:51; 108=30; 10=0015;
8=FIX4.4; 35=0; 34=40; 49=MS; 56=MTHREE; 52=2022-05-31-13:35:51; 108=30; 10=0015;
8=FIX4.4; 35=0; 34=41; 49=MTHREE; 56=MS; 52=2022-05-31-13:35:53; 108=30; 10=0015;
8=FIX4.4; 35=0; 34=41; 49=MS; 56=MTHREE; 52=2022-05-31-13:35:53; 108=30; 10=0015;
8=FIX4.4; 35=0; 34=42; 49=MTHREE; 56=MS; 52=2022-05-31-13:35:55; 108=30; 10=0015;
8=FIX4.4; 35=0; 34=42; 49=MS; 56=MTHREE; 52=2022-05-31-13:35:55; 108=30; 10=0015;
8=FIX4.4; 35=0; 34=43; 49=MTHREE; 56=MS; 52=2022-05-31-13:35:57; 108=30; 10=0015;
8=FIX4.4; 35=0; 34=43; 49=MS; 56=MTHREE; 52=2022-05-31-13:35:57; 108=30; 10=0015;
8=FIX4.4; 35=0; 34=44; 49=MTHREE; 56=MS; 52=2022-05-31-13:35:59; 108=30; 10=0015;
8=FIX4.4; 35=0; 34=44; 49=MS; 56=MTHREE; 52=2022-05-31-13:35:59; 108=30; 10=0015;
8=FIX4.4; 35=0; 34=45; 49=MTHREE; 56=MS; 52=2022-05-31-13:36:01; 108=30; 10=0015;
8=FIX4.4; 35=0; 34=45; 49=MS; 56=MTHREE; 52=2022-05-31-13:36:01; 108=30; 10=0015;
8=FIX4.4; 35=0; 34=46; 49=MTHREE; 56=MS; 52=2022-05-31-13:36:03; 108=30; 10=0015;
8=FIX4.4; 35=0; 34=46; 49=MS; 56=MTHREE; 52=2022-05-31-13:36:03; 108=30; 10=0015;
8=FIX4.4; 35=0; 34=47; 49=MTHREE; 56=MS; 52=2022-05-31-13:36:05; 108=30; 10=0015;
8=FIX4.4; 35=0; 34=47; 49=MS; 56=MTHREE; 52=2022-05-31-13:36:05; 108=30; 10=0015;
8=FIX4.4; 35=0; 34=48; 49=MTHREE; 56=MS; 52=2022-05-31-13:36:07; 108=30; 10=0015;
8=FIX4.4; 35=0; 34=48; 49=MS; 56=MTHREE; 52=2022-05-31-13:36:07; 108=30; 10=0015;
8=FIX4.4; 35=0; 34=49; 49=MTHREE; 56=MS; 52=2022-05-31-13:36:09; 108=30; 10=0015;
8=FIX4.4; 35=0; 34=49; 49=MS; 56=MTHREE; 52=2022-05-31-13:36:09; 108=30; 10=0015;
8=FIX4.4; 35=0; 34=50; 49=MTHREE; 56=MS; 52=2022-05-31-13:36:11; 108=30; 10=0015;
8=FIX4.4; 35=0; 34=50; 49=MS; 56=MTHREE; 52=2022-05-31-13:36:11; 108=30; 10=0015;
8=FIX4.4; 35=0; 34=51; 49=MTHREE; 56=MS; 52=2022-05-31-13:36:13; 108=30; 10=0015;
8=FIX4.4; 35=0; 34=51; 49=MS; 56=MTHREE; 52=2022-05-31-13:36:13; 108=30; 10=0015;
8=FIX4.4; 35=D; 34=52; 49=MTHREE; 56=MS; 52=2022-05-31-13:36:15; 55=AAPL; 40=2; 38=6074; 21=2; 11=algo20220531133615; 60=2022-05-31-13:36:15; 54=2; 44=1276.37; 10=0252;
8=FIX4.4; 35=8; 34=52; 49=MS; 56=MTHREE; 52=2022-05-31-13:36:15; 55=AAPL; 40=2; 11=algo20220531133615; 31=1276.37; 150=0; 39=0; 54=2; 44=1276.37; 32=0; 17=exec20220531133615; 38=6074; 60=2022-05-31-13:36:15; 6=0; 14=0; 37=algo20220531133615; 10=200;
8=FIX4.4; 35=8; 34=53; 49=MS; 56=MTHREE; 52=2022-05-31-13:36:15; 55=AAPL; 40=2; 11=algo20220531133615; 31=1276.37; 150=1; 39=1; 54=2; 44=1276.37; 32=2024; 17=exec20220531133615; 38=6074; 60=2022-05-31-13:36:15; 6=1276.37; 14=2024; 37=algo20220531133615; 10=240;
8=FIX4.4; 35=F; 34=52; 49=MTHREE; 56=MS; 52=2022-05-31-13:36:16; 41=algo20220531133615; 55=AAPL; 38=6074; 11=C_algo20220531133615; 60=2022-05-31-13:36:16; 10=060;
8=FIX4.4; 35=8; 34=53; 49=MS; 56=MTHREE; 52=2022-05-31-13:36:16; 55=AAPL; 11=C_algo20220531133615; 31=0; 150=6; 39=6; 54=2; 44=1276.37; 17=exec20220531133616; 32=0; 41=algo20220531133615; 38=6074; 60=2022-05-31-13:36:16; 6=0.0; 14=2024; 37=algo20220531133615; 10=252;
8=FIX4.4; 35=8; 34=54; 49=MS; 56=MTHREE; 52=2022-05-31-13:36:16; 151=2026; 55=AAPL; 11=C_algo20220531133615; 31=0; 150=4; 39=4; 54=2; 17=exec20220531133616; 32=0; 41=algo20220531133615; 38=6074; 60=2022-05-31-13:36:16; 6=0.0; 14=2024; 37=algo20220531133615; 10=252;
8=FIX4.4; 35=D; 34=54; 49=MTHREE; 56=MS; 52=2022-05-31-13:36:18; 55=MSFT; 40=2; 38=12963; 21=2; 11=algo20220531133618; 60=2022-05-31-13:36:18; 54=2; 44=59.89; 10=0252;
8=FIX4.4; 35=8; 34=56; 49=MS; 56=MTHREE; 52=2022-05-31-13:36:18; 55=MSFT; 40=2; 11=algo20220531133618; 31=59.89; 150=0; 39=0; 54=2; 44=59.89; 32=0; 17=exec20220531133618; 38=12963; 60=2022-05-31-13:36:18; 6=0; 14=0; 37=algo20220531133618; 10=200;
8=FIX4.4; 35=F; 34=54; 49=MTHREE; 56=MS; 52=2022-05-31-13:36:18; 41=algo20220531133618; 55=MSFT; 38=12963; 11=C_algo20220531133618; 60=2022-05-31-13:36:18; 10=060;
8=FIX4.4; 35=8; 34=56; 49=MS; 56=MTHREE; 52=2022-05-31-13:36:18; 55=MSFT; 11=C_algo20220531133618; 31=0; 150=6; 39=6; 54=2; 44=59.89; 17=exec20220531133618; 32=0; 41=algo20220531133618; 38=12963; 60=2022-05-31-13:36:18; 6=0.0; 14=0; 37=algo20220531133618; 10=252;
8=FIX4.4; 35=8; 34=57; 49=MS; 56=MTHREE; 52=2022-05-31-13:36:18; 151=9723; 55=MSFT; 11=C_algo20220531133618; 31=0; 150=4; 39=4; 54=2; 17=exec20220531133618; 32=0; 41=algo20220531133618; 38=12963; 60=2022-05-31-13:36:18; 6=0.0; 14=0; 37=algo20220531133618; 10=252;
8=FIX4.4; 35=D; 34=56; 49=MTHREE; 56=MS; 52=2022-05-31-13:36:20; 55=AMZN; 40=2; 38=3455; 21=2; 11=algo20220531133620; 60=2022-05-31-13:36:20; 54=2; 44=133.47; 10=0252;
8=FIX4.4; 35=8; 34=59; 49=MS; 56=MTHREE; 52=2022-05-31-13:36:20; 55=AMZN; 40=2; 11=algo20220531133620; 31=133.47; 150=0; 39=0; 54=2; 44=133.47; 32=0; 17=exec20220531133620; 38=3455; 60=2022-05-31-13:36:20; 6=0; 14=0; 37=algo20220531133620; 10=200;
8=FIX4.4; 35=8; 34=60; 49=MS; 56=MTHREE; 52=2022-05-31-13:36:20; 55=AMZN; 40=2; 11=algo20220531133620; 31=133.47; 150=1; 39=1; 54=2; 44=133.47; 32=863; 17=exec20220531133620; 38=3455; 60=2022-05-31-13:36:20; 6=133.47; 14=863; 37=algo20220531133620; 10=240;
8=FIX4.4; 35=F; 34=56; 49=MTHREE; 56=MS; 52=2022-05-31-13:36:21; 41=algo20220531133620; 55=AMZN; 38=3455; 11=C_algo20220531133620; 60=2022-05-31-13:36:21; 10=060;
8=FIX4.4; 35=8; 34=60; 49=MS; 56=MTHREE; 52=2022-05-31-13:36:21; 55=AMZN; 11=C_algo20220531133620; 31=0; 150=6; 39=6; 54=2; 44=133.47; 17=exec20220531133621; 32=0; 41=algo20220531133620; 38=3455; 60=2022-05-31-13:36:21; 6=0.0; 14=863; 37=algo20220531133620; 10=252;
8=FIX4.4; 35=8; 34=61; 49=MS; 56=MTHREE; 52=2022-05-31-13:36:21; 151=1729; 55=AMZN; 11=C_algo20220531133620; 31=0; 150=4; 39=4; 54=2; 17=exec20220531133621; 32=0; 41=algo20220531133620; 38=3455; 60=2022-05-31-13:36:21; 6=0.0; 14=863; 37=algo20220531133620; 10=252;
8=FIX4.4; 35=D; 34=58; 49=MTHREE; 56=MS; 52=2022-05-31-13:36:23; 55=FB; 40=2; 38=31631; 21=2; 11=algo20220531133623; 60=2022-05-31-13:36:23; 54=2; 44=430.62; 10=0252;
8=FIX4.4; 35=8; 34=63; 49=MS; 56=MTHREE; 52=2022-05-31-13:36:23; 55=FB; 40=2; 11=algo20220531133623; 31=430.62; 150=0; 39=0; 54=2; 44=430.62; 32=0; 17=exec20220531133623; 38=31631; 60=2022-05-31-13:36:23; 6=0; 14=0; 37=algo20220531133623; 10=200;
8=FIX4.4; 35=8; 34=64; 49=MS; 56=MTHREE; 52=2022-05-31-13:36:23; 55=FB; 40=2; 11=algo20220531133623; 31=430.62; 150=1; 39=1; 54=2; 44=430.62; 32=6326; 17=exec20220531133623; 38=31631; 60=2022-05-31-13:36:23; 6=430.62; 14=6326; 37=algo20220531133623; 10=240;
8=FIX4.4; 35=8; 34=65; 49=MS; 56=MTHREE; 52=2022-05-31-13:36:24; 55=FB; 40=2; 11=algo20220531133623; 31=430.62; 150=1; 39=1; 54=2; 44=430.62; 32=6326; 17=exec20220531133624; 38=31631; 60=2022-05-31-13:36:24; 6=430.62; 14=12652; 37=algo20220531133623; 10=240;
8=FIX4.4; 35=8; 34=66; 49=MS; 56=MTHREE; 52=2022-05-31-13:36:25; 55=FB; 40=2; 11=algo20220531133623; 31=430.62; 150=1; 39=1; 54=2; 44=430.62; 32=6326; 17=exec20220531133625; 38=31631; 60=2022-05-31-13:36:25; 6=430.62; 14=18978; 37=algo20220531133623; 10=240;
8=FIX4.4; 35=F; 34=58; 49=MTHREE; 56=MS; 52=2022-05-31-13:36:26; 41=algo20220531133623; 55=FB; 38=31631; 11=C_algo20220531133623; 60=2022-05-31-13:36:26; 10=060;
8=FIX4.4; 35=8; 34=66; 49=MS; 56=MTHREE; 52=2022-05-31-13:36:26; 55=FB; 11=C_algo20220531133623; 31=0; 150=6; 39=6; 54=2; 44=430.62; 17=exec20220531133626; 32=0; 41=algo20220531133623; 38=31631; 60=2022-05-31-13:36:26; 6=0.0; 14=18978; 37=algo20220531133623; 10=252;
8=FIX4.4; 35=8; 34=67; 49=MS; 56=MTHREE; 52=2022-05-31-13:36:26; 151=6327; 55=FB; 11=C_algo20220531133623; 31=0; 150=4; 39=4; 54=2; 17=exec20220531133626; 32=0; 41=algo20220531133623; 38=31631; 60=2022-05-31-13:36:26; 6=0.0; 14=18978; 37=algo20220531133623; 10=252;
8=FIX4.4; 35=D; 34=60; 49=MTHREE; 56=MS; 52=2022-05-31-13:36:28; 55=GOOG; 40=2; 38=4601; 21=2; 11=algo20220531133628; 60=2022-05-31-13:36:28; 54=2; 44=42.05; 10=0252;
8=FIX4.4; 35=8; 34=69; 49=MS; 56=MTHREE; 52=2022-05-31-13:36:28; 55=GOOG; 40=2; 11=algo20220531133628; 31=42.05; 150=0; 39=0; 54=2; 44=42.05; 32=0; 17=exec20220531133628; 38=4601; 60=2022-05-31-13:36:28; 6=0; 14=0; 37=algo20220531133628; 10=200;
8=FIX4.4; 35=F; 34=60; 49=MTHREE; 56=MS; 52=2022-05-31-13:36:28; 41=algo20220531133628; 55=GOOG; 38=4601; 11=C_algo20220531133628; 60=2022-05-31-13:36:28; 10=060;
8=FIX4.4; 35=8; 34=69; 49=MS; 56=MTHREE; 52=2022-05-31-13:36:28; 55=GOOG; 11=C_algo20220531133628; 31=0; 150=6; 39=6; 54=2; 44=42.05; 17=exec20220531133628; 32=0; 41=algo20220531133628; 38=4601; 60=2022-05-31-13:36:28; 6=0.0; 14=0; 37=algo20220531133628; 10=252;
8=FIX4.4; 35=8; 34=70; 49=MS; 56=MTHREE; 52=2022-05-31-13:36:28; 151=3068; 55=GOOG; 11=C_algo20220531133628; 31=0; 150=4; 39=4; 54=2; 17=exec20220531133628; 32=0; 41=algo20220531133628; 38=4601; 60=2022-05-31-13:36:28; 6=0.0; 14=0; 37=algo20220531133628; 10=252;
8=FIX4.4; 35=D; 34=62; 49=MTHREE; 56=MS; 52=2022-05-31-13:36:30; 55=GOOGL; 40=2; 38=15900; 21=2; 11=algo20220531133630; 60=2022-05-31-13:36:30; 54=1; 44=289.20; 10=0252;
8=FIX4.4; 35=8; 34=72; 49=MS; 56=MTHREE; 52=2022-05-31-13:36:30; 55=GOOGL; 40=2; 11=algo20220531133630; 31=289.20; 150=0; 39=0; 54=1; 44=289.20; 32=0; 17=exec20220531133630; 38=15900; 60=2022-05-31-13:36:30; 6=0; 14=0; 37=algo20220531133630; 10=200;
8=FIX4.4; 35=F; 34=62; 49=MTHREE; 56=MS; 52=2022-05-31-13:36:30; 41=algo20220531133630; 55=GOOGL; 38=15900; 11=C_algo20220531133630; 60=2022-05-31-13:36:30; 10=060;
8=FIX4.4; 35=8; 34=72; 49=MS; 56=MTHREE; 52=2022-05-31-13:36:30; 55=GOOGL; 11=C_algo20220531133630; 31=0; 150=6; 39=6; 54=1; 44=289.20; 17=exec20220531133630; 32=0; 41=algo20220531133630; 38=15900; 60=2022-05-31-13:36:30; 6=0.0; 14=0; 37=algo20220531133630; 10=252;
8=FIX4.4; 35=8; 34=73; 49=MS; 56=MTHREE; 52=2022-05-31-13:36:30; 151=11925; 55=GOOGL; 11=C_algo20220531133630; 31=0; 150=4; 39=4; 54=1; 17=exec20220531133630; 32=0; 41=algo20220531133630; 38=15900; 60=2022-05-31-13:36:30; 6=0.0; 14=0; 37=algo20220531133630; 10=252;
8=FIX4.4; 35=D; 34=64; 49=MTHREE; 56=MS; 52=2022-05-31-13:36:32; 55=INTC; 40=2; 38=28583; 21=2; 11=algo20220531133632; 60=2022-05-31-13:36:32; 54=1; 44=339.13; 10=0252;
8=FIX4.4; 35=8; 34=75; 49=MS; 56=MTHREE; 52=2022-05-31-13:36:32; 55=INTC; 40=2; 11=algo20220531133632; 31=339.13; 150=0; 39=0; 54=1; 44=339.13; 32=0; 17=exec20220531133632; 38=28583; 60=2022-05-31-13:36:32; 6=0; 14=0; 37=algo20220531133632; 10=200;
8=FIX4.4; 35=8; 34=76; 49=MS; 56=MTHREE; 52=2022-05-31-13:36:32; 55=INTC; 40=2; 11=algo20220531133632; 31=339.13; 150=1; 39=1; 54=1; 44=339.13; 32=5716; 17=exec20220531133632; 38=28583; 60=2022-05-31-13:36:32; 6=339.13; 14=5716; 37=algo20220531133632; 10=240;
8=FIX4.4; 35=8; 34=77; 49=MS; 56=MTHREE; 52=2022-05-31-13:36:33; 55=INTC; 40=2; 11=algo20220531133632; 31=339.13; 150=1; 39=1; 54=1; 44=339.13; 32=5716; 17=exec20220531133633; 38=28583; 60=2022-05-31-13:36:33; 6=339.13; 14=11432; 37=algo20220531133632; 10=240;
8=FIX4.4; 35=F; 34=64; 49=MTHREE; 56=MS; 52=2022-05-31-13:36:34; 41=algo20220531133632; 55=INTC; 38=28583; 11=C_algo20220531133632; 60=2022-05-31-13:36:34; 10=060;
8=FIX4.4; 35=8; 34=77; 49=MS; 56=MTHREE; 52=2022-05-31-13:36:34; 55=INTC; 11=C_algo20220531133632; 31=0; 150=6; 39=6; 54=1; 44=339.13; 17=exec20220531133634; 32=0; 41=algo20220531133632; 38=28583; 60=2022-05-31-13:36:34; 6=0.0; 14=11432; 37=algo20220531133632; 10=252;
8=FIX4.4; 35=8; 34=78; 49=MS; 56=MTHREE; 52=2022-05-31-13:36:34; 151=11435; 55=INTC; 11=C_algo20220531133632; 31=0; 150=4; 39=4; 54=1; 17=exec20220531133634; 32=0; 41=algo20220531133632; 38=28583; 60=2022-05-31-13:36:34; 6=0.0; 14=11432; 37=algo20220531133632; 10=252;
8=FIX4.4; 35=D; 34=66; 49=MTHREE; 56=MS; 52=2022-05-31-13:36:36; 55=PEP; 40=2; 38=29501; 21=2; 11=algo20220531133636; 60=2022-05-31-13:36:36; 54=1; 44=36.21; 10=0252;
8=FIX4.4; 35=8; 34=80; 49=MS; 56=MTHREE; 52=2022-05-31-13:36:36; 55=PEP; 40=2; 11=algo20220531133636; 31=36.21; 150=0; 39=0; 54=1; 44=36.21; 32=0; 17=exec20220531133636; 38=29501; 60=2022-05-31-13:36:36; 6=0; 14=0; 37=algo20220531133636; 10=200;
8=FIX4.4; 35=8; 34=81; 49=MS; 56=MTHREE; 52=2022-05-31-13:36:36; 55=PEP; 40=2; 11=algo20220531133636; 31=36.21; 150=1; 39=1; 54=1; 44=36.21; 32=14750; 17=exec20220531133636; 38=29501; 60=2022-05-31-13:36:36; 6=36.21; 14=14750; 37=algo20220531133636; 10=240;
8=FIX4.4; 35=8; 34=82; 49=MS; 56=MTHREE; 52=2022-05-31-13:36:38; 55=PEP; 40=2; 11=algo20220531133636; 31=36.21; 150=2; 39=2; 54=1; 44=36.21; 32=14751; 17=exec20220531133638; 38=29501; 60=2022-05-31-13:36:38; 6=36.21; 14=29501; 37=algo20220531133636; 10=246;
8=FIX4.4; 35=D; 34=67; 49=MTHREE; 56=MS; 52=2022-05-31-13:36:38; 55=NFLX; 40=2; 38=22121; 21=2; 11=algo20220531133638; 60=2022-05-31-13:36:38; 54=1; 44=306.71; 10=0252;
8=FIX4.4; 35=8; 34=83; 49=MS; 56=MTHREE; 52=2022-05-31-13:36:38; 55=NFLX; 40=2; 11=algo20220531133638; 31=306.71; 150=0; 39=0; 54=1; 44=306.71; 32=0; 17=exec20220531133638; 38=22121; 60=2022-05-31-13:36:38; 6=0; 14=0; 37=algo20220531133638; 10=200;
8=FIX4.4; 35=F; 34=67; 49=MTHREE; 56=MS; 52=2022-05-31-13:36:38; 41=algo20220531133638; 55=NFLX; 38=22121; 11=C_algo20220531133638; 60=2022-05-31-13:36:38; 10=060;
8=FIX4.4; 35=8; 34=83; 49=MS; 56=MTHREE; 52=2022-05-31-13:36:38; 55=NFLX; 11=C_algo20220531133638; 31=0; 150=6; 39=6; 54=1; 44=306.71; 17=exec20220531133638; 32=0; 41=algo20220531133638; 38=22121; 60=2022-05-31-13:36:38; 6=0.0; 14=0; 37=algo20220531133638; 10=252;
8=FIX4.4; 35=8; 34=84; 49=MS; 56=MTHREE; 52=2022-05-31-13:36:38; 151=11061; 55=NFLX; 11=C_algo20220531133638; 31=0; 150=4; 39=4; 54=1; 17=exec20220531133638; 32=0; 41=algo20220531133638; 38=22121; 60=2022-05-31-13:36:38; 6=0.0; 14=0; 37=algo20220531133638; 10=252;
8=FIX4.4; 35=D; 34=69; 49=MTHREE; 56=MS; 52=2022-05-31-13:36:40; 55=CSCO; 40=2; 38=5056; 21=2; 11=algo20220531133640; 60=2022-05-31-13:36:40; 54=2; 44=233.73; 10=0252;
8=FIX4.4; 35=8; 34=86; 49=MS; 56=MTHREE; 52=2022-05-31-13:36:40; 55=CSCO; 40=2; 11=algo20220531133640; 31=233.73; 150=0; 39=0; 54=2; 44=233.73; 32=0; 17=exec20220531133640; 38=5056; 60=2022-05-31-13:36:40; 6=0; 14=0; 37=algo20220531133640; 10=200;
8=FIX4.4; 35=8; 34=87; 49=MS; 56=MTHREE; 52=2022-05-31-13:36:40; 55=CSCO; 40=2; 11=algo20220531133640; 31=233.73; 150=1; 39=1; 54=2; 44=233.73; 32=1011; 17=exec20220531133640; 38=5056; 60=2022-05-31-13:36:40; 6=233.73; 14=1011; 37=algo20220531133640; 10=240;
8=FIX4.4; 35=F; 34=69; 49=MTHREE; 56=MS; 52=2022-05-31-13:36:41; 41=algo20220531133640; 55=CSCO; 38=5056; 11=C_algo20220531133640; 60=2022-05-31-13:36:41; 10=060;
8=FIX4.4; 35=8; 34=87; 49=MS; 56=MTHREE; 52=2022-05-31-13:36:41; 55=CSCO; 11=C_algo20220531133640; 31=0; 150=6; 39=6; 54=2; 44=233.73; 17=exec20220531133641; 32=0; 41=algo20220531133640; 38=5056; 60=2022-05-31-13:36:41; 6=0.0; 14=1011; 37=algo20220531133640; 10=252;
8=FIX4.4; 35=8; 34=88; 49=MS; 56=MTHREE; 52=2022-05-31-13:36:41; 151=3034; 55=CSCO; 11=C_algo20220531133640; 31=0; 150=4; 39=4; 54=2; 17=exec20220531133641; 32=0; 41=algo20220531133640; 38=5056; 60=2022-05-31-13:36:41; 6=0.0; 14=1011; 37=algo20220531133640; 10=252;
8=FIX4.4; 35=D; 34=71; 49=MTHREE; 56=MS; 52=2022-05-31-13:36:43; 55=AMGN; 40=2; 38=25160; 21=2; 11=algo20220531133643; 60=2022-05-31-13:36:43; 54=2; 44=116.62; 10=0252;
8=FIX4.4; 35=8; 34=90; 49=MS; 56=MTHREE; 52=2022-05-31-13:36:43; 55=AMGN; 40=2; 11=algo20220531133643; 31=116.62; 150=0; 39=0; 54=2; 44=116.62; 32=0; 17=exec20220531133643; 38=25160; 60=2022-05-31-13:36:43; 6=0; 14=0; 37=algo20220531133643; 10=200;
8=FIX4.4; 35=8; 34=91; 49=MS; 56=MTHREE; 52=2022-05-31-13:36:43; 55=AMGN; 40=2; 11=algo20220531133643; 31=116.62; 150=1; 39=1; 54=2; 44=116.62; 32=8386; 17=exec20220531133643; 38=25160; 60=2022-05-31-13:36:43; 6=116.62; 14=8386; 37=algo20220531133643; 10=240;
8=FIX4.4; 35=F; 34=71; 49=MTHREE; 56=MS; 52=2022-05-31-13:36:44; 41=algo20220531133643; 55=AMGN; 38=25160; 11=C_algo20220531133643; 60=2022-05-31-13:36:44; 10=060;
8=FIX4.4; 35=8; 34=91; 49=MS; 56=MTHREE; 52=2022-05-31-13:36:44; 55=AMGN; 11=C_algo20220531133643; 31=0; 150=6; 39=6; 54=2; 44=116.62; 17=exec20220531133644; 32=0; 41=algo20220531133643; 38=25160; 60=2022-05-31-13:36:44; 6=0.0; 14=8386; 37=algo20220531133643; 10=252;
8=FIX4.4; 35=8; 34=92; 49=MS; 56=MTHREE; 52=2022-05-31-13:36:44; 151=8388; 55=AMGN; 11=C_algo20220531133643; 31=0; 150=4; 39=4; 54=2; 17=exec20220531133644; 32=0; 41=algo20220531133643; 38=25160; 60=2022-05-31-13:36:44; 6=0.0; 14=8386; 37=algo20220531133643; 10=252;
8=FIX4.4; 35=D; 34=73; 49=MTHREE; 56=MS; 52=2022-05-31-13:36:46; 55=PYPL; 40=2; 38=18586; 21=2; 11=algo20220531133646; 60=2022-05-31-13:36:46; 54=1; 44=723.61; 10=0252;
8=FIX4.4; 35=8; 34=94; 49=MS; 56=MTHREE; 52=2022-05-31-13:36:46; 55=PYPL; 40=2; 11=algo20220531133646; 31=723.61; 150=0; 39=0; 54=1; 44=723.61; 32=0; 17=exec20220531133646; 38=18586; 60=2022-05-31-13:36:46; 6=0; 14=0; 37=algo20220531133646; 10=200;
8=FIX4.4; 35=8; 34=95; 49=MS; 56=MTHREE; 52=2022-05-31-13:36:46; 55=PYPL; 40=2; 11=algo20220531133646; 31=723.61; 150=1; 39=1; 54=1; 44=723.61; 32=4646; 17=exec20220531133646; 38=18586; 60=2022-05-31-13:36:46; 6=723.61; 14=4646; 37=algo20220531133646; 10=240;
8=FIX4.4; 35=8; 34=96; 49=MS; 56=MTHREE; 52=2022-05-31-13:36:47; 55=PYPL; 40=2; 11=algo20220531133646; 31=723.61; 150=1; 39=1; 54=1; 44=723.61; 32=4646; 17=exec20220531133647; 38=18586; 60=2022-05-31-13:36:47; 6=723.61; 14=9292; 37=algo20220531133646; 10=240;
8=FIX4.4; 35=F; 34=73; 49=MTHREE; 56=MS; 52=2022-05-31-13:36:48; 41=algo20220531133646; 55=PYPL; 38=18586; 11=C_algo20220531133646; 60=2022-05-31-13:36:48; 10=060;
8=FIX4.4; 35=8; 34=96; 49=MS; 56=MTHREE; 52=2022-05-31-13:36:48; 55=PYPL; 11=C_algo20220531133646; 31=0; 150=6; 39=6; 54=1; 44=723.61; 17=exec20220531133648; 32=0; 41=algo20220531133646; 38=18586; 60=2022-05-31-13:36:48; 6=0.0; 14=9292; 37=algo20220531133646; 10=252;
8=FIX4.4; 35=8; 34=97; 49=MS; 56=MTHREE; 52=2022-05-31-13:36:48; 151=4648; 55=PYPL; 11=C_algo20220531133646; 31=0; 150=4; 39=4; 54=1; 17=exec20220531133648; 32=0; 41=algo20220531133646; 38=18586; 60=2022-05-31-13:36:48; 6=0.0; 14=9292; 37=algo20220531133646; 10=252;
8=FIX4.4; 35=D; 34=75; 49=MTHREE; 56=MS; 52=2022-05-31-13:36:50; 55=TSLA; 40=2; 38=14798; 21=2; 11=algo20220531133650; 60=2022-05-31-13:36:50; 54=2; 44=503.77; 10=0252;
8=FIX4.4; 35=8; 34=99; 49=MS; 56=MTHREE; 52=2022-05-31-13:36:50; 55=TSLA; 40=2; 11=algo20220531133650; 31=503.77; 150=0; 39=0; 54=2; 44=503.77; 32=0; 17=exec20220531133650; 38=14798; 60=2022-05-31-13:36:50; 6=0; 14=0; 37=algo20220531133650; 10=200;
8=FIX4.4; 35=8; 34=100; 49=MS; 56=MTHREE; 52=2022-05-31-13:36:50; 55=TSLA; 40=2; 11=algo20220531133650; 31=503.77; 150=1; 39=1; 54=2; 44=503.77; 32=3699; 17=exec20220531133650; 38=14798; 60=2022-05-31-13:36:50; 6=503.77; 14=3699; 37=algo20220531133650; 10=240;
8=FIX4.4; 35=F; 34=75; 49=MTHREE; 56=MS; 52=2022-05-31-13:36:51; 41=algo20220531133650; 55=TSLA; 38=14798; 11=C_algo20220531133650; 60=2022-05-31-13:36:51; 10=060;
8=FIX4.4; 35=8; 34=100; 49=MS; 56=MTHREE; 52=2022-05-31-13:36:51; 55=TSLA; 11=C_algo20220531133650; 31=0; 150=6; 39=6; 54=2; 44=503.77; 17=exec20220531133651; 32=0; 41=algo20220531133650; 38=14798; 60=2022-05-31-13:36:51; 6=0.0; 14=3699; 37=algo20220531133650; 10=252;
8=FIX4.4; 35=8; 34=101; 49=MS; 56=MTHREE; 52=2022-05-31-13:36:51; 151=7400; 55=TSLA; 11=C_algo20220531133650; 31=0; 150=4; 39=4; 54=2; 17=exec20220531133651; 32=0; 41=algo20220531133650; 38=14798; 60=2022-05-31-13:36:51; 6=0.0; 14=3699; 37=algo20220531133650; 10=252;
8=FIX4.4; 35=D; 34=77; 49=MTHREE; 56=MS; 52=2022-05-31-13:36:53; 55=TXN; 40=2; 38=31046; 21=2; 11=algo20220531133653; 60=2022-05-31-13:36:53; 54=1; 44=112.46; 10=0252;
8=FIX4.4; 35=8; 34=103; 49=MS; 56=MTHREE; 52=2022-05-31-13:36:53; 55=TXN; 40=2; 11=algo20220531133653; 31=112.46; 150=0; 39=0; 54=1; 44=112.46; 32=0; 17=exec20220531133653; 38=31046; 60=2022-05-31-13:36:53; 6=0; 14=0; 37=algo20220531133653; 10=200;
8=FIX4.4; 35=8; 34=104; 49=MS; 56=MTHREE; 52=2022-05-31-13:36:54; 55=TXN; 40=2; 11=algo20220531133653; 31=112.46; 150=2; 39=2; 54=1; 44=112.46; 32=31046; 17=exec20220531133654; 38=31046; 60=2022-05-31-13:36:54; 6=112.46; 14=31046; 37=algo20220531133653; 10=246;
8=FIX4.4; 35=D; 34=78; 49=MTHREE; 56=MS; 52=2022-05-31-13:36:54; 55=AVGO; 40=2; 38=21500; 21=2; 11=algo20220531133654; 60=2022-05-31-13:36:54; 54=2; 44=262.99; 10=0252;
8=FIX4.4; 35=8; 34=105; 49=MS; 56=MTHREE; 52=2022-05-31-13:36:54; 55=AVGO; 40=2; 11=algo20220531133654; 31=262.99; 150=0; 39=0; 54=2; 44=262.99; 32=0; 17=exec20220531133654; 38=21500; 60=2022-05-31-13:36:54; 6=0; 14=0; 37=algo20220531133654; 10=200;
8=FIX4.4; 35=8; 34=106; 49=MS; 56=MTHREE; 52=2022-05-31-13:36:54; 55=AVGO; 40=2; 11=algo20220531133654; 31=262.99; 150=1; 39=1; 54=2; 44=262.99; 32=4300; 17=exec20220531133654; 38=21500; 60=2022-05-31-13:36:54; 6=262.99; 14=4300; 37=algo20220531133654; 10=240;
8=FIX4.4; 35=8; 34=107; 49=MS; 56=MTHREE; 52=2022-05-31-13:36:55; 55=AVGO; 40=2; 11=algo20220531133654; 31=262.99; 150=1; 39=1; 54=2; 44=262.99; 32=4300; 17=exec20220531133655; 38=21500; 60=2022-05-31-13:36:55; 6=262.99; 14=8600; 37=algo20220531133654; 10=240;
8=FIX4.4; 35=F; 34=78; 49=MTHREE; 56=MS; 52=2022-05-31-13:36:56; 41=algo20220531133654; 55=AVGO; 38=21500; 11=C_algo20220531133654; 60=2022-05-31-13:36:56; 10=060;
8=FIX4.4; 35=8; 34=107; 49=MS; 56=MTHREE; 52=2022-05-31-13:36:56; 55=AVGO; 11=C_algo20220531133654; 31=0; 150=6; 39=6; 54=2; 44=262.99; 17=exec20220531133656; 32=0; 41=algo20220531133654; 38=21500; 60=2022-05-31-13:36:56; 6=0.0; 14=8600; 37=algo20220531133654; 10=252;
8=FIX4.4; 35=8; 34=108; 49=MS; 56=MTHREE; 52=2022-05-31-13:36:56; 151=8600; 55=AVGO; 11=C_algo20220531133654; 31=0; 150=4; 39=4; 54=2; 17=exec20220531133656; 32=0; 41=algo20220531133654; 38=21500; 60=2022-05-31-13:36:56; 6=0.0; 14=8600; 37=algo20220531133654; 10=252;
8=FIX4.4; 35=D; 34=80; 49=MTHREE; 56=MS; 52=2022-05-31-13:36:58; 55=GILD; 40=2; 38=29608; 21=2; 11=algo20220531133658; 60=2022-05-31-13:36:58; 54=1; 44=82.91; 10=0252;
8=FIX4.4; 35=8; 34=110; 49=MS; 56=MTHREE; 52=2022-05-31-13:36:58; 55=GILD; 40=2; 11=algo20220531133658; 31=82.91; 150=0; 39=0; 54=1; 44=82.91; 32=0; 17=exec20220531133658; 38=29608; 60=2022-05-31-13:36:58; 6=0; 14=0; 37=algo20220531133658; 10=200;
8=FIX4.4; 35=8; 34=111; 49=MS; 56=MTHREE; 52=2022-05-31-13:36:59; 55=GILD; 40=2; 11=algo20220531133658; 31=82.91; 150=2; 39=2; 54=1; 44=82.91; 32=29608; 17=exec20220531133659; 38=29608; 60=2022-05-31-13:36:59; 6=82.91; 14=29608; 37=algo20220531133658; 10=246;
8=FIX4.4; 35=D; 34=81; 49=MTHREE; 56=MS; 52=2022-05-31-13:36:59; 55=SBUX; 40=2; 38=13072; 21=2; 11=algo20220531133659; 60=2022-05-31-13:36:59; 54=1; 44=75.71; 10=0252;
8=FIX4.4; 35=8; 34=112; 49=MS; 56=MTHREE; 52=2022-05-31-13:36:59; 55=SBUX; 40=2; 11=algo20220531133659; 31=75.71; 150=0; 39=0; 54=1; 44=75.71; 32=0; 17=exec20220531133659; 38=13072; 60=2022-05-31-13:36:59; 6=0; 14=0; 37=algo20220531133659; 10=200;
8=FIX4.4; 35=F; 34=81; 49=MTHREE; 56=MS; 52=2022-05-31-13:36:59; 41=algo20220531133659; 55=SBUX; 38=13072; 11=C_algo20220531133659; 60=2022-05-31-13:36:59; 10=060;
8=FIX4.4; 35=8; 34=112; 49=MS; 56=MTHREE; 52=2022-05-31-13:36:59; 55=SBUX; 11=C_algo20220531133659; 31=0; 150=6; 39=6; 54=1; 44=75.71; 17=exec20220531133659; 32=0; 41=algo20220531133659; 38=13072; 60=2022-05-31-13:36:59; 6=0.0; 14=0; 37=algo20220531133659; 10=252;
8=FIX4.4; 35=8; 34=113; 49=MS; 56=MTHREE; 52=2022-05-31-13:36:59; 151=8715; 55=SBUX; 11=C_algo20220531133659; 31=0; 150=4; 39=4; 54=1; 17=exec20220531133659; 32=0; 41=algo20220531133659; 38=13072; 60=2022-05-31-13:36:59; 6=0.0; 14=0; 37=algo20220531133659; 10=252;
8=FIX4.4; 35=D; 34=83; 49=MTHREE; 56=MS; 52=2022-05-31-13:37:01; 55=QCOM; 40=2; 38=8511; 21=2; 11=algo20220531133701; 60=2022-05-31-13:37:01; 54=2; 44=75.47; 10=0252;
8=FIX4.4; 35=8; 34=115; 49=MS; 56=MTHREE; 52=2022-05-31-13:37:01; 55=QCOM; 40=2; 11=algo20220531133701; 31=75.47; 150=0; 39=0; 54=2; 44=75.47; 32=0; 17=exec20220531133701; 38=8511; 60=2022-05-31-13:37:01; 6=0; 14=0; 37=algo20220531133701; 10=200;
8=FIX4.4; 35=8; 34=116; 49=MS; 56=MTHREE; 52=2022-05-31-13:37:01; 55=QCOM; 40=2; 11=algo20220531133701; 31=75.47; 150=1; 39=1; 54=2; 44=75.47; 32=4255; 17=exec20220531133701; 38=8511; 60=2022-05-31-13:37:01; 6=75.47; 14=4255; 37=algo20220531133701; 10=240;
8=FIX4.4; 35=8; 34=117; 49=MS; 56=MTHREE; 52=2022-05-31-13:37:03; 55=QCOM; 40=2; 11=algo20220531133701; 31=75.47; 150=2; 39=2; 54=2; 44=75.47; 32=4256; 17=exec20220531133703; 38=8511; 60=2022-05-31-13:37:03; 6=75.47; 14=8511; 37=algo20220531133701; 10=246;
8=FIX4.4; 35=D; 34=84; 49=MTHREE; 56=MS; 52=2022-05-31-13:37:03; 55=TMUS; 40=2; 38=17877; 21=2; 11=algo20220531133703; 60=2022-05-31-13:37:03; 54=2; 44=90.74; 10=0252;
8=FIX4.4; 35=8; 34=118; 49=MS; 56=MTHREE; 52=2022-05-31-13:37:03; 55=TMUS; 40=2; 11=algo20220531133703; 31=90.74; 150=0; 39=0; 54=2; 44=90.74; 32=0; 17=exec20220531133703; 38=17877; 60=2022-05-31-13:37:03; 6=0; 14=0; 37=algo20220531133703; 10=200;
8=FIX4.4; 35=F; 34=84; 49=MTHREE; 56=MS; 52=2022-05-31-13:37:03; 41=algo20220531133703; 55=TMUS; 38=17877; 11=C_algo20220531133703; 60=2022-05-31-13:37:03; 10=060;
8=FIX4.4; 35=8; 34=118; 49=MS; 56=MTHREE; 52=2022-05-31-13:37:03; 55=TMUS; 11=C_algo20220531133703; 31=0; 150=6; 39=6; 54=2; 44=90.74; 17=exec20220531133703; 32=0; 41=algo20220531133703; 38=17877; 60=2022-05-31-13:37:03; 6=0.0; 14=0; 37=algo20220531133703; 10=252;
8=FIX4.4; 35=8; 34=119; 49=MS; 56=MTHREE; 52=2022-05-31-13:37:03; 151=14302; 55=TMUS; 11=C_algo20220531133703; 31=0; 150=4; 39=4; 54=2; 17=exec20220531133703; 32=0; 41=algo20220531133703; 38=17877; 60=2022-05-31-13:37:03; 6=0.0; 14=0; 37=algo20220531133703; 10=252;
8=FIX4.4; 35=D; 34=86; 49=MTHREE; 56=MS; 52=2022-05-31-13:37:05; 55=MDLZ; 40=2; 38=19632; 21=2; 11=algo20220531133705; 60=2022-05-31-13:37:05; 54=2; 44=52.26; 10=0252;
8=FIX4.4; 35=8; 34=121; 49=MS; 56=MTHREE; 52=2022-05-31-13:37:05; 55=MDLZ; 40=2; 11=algo20220531133705; 31=52.26; 150=0; 39=0; 54=2; 44=52.26; 32=0; 17=exec20220531133705; 38=19632; 60=2022-05-31-13:37:05; 6=0; 14=0; 37=algo20220531133705; 10=200;
8=FIX4.4; 35=8; 34=122; 49=MS; 56=MTHREE; 52=2022-05-31-13:37:05; 55=MDLZ; 40=2; 11=algo20220531133705; 31=52.26; 150=1; 39=1; 54=2; 44=52.26; 32=6544; 17=exec20220531133705; 38=19632; 60=2022-05-31-13:37:05; 6=52.26; 14=6544; 37=algo20220531133705; 10=240;
8=FIX4.4; 35=8; 34=123; 49=MS; 56=MTHREE; 52=2022-05-31-13:37:06; 55=MDLZ; 40=2; 11=algo20220531133705; 31=52.26; 150=1; 39=1; 54=2; 44=52.26; 32=6544; 17=exec20220531133706; 38=19632; 60=2022-05-31-13:37:06; 6=52.26; 14=13088; 37=algo20220531133705; 10=240;
8=FIX4.4; 35=8; 34=124; 49=MS; 56=MTHREE; 52=2022-05-31-13:37:08; 55=MDLZ; 40=2; 11=algo20220531133705; 31=52.26; 150=2; 39=2; 54=2; 44=52.26; 32=6544; 17=exec20220531133708; 38=19632; 60=2022-05-31-13:37:08; 6=52.26; 14=19632; 37=algo20220531133705; 10=246;
8=FIX4.4; 35=D; 34=87; 49=MTHREE; 56=MS; 52=2022-05-31-13:37:08; 55=BAC; 40=2; 38=32760; 21=2; 11=algo20220531133708; 60=2022-05-31-13:37:08; 54=2; 44=22.03; 10=0252;
8=FIX4.4; 35=8; 34=125; 49=MS; 56=MTHREE; 52=2022-05-31-13:37:08; 55=BAC; 40=2; 11=algo20220531133708; 31=22.03; 150=0; 39=0; 54=2; 44=22.03; 32=0; 17=exec20220531133708; 38=32760; 60=2022-05-31-13:37:08; 6=0; 14=0; 37=algo20220531133708; 10=200;
8=FIX4.4; 35=F; 34=87; 49=MTHREE; 56=MS; 52=2022-05-31-13:37:08; 41=algo20220531133708; 55=BAC; 38=32760; 11=C_algo20220531133708; 60=2022-05-31-13:37:08; 10=060;
8=FIX4.4; 35=8; 34=125; 49=MS; 56=MTHREE; 52=2022-05-31-13:37:08; 55=BAC; 11=C_algo20220531133708; 31=0; 150=6; 39=6; 54=2; 44=22.03; 17=exec20220531133708; 32=0; 41=algo20220531133708; 38=32760; 60=2022-05-31-13:37:08; 6=0.0; 14=0; 37=algo20220531133708; 10=252;
8=FIX4.4; 35=8; 34=126; 49=MS; 56=MTHREE; 52=2022-05-31-13:37:08; 151=26208; 55=BAC; 11=C_algo20220531133708; 31=0; 150=4; 39=4; 54=2; 17=exec20220531133708; 32=0; 41=algo20220531133708; 38=32760; 60=2022-05-31-13:37:08; 6=0.0; 14=0; 37=algo20220531133708; 10=252;
8=FIX4.4; 35=D; 34=89; 49=MTHREE; 56=MS; 52=2022-05-31-13:37:10; 55=DDD; 40=2; 38=5470; 21=2; 11=algo20220531133710; 60=2022-05-31-13:37:10; 54=1; 44=8.01; 10=0252;
8=FIX4.4; 35=8; 34=128; 49=MS; 56=MTHREE; 52=2022-05-31-13:37:10; 55=DDD; 40=2; 11=algo20220531133710; 31=8.01; 150=0; 39=0; 54=1; 44=8.01; 32=0; 17=exec20220531133710; 38=5470; 60=2022-05-31-13:37:10; 6=0; 14=0; 37=algo20220531133710; 10=200;
8=FIX4.4; 35=8; 34=129; 49=MS; 56=MTHREE; 52=2022-05-31-13:37:11; 55=DDD; 40=2; 11=algo20220531133710; 31=8.01; 150=2; 39=2; 54=1; 44=8.01; 32=5470; 17=exec20220531133711; 38=5470; 60=2022-05-31-13:37:11; 6=8.01; 14=5470; 37=algo20220531133710; 10=246;
8=FIX4.4; 35=D; 34=90; 49=MTHREE; 56=MS; 52=2022-05-31-13:37:11; 55=MMM; 40=2; 38=9910; 21=2; 11=algo20220531133711; 60=2022-05-31-13:37:11; 54=2; 44=146.98; 10=0252;
8=FIX4.4; 35=8; 34=130; 49=MS; 56=MTHREE; 52=2022-05-31-13:37:11; 55=MMM; 40=2; 11=algo20220531133711; 31=146.98; 150=0; 39=0; 54=2; 44=146.98; 32=0; 17=exec20220531133711; 38=9910; 60=2022-05-31-13:37:11; 6=0; 14=0; 37=algo20220531133711; 10=200;
8=FIX4.4; 35=F; 34=90; 49=MTHREE; 56=MS; 52=2022-05-31-13:37:11; 41=algo20220531133711; 55=MMM; 38=9910; 11=C_algo20220531133711; 60=2022-05-31-13:37:11; 10=060;
8=FIX4.4; 35=8; 34=130; 49=MS; 56=MTHREE; 52=2022-05-31-13:37:11; 55=MMM; 11=C_algo20220531133711; 31=0; 150=6; 39=6; 54=2; 44=146.98; 17=exec20220531133711; 32=0; 41=algo20220531133711; 38=9910; 60=2022-05-31-13:37:11; 6=0.0; 14=0; 37=algo20220531133711; 10=252;
8=FIX4.4; 35=8; 34=131; 49=MS; 56=MTHREE; 52=2022-05-31-13:37:11; 151=7928; 55=MMM; 11=C_algo20220531133711; 31=0; 150=4; 39=4; 54=2; 17=exec20220531133711; 32=0; 41=algo20220531133711; 38=9910; 60=2022-05-31-13:37:11; 6=0.0; 14=0; 37=algo20220531133711; 10=252;
8=FIX4.4; 35=D; 34=92; 49=MTHREE; 56=MS; 52=2022-05-31-13:37:13; 55=WBAI; 40=2; 38=30559; 21=2; 11=algo20220531133713; 60=2022-05-31-13:37:13; 54=1; 44=4.10; 10=0252;
8=FIX4.4; 35=8; 34=133; 49=MS; 56=MTHREE; 52=2022-05-31-13:37:13; 55=WBAI; 40=2; 11=algo20220531133713; 31=4.10; 150=0; 39=0; 54=1; 44=4.10; 32=0; 17=exec20220531133713; 38=30559; 60=2022-05-31-13:37:13; 6=0; 14=0; 37=algo20220531133713; 10=200;
8=FIX4.4; 35=8; 34=134; 49=MS; 56=MTHREE; 52=2022-05-31-13:37:13; 55=WBAI; 40=2; 11=algo20220531133713; 31=4.10; 150=1; 39=1; 54=1; 44=4.10; 32=10186; 17=exec20220531133713; 38=30559; 60=2022-05-31-13:37:13; 6=4.10; 14=10186; 37=algo20220531133713; 10=240;
8=FIX4.4; 35=8; 34=135; 49=MS; 56=MTHREE; 52=2022-05-31-13:37:14; 55=WBAI; 40=2; 11=algo20220531133713; 31=4.10; 150=1; 39=1; 54=1; 44=4.10; 32=10186; 17=exec20220531133714; 38=30559; 60=2022-05-31-13:37:14; 6=4.10; 14=20372; 37=algo20220531133713; 10=240;
8=FIX4.4; 35=8; 34=136; 49=MS; 56=MTHREE; 52=2022-05-31-13:37:16; 55=WBAI; 40=2; 11=algo20220531133713; 31=4.10; 150=2; 39=2; 54=1; 44=4.10; 32=10187; 17=exec20220531133716; 38=30559; 60=2022-05-31-13:37:16; 6=4.10; 14=30559; 37=algo20220531133713; 10=246;
8=FIX4.4; 35=D; 34=93; 49=MTHREE; 56=MS; 52=2022-05-31-13:37:16; 55=WUBA; 40=2; 38=303; 21=2; 11=algo20220531133716; 60=2022-05-31-13:37:16; 54=1; 44=51.41; 10=0252;
8=FIX4.4; 35=8; 34=137; 49=MS; 56=MTHREE; 52=2022-05-31-13:37:16; 55=WUBA; 40=2; 11=algo20220531133716; 31=51.41; 150=0; 39=0; 54=1; 44=51.41; 32=0; 17=exec20220531133716; 38=303; 60=2022-05-31-13:37:16; 6=0; 14=0; 37=algo20220531133716; 10=200;
8=FIX4.4; 35=8; 34=138; 49=MS; 56=MTHREE; 52=2022-05-31-13:37:16; 55=WUBA; 40=2; 11=algo20220531133716; 31=51.41; 150=1; 39=1; 54=1; 44=51.41; 32=75; 17=exec20220531133716; 38=303; 60=2022-05-31-13:37:16; 6=51.41; 14=75; 37=algo20220531133716; 10=240;
8=FIX4.4; 35=F; 34=93; 49=MTHREE; 56=MS; 52=2022-05-31-13:37:17; 41=algo20220531133716; 55=WUBA; 38=303; 11=C_algo20220531133716; 60=2022-05-31-13:37:17; 10=060;
8=FIX4.4; 35=8; 34=138; 49=MS; 56=MTHREE; 52=2022-05-31-13:37:17; 55=WUBA; 11=C_algo20220531133716; 31=0; 150=6; 39=6; 54=1; 44=51.41; 17=exec20220531133717; 32=0; 41=algo20220531133716; 38=303; 60=2022-05-31-13:37:17; 6=0.0; 14=75; 37=algo20220531133716; 10=252;
8=FIX4.4; 35=8; 34=139; 49=MS; 56=MTHREE; 52=2022-05-31-13:37:17; 151=153; 55=WUBA; 11=C_algo20220531133716; 31=0; 150=4; 39=4; 54=1; 17=exec20220531133717; 32=0; 41=algo20220531133716; 38=303; 60=2022-05-31-13:37:17; 6=0.0; 14=75; 37=algo20220531133716; 10=252;
8=FIX4.4; 35=D; 34=95; 49=MTHREE; 56=MS; 52=2022-05-31-13:37:19; 55=EGHT; 40=2; 38=12507; 21=2; 11=algo20220531133719; 60=2022-05-31-13:37:19; 54=1; 44=17.03; 10=0252;
8=FIX4.4; 35=8; 34=141; 49=MS; 56=MTHREE; 52=2022-05-31-13:37:19; 55=EGHT; 40=2; 11=algo20220531133719; 31=17.03; 150=0; 39=0; 54=1; 44=17.03; 32=0; 17=exec20220531133719; 38=12507; 60=2022-05-31-13:37:19; 6=0; 14=0; 37=algo20220531133719; 10=200;
8=FIX4.4; 35=8; 34=142; 49=MS; 56=MTHREE; 52=2022-05-31-13:37:19; 55=EGHT; 40=2; 11=algo20220531133719; 31=17.03; 150=1; 39=1; 54=1; 44=17.03; 32=6253; 17=exec20220531133719; 38=12507; 60=2022-05-31-13:37:19; 6=17.03; 14=6253; 37=algo20220531133719; 10=240;
8=FIX4.4; 35=8; 34=143; 49=MS; 56=MTHREE; 52=2022-05-31-13:37:21; 55=EGHT; 40=2; 11=algo20220531133719; 31=17.03; 150=2; 39=2; 54=1; 44=17.03; 32=6254; 17=exec20220531133721; 38=12507; 60=2022-05-31-13:37:21; 6=17.03; 14=12507; 37=algo20220531133719; 10=246;
8=FIX4.4; 35=D; 34=96; 49=MTHREE; 56=MS; 52=2022-05-31-13:37:21; 55=AHC; 40=2; 38=14375; 21=2; 11=algo20220531133721; 60=2022-05-31-13:37:21; 54=2; 44=1.40; 10=0252;
8=FIX4.4; 35=8; 34=144; 49=MS; 56=MTHREE; 52=2022-05-31-13:37:21; 55=AHC; 40=2; 11=algo20220531133721; 31=1.40; 150=0; 39=0; 54=2; 44=1.40; 32=0; 17=exec20220531133721; 38=14375; 60=2022-05-31-13:37:21; 6=0; 14=0; 37=algo20220531133721; 10=200;
8=FIX4.4; 35=8; 34=145; 49=MS; 56=MTHREE; 52=2022-05-31-13:37:22; 55=AHC; 40=2; 11=algo20220531133721; 31=1.40; 150=2; 39=2; 54=2; 44=1.40; 32=14375; 17=exec20220531133722; 38=14375; 60=2022-05-31-13:37:22; 6=1.40; 14=14375; 37=algo20220531133721; 10=246;
8=FIX4.4; 35=D; 34=97; 49=MTHREE; 56=MS; 52=2022-05-31-13:37:22; 55=AOS; 40=2; 38=27333; 21=2; 11=algo20220531133722; 60=2022-05-31-13:37:22; 54=2; 44=40.38; 10=0252;
8=FIX4.4; 35=8; 34=146; 49=MS; 56=MTHREE; 52=2022-05-31-13:37:22; 55=AOS; 40=2; 11=algo20220531133722; 31=40.38; 150=0; 39=0; 54=2; 44=40.38; 32=0; 17=exec20220531133722; 38=27333; 60=2022-05-31-13:37:22; 6=0; 14=0; 37=algo20220531133722; 10=200;
8=FIX4.4; 35=F; 34=97; 49=MTHREE; 56=MS; 52=2022-05-31-13:37:22; 41=algo20220531133722; 55=AOS; 38=27333; 11=C_algo20220531133722; 60=2022-05-31-13:37:22; 10=060;
8=FIX4.4; 35=8; 34=146; 49=MS; 56=MTHREE; 52=2022-05-31-13:37:22; 55=AOS; 11=C_algo20220531133722; 31=0; 150=6; 39=6; 54=2; 44=40.38; 17=exec20220531133722; 32=0; 41=algo20220531133722; 38=27333; 60=2022-05-31-13:37:22; 6=0.0; 14=0; 37=algo20220531133722; 10=252;
8=FIX4.4; 35=8; 34=147; 49=MS; 56=MTHREE; 52=2022-05-31-13:37:22; 151=20500; 55=AOS; 11=C_algo20220531133722; 31=0; 150=4; 39=4; 54=2; 17=exec20220531133722; 32=0; 41=algo20220531133722; 38=27333; 60=2022-05-31-13:37:22; 6=0.0; 14=0; 37=algo20220531133722; 10=252;
8=FIX4.4; 35=D; 34=99; 49=MTHREE; 56=MS; 52=2022-05-31-13:37:24; 55=ATEN; 40=2; 38=19953; 21=2; 11=algo20220531133724; 60=2022-05-31-13:37:24; 54=2; 44=6.45; 10=0252;
8=FIX4.4; 35=8; 34=149; 49=MS; 56=MTHREE; 52=2022-05-31-13:37:24; 55=ATEN; 40=2; 11=algo20220531133724; 31=6.45; 150=0; 39=0; 54=2; 44=6.45; 32=0; 17=exec20220531133724; 38=19953; 60=2022-05-31-13:37:24; 6=0; 14=0; 37=algo20220531133724; 10=200;
8=FIX4.4; 35=F; 34=99; 49=MTHREE; 56=MS; 52=2022-05-31-13:37:24; 41=algo20220531133724; 55=ATEN; 38=19953; 11=C_algo20220531133724; 60=2022-05-31-13:37:24; 10=060;
8=FIX4.4; 35=8; 34=149; 49=MS; 56=MTHREE; 52=2022-05-31-13:37:24; 55=ATEN; 11=C_algo20220531133724; 31=0; 150=6; 39=6; 54=2; 44=6.45; 17=exec20220531133724; 32=0; 41=algo20220531133724; 38=19953; 60=2022-05-31-13:37:24; 6=0.0; 14=0; 37=algo20220531133724; 10=252;
8=FIX4.4; 35=8; 34=150; 49=MS; 56=MTHREE; 52=2022-05-31-13:37:24; 151=15963; 55=ATEN; 11=C_algo20220531133724; 31=0; 150=4; 39=4; 54=2; 17=exec20220531133724; 32=0; 41=algo20220531133724; 38=19953; 60=2022-05-31-13:37:24; 6=0.0; 14=0; 37=algo20220531133724; 10=252;
8=FIX4.4; 35=D; 34=101; 49=MTHREE; 56=MS; 52=2022-05-31-13:37:26; 55=AIR; 40=2; 38=6422; 21=2; 11=algo20220531133726; 60=2022-05-31-13:37:26; 54=2; 44=16.31; 10=0252;
8=FIX4.4; 35=8; 34=152; 49=MS; 56=MTHREE; 52=2022-05-31-13:37:26; 55=AIR; 40=2; 11=algo20220531133726; 31=16.31; 150=0; 39=0; 54=2; 44=16.31; 32=0; 17=exec20220531133726; 38=6422; 60=2022-05-31-13:37:26; 6=0; 14=0; 37=algo20220531133726; 10=200;
8=FIX4.4; 35=8; 34=153; 49=MS; 56=MTHREE; 52=2022-05-31-13:37:26; 55=AIR; 40=2; 11=algo20220531133726; 31=16.31; 150=1; 39=1; 54=2; 44=16.31; 32=2140; 17=exec20220531133726; 38=6422; 60=2022-05-31-13:37:26; 6=16.31; 14=2140; 37=algo20220531133726; 10=240;
8=FIX4.4; 35=F; 34=101; 49=MTHREE; 56=MS; 52=2022-05-31-13:37:27; 41=algo20220531133726; 55=AIR; 38=6422; 11=C_algo20220531133726; 60=2022-05-31-13:37:27; 10=060;
8=FIX4.4; 35=8; 34=153; 49=MS; 56=MTHREE; 52=2022-05-31-13:37:27; 55=AIR; 11=C_algo20220531133726; 31=0; 150=6; 39=6; 54=2; 44=16.31; 17=exec20220531133727; 32=0; 41=algo20220531133726; 38=6422; 60=2022-05-31-13:37:27; 6=0.0; 14=2140; 37=algo20220531133726; 10=252;
8=FIX4.4; 35=8; 34=154; 49=MS; 56=MTHREE; 52=2022-05-31-13:37:27; 151=2142; 55=AIR; 11=C_algo20220531133726; 31=0; 150=4; 39=4; 54=2; 17=exec20220531133727; 32=0; 41=algo20220531133726; 38=6422; 60=2022-05-31-13:37:27; 6=0.0; 14=2140; 37=algo20220531133726; 10=252;
8=FIX4.4; 35=D; 34=103; 49=MTHREE; 56=MS; 52=2022-05-31-13:37:29; 55=AAN; 40=2; 38=9414; 21=2; 11=algo20220531133729; 60=2022-05-31-13:37:29; 54=2; 44=25.68; 10=0252;
8=FIX4.4; 35=8; 34=156; 49=MS; 56=MTHREE; 52=2022-05-31-13:37:29; 55=AAN; 40=2; 11=algo20220531133729; 31=25.68; 150=0; 39=0; 54=2; 44=25.68; 32=0; 17=exec20220531133729; 38=9414; 60=2022-05-31-13:37:29; 6=0; 14=0; 37=algo20220531133729; 10=200;
8=FIX4.4; 35=F; 34=103; 49=MTHREE; 56=MS; 52=2022-05-31-13:37:29; 41=algo20220531133729; 55=AAN; 38=9414; 11=C_algo20220531133729; 60=2022-05-31-13:37:29; 10=060;
8=FIX4.4; 35=8; 34=156; 49=MS; 56=MTHREE; 52=2022-05-31-13:37:29; 55=AAN; 11=C_algo20220531133729; 31=0; 150=6; 39=6; 54=2; 44=25.68; 17=exec20220531133729; 32=0; 41=algo20220531133729; 38=9414; 60=2022-05-31-13:37:29; 6=0.0; 14=0; 37=algo20220531133729; 10=252;
8=FIX4.4; 35=8; 34=157; 49=MS; 56=MTHREE; 52=2022-05-31-13:37:29; 151=7061; 55=AAN; 11=C_algo20220531133729; 31=0; 150=4; 39=4; 54=2; 17=exec20220531133729; 32=0; 41=algo20220531133729; 38=9414; 60=2022-05-31-13:37:29; 6=0.0; 14=0; 37=algo20220531133729; 10=252;
8=FIX4.4; 35=D; 34=105; 49=MTHREE; 56=MS; 52=2022-05-31-13:37:31; 55=ABB; 40=2; 38=10607; 21=2; 11=algo20220531133731; 60=2022-05-31-13:37:31; 54=1; 44=17.42; 10=0252;
8=FIX4.4; 35=8; 34=159; 49=MS; 56=MTHREE; 52=2022-05-31-13:37:31; 55=ABB; 40=2; 11=algo20220531133731; 31=17.42; 150=0; 39=0; 54=1; 44=17.42; 32=0; 17=exec20220531133731; 38=10607; 60=2022-05-31-13:37:31; 6=0; 14=0; 37=algo20220531133731; 10=200;
8=FIX4.4; 35=8; 34=160; 49=MS; 56=MTHREE; 52=2022-05-31-13:37:31; 55=ABB; 40=2; 11=algo20220531133731; 31=17.42; 150=1; 39=1; 54=1; 44=17.42; 32=2121; 17=exec20220531133731; 38=10607; 60=2022-05-31-13:37:31; 6=17.42; 14=2121; 37=algo20220531133731; 10=240;
8=FIX4.4; 35=8; 34=161; 49=MS; 56=MTHREE; 52=2022-05-31-13:37:32; 55=ABB; 40=2; 11=algo20220531133731; 31=17.42; 150=1; 39=1; 54=1; 44=17.42; 32=2121; 17=exec20220531133732; 38=10607; 60=2022-05-31-13:37:32; 6=17.42; 14=4242; 37=algo20220531133731; 10=240;
8=FIX4.4; 35=8; 34=162; 49=MS; 56=MTHREE; 52=2022-05-31-13:37:33; 55=ABB; 40=2; 11=algo20220531133731; 31=17.42; 150=1; 39=1; 54=1; 44=17.42; 32=2121; 17=exec20220531133733; 38=10607; 60=2022-05-31-13:37:33; 6=17.42; 14=6363; 37=algo20220531133731; 10=240;
8=FIX4.4; 35=8; 34=163; 49=MS; 56=MTHREE; 52=2022-05-31-13:37:34; 55=ABB; 40=2; 11=algo20220531133731; 31=17.42; 150=1; 39=1; 54=1; 44=17.42; 32=2121; 17=exec20220531133734; 38=10607; 60=2022-05-31-13:37:34; 6=17.42; 14=8484; 37=algo20220531133731; 10=240;
8=FIX4.4; 35=8; 34=164; 49=MS; 56=MTHREE; 52=2022-05-31-13:37:36; 55=ABB; 40=2; 11=algo20220531133731; 31=17.42; 150=2; 39=2; 54=1; 44=17.42; 32=2123; 17=exec20220531133736; 38=10607; 60=2022-05-31-13:37:36; 6=17.42; 14=10607; 37=algo20220531133731; 10=246;
8=FIX4.4; 35=D; 34=106; 49=MTHREE; 56=MS; 52=2022-05-31-13:37:36; 55=ABT; 40=2; 38=13214; 21=2; 11=algo20220531133736; 60=2022-05-31-13:37:36; 54=2; 44=94.04; 10=0252;
8=FIX4.4; 35=8; 34=165; 49=MS; 56=MTHREE; 52=2022-05-31-13:37:36; 55=ABT; 40=2; 11=algo20220531133736; 31=94.04; 150=0; 39=0; 54=2; 44=94.04; 32=0; 17=exec20220531133736; 38=13214; 60=2022-05-31-13:37:36; 6=0; 14=0; 37=algo20220531133736; 10=200;
8=FIX4.4; 35=F; 34=106; 49=MTHREE; 56=MS; 52=2022-05-31-13:37:36; 41=algo20220531133736; 55=ABT; 38=13214; 11=C_algo20220531133736; 60=2022-05-31-13:37:36; 10=060;
8=FIX4.4; 35=8; 34=165; 49=MS; 56=MTHREE; 52=2022-05-31-13:37:36; 55=ABT; 11=C_algo20220531133736; 31=0; 150=6; 39=6; 54=2; 44=94.04; 17=exec20220531133736; 32=0; 41=algo20220531133736; 38=13214; 60=2022-05-31-13:37:36; 6=0.0; 14=0; 37=algo20220531133736; 10=252;
8=FIX4.4; 35=8; 34=166; 49=MS; 56=MTHREE; 52=2022-05-31-13:37:36; 151=9911; 55=ABT; 11=C_algo20220531133736; 31=0; 150=4; 39=4; 54=2; 17=exec20220531133736; 32=0; 41=algo20220531133736; 38=13214; 60=2022-05-31-13:37:36; 6=0.0; 14=0; 37=algo20220531133736; 10=252;
8=FIX4.4; 35=D; 34=108; 49=MTHREE; 56=MS; 52=2022-05-31-13:37:38; 55=ABBV; 40=2; 38=2563; 21=2; 11=algo20220531133738; 60=2022-05-31-13:37:38; 54=1; 44=83.60; 10=0252;
8=FIX4.4; 35=8; 34=168; 49=MS; 56=MTHREE; 52=2022-05-31-13:37:38; 55=ABBV; 40=2; 11=algo20220531133738; 31=83.60; 150=0; 39=0; 54=1; 44=83.60; 32=0; 17=exec20220531133738; 38=2563; 60=2022-05-31-13:37:38; 6=0; 14=0; 37=algo20220531133738; 10=200;
8=FIX4.4; 35=8; 34=169; 49=MS; 56=MTHREE; 52=2022-05-31-13:37:39; 55=ABBV; 40=2; 11=algo20220531133738; 31=83.60; 150=2; 39=2; 54=1; 44=83.60; 32=2563; 17=exec20220531133739; 38=2563; 60=2022-05-31-13:37:39; 6=83.60; 14=2563; 37=algo20220531133738; 10=246;
8=FIX4.4; 35=D; 34=109; 49=MTHREE; 56=MS; 52=2022-05-31-13:37:39; 55=ANF; 40=2; 38=9146; 21=2; 11=algo20220531133739; 60=2022-05-31-13:37:39; 54=1; 44=9.10; 10=0252;
8=FIX4.4; 35=8; 34=170; 49=MS; 56=MTHREE; 52=2022-05-31-13:37:39; 55=ANF; 40=2; 11=algo20220531133739; 31=9.10; 150=0; 39=0; 54=1; 44=9.10; 32=0; 17=exec20220531133739; 38=9146; 60=2022-05-31-13:37:39; 6=0; 14=0; 37=algo20220531133739; 10=200;
8=FIX4.4; 35=8; 34=171; 49=MS; 56=MTHREE; 52=2022-05-31-13:37:39; 55=ANF; 40=2; 11=algo20220531133739; 31=9.10; 150=1; 39=1; 54=1; 44=9.10; 32=1829; 17=exec20220531133739; 38=9146; 60=2022-05-31-13:37:39; 6=9.10; 14=1829; 37=algo20220531133739; 10=240;
8=FIX4.4; 35=F; 34=109; 49=MTHREE; 56=MS; 52=2022-05-31-13:37:40; 41=algo20220531133739; 55=ANF; 38=9146; 11=C_algo20220531133739; 60=2022-05-31-13:37:40; 10=060;
8=FIX4.4; 35=8; 34=171; 49=MS; 56=MTHREE; 52=2022-05-31-13:37:40; 55=ANF; 11=C_algo20220531133739; 31=0; 150=6; 39=6; 54=1; 44=9.10; 17=exec20220531133740; 32=0; 41=algo20220531133739; 38=9146; 60=2022-05-31-13:37:40; 6=0.0; 14=1829; 37=algo20220531133739; 10=252;
8=FIX4.4; 35=8; 34=172; 49=MS; 56=MTHREE; 52=2022-05-31-13:37:40; 151=5488; 55=ANF; 11=C_algo20220531133739; 31=0; 150=4; 39=4; 54=1; 17=exec20220531133740; 32=0; 41=algo20220531133739; 38=9146; 60=2022-05-31-13:37:40; 6=0.0; 14=1829; 37=algo20220531133739; 10=252;
8=FIX4.4; 35=D; 34=111; 49=MTHREE; 56=MS; 52=2022-05-31-13:37:42; 55=ABM; 40=2; 38=21032; 21=2; 11=algo20220531133742; 60=2022-05-31-13:37:42; 54=1; 44=31.64; 10=0252;
8=FIX4.4; 35=8; 34=174; 49=MS; 56=MTHREE; 52=2022-05-31-13:37:42; 55=ABM; 40=2; 11=algo20220531133742; 31=31.64; 150=0; 39=0; 54=1; 44=31.64; 32=0; 17=exec20220531133742; 38=21032; 60=2022-05-31-13:37:42; 6=0; 14=0; 37=algo20220531133742; 10=200;
8=FIX4.4; 35=F; 34=111; 49=MTHREE; 56=MS; 52=2022-05-31-13:37:42; 41=algo20220531133742; 55=ABM; 38=21032; 11=C_algo20220531133742; 60=2022-05-31-13:37:42; 10=060;
8=FIX4.4; 35=8; 34=174; 49=MS; 56=MTHREE; 52=2022-05-31-13:37:42; 55=ABM; 11=C_algo20220531133742; 31=0; 150=6; 39=6; 54=1; 44=31.64; 17=exec20220531133742; 32=0; 41=algo20220531133742; 38=21032; 60=2022-05-31-13:37:42; 6=0.0; 14=0; 37=algo20220531133742; 10=252;
8=FIX4.4; 35=8; 34=175; 49=MS; 56=MTHREE; 52=2022-05-31-13:37:42; 151=10516; 55=ABM; 11=C_algo20220531133742; 31=0; 150=4; 39=4; 54=1; 17=exec20220531133742; 32=0; 41=algo20220531133742; 38=21032; 60=2022-05-31-13:37:42; 6=0.0; 14=0; 37=algo20220531133742; 10=252;
8=FIX4.4; 35=D; 34=113; 49=MTHREE; 56=MS; 52=2022-05-31-13:37:44; 55=AAPL; 40=2; 38=2990; 21=2; 11=algo20220531133744; 60=2022-05-31-13:37:44; 54=2; 44=284.65; 10=0252;
8=FIX4.4; 35=8; 34=177; 49=MS; 56=MTHREE; 52=2022-05-31-13:37:44; 55=AAPL; 40=2; 11=algo20220531133744; 31=284.65; 150=0; 39=0; 54=2; 44=284.65; 32=0; 17=exec20220531133744; 38=2990; 60=2022-05-31-13:37:44; 6=0; 14=0; 37=algo20220531133744; 10=200;
8=FIX4.4; 35=8; 34=178; 49=MS; 56=MTHREE; 52=2022-05-31-13:37:44; 55=AAPL; 40=2; 11=algo20220531133744; 31=284.65; 150=1; 39=1; 54=2; 44=284.65; 32=1495; 17=exec20220531133744; 38=2990; 60=2022-05-31-13:37:44; 6=284.65; 14=1495; 37=algo20220531133744; 10=240;
8=FIX4.4; 35=8; 34=179; 49=MS; 56=MTHREE; 52=2022-05-31-13:37:46; 55=AAPL; 40=2; 11=algo20220531133744; 31=284.65; 150=2; 39=2; 54=2; 44=284.65; 32=1495; 17=exec20220531133746; 38=2990; 60=2022-05-31-13:37:46; 6=284.65; 14=2990; 37=algo20220531133744; 10=246;
8=FIX4.4; 35=D; 34=114; 49=MTHREE; 56=MS; 52=2022-05-31-13:37:46; 55=PEP; 40=2; 38=7625; 21=2; 11=algo20220531133746; 60=2022-05-31-13:37:46; 54=1; 44=45.43; 10=0252;
8=FIX4.4; 35=8; 34=180; 49=MS; 56=MTHREE; 52=2022-05-31-13:37:46; 55=PEP; 40=2; 11=algo20220531133746; 31=45.43; 150=0; 39=0; 54=1; 44=45.43; 32=0; 17=exec20220531133746; 38=7625; 60=2022-05-31-13:37:46; 6=0; 14=0; 37=algo20220531133746; 10=200;
8=FIX4.4; 35=F; 34=114; 49=MTHREE; 56=MS; 52=2022-05-31-13:37:46; 41=algo20220531133746; 55=PEP; 38=7625; 11=C_algo20220531133746; 60=2022-05-31-13:37:46; 10=060;
8=FIX4.4; 35=8; 34=180; 49=MS; 56=MTHREE; 52=2022-05-31-13:37:46; 55=PEP; 11=C_algo20220531133746; 31=0; 150=6; 39=6; 54=1; 44=45.43; 17=exec20220531133746; 32=0; 41=algo20220531133746; 38=7625; 60=2022-05-31-13:37:46; 6=0.0; 14=0; 37=algo20220531133746; 10=252;
8=FIX4.4; 35=8; 34=181; 49=MS; 56=MTHREE; 52=2022-05-31-13:37:46; 151=5719; 55=PEP; 11=C_algo20220531133746; 31=0; 150=4; 39=4; 54=1; 17=exec20220531133746; 32=0; 41=algo20220531133746; 38=7625; 60=2022-05-31-13:37:46; 6=0.0; 14=0; 37=algo20220531133746; 10=252;
8=FIX4.4; 35=D; 34=116; 49=MTHREE; 56=MS; 52=2022-05-31-13:37:48; 55=; 40=2; 38=5492; 21=2; 11=algo20220531133748; 60=2022-05-31-13:37:48; 54=1; 44=; 10=0252;
8=FIX4.4; 35=8; 34=183; 49=MS; 56=MTHREE; 52=2022-05-31-13:37:48; 55=; 40=2; 11=algo20220531133748; 31=; 150=0; 39=0; 54=1; 44=; 32=0; 17=exec20220531133748; 38=5492; 60=2022-05-31-13:37:48; 6=0; 14=0; 37=algo20220531133748; 10=200;
8=FIX4.4; 35=F; 34=116; 49=MTHREE; 56=MS; 52=2022-05-31-13:37:48; 41=algo20220531133748; 55=; 38=5492; 11=C_algo20220531133748; 60=2022-05-31-13:37:48; 10=060;
8=FIX4.4; 35=8; 34=183; 49=MS; 56=MTHREE; 52=2022-05-31-13:37:48; 55=; 11=C_algo20220531133748; 31=0; 150=6; 39=6; 54=1; 44=; 17=exec20220531133748; 32=0; 41=algo20220531133748; 38=5492; 60=2022-05-31-13:37:48; 6=0.0; 14=0; 37=algo20220531133748; 10=252;
8=FIX4.4; 35=8; 34=184; 49=MS; 56=MTHREE; 52=2022-05-31-13:37:48; 151=2746; 55=; 11=C_algo20220531133748; 31=0; 150=4; 39=4; 54=1; 17=exec20220531133748; 32=0; 41=algo20220531133748; 38=5492; 60=2022-05-31-13:37:48; 6=0.0; 14=0; 37=algo20220531133748; 10=252;
