8=FIX4.4; 35=A; 34=1; 49=MTHREE; 56=MS; 52=2022-05-31-13:31:46; 108=30; 10=0015;
8=FIX4.4; 35=A; 34=1; 49=MS; 56=MTHREE; 52=2022-05-31-13:31:46; 108=30; 10=0016;
8=FIX4.4; 35=0; 34=2; 49=MTHREE; 56=MS; 52=2022-05-31-13:31:46; 108=30; 10=0015;
8=FIX4.4; 35=0; 34=2; 49=MS; 56=MTHREE; 52=2022-05-31-13:31:46; 108=30; 10=0015;
8=FIX4.4; 35=0; 34=3; 49=MTHREE; 56=MS; 52=2022-05-31-13:31:48; 108=30; 10=0015;
8=FIX4.4; 35=0; 34=3; 49=MS; 56=MTHREE; 52=2022-05-31-13:31:48; 108=30; 10=0015;
8=FIX4.4; 35=0; 34=4; 49=MTHREE; 56=MS; 52=2022-05-31-13:31:50; 108=30; 10=0015;
8=FIX4.4; 35=0; 34=4; 49=MS; 56=MTHREE; 52=2022-05-31-13:31:50; 108=30; 10=0015;
8=FIX4.4; 35=0; 34=5; 49=MTHREE; 56=MS; 52=2022-05-31-13:31:52; 108=30; 10=0015;
8=FIX4.4; 35=0; 34=5; 49=MS; 56=MTHREE; 52=2022-05-31-13:31:52; 108=30; 10=0015;
8=FIX4.4; 35=0; 34=6; 49=MTHREE; 56=MS; 52=2022-05-31-13:31:54; 108=30; 10=0015;
8=FIX4.4; 35=0; 34=6; 49=MS; 56=MTHREE; 52=2022-05-31-13:31:54; 108=30; 10=0015;
8=FIX4.4; 35=0; 34=7; 49=MTHREE; 56=MS; 52=2022-05-31-13:31:56; 108=30; 10=0015;
8=FIX4.4; 35=0; 34=7; 49=MS; 56=MTHREE; 52=2022-05-31-13:31:56; 108=30; 10=0015;
8=FIX4.4; 35=0; 34=8; 49=MTHREE; 56=MS; 52=2022-05-31-13:31:58; 108=30; 10=0015;
8=FIX4.4; 35=0; 34=8; 49=MS; 56=MTHREE; 52=2022-05-31-13:31:58; 108=30; 10=0015;
8=FIX4.4; 35=0; 34=9; 49=MTHREE; 56=MS; 52=2022-05-31-13:32:00; 108=30; 10=0015;
8=FIX4.4; 35=0; 34=9; 49=MS; 56=MTHREE; 52=2022-05-31-13:32:00; 108=30; 10=0015;
8=FIX4.4; 35=0; 34=10; 49=MTHREE; 56=MS; 52=2022-05-31-13:32:02; 108=30; 10=0015;
8=FIX4.4; 35=0; 34=10; 49=MS; 56=MTHREE; 52=2022-05-31-13:32:02; 108=30; 10=0015;
8=FIX4.4; 35=0; 34=11; 49=MTHREE; 56=MS; 52=2022-05-31-13:32:04; 108=30; 10=0015;
8=FIX4.4; 35=0; 34=11; 49=MS; 56=MTHREE; 52=2022-05-31-13:32:04; 108=30; 10=0015;
8=FIX4.4; 35=0; 34=12; 49=MTHREE; 56=MS; 52=2022-05-31-13:32:06; 108=30; 10=0015;
8=FIX4.4; 35=0; 34=12; 49=MS; 56=MTHREE; 52=2022-05-31-13:32:06; 108=30; 10=0015;
8=FIX4.4; 35=0; 34=13; 49=MTHREE; 56=MS; 52=2022-05-31-13:32:08; 108=30; 10=0015;
8=FIX4.4; 35=0; 34=13; 49=MS; 56=MTHREE; 52=2022-05-31-13:32:08; 108=30; 10=0015;
8=FIX4.4; 35=0; 34=14; 49=MTHREE; 56=MS; 52=2022-05-31-13:32:10; 108=30; 10=0015;
8=FIX4.4; 35=0; 34=14; 49=MS; 56=MTHREE; 52=2022-05-31-13:32:10; 108=30; 10=0015;
8=FIX4.4; 35=0; 34=15; 49=MTHREE; 56=MS; 52=2022-05-31-13:32:12; 108=30; 10=0015;
8=FIX4.4; 35=0; 34=15; 49=MS; 56=MTHREE; 52=2022-05-31-13:32:12; 108=30; 10=0015;
8=FIX4.4; 35=0; 34=16; 49=MTHREE; 56=MS; 52=2022-05-31-13:32:14; 108=30; 10=0015;
8=FIX4.4; 35=0; 34=16; 49=MS; 56=MTHREE; 52=2022-05-31-13:32:14; 108=30; 10=0015;
8=FIX4.4; 35=0; 34=17; 49=MTHREE; 56=MS; 52=2022-05-31-13:32:16; 108=30; 10=0015;
8=FIX4.4; 35=0; 34=17; 49=MS; 56=MTHREE; 52=2022-05-31-13:32:16; 108=30; 10=0015;
8=FIX4.4; 35=0; 34=18; 49=MTHREE; 56=MS; 52=2022-05-31-13:32:18; 108=30; 10=0015;
8=FIX4.4; 35=0; 34=18; 49=MS; 56=MTHREE; 52=2022-05-31-13:32:18; 108=30; 10=0015;
8=FIX4.4; 35=0; 34=19; 49=MTHREE; 56=MS; 52=2022-05-31-13:32:20; 108=30; 10=0015;
8=FIX4.4; 35=0; 34=19; 49=MS; 56=MTHREE; 52=2022-05-31-13:32:20; 108=30; 10=0015;
8=FIX4.4; 35=0; 34=20; 49=MTHREE; 56=MS; 52=2022-05-31-13:32:22; 108=30; 10=0015;
8=FIX4.4; 35=0; 34=20; 49=MS; 56=MTHREE; 52=2022-05-31-13:32:22; 108=30; 10=0015;
8=FIX4.4; 35=0; 34=21; 49=MTHREE; 56=MS; 52=2022-05-31-13:32:24; 108=30; 10=0015;
8=FIX4.4; 35=0; 34=21; 49=MS; 56=MTHREE; 52=2022-05-31-13:32:24; 108=30; 10=0015;
8=FIX4.4; 35=0; 34=22; 49=MTHREE; 56=MS; 52=2022-05-31-13:32:26; 108=30; 10=0015;
8=FIX4.4; 35=0; 34=22; 49=MS; 56=MTHREE; 52=2022-05-31-13:32:26; 108=30; 10=0015;
8=FIX4.4; 35=0; 34=23; 49=MTHREE; 56=MS; 52=2022-05-31-13:32:28; 108=30; 10=0015;
8=FIX4.4; 35=0; 34=23; 49=MS; 56=MTHREE; 52=2022-05-31-13:32:28; 108=30; 10=0015;
8=FIX4.4; 35=0; 34=24; 49=MTHREE; 56=MS; 52=2022-05-31-13:32:30; 108=30; 10=0015;
8=FIX4.4; 35=0; 34=24; 49=MS; 56=MTHREE; 52=2022-05-31-13:32:30; 108=30; 10=0015;
8=FIX4.4; 35=0; 34=25; 49=MTHREE; 56=MS; 52=2022-05-31-13:32:32; 108=30; 10=0015;
8=FIX4.4; 35=0; 34=25; 49=MS; 56=MTHREE; 52=2022-05-31-13:32:32; 108=30; 10=0015;
8=FIX4.4; 35=0; 34=26; 49=MTHREE; 56=MS; 52=2022-05-31-13:32:34; 108=30; 10=0015;
8=FIX4.4; 35=0; 34=26; 49=MS; 56=MTHREE; 52=2022-05-31-13:32:34; 108=30; 10=0015;
8=FIX4.4; 35=0; 34=27; 49=MTHREE; 56=MS; 52=2022-05-31-13:32:36; 108=30; 10=0015;
8=FIX4.4; 35=0; 34=27; 49=MS; 56=MTHREE; 52=2022-05-31-13:32:36; 108=30; 10=0015;
8=FIX4.4; 35=0; 34=28; 49=MTHREE; 56=MS; 52=2022-05-31-13:32:38; 108=30; 10=0015;
8=FIX4.4; 35=0; 34=28; 49=MS; 56=MTHREE; 52=2022-05-31-13:32:38; 108=30; 10=0015;
8=FIX4.4; 35=0; 34=29; 49=MTHREE; 56=MS; 52=2022-05-31-13:32:40; 108=30; 10=0015;
8=FIX4.4; 35=0; 34=29; 49=MS; 56=MTHREE; 52=2022-05-31-13:32:40; 108=30; 10=0015;
8=FIX4.4; 35=0; 34=30; 49=MTHREE; 56=MS; 52=2022-05-31-13:32:42; 108=30; 10=0015;
8=FIX4.4; 35=0; 34=30; 49=MS; 56=MTHREE; 52=2022-05-31-13:32:42; 108=30; 10=0015;
8=FIX4.4; 35=0; 34=31; 49=MTHREE; 56=MS; 52=2022-05-31-13:32:44; 108=30; 10=0015;
8=FIX4.4; 35=0; 34=31; 49=MS; 56=MTHREE; 52=2022-05-31-13:32:44; 108=30; 10=0015;
8=FIX4.4; 35=0; 34=32; 49=MTHREE; 56=MS; 52=2022-05-31-13:32:46; 108=30; 10=0015;
8=FIX4.4; 35=0; 34=32; 49=MS; 56=MTHREE; 52=2022-05-31-13:32:46; 108=30; 10=0015;
8=FIX4.4; 35=0; 34=33; 49=MTHREE; 56=MS; 52=2022-05-31-13:32:48; 108=30; 10=0015;
8=FIX4.4; 35=0; 34=33; 49=MS; 56=MTHREE; 52=2022-05-31-13:32:48; 108=30; 10=0015;
8=FIX4.4; 35=0; 34=34; 49=MTHREE; 56=MS; 52=2022-05-31-13:32:50; 108=30; 10=0015;
8=FIX4.4; 35=0; 34=34; 49=MS; 56=MTHREE; 52=2022-05-31-13:32:50; 108=30; 10=0015;
8=FIX4.4; 35=0; 34=35; 49=MTHREE; 56=MS; 52=2022-05-31-13:32:52; 108=30; 10=0015;
8=FIX4.4; 35=0; 34=35; 49=MS; 56=MTHREE; 52=2022-05-31-13:32:52; 108=30; 10=0015;
8=FIX4.4; 35=0; 34=36; 49=MTHREE; 56=MS; 52=2022-05-31-13:32:54; 108=30; 10=0015;
8=FIX4.4; 35=0; 34=36; 49=MS; 56=MTHREE; 52=2022-05-31-13:32:54; 108=30; 10=0015;
8=FIX4.4; 35=0; 34=37; 49=MTHREE; 56=MS; 52=2022-05-31-13:32:56; 108=30; 10=0015;
8=FIX4.4; 35=0; 34=37; 49=MS; 56=MTHREE; 52=2022-05-31-13:32:56; 108=30; 10=0015;
8=FIX4.4; 35=0; 34=38; 49=MTHREE; 56=MS; 52=2022-05-31-13:32:58; 108=30; 10=0015;
8=FIX4.4; 35=0; 34=38; 49=MS; 56=MTHREE; 52=2022-05-31-13:32:58; 108=30; 10=0015;
8=FIX4.4; 35=0; 34=39; 49=MTHREE; 56=MS; 52=2022-05-31-13:33:00; 108=30; 10=0015;
8=FIX4.4; 35=0; 34=39; 49=MS; 56=MTHREE; 52=2022-05-31-13:33:00; 108=30; 10=0015;
8=FIX4.4; 35=0; 34=40; 49=MTHREE; 56=MS; 52=2022-05-31-13:33:02; 108=30; 10=0015;
8=FIX4.4; 35=0; 34=40; 49=MS; 56=MTHREE; 52=2022-05-31-13:33:02; 108=30; 10=0015;
8=FIX4.4; 35=0; 34=41; 49=MTHREE; 56=MS; 52=2022-05-31-13:33:04; 108=30; 10=0015;
8=FIX4.4; 35=0; 34=41; 49=MS; 56=MTHREE; 52=2022-05-31-13:33:04; 108=30; 10=0015;
8=FIX4.4; 35=0; 34=42; 49=MTHREE; 56=MS; 52=2022-05-31-13:33:06; 108=30; 10=0015;
8=FIX4.4; 35=0; 34=42; 49=MS; 56=MTHREE; 52=2022-05-31-13:33:06; 108=30; 10=0015;
8=FIX4.4; 35=0; 34=43; 49=MTHREE; 56=MS; 52=2022-05-31-13:33:08; 108=30; 10=0015;
8=FIX4.4; 35=0; 34=43; 49=MS; 56=MTHREE; 52=2022-05-31-13:33:08; 108=30; 10=0015;
8=FIX4.4; 35=0; 34=44; 49=MTHREE; 56=MS; 52=2022-05-31-13:33:10; 108=30; 10=0015;
8=FIX4.4; 35=0; 34=44; 49=MS; 56=MTHREE; 52=2022-05-31-13:33:10; 108=30; 10=0015;
8=FIX4.4; 35=0; 34=45; 49=MTHREE; 56=MS; 52=2022-05-31-13:33:12; 108=30; 10=0015;
8=FIX4.4; 35=0; 34=45; 49=MS; 56=MTHREE; 52=2022-05-31-13:33:12; 108=30; 10=0015;
8=FIX4.4; 35=0; 34=46; 49=MTHREE; 56=MS; 52=2022-05-31-13:33:14; 108=30; 10=0015;
8=FIX4.4; 35=0; 34=46; 49=MS; 56=MTHREE; 52=2022-05-31-13:33:14; 108=30; 10=0015;
8=FIX4.4; 35=0; 34=47; 49=MTHREE; 56=MS; 52=2022-05-31-13:33:16; 108=30; 10=0015;
8=FIX4.4; 35=0; 34=47; 49=MS; 56=MTHREE; 52=2022-05-31-13:33:16; 108=30; 10=0015;
8=FIX4.4; 35=0; 34=48; 49=MTHREE; 56=MS; 52=2022-05-31-13:33:18; 108=30; 10=0015;
8=FIX4.4; 35=0; 34=48; 49=MS; 56=MTHREE; 52=2022-05-31-13:33:18; 108=30; 10=0015;
8=FIX4.4; 35=0; 34=49; 49=MTHREE; 56=MS; 52=2022-05-31-13:33:20; 108=30; 10=0015;
8=FIX4.4; 35=0; 34=49; 49=MS; 56=MTHREE; 52=2022-05-31-13:33:20; 108=30; 10=0015;
8=FIX4.4; 35=0; 34=50; 49=MTHREE; 56=MS; 52=2022-05-31-13:33:22; 108=30; 10=0015;
8=FIX4.4; 35=0; 34=50; 49=MS; 56=MTHREE; 52=2022-05-31-13:33:22; 108=30; 10=0015;
8=FIX4.4; 35=0; 34=51; 49=MTHREE; 56=MS; 52=2022-05-31-13:33:24; 108=30; 10=0015;
8=FIX4.4; 35=0; 34=51; 49=MS; 56=MTHREE; 52=2022-05-31-13:33:24; 108=30; 10=0015;
8=FIX4.4; 35=D; 34=52; 49=MTHREE; 56=MS; 52=2022-05-31-13:33:26; 55=AAPL; 40=2; 38=17323; 21=2; 11=algo20220531133326; 60=2022-05-31-13:33:26; 54=1; 44=1276.37; 10=0252;
8=FIX4.4; 35=8; 34=52; 49=MS; 56=MTHREE; 52=2022-05-31-13:33:26; 55=AAPL; 40=2; 11=algo20220531133326; 31=1276.37; 150=0; 39=0; 54=1; 44=1276.37; 32=0; 17=exec20220531133326; 38=17323; 60=2022-05-31-13:33:26; 6=0; 14=0; 37=algo20220531133326; 10=200;
8=FIX4.4; 35=F; 34=52; 49=MTHREE; 56=MS; 52=2022-05-31-13:33:26; 41=algo20220531133326; 55=AAPL; 38=17323; 11=C_algo20220531133326; 60=2022-05-31-13:33:26; 10=060;
8=FIX4.4; 35=8; 34=52; 49=MS; 56=MTHREE; 52=2022-05-31-13:33:26; 55=AAPL; 11=C_algo20220531133326; 31=0; 150=6; 39=6; 54=1; 44=1276.37; 17=exec20220531133326; 32=0; 41=algo20220531133326; 38=17323; 60=2022-05-31-13:33:26; 6=0.0; 14=0; 37=algo20220531133326; 10=252;
8=FIX4.4; 35=8; 34=53; 49=MS; 56=MTHREE; 52=2022-05-31-13:33:26; 151=12993; 55=AAPL; 11=C_algo20220531133326; 31=0; 150=4; 39=4; 54=1; 17=exec20220531133326; 32=0; 41=algo20220531133326; 38=17323; 60=2022-05-31-13:33:26; 6=0.0; 14=0; 37=algo20220531133326; 10=252;
8=FIX4.4; 35=D; 34=54; 49=MTHREE; 56=MS; 52=2022-05-31-13:33:28; 55=MSFT; 40=2; 38=2739; 21=2; 11=algo20220531133328; 60=2022-05-31-13:33:28; 54=2; 44=59.89; 10=0252;
8=FIX4.4; 35=8; 34=55; 49=MS; 56=MTHREE; 52=2022-05-31-13:33:28; 55=MSFT; 40=2; 11=algo20220531133328; 31=59.89; 150=0; 39=0; 54=2; 44=59.89; 32=0; 17=exec20220531133328; 38=2739; 60=2022-05-31-13:33:28; 6=0; 14=0; 37=algo20220531133328; 10=200;
8=FIX4.4; 35=8; 34=56; 49=MS; 56=MTHREE; 52=2022-05-31-13:33:29; 55=MSFT; 40=2; 11=algo20220531133328; 31=59.89; 150=2; 39=2; 54=2; 44=59.89; 32=2739; 17=exec20220531133329; 38=2739; 60=2022-05-31-13:33:29; 6=59.89; 14=2739; 37=algo20220531133328; 10=246;
8=FIX4.4; 35=D; 34=55; 49=MTHREE; 56=MS; 52=2022-05-31-13:33:29; 55=AMZN; 40=2; 38=30754; 21=2; 11=algo20220531133329; 60=2022-05-31-13:33:29; 54=1; 44=133.47; 10=0252;
8=FIX4.4; 35=8; 34=57; 49=MS; 56=MTHREE; 52=2022-05-31-13:33:29; 55=AMZN; 40=2; 11=algo20220531133329; 31=133.47; 150=0; 39=0; 54=1; 44=133.47; 32=0; 17=exec20220531133329; 38=30754; 60=2022-05-31-13:33:29; 6=0; 14=0; 37=algo20220531133329; 10=200;
8=FIX4.4; 35=8; 34=58; 49=MS; 56=MTHREE; 52=2022-05-31-13:33:29; 55=AMZN; 40=2; 11=algo20220531133329; 31=133.47; 150=1; 39=1; 54=1; 44=133.47; 32=10251; 17=exec20220531133329; 38=30754; 60=2022-05-31-13:33:29; 6=133.47; 14=10251; 37=algo20220531133329; 10=240;
8=FIX4.4; 35=8; 34=59; 49=MS; 56=MTHREE; 52=2022-05-31-13:33:30; 55=AMZN; 40=2; 11=algo20220531133329; 31=133.47; 150=1; 39=1; 54=1; 44=133.47; 32=10251; 17=exec20220531133330; 38=30754; 60=2022-05-31-13:33:30; 6=133.47; 14=20502; 37=algo20220531133329; 10=240;
8=FIX4.4; 35=8; 34=60; 49=MS; 56=MTHREE; 52=2022-05-31-13:33:32; 55=AMZN; 40=2; 11=algo20220531133329; 31=133.47; 150=2; 39=2; 54=1; 44=133.47; 32=10252; 17=exec20220531133332; 38=30754; 60=2022-05-31-13:33:32; 6=133.47; 14=30754; 37=algo20220531133329; 10=246;
8=FIX4.4; 35=D; 34=56; 49=MTHREE; 56=MS; 52=2022-05-31-13:33:32; 55=FB; 40=2; 38=31235; 21=2; 11=algo20220531133332; 60=2022-05-31-13:33:32; 54=1; 44=430.62; 10=0252;
8=FIX4.4; 35=8; 34=61; 49=MS; 56=MTHREE; 52=2022-05-31-13:33:32; 55=FB; 40=2; 11=algo20220531133332; 31=430.62; 150=0; 39=0; 54=1; 44=430.62; 32=0; 17=exec20220531133332; 38=31235; 60=2022-05-31-13:33:32; 6=0; 14=0; 37=algo20220531133332; 10=200;
8=FIX4.4; 35=8; 34=62; 49=MS; 56=MTHREE; 52=2022-05-31-13:33:32; 55=FB; 40=2; 11=algo20220531133332; 31=430.62; 150=1; 39=1; 54=1; 44=430.62; 32=6247; 17=exec20220531133332; 38=31235; 60=2022-05-31-13:33:32; 6=430.62; 14=6247; 37=algo20220531133332; 10=240;
8=FIX4.4; 35=F; 34=56; 49=MTHREE; 56=MS; 52=2022-05-31-13:33:33; 41=algo20220531133332; 55=FB; 38=31235; 11=C_algo20220531133332; 60=2022-05-31-13:33:33; 10=060;
8=FIX4.4; 35=8; 34=62; 49=MS; 56=MTHREE; 52=2022-05-31-13:33:33; 55=FB; 11=C_algo20220531133332; 31=0; 150=6; 39=6; 54=1; 44=430.62; 17=exec20220531133333; 32=0; 41=algo20220531133332; 38=31235; 60=2022-05-31-13:33:33; 6=0.0; 14=6247; 37=algo20220531133332; 10=252;
8=FIX4.4; 35=8; 34=63; 49=MS; 56=MTHREE; 52=2022-05-31-13:33:33; 151=18741; 55=FB; 11=C_algo20220531133332; 31=0; 150=4; 39=4; 54=1; 17=exec20220531133333; 32=0; 41=algo20220531133332; 38=31235; 60=2022-05-31-13:33:33; 6=0.0; 14=6247; 37=algo20220531133332; 10=252;
8=FIX4.4; 35=D; 34=58; 49=MTHREE; 56=MS; 52=2022-05-31-13:33:35; 55=GOOG; 40=2; 38=10510; 21=2; 11=algo20220531133335; 60=2022-05-31-13:33:35; 54=2; 44=42.05; 10=0252;
8=FIX4.4; 35=8; 34=65; 49=MS; 56=MTHREE; 52=2022-05-31-13:33:35; 55=GOOG; 40=2; 11=algo20220531133335; 31=42.05; 150=0; 39=0; 54=2; 44=42.05; 32=0; 17=exec20220531133335; 38=10510; 60=2022-05-31-13:33:35; 6=0; 14=0; 37=algo20220531133335; 10=200;
8=FIX4.4; 35=F; 34=58; 49=MTHREE; 56=MS; 52=2022-05-31-13:33:35; 41=algo20220531133335; 55=GOOG; 38=10510; 11=C_algo20220531133335; 60=2022-05-31-13:33:35; 10=060;
8=FIX4.4; 35=8; 34=65; 49=MS; 56=MTHREE; 52=2022-05-31-13:33:35; 55=GOOG; 11=C_algo20220531133335; 31=0; 150=6; 39=6; 54=2; 44=42.05; 17=exec20220531133335; 32=0; 41=algo20220531133335; 38=10510; 60=2022-05-31-13:33:35; 6=0.0; 14=0; 37=algo20220531133335; 10=252;
8=FIX4.4; 35=8; 34=66; 49=MS; 56=MTHREE; 52=2022-05-31-13:33:35; 151=7883; 55=GOOG; 11=C_algo20220531133335; 31=0; 150=4; 39=4; 54=2; 17=exec20220531133335; 32=0; 41=algo20220531133335; 38=10510; 60=2022-05-31-13:33:35; 6=0.0; 14=0; 37=algo20220531133335; 10=252;
8=FIX4.4; 35=D; 34=60; 49=MTHREE; 56=MS; 52=2022-05-31-13:33:37; 55=GOOGL; 40=2; 38=1479; 21=2; 11=algo20220531133337; 60=2022-05-31-13:33:37; 54=1; 44=289.20; 10=0252;
8=FIX4.4; 35=8; 34=68; 49=MS; 56=MTHREE; 52=2022-05-31-13:33:37; 55=GOOGL; 40=2; 11=algo20220531133337; 31=289.20; 150=0; 39=0; 54=1; 44=289.20; 32=0; 17=exec20220531133337; 38=1479; 60=2022-05-31-13:33:37; 6=0; 14=0; 37=algo20220531133337; 10=200;
8=FIX4.4; 35=8; 34=69; 49=MS; 56=MTHREE; 52=2022-05-31-13:33:38; 55=GOOGL; 40=2; 11=algo20220531133337; 31=289.20; 150=2; 39=2; 54=1; 44=289.20; 32=1479; 17=exec20220531133338; 38=1479; 60=2022-05-31-13:33:38; 6=289.20; 14=1479; 37=algo20220531133337; 10=246;
8=FIX4.4; 35=D; 34=61; 49=MTHREE; 56=MS; 52=2022-05-31-13:33:38; 55=INTC; 40=2; 38=3891; 21=2; 11=algo20220531133338; 60=2022-05-31-13:33:38; 54=1; 44=339.13; 10=0252;
8=FIX4.4; 35=8; 34=70; 49=MS; 56=MTHREE; 52=2022-05-31-13:33:38; 55=INTC; 40=2; 11=algo20220531133338; 31=339.13; 150=0; 39=0; 54=1; 44=339.13; 32=0; 17=exec20220531133338; 38=3891; 60=2022-05-31-13:33:38; 6=0; 14=0; 37=algo20220531133338; 10=200;
8=FIX4.4; 35=8; 34=71; 49=MS; 56=MTHREE; 52=2022-05-31-13:33:38; 55=INTC; 40=2; 11=algo20220531133338; 31=339.13; 150=1; 39=1; 54=1; 44=339.13; 32=1297; 17=exec20220531133338; 38=3891; 60=2022-05-31-13:33:38; 6=339.13; 14=1297; 37=algo20220531133338; 10=240;
8=FIX4.4; 35=F; 34=61; 49=MTHREE; 56=MS; 52=2022-05-31-13:33:39; 41=algo20220531133338; 55=INTC; 38=3891; 11=C_algo20220531133338; 60=2022-05-31-13:33:39; 10=060;
8=FIX4.4; 35=8; 34=71; 49=MS; 56=MTHREE; 52=2022-05-31-13:33:39; 55=INTC; 11=C_algo20220531133338; 31=0; 150=6; 39=6; 54=1; 44=339.13; 17=exec20220531133339; 32=0; 41=algo20220531133338; 38=3891; 60=2022-05-31-13:33:39; 6=0.0; 14=1297; 37=algo20220531133338; 10=252;
8=FIX4.4; 35=8; 34=72; 49=MS; 56=MTHREE; 52=2022-05-31-13:33:39; 151=1297; 55=INTC; 11=C_algo20220531133338; 31=0; 150=4; 39=4; 54=1; 17=exec20220531133339; 32=0; 41=algo20220531133338; 38=3891; 60=2022-05-31-13:33:39; 6=0.0; 14=1297; 37=algo20220531133338; 10=252;
8=FIX4.4; 35=D; 34=63; 49=MTHREE; 56=MS; 52=2022-05-31-13:33:41; 55=PEP; 40=2; 38=24222; 21=2; 11=algo20220531133341; 60=2022-05-31-13:33:41; 54=1; 44=36.21; 10=0252;
8=FIX4.4; 35=8; 34=74; 49=MS; 56=MTHREE; 52=2022-05-31-13:33:41; 55=PEP; 40=2; 11=algo20220531133341; 31=36.21; 150=0; 39=0; 54=1; 44=36.21; 32=0; 17=exec20220531133341; 38=24222; 60=2022-05-31-13:33:41; 6=0; 14=0; 37=algo20220531133341; 10=200;
8=FIX4.4; 35=8; 34=75; 49=MS; 56=MTHREE; 52=2022-05-31-13:33:41; 55=PEP; 40=2; 11=algo20220531133341; 31=36.21; 150=1; 39=1; 54=1; 44=36.21; 32=12111; 17=exec20220531133341; 38=24222; 60=2022-05-31-13:33:41; 6=36.21; 14=12111; 37=algo20220531133341; 10=240;
8=FIX4.4; 35=8; 34=76; 49=MS; 56=MTHREE; 52=2022-05-31-13:33:43; 55=PEP; 40=2; 11=algo20220531133341; 31=36.21; 150=2; 39=2; 54=1; 44=36.21; 32=12111; 17=exec20220531133343; 38=24222; 60=2022-05-31-13:33:43; 6=36.21; 14=24222; 37=algo20220531133341; 10=246;
8=FIX4.4; 35=D; 34=64; 49=MTHREE; 56=MS; 52=2022-05-31-13:33:43; 55=NFLX; 40=2; 38=7271; 21=2; 11=algo20220531133343; 60=2022-05-31-13:33:43; 54=2; 44=306.71; 10=0252;
8=FIX4.4; 35=8; 34=77; 49=MS; 56=MTHREE; 52=2022-05-31-13:33:43; 55=NFLX; 40=2; 11=algo20220531133343; 31=306.71; 150=0; 39=0; 54=2; 44=306.71; 32=0; 17=exec20220531133343; 38=7271; 60=2022-05-31-13:33:43; 6=0; 14=0; 37=algo20220531133343; 10=200;
8=FIX4.4; 35=8; 34=78; 49=MS; 56=MTHREE; 52=2022-05-31-13:33:43; 55=NFLX; 40=2; 11=algo20220531133343; 31=306.71; 150=1; 39=1; 54=2; 44=306.71; 32=3635; 17=exec20220531133343; 38=7271; 60=2022-05-31-13:33:43; 6=306.71; 14=3635; 37=algo20220531133343; 10=240;
8=FIX4.4; 35=8; 34=79; 49=MS; 56=MTHREE; 52=2022-05-31-13:33:45; 55=NFLX; 40=2; 11=algo20220531133343; 31=306.71; 150=2; 39=2; 54=2; 44=306.71; 32=3636; 17=exec20220531133345; 38=7271; 60=2022-05-31-13:33:45; 6=306.71; 14=7271; 37=algo20220531133343; 10=246;
8=FIX4.4; 35=D; 34=65; 49=MTHREE; 56=MS; 52=2022-05-31-13:33:45; 55=CSCO; 40=2; 38=12959; 21=2; 11=algo20220531133345; 60=2022-05-31-13:33:45; 54=1; 44=233.73; 10=0252;
8=FIX4.4; 35=8; 34=80; 49=MS; 56=MTHREE; 52=2022-05-31-13:33:45; 55=CSCO; 40=2; 11=algo20220531133345; 31=233.73; 150=0; 39=0; 54=1; 44=233.73; 32=0; 17=exec20220531133345; 38=12959; 60=2022-05-31-13:33:45; 6=0; 14=0; 37=algo20220531133345; 10=200;
8=FIX4.4; 35=8; 34=81; 49=MS; 56=MTHREE; 52=2022-05-31-13:33:45; 55=CSCO; 40=2; 11=algo20220531133345; 31=233.73; 150=1; 39=1; 54=1; 44=233.73; 32=6479; 17=exec20220531133345; 38=12959; 60=2022-05-31-13:33:45; 6=233.73; 14=6479; 37=algo20220531133345; 10=240;
8=FIX4.4; 35=8; 34=82; 49=MS; 56=MTHREE; 52=2022-05-31-13:33:47; 55=CSCO; 40=2; 11=algo20220531133345; 31=233.73; 150=2; 39=2; 54=1; 44=233.73; 32=6480; 17=exec20220531133347; 38=12959; 60=2022-05-31-13:33:47; 6=233.73; 14=12959; 37=algo20220531133345; 10=246;
8=FIX4.4; 35=D; 34=66; 49=MTHREE; 56=MS; 52=2022-05-31-13:33:47; 55=AMGN; 40=2; 38=7345; 21=2; 11=algo20220531133347; 60=2022-05-31-13:33:47; 54=2; 44=116.62; 10=0252;
8=FIX4.4; 35=8; 34=83; 49=MS; 56=MTHREE; 52=2022-05-31-13:33:47; 55=AMGN; 40=2; 11=algo20220531133347; 31=116.62; 150=0; 39=0; 54=2; 44=116.62; 32=0; 17=exec20220531133347; 38=7345; 60=2022-05-31-13:33:47; 6=0; 14=0; 37=algo20220531133347; 10=200;
8=FIX4.4; 35=F; 34=66; 49=MTHREE; 56=MS; 52=2022-05-31-13:33:47; 41=algo20220531133347; 55=AMGN; 38=7345; 11=C_algo20220531133347; 60=2022-05-31-13:33:47; 10=060;
8=FIX4.4; 35=8; 34=83; 49=MS; 56=MTHREE; 52=2022-05-31-13:33:47; 55=AMGN; 11=C_algo20220531133347; 31=0; 150=6; 39=6; 54=2; 44=116.62; 17=exec20220531133347; 32=0; 41=algo20220531133347; 38=7345; 60=2022-05-31-13:33:47; 6=0.0; 14=0; 37=algo20220531133347; 10=252;
8=FIX4.4; 35=8; 34=84; 49=MS; 56=MTHREE; 52=2022-05-31-13:33:47; 151=3673; 55=AMGN; 11=C_algo20220531133347; 31=0; 150=4; 39=4; 54=2; 17=exec20220531133347; 32=0; 41=algo20220531133347; 38=7345; 60=2022-05-31-13:33:47; 6=0.0; 14=0; 37=algo20220531133347; 10=252;
8=FIX4.4; 35=D; 34=68; 49=MTHREE; 56=MS; 52=2022-05-31-13:33:49; 55=PYPL; 40=2; 38=12581; 21=2; 11=algo20220531133349; 60=2022-05-31-13:33:49; 54=2; 44=723.61; 10=0252;
8=FIX4.4; 35=8; 34=86; 49=MS; 56=MTHREE; 52=2022-05-31-13:33:49; 55=PYPL; 40=2; 11=algo20220531133349; 31=723.61; 150=0; 39=0; 54=2; 44=723.61; 32=0; 17=exec20220531133349; 38=12581; 60=2022-05-31-13:33:49; 6=0; 14=0; 37=algo20220531133349; 10=200;
8=FIX4.4; 35=8; 34=87; 49=MS; 56=MTHREE; 52=2022-05-31-13:33:49; 55=PYPL; 40=2; 11=algo20220531133349; 31=723.61; 150=1; 39=1; 54=2; 44=723.61; 32=6290; 17=exec20220531133349; 38=12581; 60=2022-05-31-13:33:49; 6=723.61; 14=6290; 37=algo20220531133349; 10=240;
8=FIX4.4; 35=8; 34=88; 49=MS; 56=MTHREE; 52=2022-05-31-13:33:51; 55=PYPL; 40=2; 11=algo20220531133349; 31=723.61; 150=2; 39=2; 54=2; 44=723.61; 32=6291; 17=exec20220531133351; 38=12581; 60=2022-05-31-13:33:51; 6=723.61; 14=12581; 37=algo20220531133349; 10=246;
8=FIX4.4; 35=D; 34=69; 49=MTHREE; 56=MS; 52=2022-05-31-13:33:51; 55=TSLA; 40=2; 38=25240; 21=2; 11=algo20220531133351; 60=2022-05-31-13:33:51; 54=2; 44=503.77; 10=0252;
8=FIX4.4; 35=8; 34=89; 49=MS; 56=MTHREE; 52=2022-05-31-13:33:51; 55=TSLA; 40=2; 11=algo20220531133351; 31=503.77; 150=0; 39=0; 54=2; 44=503.77; 32=0; 17=exec20220531133351; 38=25240; 60=2022-05-31-13:33:51; 6=0; 14=0; 37=algo20220531133351; 10=200;
8=FIX4.4; 35=F; 34=69; 49=MTHREE; 56=MS; 52=2022-05-31-13:33:51; 41=algo20220531133351; 55=TSLA; 38=25240; 11=C_algo20220531133351; 60=2022-05-31-13:33:51; 10=060;
8=FIX4.4; 35=8; 34=89; 49=MS; 56=MTHREE; 52=2022-05-31-13:33:51; 55=TSLA; 11=C_algo20220531133351; 31=0; 150=6; 39=6; 54=2; 44=503.77; 17=exec20220531133351; 32=0; 41=algo20220531133351; 38=25240; 60=2022-05-31-13:33:51; 6=0.0; 14=0; 37=algo20220531133351; 10=252;
8=FIX4.4; 35=8; 34=90; 49=MS; 56=MTHREE; 52=2022-05-31-13:33:51; 151=16827; 55=TSLA; 11=C_algo20220531133351; 31=0; 150=4; 39=4; 54=2; 17=exec20220531133351; 32=0; 41=algo20220531133351; 38=25240; 60=2022-05-31-13:33:51; 6=0.0; 14=0; 37=algo20220531133351; 10=252;
8=FIX4.4; 35=D; 34=71; 49=MTHREE; 56=MS; 52=2022-05-31-13:33:53; 55=TXN; 40=2; 38=27715; 21=2; 11=algo20220531133353; 60=2022-05-31-13:33:53; 54=2; 44=112.46; 10=0252;
8=FIX4.4; 35=8; 34=92; 49=MS; 56=MTHREE; 52=2022-05-31-13:33:53; 55=TXN; 40=2; 11=algo20220531133353; 31=112.46; 150=0; 39=0; 54=2; 44=112.46; 32=0; 17=exec20220531133353; 38=27715; 60=2022-05-31-13:33:53; 6=0; 14=0; 37=algo20220531133353; 10=200;
8=FIX4.4; 35=F; 34=71; 49=MTHREE; 56=MS; 52=2022-05-31-13:33:53; 41=algo20220531133353; 55=TXN; 38=27715; 11=C_algo20220531133353; 60=2022-05-31-13:33:53; 10=060;
8=FIX4.4; 35=8; 34=92; 49=MS; 56=MTHREE; 52=2022-05-31-13:33:53; 55=TXN; 11=C_algo20220531133353; 31=0; 150=6; 39=6; 54=2; 44=112.46; 17=exec20220531133353; 32=0; 41=algo20220531133353; 38=27715; 60=2022-05-31-13:33:53; 6=0.0; 14=0; 37=algo20220531133353; 10=252;
8=FIX4.4; 35=8; 34=93; 49=MS; 56=MTHREE; 52=2022-05-31-13:33:53; 151=13858; 55=TXN; 11=C_algo20220531133353; 31=0; 150=4; 39=4; 54=2; 17=exec20220531133353; 32=0; 41=algo20220531133353; 38=27715; 60=2022-05-31-13:33:53; 6=0.0; 14=0; 37=algo20220531133353; 10=252;
8=FIX4.4; 35=D; 34=73; 49=MTHREE; 56=MS; 52=2022-05-31-13:33:55; 55=AVGO; 40=2; 38=20968; 21=2; 11=algo20220531133355; 60=2022-05-31-13:33:55; 54=2; 44=262.99; 10=0252;
8=FIX4.4; 35=8; 34=95; 49=MS; 56=MTHREE; 52=2022-05-31-13:33:55; 55=AVGO; 40=2; 11=algo20220531133355; 31=262.99; 150=0; 39=0; 54=2; 44=262.99; 32=0; 17=exec20220531133355; 38=20968; 60=2022-05-31-13:33:55; 6=0; 14=0; 37=algo20220531133355; 10=200;
8=FIX4.4; 35=8; 34=96; 49=MS; 56=MTHREE; 52=2022-05-31-13:33:55; 55=AVGO; 40=2; 11=algo20220531133355; 31=262.99; 150=1; 39=1; 54=2; 44=262.99; 32=6989; 17=exec20220531133355; 38=20968; 60=2022-05-31-13:33:55; 6=262.99; 14=6989; 37=algo20220531133355; 10=240;
8=FIX4.4; 35=8; 34=97; 49=MS; 56=MTHREE; 52=2022-05-31-13:33:56; 55=AVGO; 40=2; 11=algo20220531133355; 31=262.99; 150=1; 39=1; 54=2; 44=262.99; 32=6989; 17=exec20220531133356; 38=20968; 60=2022-05-31-13:33:56; 6=262.99; 14=13978; 37=algo20220531133355; 10=240;
8=FIX4.4; 35=8; 34=98; 49=MS; 56=MTHREE; 52=2022-05-31-13:33:58; 55=AVGO; 40=2; 11=algo20220531133355; 31=262.99; 150=2; 39=2; 54=2; 44=262.99; 32=6990; 17=exec20220531133358; 38=20968; 60=2022-05-31-13:33:58; 6=262.99; 14=20968; 37=algo20220531133355; 10=246;
8=FIX4.4; 35=D; 34=74; 49=MTHREE; 56=MS; 52=2022-05-31-13:33:58; 55=GILD; 40=2; 38=25724; 21=2; 11=algo20220531133358; 60=2022-05-31-13:33:58; 54=1; 44=82.91; 10=0252;
8=FIX4.4; 35=8; 34=99; 49=MS; 56=MTHREE; 52=2022-05-31-13:33:58; 55=GILD; 40=2; 11=algo20220531133358; 31=82.91; 150=0; 39=0; 54=1; 44=82.91; 32=0; 17=exec20220531133358; 38=25724; 60=2022-05-31-13:33:58; 6=0; 14=0; 37=algo20220531133358; 10=200;
8=FIX4.4; 35=8; 34=100; 49=MS; 56=MTHREE; 52=2022-05-31-13:33:58; 55=GILD; 40=2; 11=algo20220531133358; 31=82.91; 150=1; 39=1; 54=1; 44=82.91; 32=8574; 17=exec20220531133358; 38=25724; 60=2022-05-31-13:33:58; 6=82.91; 14=8574; 37=algo20220531133358; 10=240;
8=FIX4.4; 35=F; 34=74; 49=MTHREE; 56=MS; 52=2022-05-31-13:33:59; 41=algo20220531133358; 55=GILD; 38=25724; 11=C_algo20220531133358; 60=2022-05-31-13:33:59; 10=060;
8=FIX4.4; 35=8; 34=100; 49=MS; 56=MTHREE; 52=2022-05-31-13:33:59; 55=GILD; 11=C_algo20220531133358; 31=0; 150=6; 39=6; 54=1; 44=82.91; 17=exec20220531133359; 32=0; 41=algo20220531133358; 38=25724; 60=2022-05-31-13:33:59; 6=0.0; 14=8574; 37=algo20220531133358; 10=252;
8=FIX4.4; 35=8; 34=101; 49=MS; 56=MTHREE; 52=2022-05-31-13:33:59; 151=8576; 55=GILD; 11=C_algo20220531133358; 31=0; 150=4; 39=4; 54=1; 17=exec20220531133359; 32=0; 41=algo20220531133358; 38=25724; 60=2022-05-31-13:33:59; 6=0.0; 14=8574; 37=algo20220531133358; 10=252;
8=FIX4.4; 35=D; 34=76; 49=MTHREE; 56=MS; 52=2022-05-31-13:34:01; 55=SBUX; 40=2; 38=3472; 21=2; 11=algo20220531133401; 60=2022-05-31-13:34:01; 54=2; 44=75.71; 10=0252;
8=FIX4.4; 35=8; 34=103; 49=MS; 56=MTHREE; 52=2022-05-31-13:34:01; 55=SBUX; 40=2; 11=algo20220531133401; 31=75.71; 150=0; 39=0; 54=2; 44=75.71; 32=0; 17=exec20220531133401; 38=3472; 60=2022-05-31-13:34:01; 6=0; 14=0; 37=algo20220531133401; 10=200;
8=FIX4.4; 35=8; 34=104; 49=MS; 56=MTHREE; 52=2022-05-31-13:34:01; 55=SBUX; 40=2; 11=algo20220531133401; 31=75.71; 150=1; 39=1; 54=2; 44=75.71; 32=1736; 17=exec20220531133401; 38=3472; 60=2022-05-31-13:34:01; 6=75.71; 14=1736; 37=algo20220531133401; 10=240;
8=FIX4.4; 35=8; 34=105; 49=MS; 56=MTHREE; 52=2022-05-31-13:34:03; 55=SBUX; 40=2; 11=algo20220531133401; 31=75.71; 150=2; 39=2; 54=2; 44=75.71; 32=1736; 17=exec20220531133403; 38=3472; 60=2022-05-31-13:34:03; 6=75.71; 14=3472; 37=algo20220531133401; 10=246;
8=FIX4.4; 35=D; 34=77; 49=MTHREE; 56=MS; 52=2022-05-31-13:34:03; 55=QCOM; 40=2; 38=12542; 21=2; 11=algo20220531133403; 60=2022-05-31-13:34:03; 54=1; 44=75.47; 10=0252;
8=FIX4.4; 35=8; 34=106; 49=MS; 56=MTHREE; 52=2022-05-31-13:34:03; 55=QCOM; 40=2; 11=algo20220531133403; 31=75.47; 150=0; 39=0; 54=1; 44=75.47; 32=0; 17=exec20220531133403; 38=12542; 60=2022-05-31-13:34:03; 6=0; 14=0; 37=algo20220531133403; 10=200;
8=FIX4.4; 35=8; 34=107; 49=MS; 56=MTHREE; 52=2022-05-31-13:34:03; 55=QCOM; 40=2; 11=algo20220531133403; 31=75.47; 150=1; 39=1; 54=1; 44=75.47; 32=4180; 17=exec20220531133403; 38=12542; 60=2022-05-31-13:34:03; 6=75.47; 14=4180; 37=algo20220531133403; 10=240;
8=FIX4.4; 35=8; 34=108; 49=MS; 56=MTHREE; 52=2022-05-31-13:34:04; 55=QCOM; 40=2; 11=algo20220531133403; 31=75.47; 150=1; 39=1; 54=1; 44=75.47; 32=4180; 17=exec20220531133404; 38=12542; 60=2022-05-31-13:34:04; 6=75.47; 14=8360; 37=algo20220531133403; 10=240;
8=FIX4.4; 35=8; 34=109; 49=MS; 56=MTHREE; 52=2022-05-31-13:34:06; 55=QCOM; 40=2; 11=algo20220531133403; 31=75.47; 150=2; 39=2; 54=1; 44=75.47; 32=4182; 17=exec20220531133406; 38=12542; 60=2022-05-31-13:34:06; 6=75.47; 14=12542; 37=algo20220531133403; 10=246;
8=FIX4.4; 35=D; 34=78; 49=MTHREE; 56=MS; 52=2022-05-31-13:34:06; 55=TMUS; 40=2; 38=5070; 21=2; 11=algo20220531133406; 60=2022-05-31-13:34:06; 54=2; 44=90.74; 10=0252;
8=FIX4.4; 35=8; 34=110; 49=MS; 56=MTHREE; 52=2022-05-31-13:34:06; 55=TMUS; 40=2; 11=algo20220531133406; 31=90.74; 150=0; 39=0; 54=2; 44=90.74; 32=0; 17=exec20220531133406; 38=5070; 60=2022-05-31-13:34:06; 6=0; 14=0; 37=algo20220531133406; 10=200;
8=FIX4.4; 35=F; 34=78; 49=MTHREE; 56=MS; 52=2022-05-31-13:34:06; 41=algo20220531133406; 55=TMUS; 38=5070; 11=C_algo20220531133406; 60=2022-05-31-13:34:06; 10=060;
8=FIX4.4; 35=8; 34=110; 49=MS; 56=MTHREE; 52=2022-05-31-13:34:06; 55=TMUS; 11=C_algo20220531133406; 31=0; 150=6; 39=6; 54=2; 44=90.74; 17=exec20220531133406; 32=0; 41=algo20220531133406; 38=5070; 60=2022-05-31-13:34:06; 6=0.0; 14=0; 37=algo20220531133406; 10=252;
8=FIX4.4; 35=8; 34=111; 49=MS; 56=MTHREE; 52=2022-05-31-13:34:06; 151=3803; 55=TMUS; 11=C_algo20220531133406; 31=0; 150=4; 39=4; 54=2; 17=exec20220531133406; 32=0; 41=algo20220531133406; 38=5070; 60=2022-05-31-13:34:06; 6=0.0; 14=0; 37=algo20220531133406; 10=252;
8=FIX4.4; 35=D; 34=80; 49=MTHREE; 56=MS; 52=2022-05-31-13:34:08; 55=MDLZ; 40=2; 38=27633; 21=2; 11=algo20220531133408; 60=2022-05-31-13:34:08; 54=2; 44=52.26; 10=0252;
8=FIX4.4; 35=8; 34=113; 49=MS; 56=MTHREE; 52=2022-05-31-13:34:08; 55=MDLZ; 40=2; 11=algo20220531133408; 31=52.26; 150=0; 39=0; 54=2; 44=52.26; 32=0; 17=exec20220531133408; 38=27633; 60=2022-05-31-13:34:08; 6=0; 14=0; 37=algo20220531133408; 10=200;
8=FIX4.4; 35=F; 34=80; 49=MTHREE; 56=MS; 52=2022-05-31-13:34:08; 41=algo20220531133408; 55=MDLZ; 38=27633; 11=C_algo20220531133408; 60=2022-05-31-13:34:08; 10=060;
8=FIX4.4; 35=8; 34=113; 49=MS; 56=MTHREE; 52=2022-05-31-13:34:08; 55=MDLZ; 11=C_algo20220531133408; 31=0; 150=6; 39=6; 54=2; 44=52.26; 17=exec20220531133408; 32=0; 41=algo20220531133408; 38=27633; 60=2022-05-31-13:34:08; 6=0.0; 14=0; 37=algo20220531133408; 10=252;
8=FIX4.4; 35=8; 34=114; 49=MS; 56=MTHREE; 52=2022-05-31-13:34:08; 151=18422; 55=MDLZ; 11=C_algo20220531133408; 31=0; 150=4; 39=4; 54=2; 17=exec20220531133408; 32=0; 41=algo20220531133408; 38=27633; 60=2022-05-31-13:34:08; 6=0.0; 14=0; 37=algo20220531133408; 10=252;
8=FIX4.4; 35=D; 34=82; 49=MTHREE; 56=MS; 52=2022-05-31-13:34:10; 55=BAC; 40=2; 38=8987; 21=2; 11=algo20220531133410; 60=2022-05-31-13:34:10; 54=1; 44=22.03; 10=0252;
8=FIX4.4; 35=8; 34=116; 49=MS; 56=MTHREE; 52=2022-05-31-13:34:10; 55=BAC; 40=2; 11=algo20220531133410; 31=22.03; 150=0; 39=0; 54=1; 44=22.03; 32=0; 17=exec20220531133410; 38=8987; 60=2022-05-31-13:34:10; 6=0; 14=0; 37=algo20220531133410; 10=200;
8=FIX4.4; 35=F; 34=82; 49=MTHREE; 56=MS; 52=2022-05-31-13:34:10; 41=algo20220531133410; 55=BAC; 38=8987; 11=C_algo20220531133410; 60=2022-05-31-13:34:10; 10=060;
8=FIX4.4; 35=8; 34=116; 49=MS; 56=MTHREE; 52=2022-05-31-13:34:10; 55=BAC; 11=C_algo20220531133410; 31=0; 150=6; 39=6; 54=1; 44=22.03; 17=exec20220531133410; 32=0; 41=algo20220531133410; 38=8987; 60=2022-05-31-13:34:10; 6=0.0; 14=0; 37=algo20220531133410; 10=252;
8=FIX4.4; 35=8; 34=117; 49=MS; 56=MTHREE; 52=2022-05-31-13:34:10; 151=7190; 55=BAC; 11=C_algo20220531133410; 31=0; 150=4; 39=4; 54=1; 17=exec20220531133410; 32=0; 41=algo20220531133410; 38=8987; 60=2022-05-31-13:34:10; 6=0.0; 14=0; 37=algo20220531133410; 10=252;
8=FIX4.4; 35=D; 34=84; 49=MTHREE; 56=MS; 52=2022-05-31-13:34:12; 55=DDD; 40=2; 38=23471; 21=2; 11=algo20220531133412; 60=2022-05-31-13:34:12; 54=2; 44=8.01; 10=0252;
8=FIX4.4; 35=8; 34=119; 49=MS; 56=MTHREE; 52=2022-05-31-13:34:12; 55=DDD; 40=2; 11=algo20220531133412; 31=8.01; 150=0; 39=0; 54=2; 44=8.01; 32=0; 17=exec20220531133412; 38=23471; 60=2022-05-31-13:34:12; 6=0; 14=0; 37=algo20220531133412; 10=200;
8=FIX4.4; 35=F; 34=84; 49=MTHREE; 56=MS; 52=2022-05-31-13:34:12; 41=algo20220531133412; 55=DDD; 38=23471; 11=C_algo20220531133412; 60=2022-05-31-13:34:12; 10=060;
8=FIX4.4; 35=8; 34=119; 49=MS; 56=MTHREE; 52=2022-05-31-13:34:12; 55=DDD; 11=C_algo20220531133412; 31=0; 150=6; 39=6; 54=2; 44=8.01; 17=exec20220531133412; 32=0; 41=algo20220531133412; 38=23471; 60=2022-05-31-13:34:12; 6=0.0; 14=0; 37=algo20220531133412; 10=252;
8=FIX4.4; 35=8; 34=120; 49=MS; 56=MTHREE; 52=2022-05-31-13:34:12; 151=18777; 55=DDD; 11=C_algo20220531133412; 31=0; 150=4; 39=4; 54=2; 17=exec20220531133412; 32=0; 41=algo20220531133412; 38=23471; 60=2022-05-31-13:34:12; 6=0.0; 14=0; 37=algo20220531133412; 10=252;
8=FIX4.4; 35=D; 34=86; 49=MTHREE; 56=MS; 52=2022-05-31-13:34:14; 55=MMM; 40=2; 38=13453; 21=2; 11=algo20220531133414; 60=2022-05-31-13:34:14; 54=1; 44=146.98; 10=0252;
8=FIX4.4; 35=8; 34=122; 49=MS; 56=MTHREE; 52=2022-05-31-13:34:14; 55=MMM; 40=2; 11=algo20220531133414; 31=146.98; 150=0; 39=0; 54=1; 44=146.98; 32=0; 17=exec20220531133414; 38=13453; 60=2022-05-31-13:34:14; 6=0; 14=0; 37=algo20220531133414; 10=200;
8=FIX4.4; 35=F; 34=86; 49=MTHREE; 56=MS; 52=2022-05-31-13:34:14; 41=algo20220531133414; 55=MMM; 38=13453; 11=C_algo20220531133414; 60=2022-05-31-13:34:14; 10=060;
8=FIX4.4; 35=8; 34=122; 49=MS; 56=MTHREE; 52=2022-05-31-13:34:14; 55=MMM; 11=C_algo20220531133414; 31=0; 150=6; 39=6; 54=1; 44=146.98; 17=exec20220531133414; 32=0; 41=algo20220531133414; 38=13453; 60=2022-05-31-13:34:14; 6=0.0; 14=0; 37=algo20220531133414; 10=252;
8=FIX4.4; 35=8; 34=123; 49=MS; 56=MTHREE; 52=2022-05-31-13:34:14; 151=10090; 55=MMM; 11=C_algo20220531133414; 31=0; 150=4; 39=4; 54=1; 17=exec20220531133414; 32=0; 41=algo20220531133414; 38=13453; 60=2022-05-31-13:34:14; 6=0.0; 14=0; 37=algo20220531133414; 10=252;
8=FIX4.4; 35=D; 34=88; 49=MTHREE; 56=MS; 52=2022-05-31-13:34:16; 55=WBAI; 40=2; 38=12037; 21=2; 11=algo20220531133416; 60=2022-05-31-13:34:16; 54=1; 44=4.10; 10=0252;
8=FIX4.4; 35=8; 34=125; 49=MS; 56=MTHREE; 52=2022-05-31-13:34:16; 55=WBAI; 40=2; 11=algo20220531133416; 31=4.10; 150=0; 39=0; 54=1; 44=4.10; 32=0; 17=exec20220531133416; 38=12037; 60=2022-05-31-13:34:16; 6=0; 14=0; 37=algo20220531133416; 10=200;
8=FIX4.4; 35=F; 34=88; 49=MTHREE; 56=MS; 52=2022-05-31-13:34:16; 41=algo20220531133416; 55=WBAI; 38=12037; 11=C_algo20220531133416; 60=2022-05-31-13:34:16; 10=060;
8=FIX4.4; 35=8; 34=125; 49=MS; 56=MTHREE; 52=2022-05-31-13:34:16; 55=WBAI; 11=C_algo20220531133416; 31=0; 150=6; 39=6; 54=1; 44=4.10; 17=exec20220531133416; 32=0; 41=algo20220531133416; 38=12037; 60=2022-05-31-13:34:16; 6=0.0; 14=0; 37=algo20220531133416; 10=252;
8=FIX4.4; 35=8; 34=126; 49=MS; 56=MTHREE; 52=2022-05-31-13:34:16; 151=8025; 55=WBAI; 11=C_algo20220531133416; 31=0; 150=4; 39=4; 54=1; 17=exec20220531133416; 32=0; 41=algo20220531133416; 38=12037; 60=2022-05-31-13:34:16; 6=0.0; 14=0; 37=algo20220531133416; 10=252;
8=FIX4.4; 35=D; 34=90; 49=MTHREE; 56=MS; 52=2022-05-31-13:34:18; 55=WUBA; 40=2; 38=26214; 21=2; 11=algo20220531133418; 60=2022-05-31-13:34:18; 54=1; 44=51.41; 10=0252;
8=FIX4.4; 35=8; 34=128; 49=MS; 56=MTHREE; 52=2022-05-31-13:34:18; 55=WUBA; 40=2; 11=algo20220531133418; 31=51.41; 150=0; 39=0; 54=1; 44=51.41; 32=0; 17=exec20220531133418; 38=26214; 60=2022-05-31-13:34:18; 6=0; 14=0; 37=algo20220531133418; 10=200;
8=FIX4.4; 35=8; 34=129; 49=MS; 56=MTHREE; 52=2022-05-31-13:34:18; 55=WUBA; 40=2; 11=algo20220531133418; 31=51.41; 150=1; 39=1; 54=1; 44=51.41; 32=8738; 17=exec20220531133418; 38=26214; 60=2022-05-31-13:34:18; 6=51.41; 14=8738; 37=algo20220531133418; 10=240;
8=FIX4.4; 35=F; 34=90; 49=MTHREE; 56=MS; 52=2022-05-31-13:34:19; 41=algo20220531133418; 55=WUBA; 38=26214; 11=C_algo20220531133418; 60=2022-05-31-13:34:19; 10=060;
8=FIX4.4; 35=8; 34=129; 49=MS; 56=MTHREE; 52=2022-05-31-13:34:19; 55=WUBA; 11=C_algo20220531133418; 31=0; 150=6; 39=6; 54=1; 44=51.41; 17=exec20220531133419; 32=0; 41=algo20220531133418; 38=26214; 60=2022-05-31-13:34:19; 6=0.0; 14=8738; 37=algo20220531133418; 10=252;
8=FIX4.4; 35=8; 34=130; 49=MS; 56=MTHREE; 52=2022-05-31-13:34:19; 151=8738; 55=WUBA; 11=C_algo20220531133418; 31=0; 150=4; 39=4; 54=1; 17=exec20220531133419; 32=0; 41=algo20220531133418; 38=26214; 60=2022-05-31-13:34:19; 6=0.0; 14=8738; 37=algo20220531133418; 10=252;
8=FIX4.4; 35=D; 34=92; 49=MTHREE; 56=MS; 52=2022-05-31-13:34:21; 55=EGHT; 40=2; 38=28664; 21=2; 11=algo20220531133421; 60=2022-05-31-13:34:21; 54=2; 44=17.03; 10=0252;
8=FIX4.4; 35=8; 34=132; 49=MS; 56=MTHREE; 52=2022-05-31-13:34:21; 55=EGHT; 40=2; 11=algo20220531133421; 31=17.03; 150=0; 39=0; 54=2; 44=17.03; 32=0; 17=exec20220531133421; 38=28664; 60=2022-05-31-13:34:21; 6=0; 14=0; 37=algo20220531133421; 10=200;
8=FIX4.4; 35=8; 34=133; 49=MS; 56=MTHREE; 52=2022-05-31-13:34:21; 55=EGHT; 40=2; 11=algo20220531133421; 31=17.03; 150=1; 39=1; 54=2; 44=17.03; 32=7166; 17=exec20220531133421; 38=28664; 60=2022-05-31-13:34:21; 6=17.03; 14=7166; 37=algo20220531133421; 10=240;
8=FIX4.4; 35=F; 34=92; 49=MTHREE; 56=MS; 52=2022-05-31-13:34:22; 41=algo20220531133421; 55=EGHT; 38=28664; 11=C_algo20220531133421; 60=2022-05-31-13:34:22; 10=060;
8=FIX4.4; 35=8; 34=133; 49=MS; 56=MTHREE; 52=2022-05-31-13:34:22; 55=EGHT; 11=C_algo20220531133421; 31=0; 150=6; 39=6; 54=2; 44=17.03; 17=exec20220531133422; 32=0; 41=algo20220531133421; 38=28664; 60=2022-05-31-13:34:22; 6=0.0; 14=7166; 37=algo20220531133421; 10=252;
8=FIX4.4; 35=8; 34=134; 49=MS; 56=MTHREE; 52=2022-05-31-13:34:22; 151=14332; 55=EGHT; 11=C_algo20220531133421; 31=0; 150=4; 39=4; 54=2; 17=exec20220531133422; 32=0; 41=algo20220531133421; 38=28664; 60=2022-05-31-13:34:22; 6=0.0; 14=7166; 37=algo20220531133421; 10=252;
8=FIX4.4; 35=D; 34=94; 49=MTHREE; 56=MS; 52=2022-05-31-13:34:24; 55=AHC; 40=2; 38=4494; 21=2; 11=algo20220531133424; 60=2022-05-31-13:34:24; 54=1; 44=1.40; 10=0252;
8=FIX4.4; 35=8; 34=136; 49=MS; 56=MTHREE; 52=2022-05-31-13:34:24; 55=AHC; 40=2; 11=algo20220531133424; 31=1.40; 150=0; 39=0; 54=1; 44=1.40; 32=0; 17=exec20220531133424; 38=4494; 60=2022-05-31-13:34:24; 6=0; 14=0; 37=algo20220531133424; 10=200;
8=FIX4.4; 35=8; 34=137; 49=MS; 56=MTHREE; 52=2022-05-31-13:34:25; 55=AHC; 40=2; 11=algo20220531133424; 31=1.40; 150=2; 39=2; 54=1; 44=1.40; 32=4494; 17=exec20220531133425; 38=4494; 60=2022-05-31-13:34:25; 6=1.40; 14=4494; 37=algo20220531133424; 10=246;
8=FIX4.4; 35=D; 34=95; 49=MTHREE; 56=MS; 52=2022-05-31-13:34:25; 55=AOS; 40=2; 38=13449; 21=2; 11=algo20220531133425; 60=2022-05-31-13:34:25; 54=1; 44=40.38; 10=0252;
8=FIX4.4; 35=8; 34=138; 49=MS; 56=MTHREE; 52=2022-05-31-13:34:25; 55=AOS; 40=2; 11=algo20220531133425; 31=40.38; 150=0; 39=0; 54=1; 44=40.38; 32=0; 17=exec20220531133425; 38=13449; 60=2022-05-31-13:34:25; 6=0; 14=0; 37=algo20220531133425; 10=200;
8=FIX4.4; 35=F; 34=95; 49=MTHREE; 56=MS; 52=2022-05-31-13:34:25; 41=algo20220531133425; 55=AOS; 38=13449; 11=C_algo20220531133425; 60=2022-05-31-13:34:25; 10=060;
8=FIX4.4; 35=8; 34=138; 49=MS; 56=MTHREE; 52=2022-05-31-13:34:25; 55=AOS; 11=C_algo20220531133425; 31=0; 150=6; 39=6; 54=1; 44=40.38; 17=exec20220531133425; 32=0; 41=algo20220531133425; 38=13449; 60=2022-05-31-13:34:25; 6=0.0; 14=0; 37=algo20220531133425; 10=252;
8=FIX4.4; 35=8; 34=139; 49=MS; 56=MTHREE; 52=2022-05-31-13:34:25; 151=10760; 55=AOS; 11=C_algo20220531133425; 31=0; 150=4; 39=4; 54=1; 17=exec20220531133425; 32=0; 41=algo20220531133425; 38=13449; 60=2022-05-31-13:34:25; 6=0.0; 14=0; 37=algo20220531133425; 10=252;
8=FIX4.4; 35=D; 34=97; 49=MTHREE; 56=MS; 52=2022-05-31-13:34:27; 55=ATEN; 40=2; 38=20493; 21=2; 11=algo20220531133427; 60=2022-05-31-13:34:27; 54=1; 44=6.45; 10=0252;
8=FIX4.4; 35=8; 34=141; 49=MS; 56=MTHREE; 52=2022-05-31-13:34:27; 55=ATEN; 40=2; 11=algo20220531133427; 31=6.45; 150=0; 39=0; 54=1; 44=6.45; 32=0; 17=exec20220531133427; 38=20493; 60=2022-05-31-13:34:27; 6=0; 14=0; 37=algo20220531133427; 10=200;
8=FIX4.4; 35=F; 34=97; 49=MTHREE; 56=MS; 52=2022-05-31-13:34:27; 41=algo20220531133427; 55=ATEN; 38=20493; 11=C_algo20220531133427; 60=2022-05-31-13:34:27; 10=060;
8=FIX4.4; 35=8; 34=141; 49=MS; 56=MTHREE; 52=2022-05-31-13:34:27; 55=ATEN; 11=C_algo20220531133427; 31=0; 150=6; 39=6; 54=1; 44=6.45; 17=exec20220531133427; 32=0; 41=algo20220531133427; 38=20493; 60=2022-05-31-13:34:27; 6=0.0; 14=0; 37=algo20220531133427; 10=252;
8=FIX4.4; 35=8; 34=142; 49=MS; 56=MTHREE; 52=2022-05-31-13:34:27; 151=10247; 55=ATEN; 11=C_algo20220531133427; 31=0; 150=4; 39=4; 54=1; 17=exec20220531133427; 32=0; 41=algo20220531133427; 38=20493; 60=2022-05-31-13:34:27; 6=0.0; 14=0; 37=algo20220531133427; 10=252;
8=FIX4.4; 35=D; 34=99; 49=MTHREE; 56=MS; 52=2022-05-31-13:34:29; 55=AIR; 40=2; 38=30553; 21=2; 11=algo20220531133429; 60=2022-05-31-13:34:29; 54=2; 44=16.31; 10=0252;
8=FIX4.4; 35=8; 34=144; 49=MS; 56=MTHREE; 52=2022-05-31-13:34:29; 55=AIR; 40=2; 11=algo20220531133429; 31=16.31; 150=0; 39=0; 54=2; 44=16.31; 32=0; 17=exec20220531133429; 38=30553; 60=2022-05-31-13:34:29; 6=0; 14=0; 37=algo20220531133429; 10=200;
8=FIX4.4; 35=8; 34=145; 49=MS; 56=MTHREE; 52=2022-05-31-13:34:29; 55=AIR; 40=2; 11=algo20220531133429; 31=16.31; 150=1; 39=1; 54=2; 44=16.31; 32=6110; 17=exec20220531133429; 38=30553; 60=2022-05-31-13:34:29; 6=16.31; 14=6110; 37=algo20220531133429; 10=240;
8=FIX4.4; 35=8; 34=146; 49=MS; 56=MTHREE; 52=2022-05-31-13:34:30; 55=AIR; 40=2; 11=algo20220531133429; 31=16.31; 150=1; 39=1; 54=2; 44=16.31; 32=6110; 17=exec20220531133430; 38=30553; 60=2022-05-31-13:34:30; 6=16.31; 14=12220; 37=algo20220531133429; 10=240;
8=FIX4.4; 35=F; 34=99; 49=MTHREE; 56=MS; 52=2022-05-31-13:34:31; 41=algo20220531133429; 55=AIR; 38=30553; 11=C_algo20220531133429; 60=2022-05-31-13:34:31; 10=060;
8=FIX4.4; 35=8; 34=146; 49=MS; 56=MTHREE; 52=2022-05-31-13:34:31; 55=AIR; 11=C_algo20220531133429; 31=0; 150=6; 39=6; 54=2; 44=16.31; 17=exec20220531133431; 32=0; 41=algo20220531133429; 38=30553; 60=2022-05-31-13:34:31; 6=0.0; 14=12220; 37=algo20220531133429; 10=252;
8=FIX4.4; 35=8; 34=147; 49=MS; 56=MTHREE; 52=2022-05-31-13:34:31; 151=12223; 55=AIR; 11=C_algo20220531133429; 31=0; 150=4; 39=4; 54=2; 17=exec20220531133431; 32=0; 41=algo20220531133429; 38=30553; 60=2022-05-31-13:34:31; 6=0.0; 14=12220; 37=algo20220531133429; 10=252;
8=FIX4.4; 35=D; 34=101; 49=MTHREE; 56=MS; 52=2022-05-31-13:34:33; 55=AAN; 40=2; 38=12222; 21=2; 11=algo20220531133434; 60=2022-05-31-13:34:33; 54=1; 44=25.68; 10=0252;
8=FIX4.4; 35=8; 34=149; 49=MS; 56=MTHREE; 52=2022-05-31-13:34:33; 55=AAN; 40=2; 11=algo20220531133434; 31=25.68; 150=0; 39=0; 54=1; 44=25.68; 32=0; 17=exec20220531133434; 38=12222; 60=2022-05-31-13:34:33; 6=0; 14=0; 37=algo20220531133434; 10=200;
8=FIX4.4; 35=F; 34=101; 49=MTHREE; 56=MS; 52=2022-05-31-13:34:34; 41=algo20220531133434; 55=AAN; 38=12222; 11=C_algo20220531133434; 60=2022-05-31-13:34:34; 10=060;
8=FIX4.4; 35=8; 34=149; 49=MS; 56=MTHREE; 52=2022-05-31-13:34:34; 55=AAN; 11=C_algo20220531133434; 31=0; 150=6; 39=6; 54=1; 44=25.68; 17=exec20220531133434; 32=0; 41=algo20220531133434; 38=12222; 60=2022-05-31-13:34:34; 6=0.0; 14=0; 37=algo20220531133434; 10=252;
8=FIX4.4; 35=8; 34=150; 49=MS; 56=MTHREE; 52=2022-05-31-13:34:34; 151=9778; 55=AAN; 11=C_algo20220531133434; 31=0; 150=4; 39=4; 54=1; 17=exec20220531133434; 32=0; 41=algo20220531133434; 38=12222; 60=2022-05-31-13:34:34; 6=0.0; 14=0; 37=algo20220531133434; 10=252;
8=FIX4.4; 35=D; 34=103; 49=MTHREE; 56=MS; 52=2022-05-31-13:34:36; 55=ABB; 40=2; 38=25166; 21=2; 11=algo20220531133436; 60=2022-05-31-13:34:36; 54=2; 44=17.42; 10=0252;
8=FIX4.4; 35=8; 34=152; 49=MS; 56=MTHREE; 52=2022-05-31-13:34:36; 55=ABB; 40=2; 11=algo20220531133436; 31=17.42; 150=0; 39=0; 54=2; 44=17.42; 32=0; 17=exec20220531133436; 38=25166; 60=2022-05-31-13:34:36; 6=0; 14=0; 37=algo20220531133436; 10=200;
8=FIX4.4; 35=8; 34=153; 49=MS; 56=MTHREE; 52=2022-05-31-13:34:37; 55=ABB; 40=2; 11=algo20220531133436; 31=17.42; 150=2; 39=2; 54=2; 44=17.42; 32=25166; 17=exec20220531133437; 38=25166; 60=2022-05-31-13:34:37; 6=17.42; 14=25166; 37=algo20220531133436; 10=246;
8=FIX4.4; 35=D; 34=104; 49=MTHREE; 56=MS; 52=2022-05-31-13:34:37; 55=ABT; 40=2; 38=26337; 21=2; 11=algo20220531133437; 60=2022-05-31-13:34:37; 54=1; 44=94.04; 10=0252;
8=FIX4.4; 35=8; 34=154; 49=MS; 56=MTHREE; 52=2022-05-31-13:34:37; 55=ABT; 40=2; 11=algo20220531133437; 31=94.04; 150=0; 39=0; 54=1; 44=94.04; 32=0; 17=exec20220531133437; 38=26337; 60=2022-05-31-13:34:37; 6=0; 14=0; 37=algo20220531133437; 10=200;
8=FIX4.4; 35=8; 34=155; 49=MS; 56=MTHREE; 52=2022-05-31-13:34:37; 55=ABT; 40=2; 11=algo20220531133437; 31=94.04; 150=1; 39=1; 54=1; 44=94.04; 32=8779; 17=exec20220531133437; 38=26337; 60=2022-05-31-13:34:37; 6=94.04; 14=8779; 37=algo20220531133437; 10=240;
8=FIX4.4; 35=F; 34=104; 49=MTHREE; 56=MS; 52=2022-05-31-13:34:38; 41=algo20220531133437; 55=ABT; 38=26337; 11=C_algo20220531133437; 60=2022-05-31-13:34:38; 10=060;
8=FIX4.4; 35=8; 34=155; 49=MS; 56=MTHREE; 52=2022-05-31-13:34:38; 55=ABT; 11=C_algo20220531133437; 31=0; 150=6; 39=6; 54=1; 44=94.04; 17=exec20220531133438; 32=0; 41=algo20220531133437; 38=26337; 60=2022-05-31-13:34:38; 6=0.0; 14=8779; 37=algo20220531133437; 10=252;
8=FIX4.4; 35=8; 34=156; 49=MS; 56=MTHREE; 52=2022-05-31-13:34:38; 151=8779; 55=ABT; 11=C_algo20220531133437; 31=0; 150=4; 39=4; 54=1; 17=exec20220531133438; 32=0; 41=algo20220531133437; 38=26337; 60=2022-05-31-13:34:38; 6=0.0; 14=8779; 37=algo20220531133437; 10=252;
8=FIX4.4; 35=D; 34=106; 49=MTHREE; 56=MS; 52=2022-05-31-13:34:40; 55=ABBV; 40=2; 38=11472; 21=2; 11=algo20220531133440; 60=2022-05-31-13:34:40; 54=1; 44=83.60; 10=0252;
8=FIX4.4; 35=8; 34=158; 49=MS; 56=MTHREE; 52=2022-05-31-13:34:40; 55=ABBV; 40=2; 11=algo20220531133440; 31=83.60; 150=0; 39=0; 54=1; 44=83.60; 32=0; 17=exec20220531133440; 38=11472; 60=2022-05-31-13:34:40; 6=0; 14=0; 37=algo20220531133440; 10=200;
8=FIX4.4; 35=8; 34=159; 49=MS; 56=MTHREE; 52=2022-05-31-13:34:41; 55=ABBV; 40=2; 11=algo20220531133440; 31=83.60; 150=2; 39=2; 54=1; 44=83.60; 32=11472; 17=exec20220531133441; 38=11472; 60=2022-05-31-13:34:41; 6=83.60; 14=11472; 37=algo20220531133440; 10=246;
8=FIX4.4; 35=D; 34=107; 49=MTHREE; 56=MS; 52=2022-05-31-13:34:41; 55=ANF; 40=2; 38=28669; 21=2; 11=algo20220531133441; 60=2022-05-31-13:34:41; 54=2; 44=9.10; 10=0252;
8=FIX4.4; 35=8; 34=160; 49=MS; 56=MTHREE; 52=2022-05-31-13:34:41; 55=ANF; 40=2; 11=algo20220531133441; 31=9.10; 150=0; 39=0; 54=2; 44=9.10; 32=0; 17=exec20220531133441; 38=28669; 60=2022-05-31-13:34:41; 6=0; 14=0; 37=algo20220531133441; 10=200;
8=FIX4.4; 35=8; 34=161; 49=MS; 56=MTHREE; 52=2022-05-31-13:34:42; 55=ANF; 40=2; 11=algo20220531133441; 31=9.10; 150=2; 39=2; 54=2; 44=9.10; 32=28669; 17=exec20220531133442; 38=28669; 60=2022-05-31-13:34:42; 6=9.10; 14=28669; 37=algo20220531133441; 10=246;
8=FIX4.4; 35=D; 34=108; 49=MTHREE; 56=MS; 52=2022-05-31-13:34:42; 55=ABM; 40=2; 38=30965; 21=2; 11=algo20220531133442; 60=2022-05-31-13:34:42; 54=1; 44=31.64; 10=0252;
8=FIX4.4; 35=8; 34=162; 49=MS; 56=MTHREE; 52=2022-05-31-13:34:42; 55=ABM; 40=2; 11=algo20220531133442; 31=31.64; 150=0; 39=0; 54=1; 44=31.64; 32=0; 17=exec20220531133442; 38=30965; 60=2022-05-31-13:34:42; 6=0; 14=0; 37=algo20220531133442; 10=200;
8=FIX4.4; 35=8; 34=163; 49=MS; 56=MTHREE; 52=2022-05-31-13:34:42; 55=ABM; 40=2; 11=algo20220531133442; 31=31.64; 150=1; 39=1; 54=1; 44=31.64; 32=10321; 17=exec20220531133442; 38=30965; 60=2022-05-31-13:34:42; 6=31.64; 14=10321; 37=algo20220531133442; 10=240;
8=FIX4.4; 35=F; 34=108; 49=MTHREE; 56=MS; 52=2022-05-31-13:34:43; 41=algo20220531133442; 55=ABM; 38=30965; 11=C_algo20220531133442; 60=2022-05-31-13:34:43; 10=060;
8=FIX4.4; 35=8; 34=163; 49=MS; 56=MTHREE; 52=2022-05-31-13:34:43; 55=ABM; 11=C_algo20220531133442; 31=0; 150=6; 39=6; 54=1; 44=31.64; 17=exec20220531133443; 32=0; 41=algo20220531133442; 38=30965; 60=2022-05-31-13:34:43; 6=0.0; 14=10321; 37=algo20220531133442; 10=252;
8=FIX4.4; 35=8; 34=164; 49=MS; 56=MTHREE; 52=2022-05-31-13:34:43; 151=10323; 55=ABM; 11=C_algo20220531133442; 31=0; 150=4; 39=4; 54=1; 17=exec20220531133443; 32=0; 41=algo20220531133442; 38=30965; 60=2022-05-31-13:34:43; 6=0.0; 14=10321; 37=algo20220531133442; 10=252;
8=FIX4.4; 35=D; 34=110; 49=MTHREE; 56=MS; 52=2022-05-31-13:34:45; 55=AAPL; 40=2; 38=26981; 21=2; 11=algo20220531133445; 60=2022-05-31-13:34:45; 54=1; 44=284.65; 10=0252;
8=FIX4.4; 35=8; 34=166; 49=MS; 56=MTHREE; 52=2022-05-31-13:34:45; 55=AAPL; 40=2; 11=algo20220531133445; 31=284.65; 150=0; 39=0; 54=1; 44=284.65; 32=0; 17=exec20220531133445; 38=26981; 60=2022-05-31-13:34:45; 6=0; 14=0; 37=algo20220531133445; 10=200;
8=FIX4.4; 35=8; 34=167; 49=MS; 56=MTHREE; 52=2022-05-31-13:34:45; 55=AAPL; 40=2; 11=algo20220531133445; 31=284.65; 150=1; 39=1; 54=1; 44=284.65; 32=6745; 17=exec20220531133445; 38=26981; 60=2022-05-31-13:34:45; 6=284.65; 14=6745; 37=algo20220531133445; 10=240;
8=FIX4.4; 35=F; 34=110; 49=MTHREE; 56=MS; 52=2022-05-31-13:34:46; 41=algo20220531133445; 55=AAPL; 38=26981; 11=C_algo20220531133445; 60=2022-05-31-13:34:46; 10=060;
8=FIX4.4; 35=8; 34=167; 49=MS; 56=MTHREE; 52=2022-05-31-13:34:46; 55=AAPL; 11=C_algo20220531133445; 31=0; 150=6; 39=6; 54=1; 44=284.65; 17=exec20220531133446; 32=0; 41=algo20220531133445; 38=26981; 60=2022-05-31-13:34:46; 6=0.0; 14=6745; 37=algo20220531133445; 10=252;
8=FIX4.4; 35=8; 34=168; 49=MS; 56=MTHREE; 52=2022-05-31-13:34:46; 151=13491; 55=AAPL; 11=C_algo20220531133445; 31=0; 150=4; 39=4; 54=1; 17=exec20220531133446; 32=0; 41=algo20220531133445; 38=26981; 60=2022-05-31-13:34:46; 6=0.0; 14=6745; 37=algo20220531133445; 10=252;
8=FIX4.4; 35=D; 34=112; 49=MTHREE; 56=MS; 52=2022-05-31-13:34:48; 55=PEP; 40=2; 38=32370; 21=2; 11=algo20220531133448; 60=2022-05-31-13:34:48; 54=2; 44=45.43; 10=0252;
8=FIX4.4; 35=8; 34=170; 49=MS; 56=MTHREE; 52=2022-05-31-13:34:48; 55=PEP; 40=2; 11=algo20220531133448; 31=45.43; 150=0; 39=0; 54=2; 44=45.43; 32=0; 17=exec20220531133448; 38=32370; 60=2022-05-31-13:34:48; 6=0; 14=0; 37=algo20220531133448; 10=200;
8=FIX4.4; 35=F; 34=112; 49=MTHREE; 56=MS; 52=2022-05-31-13:34:48; 41=algo20220531133448; 55=PEP; 38=32370; 11=C_algo20220531133448; 60=2022-05-31-13:34:48; 10=060;
8=FIX4.4; 35=8; 34=170; 49=MS; 56=MTHREE; 52=2022-05-31-13:34:48; 55=PEP; 11=C_algo20220531133448; 31=0; 150=6; 39=6; 54=2; 44=45.43; 17=exec20220531133448; 32=0; 41=algo20220531133448; 38=32370; 60=2022-05-31-13:34:48; 6=0.0; 14=0; 37=algo20220531133448; 10=252;
8=FIX4.4; 35=8; 34=171; 49=MS; 56=MTHREE; 52=2022-05-31-13:34:48; 151=16185; 55=PEP; 11=C_algo20220531133448; 31=0; 150=4; 39=4; 54=2; 17=exec20220531133448; 32=0; 41=algo20220531133448; 38=32370; 60=2022-05-31-13:34:48; 6=0.0; 14=0; 37=algo20220531133448; 10=252;
8=FIX4.4; 35=D; 34=114; 49=MTHREE; 56=MS; 52=2022-05-31-13:34:50; 55=; 40=2; 38=2584; 21=2; 11=algo20220531133450; 60=2022-05-31-13:34:50; 54=1; 44=; 10=0252;
8=FIX4.4; 35=8; 34=173; 49=MS; 56=MTHREE; 52=2022-05-31-13:34:50; 55=; 40=2; 11=algo20220531133450; 31=; 150=0; 39=0; 54=1; 44=; 32=0; 17=exec20220531133450; 38=2584; 60=2022-05-31-13:34:50; 6=0; 14=0; 37=algo20220531133450; 10=200;
8=FIX4.4; 35=8; 34=174; 49=MS; 56=MTHREE; 52=2022-05-31-13:34:50; 55=; 40=2; 11=algo20220531133450; 31=; 150=1; 39=1; 54=1; 44=; 32=861; 17=exec20220531133450; 38=2584; 60=2022-05-31-13:34:50; 6=; 14=861; 37=algo20220531133450; 10=240;
8=FIX4.4; 35=F; 34=114; 49=MTHREE; 56=MS; 52=2022-05-31-13:34:51; 41=algo20220531133450; 55=; 38=2584; 11=C_algo20220531133450; 60=2022-05-31-13:34:51; 10=060;
8=FIX4.4; 35=8; 34=174; 49=MS; 56=MTHREE; 52=2022-05-31-13:34:51; 55=; 11=C_algo20220531133450; 31=0; 150=6; 39=6; 54=1; 44=; 17=exec20220531133451; 32=0; 41=algo20220531133450; 38=2584; 60=2022-05-31-13:34:51; 6=0.0; 14=861; 37=algo20220531133450; 10=252;
8=FIX4.4; 35=8; 34=175; 49=MS; 56=MTHREE; 52=2022-05-31-13:34:51; 151=862; 55=; 11=C_algo20220531133450; 31=0; 150=4; 39=4; 54=1; 17=exec20220531133451; 32=0; 41=algo20220531133450; 38=2584; 60=2022-05-31-13:34:51; 6=0.0; 14=861; 37=algo20220531133450; 10=252;
