8=FIX4.4; 35=A; 34=1; 49=MTHREE; 56=MS; 52=2022-05-31-12:54:20; 108=30; 10=0015;
8=FIX4.4; 35=A; 34=1; 49=MS; 56=MTHREE; 52=2022-05-31-12:54:20; 108=30; 10=0016;
8=FIX4.4; 35=0; 34=2; 49=MTHREE; 56=MS; 52=2022-05-31-12:54:20; 108=30; 10=0015;
8=FIX4.4; 35=0; 34=2; 49=MS; 56=MTHREE; 52=2022-05-31-12:54:20; 108=30; 10=0015;
8=FIX4.4; 35=0; 34=3; 49=MTHREE; 56=MS; 52=2022-05-31-12:54:22; 108=30; 10=0015;
8=FIX4.4; 35=0; 34=3; 49=MS; 56=MTHREE; 52=2022-05-31-12:54:22; 108=30; 10=0015;
8=FIX4.4; 35=0; 34=4; 49=MTHREE; 56=MS; 52=2022-05-31-12:54:24; 108=30; 10=0015;
8=FIX4.4; 35=0; 34=4; 49=MS; 56=MTHREE; 52=2022-05-31-12:54:24; 108=30; 10=0015;
8=FIX4.4; 35=0; 34=5; 49=MTHREE; 56=MS; 52=2022-05-31-12:54:26; 108=30; 10=0015;
8=FIX4.4; 35=0; 34=5; 49=MS; 56=MTHREE; 52=2022-05-31-12:54:26; 108=30; 10=0015;
8=FIX4.4; 35=0; 34=6; 49=MTHREE; 56=MS; 52=2022-05-31-12:54:28; 108=30; 10=0015;
8=FIX4.4; 35=0; 34=6; 49=MS; 56=MTHREE; 52=2022-05-31-12:54:28; 108=30; 10=0015;
8=FIX4.4; 35=0; 34=7; 49=MTHREE; 56=MS; 52=2022-05-31-12:54:30; 108=30; 10=0015;
8=FIX4.4; 35=0; 34=7; 49=MS; 56=MTHREE; 52=2022-05-31-12:54:30; 108=30; 10=0015;
8=FIX4.4; 35=0; 34=8; 49=MTHREE; 56=MS; 52=2022-05-31-12:54:32; 108=30; 10=0015;
8=FIX4.4; 35=0; 34=8; 49=MS; 56=MTHREE; 52=2022-05-31-12:54:32; 108=30; 10=0015;
8=FIX4.4; 35=0; 34=9; 49=MTHREE; 56=MS; 52=2022-05-31-12:54:34; 108=30; 10=0015;
8=FIX4.4; 35=0; 34=9; 49=MS; 56=MTHREE; 52=2022-05-31-12:54:34; 108=30; 10=0015;
8=FIX4.4; 35=0; 34=10; 49=MTHREE; 56=MS; 52=2022-05-31-12:54:36; 108=30; 10=0015;
8=FIX4.4; 35=0; 34=10; 49=MS; 56=MTHREE; 52=2022-05-31-12:54:36; 108=30; 10=0015;
8=FIX4.4; 35=0; 34=11; 49=MTHREE; 56=MS; 52=2022-05-31-12:54:38; 108=30; 10=0015;
8=FIX4.4; 35=0; 34=11; 49=MS; 56=MTHREE; 52=2022-05-31-12:54:38; 108=30; 10=0015;
8=FIX4.4; 35=0; 34=12; 49=MTHREE; 56=MS; 52=2022-05-31-12:54:40; 108=30; 10=0015;
8=FIX4.4; 35=0; 34=12; 49=MS; 56=MTHREE; 52=2022-05-31-12:54:40; 108=30; 10=0015;
8=FIX4.4; 35=0; 34=13; 49=MTHREE; 56=MS; 52=2022-05-31-12:54:42; 108=30; 10=0015;
8=FIX4.4; 35=0; 34=13; 49=MS; 56=MTHREE; 52=2022-05-31-12:54:42; 108=30; 10=0015;
8=FIX4.4; 35=0; 34=14; 49=MTHREE; 56=MS; 52=2022-05-31-12:54:44; 108=30; 10=0015;
8=FIX4.4; 35=0; 34=14; 49=MS; 56=MTHREE; 52=2022-05-31-12:54:44; 108=30; 10=0015;
8=FIX4.4; 35=0; 34=15; 49=MTHREE; 56=MS; 52=2022-05-31-12:54:46; 108=30; 10=0015;
8=FIX4.4; 35=0; 34=15; 49=MS; 56=MTHREE; 52=2022-05-31-12:54:46; 108=30; 10=0015;
8=FIX4.4; 35=0; 34=16; 49=MTHREE; 56=MS; 52=2022-05-31-12:54:48; 108=30; 10=0015;
8=FIX4.4; 35=0; 34=16; 49=MS; 56=MTHREE; 52=2022-05-31-12:54:48; 108=30; 10=0015;
8=FIX4.4; 35=0; 34=17; 49=MTHREE; 56=MS; 52=2022-05-31-12:54:50; 108=30; 10=0015;
8=FIX4.4; 35=0; 34=17; 49=MS; 56=MTHREE; 52=2022-05-31-12:54:50; 108=30; 10=0015;
8=FIX4.4; 35=0; 34=18; 49=MTHREE; 56=MS; 52=2022-05-31-12:54:52; 108=30; 10=0015;
8=FIX4.4; 35=0; 34=18; 49=MS; 56=MTHREE; 52=2022-05-31-12:54:52; 108=30; 10=0015;
8=FIX4.4; 35=0; 34=19; 49=MTHREE; 56=MS; 52=2022-05-31-12:54:54; 108=30; 10=0015;
8=FIX4.4; 35=0; 34=19; 49=MS; 56=MTHREE; 52=2022-05-31-12:54:54; 108=30; 10=0015;
8=FIX4.4; 35=0; 34=20; 49=MTHREE; 56=MS; 52=2022-05-31-12:54:56; 108=30; 10=0015;
8=FIX4.4; 35=0; 34=20; 49=MS; 56=MTHREE; 52=2022-05-31-12:54:56; 108=30; 10=0015;
8=FIX4.4; 35=0; 34=21; 49=MTHREE; 56=MS; 52=2022-05-31-12:54:58; 108=30; 10=0015;
8=FIX4.4; 35=0; 34=21; 49=MS; 56=MTHREE; 52=2022-05-31-12:54:58; 108=30; 10=0015;
8=FIX4.4; 35=0; 34=22; 49=MTHREE; 56=MS; 52=2022-05-31-12:55:00; 108=30; 10=0015;
8=FIX4.4; 35=0; 34=22; 49=MS; 56=MTHREE; 52=2022-05-31-12:55:00; 108=30; 10=0015;
8=FIX4.4; 35=0; 34=23; 49=MTHREE; 56=MS; 52=2022-05-31-12:55:02; 108=30; 10=0015;
8=FIX4.4; 35=0; 34=23; 49=MS; 56=MTHREE; 52=2022-05-31-12:55:02; 108=30; 10=0015;
8=FIX4.4; 35=0; 34=24; 49=MTHREE; 56=MS; 52=2022-05-31-12:55:04; 108=30; 10=0015;
8=FIX4.4; 35=0; 34=24; 49=MS; 56=MTHREE; 52=2022-05-31-12:55:04; 108=30; 10=0015;
8=FIX4.4; 35=0; 34=25; 49=MTHREE; 56=MS; 52=2022-05-31-12:55:06; 108=30; 10=0015;
8=FIX4.4; 35=0; 34=25; 49=MS; 56=MTHREE; 52=2022-05-31-12:55:06; 108=30; 10=0015;
8=FIX4.4; 35=0; 34=26; 49=MTHREE; 56=MS; 52=2022-05-31-12:55:08; 108=30; 10=0015;
8=FIX4.4; 35=0; 34=26; 49=MS; 56=MTHREE; 52=2022-05-31-12:55:08; 108=30; 10=0015;
8=FIX4.4; 35=0; 34=27; 49=MTHREE; 56=MS; 52=2022-05-31-12:55:10; 108=30; 10=0015;
8=FIX4.4; 35=0; 34=27; 49=MS; 56=MTHREE; 52=2022-05-31-12:55:10; 108=30; 10=0015;
8=FIX4.4; 35=0; 34=28; 49=MTHREE; 56=MS; 52=2022-05-31-12:55:12; 108=30; 10=0015;
8=FIX4.4; 35=0; 34=28; 49=MS; 56=MTHREE; 52=2022-05-31-12:55:12; 108=30; 10=0015;
8=FIX4.4; 35=0; 34=29; 49=MTHREE; 56=MS; 52=2022-05-31-12:55:14; 108=30; 10=0015;
8=FIX4.4; 35=0; 34=29; 49=MS; 56=MTHREE; 52=2022-05-31-12:55:14; 108=30; 10=0015;
8=FIX4.4; 35=0; 34=30; 49=MTHREE; 56=MS; 52=2022-05-31-12:55:16; 108=30; 10=0015;
8=FIX4.4; 35=0; 34=30; 49=MS; 56=MTHREE; 52=2022-05-31-12:55:16; 108=30; 10=0015;
8=FIX4.4; 35=0; 34=31; 49=MTHREE; 56=MS; 52=2022-05-31-12:55:18; 108=30; 10=0015;
8=FIX4.4; 35=0; 34=31; 49=MS; 56=MTHREE; 52=2022-05-31-12:55:18; 108=30; 10=0015;
8=FIX4.4; 35=0; 34=32; 49=MTHREE; 56=MS; 52=2022-05-31-12:55:20; 108=30; 10=0015;
8=FIX4.4; 35=0; 34=32; 49=MS; 56=MTHREE; 52=2022-05-31-12:55:20; 108=30; 10=0015;
8=FIX4.4; 35=0; 34=33; 49=MTHREE; 56=MS; 52=2022-05-31-12:55:22; 108=30; 10=0015;
8=FIX4.4; 35=0; 34=33; 49=MS; 56=MTHREE; 52=2022-05-31-12:55:22; 108=30; 10=0015;
8=FIX4.4; 35=0; 34=34; 49=MTHREE; 56=MS; 52=2022-05-31-12:55:24; 108=30; 10=0015;
8=FIX4.4; 35=0; 34=34; 49=MS; 56=MTHREE; 52=2022-05-31-12:55:24; 108=30; 10=0015;
8=FIX4.4; 35=0; 34=35; 49=MTHREE; 56=MS; 52=2022-05-31-12:55:26; 108=30; 10=0015;
8=FIX4.4; 35=0; 34=35; 49=MS; 56=MTHREE; 52=2022-05-31-12:55:26; 108=30; 10=0015;
8=FIX4.4; 35=0; 34=36; 49=MTHREE; 56=MS; 52=2022-05-31-12:55:28; 108=30; 10=0015;
8=FIX4.4; 35=0; 34=36; 49=MS; 56=MTHREE; 52=2022-05-31-12:55:28; 108=30; 10=0015;
8=FIX4.4; 35=0; 34=37; 49=MTHREE; 56=MS; 52=2022-05-31-12:55:30; 108=30; 10=0015;
8=FIX4.4; 35=0; 34=37; 49=MS; 56=MTHREE; 52=2022-05-31-12:55:30; 108=30; 10=0015;
8=FIX4.4; 35=0; 34=38; 49=MTHREE; 56=MS; 52=2022-05-31-12:55:32; 108=30; 10=0015;
8=FIX4.4; 35=0; 34=38; 49=MS; 56=MTHREE; 52=2022-05-31-12:55:32; 108=30; 10=0015;
8=FIX4.4; 35=0; 34=39; 49=MTHREE; 56=MS; 52=2022-05-31-12:55:34; 108=30; 10=0015;
8=FIX4.4; 35=0; 34=39; 49=MS; 56=MTHREE; 52=2022-05-31-12:55:34; 108=30; 10=0015;
8=FIX4.4; 35=0; 34=40; 49=MTHREE; 56=MS; 52=2022-05-31-12:55:36; 108=30; 10=0015;
8=FIX4.4; 35=0; 34=40; 49=MS; 56=MTHREE; 52=2022-05-31-12:55:36; 108=30; 10=0015;
8=FIX4.4; 35=0; 34=41; 49=MTHREE; 56=MS; 52=2022-05-31-12:55:38; 108=30; 10=0015;
8=FIX4.4; 35=0; 34=41; 49=MS; 56=MTHREE; 52=2022-05-31-12:55:38; 108=30; 10=0015;
8=FIX4.4; 35=0; 34=42; 49=MTHREE; 56=MS; 52=2022-05-31-12:55:40; 108=30; 10=0015;
8=FIX4.4; 35=0; 34=42; 49=MS; 56=MTHREE; 52=2022-05-31-12:55:40; 108=30; 10=0015;
8=FIX4.4; 35=0; 34=43; 49=MTHREE; 56=MS; 52=2022-05-31-12:55:42; 108=30; 10=0015;
8=FIX4.4; 35=0; 34=43; 49=MS; 56=MTHREE; 52=2022-05-31-12:55:42; 108=30; 10=0015;
8=FIX4.4; 35=0; 34=44; 49=MTHREE; 56=MS; 52=2022-05-31-12:55:44; 108=30; 10=0015;
8=FIX4.4; 35=0; 34=44; 49=MS; 56=MTHREE; 52=2022-05-31-12:55:44; 108=30; 10=0015;
8=FIX4.4; 35=0; 34=45; 49=MTHREE; 56=MS; 52=2022-05-31-12:55:46; 108=30; 10=0015;
8=FIX4.4; 35=0; 34=45; 49=MS; 56=MTHREE; 52=2022-05-31-12:55:46; 108=30; 10=0015;
8=FIX4.4; 35=0; 34=46; 49=MTHREE; 56=MS; 52=2022-05-31-12:55:48; 108=30; 10=0015;
8=FIX4.4; 35=0; 34=46; 49=MS; 56=MTHREE; 52=2022-05-31-12:55:48; 108=30; 10=0015;
8=FIX4.4; 35=0; 34=47; 49=MTHREE; 56=MS; 52=2022-05-31-12:55:50; 108=30; 10=0015;
8=FIX4.4; 35=0; 34=47; 49=MS; 56=MTHREE; 52=2022-05-31-12:55:50; 108=30; 10=0015;
8=FIX4.4; 35=0; 34=48; 49=MTHREE; 56=MS; 52=2022-05-31-12:55:52; 108=30; 10=0015;
8=FIX4.4; 35=0; 34=48; 49=MS; 56=MTHREE; 52=2022-05-31-12:55:52; 108=30; 10=0015;
8=FIX4.4; 35=0; 34=49; 49=MTHREE; 56=MS; 52=2022-05-31-12:55:54; 108=30; 10=0015;
8=FIX4.4; 35=0; 34=49; 49=MS; 56=MTHREE; 52=2022-05-31-12:55:54; 108=30; 10=0015;
8=FIX4.4; 35=0; 34=50; 49=MTHREE; 56=MS; 52=2022-05-31-12:55:56; 108=30; 10=0015;
8=FIX4.4; 35=0; 34=50; 49=MS; 56=MTHREE; 52=2022-05-31-12:55:56; 108=30; 10=0015;
8=FIX4.4; 35=0; 34=51; 49=MTHREE; 56=MS; 52=2022-05-31-12:55:58; 108=30; 10=0015;
8=FIX4.4; 35=0; 34=51; 49=MS; 56=MTHREE; 52=2022-05-31-12:55:58; 108=30; 10=0015;
8=FIX4.4; 35=D; 34=52; 49=MTHREE; 56=MS; 52=2022-05-31-12:56:00; 55=AAPL; 40=2; 38=21613; 21=2; 11=algo20220531125600; 60=2022-05-31-12:56:00; 54=2; 44=1276.37; 10=0252;
8=FIX4.4; 35=8; 34=52; 49=MS; 56=MTHREE; 52=2022-05-31-12:56:00; 55=AAPL; 40=2; 11=algo20220531125600; 31=1276.37; 150=0; 39=0; 54=2; 44=1276.37; 32=0; 17=exec20220531125600; 38=21613; 60=2022-05-31-12:56:00; 6=0; 14=0; 37=algo20220531125600; 10=200;
8=FIX4.4; 35=F; 34=52; 49=MTHREE; 56=MS; 52=2022-05-31-12:56:00; 41=algo20220531125600; 55=AAPL; 38=21613; 11=C_algo20220531125600; 60=2022-05-31-12:56:00; 10=060;
8=FIX4.4; 35=8; 34=52; 49=MS; 56=MTHREE; 52=2022-05-31-12:56:00; 55=AAPL; 11=C_algo20220531125600; 31=0; 150=6; 39=6; 54=2; 44=1276.37; 17=exec20220531125600; 32=0; 41=algo20220531125600; 38=21613; 60=2022-05-31-12:56:00; 6=0.0; 14=0; 37=algo20220531125600; 10=252;
8=FIX4.4; 35=8; 34=53; 49=MS; 56=MTHREE; 52=2022-05-31-12:56:00; 151=17291; 55=AAPL; 11=C_algo20220531125600; 31=0; 150=4; 39=4; 54=2; 17=exec20220531125600; 32=0; 41=algo20220531125600; 38=21613; 60=2022-05-31-12:56:00; 6=0.0; 14=0; 37=algo20220531125600; 10=252;
8=FIX4.4; 35=D; 34=54; 49=MTHREE; 56=MS; 52=2022-05-31-12:56:02; 55=MSFT; 40=2; 38=29834; 21=2; 11=algo20220531125602; 60=2022-05-31-12:56:02; 54=2; 44=59.89; 10=0252;
8=FIX4.4; 35=8; 34=55; 49=MS; 56=MTHREE; 52=2022-05-31-12:56:02; 55=MSFT; 40=2; 11=algo20220531125602; 31=59.89; 150=0; 39=0; 54=2; 44=59.89; 32=0; 17=exec20220531125602; 38=29834; 60=2022-05-31-12:56:02; 6=0; 14=0; 37=algo20220531125602; 10=200;
8=FIX4.4; 35=8; 34=56; 49=MS; 56=MTHREE; 52=2022-05-31-12:56:02; 55=MSFT; 40=2; 11=algo20220531125602; 31=59.89; 150=1; 39=1; 54=2; 44=59.89; 32=9944; 17=exec20220531125602; 38=29834; 60=2022-05-31-12:56:02; 6=59.89; 14=9944; 37=algo20220531125602; 10=240;
8=FIX4.4; 35=8; 34=57; 49=MS; 56=MTHREE; 52=2022-05-31-12:56:03; 55=MSFT; 40=2; 11=algo20220531125602; 31=59.89; 150=1; 39=1; 54=2; 44=59.89; 32=9944; 17=exec20220531125603; 38=29834; 60=2022-05-31-12:56:03; 6=59.89; 14=19888; 37=algo20220531125602; 10=240;
8=FIX4.4; 35=8; 34=58; 49=MS; 56=MTHREE; 52=2022-05-31-12:56:05; 55=MSFT; 40=2; 11=algo20220531125602; 31=59.89; 150=2; 39=2; 54=2; 44=59.89; 32=9946; 17=exec20220531125605; 38=29834; 60=2022-05-31-12:56:05; 6=59.89; 14=29834; 37=algo20220531125602; 10=246;
8=FIX4.4; 35=D; 34=55; 49=MTHREE; 56=MS; 52=2022-05-31-12:56:05; 55=AMZN; 40=2; 38=22478; 21=2; 11=algo20220531125605; 60=2022-05-31-12:56:05; 54=1; 44=133.47; 10=0252;
8=FIX4.4; 35=8; 34=59; 49=MS; 56=MTHREE; 52=2022-05-31-12:56:05; 55=AMZN; 40=2; 11=algo20220531125605; 31=133.47; 150=0; 39=0; 54=1; 44=133.47; 32=0; 17=exec20220531125605; 38=22478; 60=2022-05-31-12:56:05; 6=0; 14=0; 37=algo20220531125605; 10=200;
8=FIX4.4; 35=F; 34=55; 49=MTHREE; 56=MS; 52=2022-05-31-12:56:05; 41=algo20220531125605; 55=AMZN; 38=22478; 11=C_algo20220531125605; 60=2022-05-31-12:56:05; 10=060;
8=FIX4.4; 35=8; 34=59; 49=MS; 56=MTHREE; 52=2022-05-31-12:56:05; 55=AMZN; 11=C_algo20220531125605; 31=0; 150=6; 39=6; 54=1; 44=133.47; 17=exec20220531125605; 32=0; 41=algo20220531125605; 38=22478; 60=2022-05-31-12:56:05; 6=0.0; 14=0; 37=algo20220531125605; 10=252;
8=FIX4.4; 35=8; 34=60; 49=MS; 56=MTHREE; 52=2022-05-31-12:56:05; 151=16859; 55=AMZN; 11=C_algo20220531125605; 31=0; 150=4; 39=4; 54=1; 17=exec20220531125605; 32=0; 41=algo20220531125605; 38=22478; 60=2022-05-31-12:56:05; 6=0.0; 14=0; 37=algo20220531125605; 10=252;
8=FIX4.4; 35=D; 34=57; 49=MTHREE; 56=MS; 52=2022-05-31-12:56:07; 55=FB; 40=2; 38=15412; 21=2; 11=algo20220531125607; 60=2022-05-31-12:56:07; 54=1; 44=430.62; 10=0252;
8=FIX4.4; 35=8; 34=62; 49=MS; 56=MTHREE; 52=2022-05-31-12:56:07; 55=FB; 40=2; 11=algo20220531125607; 31=430.62; 150=0; 39=0; 54=1; 44=430.62; 32=0; 17=exec20220531125607; 38=15412; 60=2022-05-31-12:56:07; 6=0; 14=0; 37=algo20220531125607; 10=200;
8=FIX4.4; 35=8; 34=63; 49=MS; 56=MTHREE; 52=2022-05-31-12:56:07; 55=FB; 40=2; 11=algo20220531125607; 31=430.62; 150=1; 39=1; 54=1; 44=430.62; 32=3853; 17=exec20220531125607; 38=15412; 60=2022-05-31-12:56:07; 6=430.62; 14=3853; 37=algo20220531125607; 10=240;
8=FIX4.4; 35=F; 34=57; 49=MTHREE; 56=MS; 52=2022-05-31-12:56:08; 41=algo20220531125607; 55=FB; 38=15412; 11=C_algo20220531125607; 60=2022-05-31-12:56:08; 10=060;
8=FIX4.4; 35=8; 34=63; 49=MS; 56=MTHREE; 52=2022-05-31-12:56:08; 55=FB; 11=C_algo20220531125607; 31=0; 150=6; 39=6; 54=1; 44=430.62; 17=exec20220531125608; 32=0; 41=algo20220531125607; 38=15412; 60=2022-05-31-12:56:08; 6=0.0; 14=3853; 37=algo20220531125607; 10=252;
8=FIX4.4; 35=8; 34=64; 49=MS; 56=MTHREE; 52=2022-05-31-12:56:08; 151=7706; 55=FB; 11=C_algo20220531125607; 31=0; 150=4; 39=4; 54=1; 17=exec20220531125608; 32=0; 41=algo20220531125607; 38=15412; 60=2022-05-31-12:56:08; 6=0.0; 14=3853; 37=algo20220531125607; 10=252;
8=FIX4.4; 35=D; 34=59; 49=MTHREE; 56=MS; 52=2022-05-31-12:56:10; 55=GOOG; 40=2; 38=21873; 21=2; 11=algo20220531125610; 60=2022-05-31-12:56:10; 54=1; 44=42.05; 10=0252;
8=FIX4.4; 35=8; 34=66; 49=MS; 56=MTHREE; 52=2022-05-31-12:56:10; 55=GOOG; 40=2; 11=algo20220531125610; 31=42.05; 150=0; 39=0; 54=1; 44=42.05; 32=0; 17=exec20220531125610; 38=21873; 60=2022-05-31-12:56:10; 6=0; 14=0; 37=algo20220531125610; 10=200;
8=FIX4.4; 35=8; 34=67; 49=MS; 56=MTHREE; 52=2022-05-31-12:56:10; 55=GOOG; 40=2; 11=algo20220531125610; 31=42.05; 150=1; 39=1; 54=1; 44=42.05; 32=10936; 17=exec20220531125610; 38=21873; 60=2022-05-31-12:56:10; 6=42.05; 14=10936; 37=algo20220531125610; 10=240;
8=FIX4.4; 35=8; 34=68; 49=MS; 56=MTHREE; 52=2022-05-31-12:56:12; 55=GOOG; 40=2; 11=algo20220531125610; 31=42.05; 150=2; 39=2; 54=1; 44=42.05; 32=10937; 17=exec20220531125612; 38=21873; 60=2022-05-31-12:56:12; 6=42.05; 14=21873; 37=algo20220531125610; 10=246;
8=FIX4.4; 35=D; 34=60; 49=MTHREE; 56=MS; 52=2022-05-31-12:56:12; 55=GOOGL; 40=2; 38=30890; 21=2; 11=algo20220531125612; 60=2022-05-31-12:56:12; 54=1; 44=289.20; 10=0252;
8=FIX4.4; 35=8; 34=69; 49=MS; 56=MTHREE; 52=2022-05-31-12:56:12; 55=GOOGL; 40=2; 11=algo20220531125612; 31=289.20; 150=0; 39=0; 54=1; 44=289.20; 32=0; 17=exec20220531125612; 38=30890; 60=2022-05-31-12:56:12; 6=0; 14=0; 37=algo20220531125612; 10=200;
8=FIX4.4; 35=F; 34=60; 49=MTHREE; 56=MS; 52=2022-05-31-12:56:12; 41=algo20220531125612; 55=GOOGL; 38=30890; 11=C_algo20220531125612; 60=2022-05-31-12:56:12; 10=060;
8=FIX4.4; 35=8; 34=69; 49=MS; 56=MTHREE; 52=2022-05-31-12:56:12; 55=GOOGL; 11=C_algo20220531125612; 31=0; 150=6; 39=6; 54=1; 44=289.20; 17=exec20220531125612; 32=0; 41=algo20220531125612; 38=30890; 60=2022-05-31-12:56:12; 6=0.0; 14=0; 37=algo20220531125612; 10=252;
8=FIX4.4; 35=8; 34=70; 49=MS; 56=MTHREE; 52=2022-05-31-12:56:12; 151=24712; 55=GOOGL; 11=C_algo20220531125612; 31=0; 150=4; 39=4; 54=1; 17=exec20220531125612; 32=0; 41=algo20220531125612; 38=30890; 60=2022-05-31-12:56:12; 6=0.0; 14=0; 37=algo20220531125612; 10=252;
8=FIX4.4; 35=D; 34=62; 49=MTHREE; 56=MS; 52=2022-05-31-12:56:14; 55=INTC; 40=2; 38=2054; 21=2; 11=algo20220531125614; 60=2022-05-31-12:56:14; 54=2; 44=339.13; 10=0252;
8=FIX4.4; 35=8; 34=72; 49=MS; 56=MTHREE; 52=2022-05-31-12:56:14; 55=INTC; 40=2; 11=algo20220531125614; 31=339.13; 150=0; 39=0; 54=2; 44=339.13; 32=0; 17=exec20220531125614; 38=2054; 60=2022-05-31-12:56:14; 6=0; 14=0; 37=algo20220531125614; 10=200;
8=FIX4.4; 35=F; 34=62; 49=MTHREE; 56=MS; 52=2022-05-31-12:56:14; 41=algo20220531125614; 55=INTC; 38=2054; 11=C_algo20220531125614; 60=2022-05-31-12:56:14; 10=060;
8=FIX4.4; 35=8; 34=72; 49=MS; 56=MTHREE; 52=2022-05-31-12:56:14; 55=INTC; 11=C_algo20220531125614; 31=0; 150=6; 39=6; 54=2; 44=339.13; 17=exec20220531125614; 32=0; 41=algo20220531125614; 38=2054; 60=2022-05-31-12:56:14; 6=0.0; 14=0; 37=algo20220531125614; 10=252;
8=FIX4.4; 35=8; 34=73; 49=MS; 56=MTHREE; 52=2022-05-31-12:56:14; 151=1027; 55=INTC; 11=C_algo20220531125614; 31=0; 150=4; 39=4; 54=2; 17=exec20220531125614; 32=0; 41=algo20220531125614; 38=2054; 60=2022-05-31-12:56:14; 6=0.0; 14=0; 37=algo20220531125614; 10=252;
8=FIX4.4; 35=D; 34=64; 49=MTHREE; 56=MS; 52=2022-05-31-12:56:16; 55=PEP; 40=2; 38=10564; 21=2; 11=algo20220531125616; 60=2022-05-31-12:56:16; 54=1; 44=36.21; 10=0252;
8=FIX4.4; 35=8; 34=75; 49=MS; 56=MTHREE; 52=2022-05-31-12:56:16; 55=PEP; 40=2; 11=algo20220531125616; 31=36.21; 150=0; 39=0; 54=1; 44=36.21; 32=0; 17=exec20220531125616; 38=10564; 60=2022-05-31-12:56:16; 6=0; 14=0; 37=algo20220531125616; 10=200;
8=FIX4.4; 35=8; 34=76; 49=MS; 56=MTHREE; 52=2022-05-31-12:56:16; 55=PEP; 40=2; 11=algo20220531125616; 31=36.21; 150=1; 39=1; 54=1; 44=36.21; 32=3521; 17=exec20220531125616; 38=10564; 60=2022-05-31-12:56:16; 6=36.21; 14=3521; 37=algo20220531125616; 10=240;
8=FIX4.4; 35=8; 34=77; 49=MS; 56=MTHREE; 52=2022-05-31-12:56:17; 55=PEP; 40=2; 11=algo20220531125616; 31=36.21; 150=1; 39=1; 54=1; 44=36.21; 32=3521; 17=exec20220531125617; 38=10564; 60=2022-05-31-12:56:17; 6=36.21; 14=7042; 37=algo20220531125616; 10=240;
8=FIX4.4; 35=8; 34=78; 49=MS; 56=MTHREE; 52=2022-05-31-12:56:19; 55=PEP; 40=2; 11=algo20220531125616; 31=36.21; 150=2; 39=2; 54=1; 44=36.21; 32=3522; 17=exec20220531125619; 38=10564; 60=2022-05-31-12:56:19; 6=36.21; 14=10564; 37=algo20220531125616; 10=246;
8=FIX4.4; 35=D; 34=65; 49=MTHREE; 56=MS; 52=2022-05-31-12:56:19; 55=NFLX; 40=2; 38=7671; 21=2; 11=algo20220531125619; 60=2022-05-31-12:56:19; 54=2; 44=306.71; 10=0252;
8=FIX4.4; 35=8; 34=79; 49=MS; 56=MTHREE; 52=2022-05-31-12:56:19; 55=NFLX; 40=2; 11=algo20220531125619; 31=306.71; 150=0; 39=0; 54=2; 44=306.71; 32=0; 17=exec20220531125619; 38=7671; 60=2022-05-31-12:56:19; 6=0; 14=0; 37=algo20220531125619; 10=200;
8=FIX4.4; 35=8; 34=80; 49=MS; 56=MTHREE; 52=2022-05-31-12:56:19; 55=NFLX; 40=2; 11=algo20220531125619; 31=306.71; 150=1; 39=1; 54=2; 44=306.71; 32=1917; 17=exec20220531125619; 38=7671; 60=2022-05-31-12:56:19; 6=306.71; 14=1917; 37=algo20220531125619; 10=240;
8=FIX4.4; 35=8; 34=81; 49=MS; 56=MTHREE; 52=2022-05-31-12:56:20; 55=NFLX; 40=2; 11=algo20220531125619; 31=306.71; 150=1; 39=1; 54=2; 44=306.71; 32=1917; 17=exec20220531125620; 38=7671; 60=2022-05-31-12:56:20; 6=306.71; 14=3834; 37=algo20220531125619; 10=240;
8=FIX4.4; 35=8; 34=82; 49=MS; 56=MTHREE; 52=2022-05-31-12:56:21; 55=NFLX; 40=2; 11=algo20220531125619; 31=306.71; 150=1; 39=1; 54=2; 44=306.71; 32=1917; 17=exec20220531125621; 38=7671; 60=2022-05-31-12:56:21; 6=306.71; 14=5751; 37=algo20220531125619; 10=240;
8=FIX4.4; 35=8; 34=83; 49=MS; 56=MTHREE; 52=2022-05-31-12:56:23; 55=NFLX; 40=2; 11=algo20220531125619; 31=306.71; 150=2; 39=2; 54=2; 44=306.71; 32=1920; 17=exec20220531125623; 38=7671; 60=2022-05-31-12:56:23; 6=306.71; 14=7671; 37=algo20220531125619; 10=246;
8=FIX4.4; 35=D; 34=66; 49=MTHREE; 56=MS; 52=2022-05-31-12:56:23; 55=CSCO; 40=2; 38=20112; 21=2; 11=algo20220531125623; 60=2022-05-31-12:56:23; 54=2; 44=233.73; 10=0252;
8=FIX4.4; 35=8; 34=84; 49=MS; 56=MTHREE; 52=2022-05-31-12:56:23; 55=CSCO; 40=2; 11=algo20220531125623; 31=233.73; 150=0; 39=0; 54=2; 44=233.73; 32=0; 17=exec20220531125623; 38=20112; 60=2022-05-31-12:56:23; 6=0; 14=0; 37=algo20220531125623; 10=200;
8=FIX4.4; 35=8; 34=85; 49=MS; 56=MTHREE; 52=2022-05-31-12:56:23; 55=CSCO; 40=2; 11=algo20220531125623; 31=233.73; 150=1; 39=1; 54=2; 44=233.73; 32=10056; 17=exec20220531125623; 38=20112; 60=2022-05-31-12:56:23; 6=233.73; 14=10056; 37=algo20220531125623; 10=240;
8=FIX4.4; 35=8; 34=86; 49=MS; 56=MTHREE; 52=2022-05-31-12:56:25; 55=CSCO; 40=2; 11=algo20220531125623; 31=233.73; 150=2; 39=2; 54=2; 44=233.73; 32=10056; 17=exec20220531125625; 38=20112; 60=2022-05-31-12:56:25; 6=233.73; 14=20112; 37=algo20220531125623; 10=246;
8=FIX4.4; 35=D; 34=67; 49=MTHREE; 56=MS; 52=2022-05-31-12:56:25; 55=AMGN; 40=2; 38=30830; 21=2; 11=algo20220531125625; 60=2022-05-31-12:56:25; 54=2; 44=116.62; 10=0252;
8=FIX4.4; 35=8; 34=87; 49=MS; 56=MTHREE; 52=2022-05-31-12:56:25; 55=AMGN; 40=2; 11=algo20220531125625; 31=116.62; 150=0; 39=0; 54=2; 44=116.62; 32=0; 17=exec20220531125625; 38=30830; 60=2022-05-31-12:56:25; 6=0; 14=0; 37=algo20220531125625; 10=200;
8=FIX4.4; 35=F; 34=67; 49=MTHREE; 56=MS; 52=2022-05-31-12:56:25; 41=algo20220531125625; 55=AMGN; 38=30830; 11=C_algo20220531125625; 60=2022-05-31-12:56:25; 10=060;
8=FIX4.4; 35=8; 34=87; 49=MS; 56=MTHREE; 52=2022-05-31-12:56:25; 55=AMGN; 11=C_algo20220531125625; 31=0; 150=6; 39=6; 54=2; 44=116.62; 17=exec20220531125625; 32=0; 41=algo20220531125625; 38=30830; 60=2022-05-31-12:56:25; 6=0.0; 14=0; 37=algo20220531125625; 10=252;
8=FIX4.4; 35=8; 34=88; 49=MS; 56=MTHREE; 52=2022-05-31-12:56:25; 151=24664; 55=AMGN; 11=C_algo20220531125625; 31=0; 150=4; 39=4; 54=2; 17=exec20220531125625; 32=0; 41=algo20220531125625; 38=30830; 60=2022-05-31-12:56:25; 6=0.0; 14=0; 37=algo20220531125625; 10=252;
8=FIX4.4; 35=D; 34=69; 49=MTHREE; 56=MS; 52=2022-05-31-12:56:27; 55=PYPL; 40=2; 38=3750; 21=2; 11=algo20220531125627; 60=2022-05-31-12:56:27; 54=1; 44=723.61; 10=0252;
8=FIX4.4; 35=8; 34=90; 49=MS; 56=MTHREE; 52=2022-05-31-12:56:27; 55=PYPL; 40=2; 11=algo20220531125627; 31=723.61; 150=0; 39=0; 54=1; 44=723.61; 32=0; 17=exec20220531125627; 38=3750; 60=2022-05-31-12:56:27; 6=0; 14=0; 37=algo20220531125627; 10=200;
8=FIX4.4; 35=8; 34=91; 49=MS; 56=MTHREE; 52=2022-05-31-12:56:27; 55=PYPL; 40=2; 11=algo20220531125627; 31=723.61; 150=1; 39=1; 54=1; 44=723.61; 32=1250; 17=exec20220531125627; 38=3750; 60=2022-05-31-12:56:27; 6=723.61; 14=1250; 37=algo20220531125627; 10=240;
8=FIX4.4; 35=8; 34=92; 49=MS; 56=MTHREE; 52=2022-05-31-12:56:28; 55=PYPL; 40=2; 11=algo20220531125627; 31=723.61; 150=1; 39=1; 54=1; 44=723.61; 32=1250; 17=exec20220531125628; 38=3750; 60=2022-05-31-12:56:28; 6=723.61; 14=2500; 37=algo20220531125627; 10=240;
8=FIX4.4; 35=8; 34=93; 49=MS; 56=MTHREE; 52=2022-05-31-12:56:30; 55=PYPL; 40=2; 11=algo20220531125627; 31=723.61; 150=2; 39=2; 54=1; 44=723.61; 32=1250; 17=exec20220531125630; 38=3750; 60=2022-05-31-12:56:30; 6=723.61; 14=3750; 37=algo20220531125627; 10=246;
8=FIX4.4; 35=D; 34=70; 49=MTHREE; 56=MS; 52=2022-05-31-12:56:30; 55=TSLA; 40=2; 38=5004; 21=2; 11=algo20220531125630; 60=2022-05-31-12:56:30; 54=1; 44=503.77; 10=0252;
8=FIX4.4; 35=8; 34=94; 49=MS; 56=MTHREE; 52=2022-05-31-12:56:30; 55=TSLA; 40=2; 11=algo20220531125630; 31=503.77; 150=0; 39=0; 54=1; 44=503.77; 32=0; 17=exec20220531125630; 38=5004; 60=2022-05-31-12:56:30; 6=0; 14=0; 37=algo20220531125630; 10=200;
8=FIX4.4; 35=8; 34=95; 49=MS; 56=MTHREE; 52=2022-05-31-12:56:31; 55=TSLA; 40=2; 11=algo20220531125630; 31=503.77; 150=2; 39=2; 54=1; 44=503.77; 32=5004; 17=exec20220531125631; 38=5004; 60=2022-05-31-12:56:31; 6=503.77; 14=5004; 37=algo20220531125630; 10=246;
8=FIX4.4; 35=D; 34=71; 49=MTHREE; 56=MS; 52=2022-05-31-12:56:31; 55=TXN; 40=2; 38=4128; 21=2; 11=algo20220531125631; 60=2022-05-31-12:56:31; 54=2; 44=112.46; 10=0252;
8=FIX4.4; 35=8; 34=96; 49=MS; 56=MTHREE; 52=2022-05-31-12:56:31; 55=TXN; 40=2; 11=algo20220531125631; 31=112.46; 150=0; 39=0; 54=2; 44=112.46; 32=0; 17=exec20220531125631; 38=4128; 60=2022-05-31-12:56:31; 6=0; 14=0; 37=algo20220531125631; 10=200;
8=FIX4.4; 35=8; 34=97; 49=MS; 56=MTHREE; 52=2022-05-31-12:56:31; 55=TXN; 40=2; 11=algo20220531125631; 31=112.46; 150=1; 39=1; 54=2; 44=112.46; 32=1376; 17=exec20220531125631; 38=4128; 60=2022-05-31-12:56:31; 6=112.46; 14=1376; 37=algo20220531125631; 10=240;
8=FIX4.4; 35=F; 34=71; 49=MTHREE; 56=MS; 52=2022-05-31-12:56:32; 41=algo20220531125631; 55=TXN; 38=4128; 11=C_algo20220531125631; 60=2022-05-31-12:56:32; 10=060;
8=FIX4.4; 35=8; 34=97; 49=MS; 56=MTHREE; 52=2022-05-31-12:56:32; 55=TXN; 11=C_algo20220531125631; 31=0; 150=6; 39=6; 54=2; 44=112.46; 17=exec20220531125632; 32=0; 41=algo20220531125631; 38=4128; 60=2022-05-31-12:56:32; 6=0.0; 14=1376; 37=algo20220531125631; 10=252;
8=FIX4.4; 35=8; 34=98; 49=MS; 56=MTHREE; 52=2022-05-31-12:56:32; 151=1376; 55=TXN; 11=C_algo20220531125631; 31=0; 150=4; 39=4; 54=2; 17=exec20220531125632; 32=0; 41=algo20220531125631; 38=4128; 60=2022-05-31-12:56:32; 6=0.0; 14=1376; 37=algo20220531125631; 10=252;
8=FIX4.4; 35=D; 34=73; 49=MTHREE; 56=MS; 52=2022-05-31-12:56:34; 55=AVGO; 40=2; 38=11023; 21=2; 11=algo20220531125634; 60=2022-05-31-12:56:34; 54=1; 44=262.99; 10=0252;
8=FIX4.4; 35=8; 34=100; 49=MS; 56=MTHREE; 52=2022-05-31-12:56:34; 55=AVGO; 40=2; 11=algo20220531125634; 31=262.99; 150=0; 39=0; 54=1; 44=262.99; 32=0; 17=exec20220531125634; 38=11023; 60=2022-05-31-12:56:34; 6=0; 14=0; 37=algo20220531125634; 10=200;
8=FIX4.4; 35=F; 34=73; 49=MTHREE; 56=MS; 52=2022-05-31-12:56:34; 41=algo20220531125634; 55=AVGO; 38=11023; 11=C_algo20220531125634; 60=2022-05-31-12:56:34; 10=060;
8=FIX4.4; 35=8; 34=100; 49=MS; 56=MTHREE; 52=2022-05-31-12:56:34; 55=AVGO; 11=C_algo20220531125634; 31=0; 150=6; 39=6; 54=1; 44=262.99; 17=exec20220531125634; 32=0; 41=algo20220531125634; 38=11023; 60=2022-05-31-12:56:34; 6=0.0; 14=0; 37=algo20220531125634; 10=252;
8=FIX4.4; 35=8; 34=101; 49=MS; 56=MTHREE; 52=2022-05-31-12:56:34; 151=7349; 55=AVGO; 11=C_algo20220531125634; 31=0; 150=4; 39=4; 54=1; 17=exec20220531125634; 32=0; 41=algo20220531125634; 38=11023; 60=2022-05-31-12:56:34; 6=0.0; 14=0; 37=algo20220531125634; 10=252;
8=FIX4.4; 35=D; 34=75; 49=MTHREE; 56=MS; 52=2022-05-31-12:56:36; 55=GILD; 40=2; 38=31206; 21=2; 11=algo20220531125636; 60=2022-05-31-12:56:36; 54=2; 44=82.91; 10=0252;
8=FIX4.4; 35=8; 34=103; 49=MS; 56=MTHREE; 52=2022-05-31-12:56:36; 55=GILD; 40=2; 11=algo20220531125636; 31=82.91; 150=0; 39=0; 54=2; 44=82.91; 32=0; 17=exec20220531125636; 38=31206; 60=2022-05-31-12:56:36; 6=0; 14=0; 37=algo20220531125636; 10=200;
8=FIX4.4; 35=F; 34=75; 49=MTHREE; 56=MS; 52=2022-05-31-12:56:36; 41=algo20220531125636; 55=GILD; 38=31206; 11=C_algo20220531125636; 60=2022-05-31-12:56:36; 10=060;
8=FIX4.4; 35=8; 34=103; 49=MS; 56=MTHREE; 52=2022-05-31-12:56:36; 55=GILD; 11=C_algo20220531125636; 31=0; 150=6; 39=6; 54=2; 44=82.91; 17=exec20220531125636; 32=0; 41=algo20220531125636; 38=31206; 60=2022-05-31-12:56:36; 6=0.0; 14=0; 37=algo20220531125636; 10=252;
8=FIX4.4; 35=8; 34=104; 49=MS; 56=MTHREE; 52=2022-05-31-12:56:36; 151=20804; 55=GILD; 11=C_algo20220531125636; 31=0; 150=4; 39=4; 54=2; 17=exec20220531125636; 32=0; 41=algo20220531125636; 38=31206; 60=2022-05-31-12:56:36; 6=0.0; 14=0; 37=algo20220531125636; 10=252;
8=FIX4.4; 35=D; 34=77; 49=MTHREE; 56=MS; 52=2022-05-31-12:56:38; 55=SBUX; 40=2; 38=11627; 21=2; 11=algo20220531125638; 60=2022-05-31-12:56:38; 54=1; 44=75.71; 10=0252;
8=FIX4.4; 35=8; 34=106; 49=MS; 56=MTHREE; 52=2022-05-31-12:56:38; 55=SBUX; 40=2; 11=algo20220531125638; 31=75.71; 150=0; 39=0; 54=1; 44=75.71; 32=0; 17=exec20220531125638; 38=11627; 60=2022-05-31-12:56:38; 6=0; 14=0; 37=algo20220531125638; 10=200;
8=FIX4.4; 35=F; 34=77; 49=MTHREE; 56=MS; 52=2022-05-31-12:56:38; 41=algo20220531125638; 55=SBUX; 38=11627; 11=C_algo20220531125638; 60=2022-05-31-12:56:38; 10=060;
8=FIX4.4; 35=8; 34=106; 49=MS; 56=MTHREE; 52=2022-05-31-12:56:38; 55=SBUX; 11=C_algo20220531125638; 31=0; 150=6; 39=6; 54=1; 44=75.71; 17=exec20220531125638; 32=0; 41=algo20220531125638; 38=11627; 60=2022-05-31-12:56:38; 6=0.0; 14=0; 37=algo20220531125638; 10=252;
8=FIX4.4; 35=8; 34=107; 49=MS; 56=MTHREE; 52=2022-05-31-12:56:38; 151=7752; 55=SBUX; 11=C_algo20220531125638; 31=0; 150=4; 39=4; 54=1; 17=exec20220531125638; 32=0; 41=algo20220531125638; 38=11627; 60=2022-05-31-12:56:38; 6=0.0; 14=0; 37=algo20220531125638; 10=252;
8=FIX4.4; 35=D; 34=79; 49=MTHREE; 56=MS; 52=2022-05-31-12:56:40; 55=QCOM; 40=2; 38=9881; 21=2; 11=algo20220531125640; 60=2022-05-31-12:56:40; 54=1; 44=75.47; 10=0252;
8=FIX4.4; 35=8; 34=109; 49=MS; 56=MTHREE; 52=2022-05-31-12:56:40; 55=QCOM; 40=2; 11=algo20220531125640; 31=75.47; 150=0; 39=0; 54=1; 44=75.47; 32=0; 17=exec20220531125640; 38=9881; 60=2022-05-31-12:56:40; 6=0; 14=0; 37=algo20220531125640; 10=200;
8=FIX4.4; 35=F; 34=79; 49=MTHREE; 56=MS; 52=2022-05-31-12:56:40; 41=algo20220531125640; 55=QCOM; 38=9881; 11=C_algo20220531125640; 60=2022-05-31-12:56:40; 10=060;
8=FIX4.4; 35=8; 34=109; 49=MS; 56=MTHREE; 52=2022-05-31-12:56:40; 55=QCOM; 11=C_algo20220531125640; 31=0; 150=6; 39=6; 54=1; 44=75.47; 17=exec20220531125640; 32=0; 41=algo20220531125640; 38=9881; 60=2022-05-31-12:56:40; 6=0.0; 14=0; 37=algo20220531125640; 10=252;
8=FIX4.4; 35=8; 34=110; 49=MS; 56=MTHREE; 52=2022-05-31-12:56:40; 151=7411; 55=QCOM; 11=C_algo20220531125640; 31=0; 150=4; 39=4; 54=1; 17=exec20220531125640; 32=0; 41=algo20220531125640; 38=9881; 60=2022-05-31-12:56:40; 6=0.0; 14=0; 37=algo20220531125640; 10=252;
8=FIX4.4; 35=D; 34=81; 49=MTHREE; 56=MS; 52=2022-05-31-12:56:42; 55=TMUS; 40=2; 38=4792; 21=2; 11=algo20220531125642; 60=2022-05-31-12:56:42; 54=1; 44=90.74; 10=0252;
8=FIX4.4; 35=8; 34=112; 49=MS; 56=MTHREE; 52=2022-05-31-12:56:42; 55=TMUS; 40=2; 11=algo20220531125642; 31=90.74; 150=0; 39=0; 54=1; 44=90.74; 32=0; 17=exec20220531125642; 38=4792; 60=2022-05-31-12:56:42; 6=0; 14=0; 37=algo20220531125642; 10=200;
8=FIX4.4; 35=8; 34=113; 49=MS; 56=MTHREE; 52=2022-05-31-12:56:43; 55=TMUS; 40=2; 11=algo20220531125642; 31=90.74; 150=2; 39=2; 54=1; 44=90.74; 32=4792; 17=exec20220531125643; 38=4792; 60=2022-05-31-12:56:43; 6=90.74; 14=4792; 37=algo20220531125642; 10=246;
8=FIX4.4; 35=D; 34=82; 49=MTHREE; 56=MS; 52=2022-05-31-12:56:43; 55=MDLZ; 40=2; 38=22687; 21=2; 11=algo20220531125643; 60=2022-05-31-12:56:43; 54=1; 44=52.26; 10=0252;
8=FIX4.4; 35=8; 34=114; 49=MS; 56=MTHREE; 52=2022-05-31-12:56:43; 55=MDLZ; 40=2; 11=algo20220531125643; 31=52.26; 150=0; 39=0; 54=1; 44=52.26; 32=0; 17=exec20220531125643; 38=22687; 60=2022-05-31-12:56:43; 6=0; 14=0; 37=algo20220531125643; 10=200;
8=FIX4.4; 35=F; 34=82; 49=MTHREE; 56=MS; 52=2022-05-31-12:56:43; 41=algo20220531125643; 55=MDLZ; 38=22687; 11=C_algo20220531125643; 60=2022-05-31-12:56:43; 10=060;
8=FIX4.4; 35=8; 34=114; 49=MS; 56=MTHREE; 52=2022-05-31-12:56:43; 55=MDLZ; 11=C_algo20220531125643; 31=0; 150=6; 39=6; 54=1; 44=52.26; 17=exec20220531125643; 32=0; 41=algo20220531125643; 38=22687; 60=2022-05-31-12:56:43; 6=0.0; 14=0; 37=algo20220531125643; 10=252;
8=FIX4.4; 35=8; 34=115; 49=MS; 56=MTHREE; 52=2022-05-31-12:56:43; 151=18150; 55=MDLZ; 11=C_algo20220531125643; 31=0; 150=4; 39=4; 54=1; 17=exec20220531125643; 32=0; 41=algo20220531125643; 38=22687; 60=2022-05-31-12:56:43; 6=0.0; 14=0; 37=algo20220531125643; 10=252;
8=FIX4.4; 35=D; 34=84; 49=MTHREE; 56=MS; 52=2022-05-31-12:56:45; 55=BAC; 40=2; 38=31198; 21=2; 11=algo20220531125645; 60=2022-05-31-12:56:45; 54=2; 44=22.03; 10=0252;
8=FIX4.4; 35=8; 34=117; 49=MS; 56=MTHREE; 52=2022-05-31-12:56:45; 55=BAC; 40=2; 11=algo20220531125645; 31=22.03; 150=0; 39=0; 54=2; 44=22.03; 32=0; 17=exec20220531125645; 38=31198; 60=2022-05-31-12:56:45; 6=0; 14=0; 37=algo20220531125645; 10=200;
8=FIX4.4; 35=8; 34=118; 49=MS; 56=MTHREE; 52=2022-05-31-12:56:45; 55=BAC; 40=2; 11=algo20220531125645; 31=22.03; 150=1; 39=1; 54=2; 44=22.03; 32=7799; 17=exec20220531125645; 38=31198; 60=2022-05-31-12:56:45; 6=22.03; 14=7799; 37=algo20220531125645; 10=240;
8=FIX4.4; 35=8; 34=119; 49=MS; 56=MTHREE; 52=2022-05-31-12:56:46; 55=BAC; 40=2; 11=algo20220531125645; 31=22.03; 150=1; 39=1; 54=2; 44=22.03; 32=7799; 17=exec20220531125646; 38=31198; 60=2022-05-31-12:56:46; 6=22.03; 14=15598; 37=algo20220531125645; 10=240;
8=FIX4.4; 35=F; 34=84; 49=MTHREE; 56=MS; 52=2022-05-31-12:56:47; 41=algo20220531125645; 55=BAC; 38=31198; 11=C_algo20220531125645; 60=2022-05-31-12:56:47; 10=060;
8=FIX4.4; 35=8; 34=119; 49=MS; 56=MTHREE; 52=2022-05-31-12:56:47; 55=BAC; 11=C_algo20220531125645; 31=0; 150=6; 39=6; 54=2; 44=22.03; 17=exec20220531125647; 32=0; 41=algo20220531125645; 38=31198; 60=2022-05-31-12:56:47; 6=0.0; 14=15598; 37=algo20220531125645; 10=252;
8=FIX4.4; 35=8; 34=120; 49=MS; 56=MTHREE; 52=2022-05-31-12:56:47; 151=7801; 55=BAC; 11=C_algo20220531125645; 31=0; 150=4; 39=4; 54=2; 17=exec20220531125647; 32=0; 41=algo20220531125645; 38=31198; 60=2022-05-31-12:56:47; 6=0.0; 14=15598; 37=algo20220531125645; 10=252;
8=FIX4.4; 35=D; 34=86; 49=MTHREE; 56=MS; 52=2022-05-31-12:56:49; 55=DDD; 40=2; 38=12508; 21=2; 11=algo20220531125649; 60=2022-05-31-12:56:49; 54=2; 44=8.01; 10=0252;
8=FIX4.4; 35=8; 34=122; 49=MS; 56=MTHREE; 52=2022-05-31-12:56:49; 55=DDD; 40=2; 11=algo20220531125649; 31=8.01; 150=0; 39=0; 54=2; 44=8.01; 32=0; 17=exec20220531125649; 38=12508; 60=2022-05-31-12:56:49; 6=0; 14=0; 37=algo20220531125649; 10=200;
8=FIX4.4; 35=8; 34=123; 49=MS; 56=MTHREE; 52=2022-05-31-12:56:49; 55=DDD; 40=2; 11=algo20220531125649; 31=8.01; 150=1; 39=1; 54=2; 44=8.01; 32=3127; 17=exec20220531125649; 38=12508; 60=2022-05-31-12:56:49; 6=8.01; 14=3127; 37=algo20220531125649; 10=240;
8=FIX4.4; 35=8; 34=124; 49=MS; 56=MTHREE; 52=2022-05-31-12:56:50; 55=DDD; 40=2; 11=algo20220531125649; 31=8.01; 150=1; 39=1; 54=2; 44=8.01; 32=3127; 17=exec20220531125650; 38=12508; 60=2022-05-31-12:56:50; 6=8.01; 14=6254; 37=algo20220531125649; 10=240;
8=FIX4.4; 35=F; 34=86; 49=MTHREE; 56=MS; 52=2022-05-31-12:56:51; 41=algo20220531125649; 55=DDD; 38=12508; 11=C_algo20220531125649; 60=2022-05-31-12:56:51; 10=060;
8=FIX4.4; 35=8; 34=124; 49=MS; 56=MTHREE; 52=2022-05-31-12:56:51; 55=DDD; 11=C_algo20220531125649; 31=0; 150=6; 39=6; 54=2; 44=8.01; 17=exec20220531125651; 32=0; 41=algo20220531125649; 38=12508; 60=2022-05-31-12:56:51; 6=0.0; 14=6254; 37=algo20220531125649; 10=252;
8=FIX4.4; 35=8; 34=125; 49=MS; 56=MTHREE; 52=2022-05-31-12:56:51; 151=3127; 55=DDD; 11=C_algo20220531125649; 31=0; 150=4; 39=4; 54=2; 17=exec20220531125651; 32=0; 41=algo20220531125649; 38=12508; 60=2022-05-31-12:56:51; 6=0.0; 14=6254; 37=algo20220531125649; 10=252;
8=FIX4.4; 35=D; 34=88; 49=MTHREE; 56=MS; 52=2022-05-31-12:56:53; 55=MMM; 40=2; 38=30621; 21=2; 11=algo20220531125653; 60=2022-05-31-12:56:53; 54=1; 44=146.98; 10=0252;
8=FIX4.4; 35=8; 34=127; 49=MS; 56=MTHREE; 52=2022-05-31-12:56:53; 55=MMM; 40=2; 11=algo20220531125653; 31=146.98; 150=0; 39=0; 54=1; 44=146.98; 32=0; 17=exec20220531125653; 38=30621; 60=2022-05-31-12:56:53; 6=0; 14=0; 37=algo20220531125653; 10=200;
8=FIX4.4; 35=F; 34=88; 49=MTHREE; 56=MS; 52=2022-05-31-12:56:53; 41=algo20220531125653; 55=MMM; 38=30621; 11=C_algo20220531125653; 60=2022-05-31-12:56:53; 10=060;
8=FIX4.4; 35=8; 34=127; 49=MS; 56=MTHREE; 52=2022-05-31-12:56:53; 55=MMM; 11=C_algo20220531125653; 31=0; 150=6; 39=6; 54=1; 44=146.98; 17=exec20220531125653; 32=0; 41=algo20220531125653; 38=30621; 60=2022-05-31-12:56:53; 6=0.0; 14=0; 37=algo20220531125653; 10=252;
8=FIX4.4; 35=8; 34=128; 49=MS; 56=MTHREE; 52=2022-05-31-12:56:53; 151=15311; 55=MMM; 11=C_algo20220531125653; 31=0; 150=4; 39=4; 54=1; 17=exec20220531125653; 32=0; 41=algo20220531125653; 38=30621; 60=2022-05-31-12:56:53; 6=0.0; 14=0; 37=algo20220531125653; 10=252;
8=FIX4.4; 35=D; 34=90; 49=MTHREE; 56=MS; 52=2022-05-31-12:56:55; 55=WBAI; 40=2; 38=28921; 21=2; 11=algo20220531125655; 60=2022-05-31-12:56:55; 54=1; 44=4.10; 10=0252;
8=FIX4.4; 35=8; 34=130; 49=MS; 56=MTHREE; 52=2022-05-31-12:56:55; 55=WBAI; 40=2; 11=algo20220531125655; 31=4.10; 150=0; 39=0; 54=1; 44=4.10; 32=0; 17=exec20220531125655; 38=28921; 60=2022-05-31-12:56:55; 6=0; 14=0; 37=algo20220531125655; 10=200;
8=FIX4.4; 35=8; 34=131; 49=MS; 56=MTHREE; 52=2022-05-31-12:56:55; 55=WBAI; 40=2; 11=algo20220531125655; 31=4.10; 150=1; 39=1; 54=1; 44=4.10; 32=5784; 17=exec20220531125655; 38=28921; 60=2022-05-31-12:56:55; 6=4.10; 14=5784; 37=algo20220531125655; 10=240;
8=FIX4.4; 35=F; 34=90; 49=MTHREE; 56=MS; 52=2022-05-31-12:56:56; 41=algo20220531125655; 55=WBAI; 38=28921; 11=C_algo20220531125655; 60=2022-05-31-12:56:56; 10=060;
8=FIX4.4; 35=8; 34=131; 49=MS; 56=MTHREE; 52=2022-05-31-12:56:56; 55=WBAI; 11=C_algo20220531125655; 31=0; 150=6; 39=6; 54=1; 44=4.10; 17=exec20220531125656; 32=0; 41=algo20220531125655; 38=28921; 60=2022-05-31-12:56:56; 6=0.0; 14=5784; 37=algo20220531125655; 10=252;
8=FIX4.4; 35=8; 34=132; 49=MS; 56=MTHREE; 52=2022-05-31-12:56:56; 151=17353; 55=WBAI; 11=C_algo20220531125655; 31=0; 150=4; 39=4; 54=1; 17=exec20220531125656; 32=0; 41=algo20220531125655; 38=28921; 60=2022-05-31-12:56:56; 6=0.0; 14=5784; 37=algo20220531125655; 10=252;
8=FIX4.4; 35=D; 34=92; 49=MTHREE; 56=MS; 52=2022-05-31-12:56:58; 55=WUBA; 40=2; 38=5476; 21=2; 11=algo20220531125658; 60=2022-05-31-12:56:58; 54=1; 44=51.41; 10=0252;
8=FIX4.4; 35=8; 34=134; 49=MS; 56=MTHREE; 52=2022-05-31-12:56:58; 55=WUBA; 40=2; 11=algo20220531125658; 31=51.41; 150=0; 39=0; 54=1; 44=51.41; 32=0; 17=exec20220531125658; 38=5476; 60=2022-05-31-12:56:58; 6=0; 14=0; 37=algo20220531125658; 10=200;
8=FIX4.4; 35=8; 34=135; 49=MS; 56=MTHREE; 52=2022-05-31-12:56:58; 55=WUBA; 40=2; 11=algo20220531125658; 31=51.41; 150=1; 39=1; 54=1; 44=51.41; 32=1369; 17=exec20220531125658; 38=5476; 60=2022-05-31-12:56:58; 6=51.41; 14=1369; 37=algo20220531125658; 10=240;
8=FIX4.4; 35=F; 34=92; 49=MTHREE; 56=MS; 52=2022-05-31-12:56:59; 41=algo20220531125658; 55=WUBA; 38=5476; 11=C_algo20220531125658; 60=2022-05-31-12:56:59; 10=060;
8=FIX4.4; 35=8; 34=135; 49=MS; 56=MTHREE; 52=2022-05-31-12:56:59; 55=WUBA; 11=C_algo20220531125658; 31=0; 150=6; 39=6; 54=1; 44=51.41; 17=exec20220531125659; 32=0; 41=algo20220531125658; 38=5476; 60=2022-05-31-12:56:59; 6=0.0; 14=1369; 37=algo20220531125658; 10=252;
8=FIX4.4; 35=8; 34=136; 49=MS; 56=MTHREE; 52=2022-05-31-12:56:59; 151=2738; 55=WUBA; 11=C_algo20220531125658; 31=0; 150=4; 39=4; 54=1; 17=exec20220531125659; 32=0; 41=algo20220531125658; 38=5476; 60=2022-05-31-12:56:59; 6=0.0; 14=1369; 37=algo20220531125658; 10=252;
8=FIX4.4; 35=D; 34=94; 49=MTHREE; 56=MS; 52=2022-05-31-12:57:01; 55=EGHT; 40=2; 38=28286; 21=2; 11=algo20220531125701; 60=2022-05-31-12:57:01; 54=2; 44=17.03; 10=0252;
8=FIX4.4; 35=8; 34=138; 49=MS; 56=MTHREE; 52=2022-05-31-12:57:01; 55=EGHT; 40=2; 11=algo20220531125701; 31=17.03; 150=0; 39=0; 54=2; 44=17.03; 32=0; 17=exec20220531125701; 38=28286; 60=2022-05-31-12:57:01; 6=0; 14=0; 37=algo20220531125701; 10=200;
8=FIX4.4; 35=8; 34=139; 49=MS; 56=MTHREE; 52=2022-05-31-12:57:02; 55=EGHT; 40=2; 11=algo20220531125701; 31=17.03; 150=2; 39=2; 54=2; 44=17.03; 32=28286; 17=exec20220531125702; 38=28286; 60=2022-05-31-12:57:02; 6=17.03; 14=28286; 37=algo20220531125701; 10=246;
8=FIX4.4; 35=D; 34=95; 49=MTHREE; 56=MS; 52=2022-05-31-12:57:02; 55=AHC; 40=2; 38=17304; 21=2; 11=algo20220531125702; 60=2022-05-31-12:57:02; 54=2; 44=1.40; 10=0252;
8=FIX4.4; 35=8; 34=140; 49=MS; 56=MTHREE; 52=2022-05-31-12:57:02; 55=AHC; 40=2; 11=algo20220531125702; 31=1.40; 150=0; 39=0; 54=2; 44=1.40; 32=0; 17=exec20220531125702; 38=17304; 60=2022-05-31-12:57:02; 6=0; 14=0; 37=algo20220531125702; 10=200;
8=FIX4.4; 35=8; 34=141; 49=MS; 56=MTHREE; 52=2022-05-31-12:57:02; 55=AHC; 40=2; 11=algo20220531125702; 31=1.40; 150=1; 39=1; 54=2; 44=1.40; 32=8652; 17=exec20220531125702; 38=17304; 60=2022-05-31-12:57:02; 6=1.40; 14=8652; 37=algo20220531125702; 10=240;
8=FIX4.4; 35=8; 34=142; 49=MS; 56=MTHREE; 52=2022-05-31-12:57:04; 55=AHC; 40=2; 11=algo20220531125702; 31=1.40; 150=2; 39=2; 54=2; 44=1.40; 32=8652; 17=exec20220531125704; 38=17304; 60=2022-05-31-12:57:04; 6=1.40; 14=17304; 37=algo20220531125702; 10=246;
8=FIX4.4; 35=D; 34=96; 49=MTHREE; 56=MS; 52=2022-05-31-12:57:04; 55=AOS; 40=2; 38=9740; 21=2; 11=algo20220531125704; 60=2022-05-31-12:57:04; 54=2; 44=40.38; 10=0252;
8=FIX4.4; 35=8; 34=143; 49=MS; 56=MTHREE; 52=2022-05-31-12:57:04; 55=AOS; 40=2; 11=algo20220531125704; 31=40.38; 150=0; 39=0; 54=2; 44=40.38; 32=0; 17=exec20220531125704; 38=9740; 60=2022-05-31-12:57:04; 6=0; 14=0; 37=algo20220531125704; 10=200;
8=FIX4.4; 35=F; 34=96; 49=MTHREE; 56=MS; 52=2022-05-31-12:57:04; 41=algo20220531125704; 55=AOS; 38=9740; 11=C_algo20220531125704; 60=2022-05-31-12:57:04; 10=060;
8=FIX4.4; 35=8; 34=143; 49=MS; 56=MTHREE; 52=2022-05-31-12:57:04; 55=AOS; 11=C_algo20220531125704; 31=0; 150=6; 39=6; 54=2; 44=40.38; 17=exec20220531125704; 32=0; 41=algo20220531125704; 38=9740; 60=2022-05-31-12:57:04; 6=0.0; 14=0; 37=algo20220531125704; 10=252;
8=FIX4.4; 35=8; 34=144; 49=MS; 56=MTHREE; 52=2022-05-31-12:57:04; 151=4870; 55=AOS; 11=C_algo20220531125704; 31=0; 150=4; 39=4; 54=2; 17=exec20220531125704; 32=0; 41=algo20220531125704; 38=9740; 60=2022-05-31-12:57:04; 6=0.0; 14=0; 37=algo20220531125704; 10=252;
8=FIX4.4; 35=D; 34=98; 49=MTHREE; 56=MS; 52=2022-05-31-12:57:06; 55=ATEN; 40=2; 38=23440; 21=2; 11=algo20220531125706; 60=2022-05-31-12:57:06; 54=1; 44=6.45; 10=0252;
8=FIX4.4; 35=8; 34=146; 49=MS; 56=MTHREE; 52=2022-05-31-12:57:06; 55=ATEN; 40=2; 11=algo20220531125706; 31=6.45; 150=0; 39=0; 54=1; 44=6.45; 32=0; 17=exec20220531125706; 38=23440; 60=2022-05-31-12:57:06; 6=0; 14=0; 37=algo20220531125706; 10=200;
8=FIX4.4; 35=F; 34=98; 49=MTHREE; 56=MS; 52=2022-05-31-12:57:06; 41=algo20220531125706; 55=ATEN; 38=23440; 11=C_algo20220531125706; 60=2022-05-31-12:57:06; 10=060;
8=FIX4.4; 35=8; 34=146; 49=MS; 56=MTHREE; 52=2022-05-31-12:57:06; 55=ATEN; 11=C_algo20220531125706; 31=0; 150=6; 39=6; 54=1; 44=6.45; 17=exec20220531125706; 32=0; 41=algo20220531125706; 38=23440; 60=2022-05-31-12:57:06; 6=0.0; 14=0; 37=algo20220531125706; 10=252;
8=FIX4.4; 35=8; 34=147; 49=MS; 56=MTHREE; 52=2022-05-31-12:57:06; 151=15627; 55=ATEN; 11=C_algo20220531125706; 31=0; 150=4; 39=4; 54=1; 17=exec20220531125706; 32=0; 41=algo20220531125706; 38=23440; 60=2022-05-31-12:57:06; 6=0.0; 14=0; 37=algo20220531125706; 10=252;
8=FIX4.4; 35=D; 34=100; 49=MTHREE; 56=MS; 52=2022-05-31-12:57:08; 55=AIR; 40=2; 38=4143; 21=2; 11=algo20220531125708; 60=2022-05-31-12:57:08; 54=2; 44=16.31; 10=0252;
8=FIX4.4; 35=8; 34=149; 49=MS; 56=MTHREE; 52=2022-05-31-12:57:08; 55=AIR; 40=2; 11=algo20220531125708; 31=16.31; 150=0; 39=0; 54=2; 44=16.31; 32=0; 17=exec20220531125708; 38=4143; 60=2022-05-31-12:57:08; 6=0; 14=0; 37=algo20220531125708; 10=200;
8=FIX4.4; 35=F; 34=100; 49=MTHREE; 56=MS; 52=2022-05-31-12:57:08; 41=algo20220531125708; 55=AIR; 38=4143; 11=C_algo20220531125708; 60=2022-05-31-12:57:08; 10=060;
8=FIX4.4; 35=8; 34=149; 49=MS; 56=MTHREE; 52=2022-05-31-12:57:08; 55=AIR; 11=C_algo20220531125708; 31=0; 150=6; 39=6; 54=2; 44=16.31; 17=exec20220531125708; 32=0; 41=algo20220531125708; 38=4143; 60=2022-05-31-12:57:08; 6=0.0; 14=0; 37=algo20220531125708; 10=252;
8=FIX4.4; 35=8; 34=150; 49=MS; 56=MTHREE; 52=2022-05-31-12:57:08; 151=2762; 55=AIR; 11=C_algo20220531125708; 31=0; 150=4; 39=4; 54=2; 17=exec20220531125708; 32=0; 41=algo20220531125708; 38=4143; 60=2022-05-31-12:57:08; 6=0.0; 14=0; 37=algo20220531125708; 10=252;
8=FIX4.4; 35=D; 34=102; 49=MTHREE; 56=MS; 52=2022-05-31-12:57:10; 55=AAN; 40=2; 38=1264; 21=2; 11=algo20220531125710; 60=2022-05-31-12:57:10; 54=1; 44=25.68; 10=0252;
8=FIX4.4; 35=8; 34=152; 49=MS; 56=MTHREE; 52=2022-05-31-12:57:10; 55=AAN; 40=2; 11=algo20220531125710; 31=25.68; 150=0; 39=0; 54=1; 44=25.68; 32=0; 17=exec20220531125710; 38=1264; 60=2022-05-31-12:57:10; 6=0; 14=0; 37=algo20220531125710; 10=200;
8=FIX4.4; 35=8; 34=153; 49=MS; 56=MTHREE; 52=2022-05-31-12:57:10; 55=AAN; 40=2; 11=algo20220531125710; 31=25.68; 150=1; 39=1; 54=1; 44=25.68; 32=421; 17=exec20220531125710; 38=1264; 60=2022-05-31-12:57:10; 6=25.68; 14=421; 37=algo20220531125710; 10=240;
8=FIX4.4; 35=F; 34=102; 49=MTHREE; 56=MS; 52=2022-05-31-12:57:11; 41=algo20220531125710; 55=AAN; 38=1264; 11=C_algo20220531125710; 60=2022-05-31-12:57:11; 10=060;
8=FIX4.4; 35=8; 34=153; 49=MS; 56=MTHREE; 52=2022-05-31-12:57:11; 55=AAN; 11=C_algo20220531125710; 31=0; 150=6; 39=6; 54=1; 44=25.68; 17=exec20220531125711; 32=0; 41=algo20220531125710; 38=1264; 60=2022-05-31-12:57:11; 6=0.0; 14=421; 37=algo20220531125710; 10=252;
8=FIX4.4; 35=8; 34=154; 49=MS; 56=MTHREE; 52=2022-05-31-12:57:11; 151=422; 55=AAN; 11=C_algo20220531125710; 31=0; 150=4; 39=4; 54=1; 17=exec20220531125711; 32=0; 41=algo20220531125710; 38=1264; 60=2022-05-31-12:57:11; 6=0.0; 14=421; 37=algo20220531125710; 10=252;
8=FIX4.4; 35=D; 34=104; 49=MTHREE; 56=MS; 52=2022-05-31-12:57:13; 55=ABB; 40=2; 38=24327; 21=2; 11=algo20220531125713; 60=2022-05-31-12:57:13; 54=1; 44=17.42; 10=0252;
8=FIX4.4; 35=8; 34=156; 49=MS; 56=MTHREE; 52=2022-05-31-12:57:13; 55=ABB; 40=2; 11=algo20220531125713; 31=17.42; 150=0; 39=0; 54=1; 44=17.42; 32=0; 17=exec20220531125713; 38=24327; 60=2022-05-31-12:57:13; 6=0; 14=0; 37=algo20220531125713; 10=200;
8=FIX4.4; 35=F; 34=104; 49=MTHREE; 56=MS; 52=2022-05-31-12:57:13; 41=algo20220531125713; 55=ABB; 38=24327; 11=C_algo20220531125713; 60=2022-05-31-12:57:13; 10=060;
8=FIX4.4; 35=8; 34=156; 49=MS; 56=MTHREE; 52=2022-05-31-12:57:13; 55=ABB; 11=C_algo20220531125713; 31=0; 150=6; 39=6; 54=1; 44=17.42; 17=exec20220531125713; 32=0; 41=algo20220531125713; 38=24327; 60=2022-05-31-12:57:13; 6=0.0; 14=0; 37=algo20220531125713; 10=252;
8=FIX4.4; 35=8; 34=157; 49=MS; 56=MTHREE; 52=2022-05-31-12:57:13; 151=16218; 55=ABB; 11=C_algo20220531125713; 31=0; 150=4; 39=4; 54=1; 17=exec20220531125713; 32=0; 41=algo20220531125713; 38=24327; 60=2022-05-31-12:57:13; 6=0.0; 14=0; 37=algo20220531125713; 10=252;
8=FIX4.4; 35=D; 34=106; 49=MTHREE; 56=MS; 52=2022-05-31-12:57:15; 55=ABT; 40=2; 38=463; 21=2; 11=algo20220531125715; 60=2022-05-31-12:57:15; 54=1; 44=94.04; 10=0252;
8=FIX4.4; 35=8; 34=159; 49=MS; 56=MTHREE; 52=2022-05-31-12:57:15; 55=ABT; 40=2; 11=algo20220531125715; 31=94.04; 150=0; 39=0; 54=1; 44=94.04; 32=0; 17=exec20220531125715; 38=463; 60=2022-05-31-12:57:15; 6=0; 14=0; 37=algo20220531125715; 10=200;
8=FIX4.4; 35=8; 34=160; 49=MS; 56=MTHREE; 52=2022-05-31-12:57:15; 55=ABT; 40=2; 11=algo20220531125715; 31=94.04; 150=1; 39=1; 54=1; 44=94.04; 32=115; 17=exec20220531125715; 38=463; 60=2022-05-31-12:57:15; 6=94.04; 14=115; 37=algo20220531125715; 10=240;
8=FIX4.4; 35=8; 34=161; 49=MS; 56=MTHREE; 52=2022-05-31-12:57:16; 55=ABT; 40=2; 11=algo20220531125715; 31=94.04; 150=1; 39=1; 54=1; 44=94.04; 32=115; 17=exec20220531125716; 38=463; 60=2022-05-31-12:57:16; 6=94.04; 14=230; 37=algo20220531125715; 10=240;
8=FIX4.4; 35=F; 34=106; 49=MTHREE; 56=MS; 52=2022-05-31-12:57:17; 41=algo20220531125715; 55=ABT; 38=463; 11=C_algo20220531125715; 60=2022-05-31-12:57:17; 10=060;
8=FIX4.4; 35=8; 34=161; 49=MS; 56=MTHREE; 52=2022-05-31-12:57:17; 55=ABT; 11=C_algo20220531125715; 31=0; 150=6; 39=6; 54=1; 44=94.04; 17=exec20220531125717; 32=0; 41=algo20220531125715; 38=463; 60=2022-05-31-12:57:17; 6=0.0; 14=230; 37=algo20220531125715; 10=252;
8=FIX4.4; 35=8; 34=162; 49=MS; 56=MTHREE; 52=2022-05-31-12:57:17; 151=118; 55=ABT; 11=C_algo20220531125715; 31=0; 150=4; 39=4; 54=1; 17=exec20220531125717; 32=0; 41=algo20220531125715; 38=463; 60=2022-05-31-12:57:17; 6=0.0; 14=230; 37=algo20220531125715; 10=252;
8=FIX4.4; 35=D; 34=108; 49=MTHREE; 56=MS; 52=2022-05-31-12:57:19; 55=ABBV; 40=2; 38=18973; 21=2; 11=algo20220531125719; 60=2022-05-31-12:57:19; 54=2; 44=83.60; 10=0252;
8=FIX4.4; 35=8; 34=164; 49=MS; 56=MTHREE; 52=2022-05-31-12:57:19; 55=ABBV; 40=2; 11=algo20220531125719; 31=83.60; 150=0; 39=0; 54=2; 44=83.60; 32=0; 17=exec20220531125719; 38=18973; 60=2022-05-31-12:57:19; 6=0; 14=0; 37=algo20220531125719; 10=200;
8=FIX4.4; 35=8; 34=165; 49=MS; 56=MTHREE; 52=2022-05-31-12:57:20; 55=ABBV; 40=2; 11=algo20220531125719; 31=83.60; 150=2; 39=2; 54=2; 44=83.60; 32=18973; 17=exec20220531125720; 38=18973; 60=2022-05-31-12:57:20; 6=83.60; 14=18973; 37=algo20220531125719; 10=246;
8=FIX4.4; 35=D; 34=109; 49=MTHREE; 56=MS; 52=2022-05-31-12:57:20; 55=ANF; 40=2; 38=12276; 21=2; 11=algo20220531125720; 60=2022-05-31-12:57:20; 54=1; 44=9.10; 10=0252;
8=FIX4.4; 35=8; 34=166; 49=MS; 56=MTHREE; 52=2022-05-31-12:57:20; 55=ANF; 40=2; 11=algo20220531125720; 31=9.10; 150=0; 39=0; 54=1; 44=9.10; 32=0; 17=exec20220531125720; 38=12276; 60=2022-05-31-12:57:20; 6=0; 14=0; 37=algo20220531125720; 10=200;
8=FIX4.4; 35=8; 34=167; 49=MS; 56=MTHREE; 52=2022-05-31-12:57:21; 55=ANF; 40=2; 11=algo20220531125720; 31=9.10; 150=2; 39=2; 54=1; 44=9.10; 32=12276; 17=exec20220531125721; 38=12276; 60=2022-05-31-12:57:21; 6=9.10; 14=12276; 37=algo20220531125720; 10=246;
8=FIX4.4; 35=D; 34=110; 49=MTHREE; 56=MS; 52=2022-05-31-12:57:21; 55=ABM; 40=2; 38=28644; 21=2; 11=algo20220531125721; 60=2022-05-31-12:57:21; 54=1; 44=31.64; 10=0252;
8=FIX4.4; 35=8; 34=168; 49=MS; 56=MTHREE; 52=2022-05-31-12:57:21; 55=ABM; 40=2; 11=algo20220531125721; 31=31.64; 150=0; 39=0; 54=1; 44=31.64; 32=0; 17=exec20220531125721; 38=28644; 60=2022-05-31-12:57:21; 6=0; 14=0; 37=algo20220531125721; 10=200;
8=FIX4.4; 35=F; 34=110; 49=MTHREE; 56=MS; 52=2022-05-31-12:57:21; 41=algo20220531125721; 55=ABM; 38=28644; 11=C_algo20220531125721; 60=2022-05-31-12:57:21; 10=060;
8=FIX4.4; 35=8; 34=168; 49=MS; 56=MTHREE; 52=2022-05-31-12:57:21; 55=ABM; 11=C_algo20220531125721; 31=0; 150=6; 39=6; 54=1; 44=31.64; 17=exec20220531125721; 32=0; 41=algo20220531125721; 38=28644; 60=2022-05-31-12:57:21; 6=0.0; 14=0; 37=algo20220531125721; 10=252;
8=FIX4.4; 35=8; 34=169; 49=MS; 56=MTHREE; 52=2022-05-31-12:57:21; 151=19096; 55=ABM; 11=C_algo20220531125721; 31=0; 150=4; 39=4; 54=1; 17=exec20220531125721; 32=0; 41=algo20220531125721; 38=28644; 60=2022-05-31-12:57:21; 6=0.0; 14=0; 37=algo20220531125721; 10=252;
8=FIX4.4; 35=D; 34=112; 49=MTHREE; 56=MS; 52=2022-05-31-12:57:23; 55=AAPL; 40=2; 38=29766; 21=2; 11=algo20220531125723; 60=2022-05-31-12:57:23; 54=2; 44=284.65; 10=0252;
8=FIX4.4; 35=8; 34=171; 49=MS; 56=MTHREE; 52=2022-05-31-12:57:23; 55=AAPL; 40=2; 11=algo20220531125723; 31=284.65; 150=0; 39=0; 54=2; 44=284.65; 32=0; 17=exec20220531125723; 38=29766; 60=2022-05-31-12:57:23; 6=0; 14=0; 37=algo20220531125723; 10=200;
8=FIX4.4; 35=F; 34=112; 49=MTHREE; 56=MS; 52=2022-05-31-12:57:23; 41=algo20220531125723; 55=AAPL; 38=29766; 11=C_algo20220531125723; 60=2022-05-31-12:57:23; 10=060;
8=FIX4.4; 35=8; 34=171; 49=MS; 56=MTHREE; 52=2022-05-31-12:57:23; 55=AAPL; 11=C_algo20220531125723; 31=0; 150=6; 39=6; 54=2; 44=284.65; 17=exec20220531125723; 32=0; 41=algo20220531125723; 38=29766; 60=2022-05-31-12:57:23; 6=0.0; 14=0; 37=algo20220531125723; 10=252;
8=FIX4.4; 35=8; 34=172; 49=MS; 56=MTHREE; 52=2022-05-31-12:57:23; 151=23813; 55=AAPL; 11=C_algo20220531125723; 31=0; 150=4; 39=4; 54=2; 17=exec20220531125723; 32=0; 41=algo20220531125723; 38=29766; 60=2022-05-31-12:57:23; 6=0.0; 14=0; 37=algo20220531125723; 10=252;
8=FIX4.4; 35=D; 34=114; 49=MTHREE; 56=MS; 52=2022-05-31-12:57:25; 55=PEP; 40=2; 38=29593; 21=2; 11=algo20220531125725; 60=2022-05-31-12:57:25; 54=2; 44=45.43; 10=0252;
8=FIX4.4; 35=8; 34=174; 49=MS; 56=MTHREE; 52=2022-05-31-12:57:25; 55=PEP; 40=2; 11=algo20220531125725; 31=45.43; 150=0; 39=0; 54=2; 44=45.43; 32=0; 17=exec20220531125725; 38=29593; 60=2022-05-31-12:57:25; 6=0; 14=0; 37=algo20220531125725; 10=200;
8=FIX4.4; 35=8; 34=175; 49=MS; 56=MTHREE; 52=2022-05-31-12:57:25; 55=PEP; 40=2; 11=algo20220531125725; 31=45.43; 150=1; 39=1; 54=2; 44=45.43; 32=7398; 17=exec20220531125725; 38=29593; 60=2022-05-31-12:57:25; 6=45.43; 14=7398; 37=algo20220531125725; 10=240;
8=FIX4.4; 35=8; 34=176; 49=MS; 56=MTHREE; 52=2022-05-31-12:57:26; 55=PEP; 40=2; 11=algo20220531125725; 31=45.43; 150=1; 39=1; 54=2; 44=45.43; 32=7398; 17=exec20220531125726; 38=29593; 60=2022-05-31-12:57:26; 6=45.43; 14=14796; 37=algo20220531125725; 10=240;
8=FIX4.4; 35=F; 34=114; 49=MTHREE; 56=MS; 52=2022-05-31-12:57:27; 41=algo20220531125725; 55=PEP; 38=29593; 11=C_algo20220531125725; 60=2022-05-31-12:57:27; 10=060;
8=FIX4.4; 35=8; 34=176; 49=MS; 56=MTHREE; 52=2022-05-31-12:57:27; 55=PEP; 11=C_algo20220531125725; 31=0; 150=6; 39=6; 54=2; 44=45.43; 17=exec20220531125727; 32=0; 41=algo20220531125725; 38=29593; 60=2022-05-31-12:57:27; 6=0.0; 14=14796; 37=algo20220531125725; 10=252;
8=FIX4.4; 35=8; 34=177; 49=MS; 56=MTHREE; 52=2022-05-31-12:57:27; 151=7399; 55=PEP; 11=C_algo20220531125725; 31=0; 150=4; 39=4; 54=2; 17=exec20220531125727; 32=0; 41=algo20220531125725; 38=29593; 60=2022-05-31-12:57:27; 6=0.0; 14=14796; 37=algo20220531125725; 10=252;
8=FIX4.4; 35=D; 34=116; 49=MTHREE; 56=MS; 52=2022-05-31-12:57:29; 55=; 40=2; 38=28414; 21=2; 11=algo20220531125729; 60=2022-05-31-12:57:29; 54=1; 44=; 10=0252;
8=FIX4.4; 35=8; 34=179; 49=MS; 56=MTHREE; 52=2022-05-31-12:57:29; 55=; 40=2; 11=algo20220531125729; 31=; 150=0; 39=0; 54=1; 44=; 32=0; 17=exec20220531125729; 38=28414; 60=2022-05-31-12:57:29; 6=0; 14=0; 37=algo20220531125729; 10=200;
8=FIX4.4; 35=F; 34=116; 49=MTHREE; 56=MS; 52=2022-05-31-12:57:29; 41=algo20220531125729; 55=; 38=28414; 11=C_algo20220531125729; 60=2022-05-31-12:57:29; 10=060;
8=FIX4.4; 35=8; 34=179; 49=MS; 56=MTHREE; 52=2022-05-31-12:57:29; 55=; 11=C_algo20220531125729; 31=0; 150=6; 39=6; 54=1; 44=; 17=exec20220531125729; 32=0; 41=algo20220531125729; 38=28414; 60=2022-05-31-12:57:29; 6=0.0; 14=0; 37=algo20220531125729; 10=252;
8=FIX4.4; 35=8; 34=180; 49=MS; 56=MTHREE; 52=2022-05-31-12:57:29; 151=21311; 55=; 11=C_algo20220531125729; 31=0; 150=4; 39=4; 54=1; 17=exec20220531125729; 32=0; 41=algo20220531125729; 38=28414; 60=2022-05-31-12:57:29; 6=0.0; 14=0; 37=algo20220531125729; 10=252;
