8=FIX4.4; 35=A; 34=1; 49=MTHREE; 56=MS; 52=2022-05-31-12:52:06; 108=30; 10=0015;
8=FIX4.4; 35=A; 34=1; 49=MS; 56=MTHREE; 52=2022-05-31-12:52:06; 108=30; 10=0016;
8=FIX4.4; 35=0; 34=2; 49=MTHREE; 56=MS; 52=2022-05-31-12:52:06; 108=30; 10=0015;
8=FIX4.4; 35=0; 34=2; 49=MS; 56=MTHREE; 52=2022-05-31-12:52:06; 108=30; 10=0015;
8=FIX4.4; 35=0; 34=3; 49=MTHREE; 56=MS; 52=2022-05-31-12:52:08; 108=30; 10=0015;
8=FIX4.4; 35=0; 34=3; 49=MS; 56=MTHREE; 52=2022-05-31-12:52:08; 108=30; 10=0015;
8=FIX4.4; 35=0; 34=4; 49=MTHREE; 56=MS; 52=2022-05-31-12:52:10; 108=30; 10=0015;
8=FIX4.4; 35=0; 34=4; 49=MS; 56=MTHREE; 52=2022-05-31-12:52:10; 108=30; 10=0015;
8=FIX4.4; 35=0; 34=5; 49=MTHREE; 56=MS; 52=2022-05-31-12:52:12; 108=30; 10=0015;
8=FIX4.4; 35=0; 34=5; 49=MS; 56=MTHREE; 52=2022-05-31-12:52:12; 108=30; 10=0015;
8=FIX4.4; 35=0; 34=6; 49=MTHREE; 56=MS; 52=2022-05-31-12:52:14; 108=30; 10=0015;
8=FIX4.4; 35=0; 34=6; 49=MS; 56=MTHREE; 52=2022-05-31-12:52:14; 108=30; 10=0015;
8=FIX4.4; 35=0; 34=7; 49=MTHREE; 56=MS; 52=2022-05-31-12:52:16; 108=30; 10=0015;
8=FIX4.4; 35=0; 34=7; 49=MS; 56=MTHREE; 52=2022-05-31-12:52:16; 108=30; 10=0015;
8=FIX4.4; 35=0; 34=8; 49=MTHREE; 56=MS; 52=2022-05-31-12:52:18; 108=30; 10=0015;
8=FIX4.4; 35=0; 34=8; 49=MS; 56=MTHREE; 52=2022-05-31-12:52:18; 108=30; 10=0015;
8=FIX4.4; 35=0; 34=9; 49=MTHREE; 56=MS; 52=2022-05-31-12:52:20; 108=30; 10=0015;
8=FIX4.4; 35=0; 34=9; 49=MS; 56=MTHREE; 52=2022-05-31-12:52:20; 108=30; 10=0015;
8=FIX4.4; 35=0; 34=10; 49=MTHREE; 56=MS; 52=2022-05-31-12:52:22; 108=30; 10=0015;
8=FIX4.4; 35=0; 34=10; 49=MS; 56=MTHREE; 52=2022-05-31-12:52:22; 108=30; 10=0015;
8=FIX4.4; 35=0; 34=11; 49=MTHREE; 56=MS; 52=2022-05-31-12:52:24; 108=30; 10=0015;
8=FIX4.4; 35=0; 34=11; 49=MS; 56=MTHREE; 52=2022-05-31-12:52:24; 108=30; 10=0015;
8=FIX4.4; 35=0; 34=12; 49=MTHREE; 56=MS; 52=2022-05-31-12:52:26; 108=30; 10=0015;
8=FIX4.4; 35=0; 34=12; 49=MS; 56=MTHREE; 52=2022-05-31-12:52:26; 108=30; 10=0015;
8=FIX4.4; 35=0; 34=13; 49=MTHREE; 56=MS; 52=2022-05-31-12:52:28; 108=30; 10=0015;
8=FIX4.4; 35=0; 34=13; 49=MS; 56=MTHREE; 52=2022-05-31-12:52:28; 108=30; 10=0015;
8=FIX4.4; 35=0; 34=14; 49=MTHREE; 56=MS; 52=2022-05-31-12:52:30; 108=30; 10=0015;
8=FIX4.4; 35=0; 34=14; 49=MS; 56=MTHREE; 52=2022-05-31-12:52:30; 108=30; 10=0015;
8=FIX4.4; 35=0; 34=15; 49=MTHREE; 56=MS; 52=2022-05-31-12:52:32; 108=30; 10=0015;
8=FIX4.4; 35=0; 34=15; 49=MS; 56=MTHREE; 52=2022-05-31-12:52:32; 108=30; 10=0015;
8=FIX4.4; 35=0; 34=16; 49=MTHREE; 56=MS; 52=2022-05-31-12:52:34; 108=30; 10=0015;
8=FIX4.4; 35=0; 34=16; 49=MS; 56=MTHREE; 52=2022-05-31-12:52:34; 108=30; 10=0015;
8=FIX4.4; 35=0; 34=17; 49=MTHREE; 56=MS; 52=2022-05-31-12:52:36; 108=30; 10=0015;
8=FIX4.4; 35=0; 34=17; 49=MS; 56=MTHREE; 52=2022-05-31-12:52:36; 108=30; 10=0015;
8=FIX4.4; 35=0; 34=18; 49=MTHREE; 56=MS; 52=2022-05-31-12:52:38; 108=30; 10=0015;
8=FIX4.4; 35=0; 34=18; 49=MS; 56=MTHREE; 52=2022-05-31-12:52:38; 108=30; 10=0015;
8=FIX4.4; 35=0; 34=19; 49=MTHREE; 56=MS; 52=2022-05-31-12:52:40; 108=30; 10=0015;
8=FIX4.4; 35=0; 34=19; 49=MS; 56=MTHREE; 52=2022-05-31-12:52:40; 108=30; 10=0015;
8=FIX4.4; 35=0; 34=20; 49=MTHREE; 56=MS; 52=2022-05-31-12:52:42; 108=30; 10=0015;
8=FIX4.4; 35=0; 34=20; 49=MS; 56=MTHREE; 52=2022-05-31-12:52:42; 108=30; 10=0015;
8=FIX4.4; 35=0; 34=21; 49=MTHREE; 56=MS; 52=2022-05-31-12:52:44; 108=30; 10=0015;
8=FIX4.4; 35=0; 34=21; 49=MS; 56=MTHREE; 52=2022-05-31-12:52:44; 108=30; 10=0015;
8=FIX4.4; 35=0; 34=22; 49=MTHREE; 56=MS; 52=2022-05-31-12:52:46; 108=30; 10=0015;
8=FIX4.4; 35=0; 34=22; 49=MS; 56=MTHREE; 52=2022-05-31-12:52:46; 108=30; 10=0015;
8=FIX4.4; 35=0; 34=23; 49=MTHREE; 56=MS; 52=2022-05-31-12:52:48; 108=30; 10=0015;
8=FIX4.4; 35=0; 34=23; 49=MS; 56=MTHREE; 52=2022-05-31-12:52:48; 108=30; 10=0015;
8=FIX4.4; 35=0; 34=24; 49=MTHREE; 56=MS; 52=2022-05-31-12:52:50; 108=30; 10=0015;
8=FIX4.4; 35=0; 34=24; 49=MS; 56=MTHREE; 52=2022-05-31-12:52:50; 108=30; 10=0015;
8=FIX4.4; 35=0; 34=25; 49=MTHREE; 56=MS; 52=2022-05-31-12:52:52; 108=30; 10=0015;
8=FIX4.4; 35=0; 34=25; 49=MS; 56=MTHREE; 52=2022-05-31-12:52:52; 108=30; 10=0015;
8=FIX4.4; 35=0; 34=26; 49=MTHREE; 56=MS; 52=2022-05-31-12:52:54; 108=30; 10=0015;
8=FIX4.4; 35=0; 34=26; 49=MS; 56=MTHREE; 52=2022-05-31-12:52:54; 108=30; 10=0015;
8=FIX4.4; 35=0; 34=27; 49=MTHREE; 56=MS; 52=2022-05-31-12:52:56; 108=30; 10=0015;
8=FIX4.4; 35=0; 34=27; 49=MS; 56=MTHREE; 52=2022-05-31-12:52:56; 108=30; 10=0015;
8=FIX4.4; 35=0; 34=28; 49=MTHREE; 56=MS; 52=2022-05-31-12:52:58; 108=30; 10=0015;
8=FIX4.4; 35=0; 34=28; 49=MS; 56=MTHREE; 52=2022-05-31-12:52:58; 108=30; 10=0015;
8=FIX4.4; 35=0; 34=29; 49=MTHREE; 56=MS; 52=2022-05-31-12:53:00; 108=30; 10=0015;
8=FIX4.4; 35=0; 34=29; 49=MS; 56=MTHREE; 52=2022-05-31-12:53:00; 108=30; 10=0015;
8=FIX4.4; 35=0; 34=30; 49=MTHREE; 56=MS; 52=2022-05-31-12:53:02; 108=30; 10=0015;
8=FIX4.4; 35=0; 34=30; 49=MS; 56=MTHREE; 52=2022-05-31-12:53:02; 108=30; 10=0015;
8=FIX4.4; 35=0; 34=31; 49=MTHREE; 56=MS; 52=2022-05-31-12:53:04; 108=30; 10=0015;
8=FIX4.4; 35=0; 34=31; 49=MS; 56=MTHREE; 52=2022-05-31-12:53:04; 108=30; 10=0015;
8=FIX4.4; 35=0; 34=32; 49=MTHREE; 56=MS; 52=2022-05-31-12:53:06; 108=30; 10=0015;
8=FIX4.4; 35=0; 34=32; 49=MS; 56=MTHREE; 52=2022-05-31-12:53:06; 108=30; 10=0015;
8=FIX4.4; 35=0; 34=33; 49=MTHREE; 56=MS; 52=2022-05-31-12:53:08; 108=30; 10=0015;
8=FIX4.4; 35=0; 34=33; 49=MS; 56=MTHREE; 52=2022-05-31-12:53:08; 108=30; 10=0015;
8=FIX4.4; 35=0; 34=34; 49=MTHREE; 56=MS; 52=2022-05-31-12:53:10; 108=30; 10=0015;
8=FIX4.4; 35=0; 34=34; 49=MS; 56=MTHREE; 52=2022-05-31-12:53:10; 108=30; 10=0015;
8=FIX4.4; 35=0; 34=35; 49=MTHREE; 56=MS; 52=2022-05-31-12:53:12; 108=30; 10=0015;
8=FIX4.4; 35=0; 34=35; 49=MS; 56=MTHREE; 52=2022-05-31-12:53:12; 108=30; 10=0015;
8=FIX4.4; 35=0; 34=36; 49=MTHREE; 56=MS; 52=2022-05-31-12:53:14; 108=30; 10=0015;
8=FIX4.4; 35=0; 34=36; 49=MS; 56=MTHREE; 52=2022-05-31-12:53:14; 108=30; 10=0015;
8=FIX4.4; 35=0; 34=37; 49=MTHREE; 56=MS; 52=2022-05-31-12:53:16; 108=30; 10=0015;
8=FIX4.4; 35=0; 34=37; 49=MS; 56=MTHREE; 52=2022-05-31-12:53:16; 108=30; 10=0015;
8=FIX4.4; 35=0; 34=38; 49=MTHREE; 56=MS; 52=2022-05-31-12:53:18; 108=30; 10=0015;
8=FIX4.4; 35=0; 34=38; 49=MS; 56=MTHREE; 52=2022-05-31-12:53:18; 108=30; 10=0015;
8=FIX4.4; 35=0; 34=39; 49=MTHREE; 56=MS; 52=2022-05-31-12:53:20; 108=30; 10=0015;
8=FIX4.4; 35=0; 34=39; 49=MS; 56=MTHREE; 52=2022-05-31-12:53:20; 108=30; 10=0015;
8=FIX4.4; 35=0; 34=40; 49=MTHREE; 56=MS; 52=2022-05-31-12:53:22; 108=30; 10=0015;
8=FIX4.4; 35=0; 34=40; 49=MS; 56=MTHREE; 52=2022-05-31-12:53:22; 108=30; 10=0015;
8=FIX4.4; 35=0; 34=41; 49=MTHREE; 56=MS; 52=2022-05-31-12:53:24; 108=30; 10=0015;
8=FIX4.4; 35=0; 34=41; 49=MS; 56=MTHREE; 52=2022-05-31-12:53:24; 108=30; 10=0015;
8=FIX4.4; 35=0; 34=42; 49=MTHREE; 56=MS; 52=2022-05-31-12:53:26; 108=30; 10=0015;
8=FIX4.4; 35=0; 34=42; 49=MS; 56=MTHREE; 52=2022-05-31-12:53:26; 108=30; 10=0015;
8=FIX4.4; 35=0; 34=43; 49=MTHREE; 56=MS; 52=2022-05-31-12:53:28; 108=30; 10=0015;
8=FIX4.4; 35=0; 34=43; 49=MS; 56=MTHREE; 52=2022-05-31-12:53:28; 108=30; 10=0015;
8=FIX4.4; 35=0; 34=44; 49=MTHREE; 56=MS; 52=2022-05-31-12:53:30; 108=30; 10=0015;
8=FIX4.4; 35=0; 34=44; 49=MS; 56=MTHREE; 52=2022-05-31-12:53:30; 108=30; 10=0015;
8=FIX4.4; 35=0; 34=45; 49=MTHREE; 56=MS; 52=2022-05-31-12:53:32; 108=30; 10=0015;
8=FIX4.4; 35=0; 34=45; 49=MS; 56=MTHREE; 52=2022-05-31-12:53:32; 108=30; 10=0015;
8=FIX4.4; 35=0; 34=46; 49=MTHREE; 56=MS; 52=2022-05-31-12:53:34; 108=30; 10=0015;
8=FIX4.4; 35=0; 34=46; 49=MS; 56=MTHREE; 52=2022-05-31-12:53:34; 108=30; 10=0015;
8=FIX4.4; 35=0; 34=47; 49=MTHREE; 56=MS; 52=2022-05-31-12:53:36; 108=30; 10=0015;
8=FIX4.4; 35=0; 34=47; 49=MS; 56=MTHREE; 52=2022-05-31-12:53:36; 108=30; 10=0015;
8=FIX4.4; 35=0; 34=48; 49=MTHREE; 56=MS; 52=2022-05-31-12:53:38; 108=30; 10=0015;
8=FIX4.4; 35=0; 34=48; 49=MS; 56=MTHREE; 52=2022-05-31-12:53:38; 108=30; 10=0015;
8=FIX4.4; 35=0; 34=49; 49=MTHREE; 56=MS; 52=2022-05-31-12:53:40; 108=30; 10=0015;
8=FIX4.4; 35=0; 34=49; 49=MS; 56=MTHREE; 52=2022-05-31-12:53:40; 108=30; 10=0015;
8=FIX4.4; 35=0; 34=50; 49=MTHREE; 56=MS; 52=2022-05-31-12:53:42; 108=30; 10=0015;
8=FIX4.4; 35=0; 34=50; 49=MS; 56=MTHREE; 52=2022-05-31-12:53:42; 108=30; 10=0015;
8=FIX4.4; 35=0; 34=51; 49=MTHREE; 56=MS; 52=2022-05-31-12:53:44; 108=30; 10=0015;
8=FIX4.4; 35=0; 34=51; 49=MS; 56=MTHREE; 52=2022-05-31-12:53:44; 108=30; 10=0015;
8=FIX4.4; 35=D; 34=52; 49=MTHREE; 56=MS; 52=2022-05-31-12:53:46; 55=AAPL; 40=2; 38=32421; 21=2; 11=algo20220531125346; 60=2022-05-31-12:53:46; 54=1; 44=1276.37; 10=0252;
8=FIX4.4; 35=8; 34=52; 49=MS; 56=MTHREE; 52=2022-05-31-12:53:46; 55=AAPL; 40=2; 11=algo20220531125346; 31=1276.37; 150=0; 39=0; 54=1; 44=1276.37; 32=0; 17=exec20220531125346; 38=32421; 60=2022-05-31-12:53:46; 6=0; 14=0; 37=algo20220531125346; 10=200;
8=FIX4.4; 35=8; 34=53; 49=MS; 56=MTHREE; 52=2022-05-31-12:53:47; 55=AAPL; 40=2; 11=algo20220531125346; 31=1276.37; 150=2; 39=2; 54=1; 44=1276.37; 32=32421; 17=exec20220531125347; 38=32421; 60=2022-05-31-12:53:47; 6=1276.37; 14=32421; 37=algo20220531125346; 10=246;
8=FIX4.4; 35=D; 34=53; 49=MTHREE; 56=MS; 52=2022-05-31-12:53:47; 55=MSFT; 40=2; 38=18307; 21=2; 11=algo20220531125347; 60=2022-05-31-12:53:47; 54=2; 44=59.89; 10=0252;
8=FIX4.4; 35=8; 34=54; 49=MS; 56=MTHREE; 52=2022-05-31-12:53:47; 55=MSFT; 40=2; 11=algo20220531125347; 31=59.89; 150=0; 39=0; 54=2; 44=59.89; 32=0; 17=exec20220531125347; 38=18307; 60=2022-05-31-12:53:47; 6=0; 14=0; 37=algo20220531125347; 10=200;
8=FIX4.4; 35=8; 34=55; 49=MS; 56=MTHREE; 52=2022-05-31-12:53:47; 55=MSFT; 40=2; 11=algo20220531125347; 31=59.89; 150=1; 39=1; 54=2; 44=59.89; 32=9153; 17=exec20220531125347; 38=18307; 60=2022-05-31-12:53:47; 6=59.89; 14=9153; 37=algo20220531125347; 10=240;
8=FIX4.4; 35=8; 34=56; 49=MS; 56=MTHREE; 52=2022-05-31-12:53:49; 55=MSFT; 40=2; 11=algo20220531125347; 31=59.89; 150=2; 39=2; 54=2; 44=59.89; 32=9154; 17=exec20220531125349; 38=18307; 60=2022-05-31-12:53:49; 6=59.89; 14=18307; 37=algo20220531125347; 10=246;
8=FIX4.4; 35=D; 34=54; 49=MTHREE; 56=MS; 52=2022-05-31-12:53:49; 55=AMZN; 40=2; 38=2025; 21=2; 11=algo20220531125349; 60=2022-05-31-12:53:49; 54=1; 44=133.47; 10=0252;
8=FIX4.4; 35=8; 34=57; 49=MS; 56=MTHREE; 52=2022-05-31-12:53:49; 55=AMZN; 40=2; 11=algo20220531125349; 31=133.47; 150=0; 39=0; 54=1; 44=133.47; 32=0; 17=exec20220531125349; 38=2025; 60=2022-05-31-12:53:49; 6=0; 14=0; 37=algo20220531125349; 10=200;
8=FIX4.4; 35=F; 34=54; 49=MTHREE; 56=MS; 52=2022-05-31-12:53:49; 41=algo20220531125349; 55=AMZN; 38=2025; 11=C_algo20220531125349; 60=2022-05-31-12:53:49; 10=060;
8=FIX4.4; 35=8; 34=57; 49=MS; 56=MTHREE; 52=2022-05-31-12:53:49; 55=AMZN; 11=C_algo20220531125349; 31=0; 150=6; 39=6; 54=1; 44=133.47; 17=exec20220531125349; 32=0; 41=algo20220531125349; 38=2025; 60=2022-05-31-12:53:49; 6=0.0; 14=0; 37=algo20220531125349; 10=252;
8=FIX4.4; 35=8; 34=58; 49=MS; 56=MTHREE; 52=2022-05-31-12:53:49; 151=1620; 55=AMZN; 11=C_algo20220531125349; 31=0; 150=4; 39=4; 54=1; 17=exec20220531125349; 32=0; 41=algo20220531125349; 38=2025; 60=2022-05-31-12:53:49; 6=0.0; 14=0; 37=algo20220531125349; 10=252;
8=FIX4.4; 35=D; 34=56; 49=MTHREE; 56=MS; 52=2022-05-31-12:53:51; 55=FB; 40=2; 38=16690; 21=2; 11=algo20220531125351; 60=2022-05-31-12:53:51; 54=2; 44=430.62; 10=0252;
8=FIX4.4; 35=8; 34=60; 49=MS; 56=MTHREE; 52=2022-05-31-12:53:51; 55=FB; 40=2; 11=algo20220531125351; 31=430.62; 150=0; 39=0; 54=2; 44=430.62; 32=0; 17=exec20220531125351; 38=16690; 60=2022-05-31-12:53:51; 6=0; 14=0; 37=algo20220531125351; 10=200;
8=FIX4.4; 35=F; 34=56; 49=MTHREE; 56=MS; 52=2022-05-31-12:53:51; 41=algo20220531125351; 55=FB; 38=16690; 11=C_algo20220531125351; 60=2022-05-31-12:53:51; 10=060;
8=FIX4.4; 35=8; 34=60; 49=MS; 56=MTHREE; 52=2022-05-31-12:53:51; 55=FB; 11=C_algo20220531125351; 31=0; 150=6; 39=6; 54=2; 44=430.62; 17=exec20220531125351; 32=0; 41=algo20220531125351; 38=16690; 60=2022-05-31-12:53:51; 6=0.0; 14=0; 37=algo20220531125351; 10=252;
8=FIX4.4; 35=8; 34=61; 49=MS; 56=MTHREE; 52=2022-05-31-12:53:51; 151=13352; 55=FB; 11=C_algo20220531125351; 31=0; 150=4; 39=4; 54=2; 17=exec20220531125351; 32=0; 41=algo20220531125351; 38=16690; 60=2022-05-31-12:53:51; 6=0.0; 14=0; 37=algo20220531125351; 10=252;
8=FIX4.4; 35=D; 34=58; 49=MTHREE; 56=MS; 52=2022-05-31-12:53:53; 55=GOOG; 40=2; 38=3101; 21=2; 11=algo20220531125353; 60=2022-05-31-12:53:53; 54=2; 44=42.05; 10=0252;
8=FIX4.4; 35=8; 34=63; 49=MS; 56=MTHREE; 52=2022-05-31-12:53:53; 55=GOOG; 40=2; 11=algo20220531125353; 31=42.05; 150=0; 39=0; 54=2; 44=42.05; 32=0; 17=exec20220531125353; 38=3101; 60=2022-05-31-12:53:53; 6=0; 14=0; 37=algo20220531125353; 10=200;
8=FIX4.4; 35=8; 34=64; 49=MS; 56=MTHREE; 52=2022-05-31-12:53:53; 55=GOOG; 40=2; 11=algo20220531125353; 31=42.05; 150=1; 39=1; 54=2; 44=42.05; 32=775; 17=exec20220531125353; 38=3101; 60=2022-05-31-12:53:53; 6=42.05; 14=775; 37=algo20220531125353; 10=240;
8=FIX4.4; 35=F; 34=58; 49=MTHREE; 56=MS; 52=2022-05-31-12:53:54; 41=algo20220531125353; 55=GOOG; 38=3101; 11=C_algo20220531125353; 60=2022-05-31-12:53:54; 10=060;
8=FIX4.4; 35=8; 34=64; 49=MS; 56=MTHREE; 52=2022-05-31-12:53:54; 55=GOOG; 11=C_algo20220531125353; 31=0; 150=6; 39=6; 54=2; 44=42.05; 17=exec20220531125354; 32=0; 41=algo20220531125353; 38=3101; 60=2022-05-31-12:53:54; 6=0.0; 14=775; 37=algo20220531125353; 10=252;
8=FIX4.4; 35=8; 34=65; 49=MS; 56=MTHREE; 52=2022-05-31-12:53:54; 151=1551; 55=GOOG; 11=C_algo20220531125353; 31=0; 150=4; 39=4; 54=2; 17=exec20220531125354; 32=0; 41=algo20220531125353; 38=3101; 60=2022-05-31-12:53:54; 6=0.0; 14=775; 37=algo20220531125353; 10=252;
8=FIX4.4; 35=D; 34=60; 49=MTHREE; 56=MS; 52=2022-05-31-12:53:56; 55=GOOGL; 40=2; 38=12888; 21=2; 11=algo20220531125356; 60=2022-05-31-12:53:56; 54=2; 44=289.20; 10=0252;
8=FIX4.4; 35=8; 34=67; 49=MS; 56=MTHREE; 52=2022-05-31-12:53:56; 55=GOOGL; 40=2; 11=algo20220531125356; 31=289.20; 150=0; 39=0; 54=2; 44=289.20; 32=0; 17=exec20220531125356; 38=12888; 60=2022-05-31-12:53:56; 6=0; 14=0; 37=algo20220531125356; 10=200;
8=FIX4.4; 35=F; 34=60; 49=MTHREE; 56=MS; 52=2022-05-31-12:53:56; 41=algo20220531125356; 55=GOOGL; 38=12888; 11=C_algo20220531125356; 60=2022-05-31-12:53:56; 10=060;
8=FIX4.4; 35=8; 34=67; 49=MS; 56=MTHREE; 52=2022-05-31-12:53:56; 55=GOOGL; 11=C_algo20220531125356; 31=0; 150=6; 39=6; 54=2; 44=289.20; 17=exec20220531125356; 32=0; 41=algo20220531125356; 38=12888; 60=2022-05-31-12:53:56; 6=0.0; 14=0; 37=algo20220531125356; 10=252;
8=FIX4.4; 35=8; 34=68; 49=MS; 56=MTHREE; 52=2022-05-31-12:53:56; 151=6444; 55=GOOGL; 11=C_algo20220531125356; 31=0; 150=4; 39=4; 54=2; 17=exec20220531125356; 32=0; 41=algo20220531125356; 38=12888; 60=2022-05-31-12:53:56; 6=0.0; 14=0; 37=algo20220531125356; 10=252;
8=FIX4.4; 35=D; 34=62; 49=MTHREE; 56=MS; 52=2022-05-31-12:53:58; 55=INTC; 40=2; 38=31295; 21=2; 11=algo20220531125358; 60=2022-05-31-12:53:58; 54=1; 44=339.13; 10=0252;
8=FIX4.4; 35=8; 34=70; 49=MS; 56=MTHREE; 52=2022-05-31-12:53:58; 55=INTC; 40=2; 11=algo20220531125358; 31=339.13; 150=0; 39=0; 54=1; 44=339.13; 32=0; 17=exec20220531125358; 38=31295; 60=2022-05-31-12:53:58; 6=0; 14=0; 37=algo20220531125358; 10=200;
8=FIX4.4; 35=8; 34=71; 49=MS; 56=MTHREE; 52=2022-05-31-12:53:59; 55=INTC; 40=2; 11=algo20220531125358; 31=339.13; 150=2; 39=2; 54=1; 44=339.13; 32=31295; 17=exec20220531125359; 38=31295; 60=2022-05-31-12:53:59; 6=339.13; 14=31295; 37=algo20220531125358; 10=246;
8=FIX4.4; 35=D; 34=63; 49=MTHREE; 56=MS; 52=2022-05-31-12:53:59; 55=PEP; 40=2; 38=19370; 21=2; 11=algo20220531125359; 60=2022-05-31-12:53:59; 54=2; 44=36.21; 10=0252;
8=FIX4.4; 35=8; 34=72; 49=MS; 56=MTHREE; 52=2022-05-31-12:53:59; 55=PEP; 40=2; 11=algo20220531125359; 31=36.21; 150=0; 39=0; 54=2; 44=36.21; 32=0; 17=exec20220531125359; 38=19370; 60=2022-05-31-12:53:59; 6=0; 14=0; 37=algo20220531125359; 10=200;
8=FIX4.4; 35=F; 34=63; 49=MTHREE; 56=MS; 52=2022-05-31-12:53:59; 41=algo20220531125359; 55=PEP; 38=19370; 11=C_algo20220531125359; 60=2022-05-31-12:53:59; 10=060;
8=FIX4.4; 35=8; 34=72; 49=MS; 56=MTHREE; 52=2022-05-31-12:53:59; 55=PEP; 11=C_algo20220531125359; 31=0; 150=6; 39=6; 54=2; 44=36.21; 17=exec20220531125359; 32=0; 41=algo20220531125359; 38=19370; 60=2022-05-31-12:53:59; 6=0.0; 14=0; 37=algo20220531125359; 10=252;
8=FIX4.4; 35=8; 34=73; 49=MS; 56=MTHREE; 52=2022-05-31-12:53:59; 151=14528; 55=PEP; 11=C_algo20220531125359; 31=0; 150=4; 39=4; 54=2; 17=exec20220531125359; 32=0; 41=algo20220531125359; 38=19370; 60=2022-05-31-12:53:59; 6=0.0; 14=0; 37=algo20220531125359; 10=252;
8=FIX4.4; 35=D; 34=65; 49=MTHREE; 56=MS; 52=2022-05-31-12:54:01; 55=NFLX; 40=2; 38=31177; 21=2; 11=algo20220531125401; 60=2022-05-31-12:54:01; 54=2; 44=306.71; 10=0252;
8=FIX4.4; 35=8; 34=75; 49=MS; 56=MTHREE; 52=2022-05-31-12:54:01; 55=NFLX; 40=2; 11=algo20220531125401; 31=306.71; 150=0; 39=0; 54=2; 44=306.71; 32=0; 17=exec20220531125401; 38=31177; 60=2022-05-31-12:54:01; 6=0; 14=0; 37=algo20220531125401; 10=200;
8=FIX4.4; 35=8; 34=76; 49=MS; 56=MTHREE; 52=2022-05-31-12:54:01; 55=NFLX; 40=2; 11=algo20220531125401; 31=306.71; 150=1; 39=1; 54=2; 44=306.71; 32=7794; 17=exec20220531125401; 38=31177; 60=2022-05-31-12:54:01; 6=306.71; 14=7794; 37=algo20220531125401; 10=240;
8=FIX4.4; 35=F; 34=65; 49=MTHREE; 56=MS; 52=2022-05-31-12:54:02; 41=algo20220531125401; 55=NFLX; 38=31177; 11=C_algo20220531125401; 60=2022-05-31-12:54:02; 10=060;
8=FIX4.4; 35=8; 34=76; 49=MS; 56=MTHREE; 52=2022-05-31-12:54:02; 55=NFLX; 11=C_algo20220531125401; 31=0; 150=6; 39=6; 54=2; 44=306.71; 17=exec20220531125402; 32=0; 41=algo20220531125401; 38=31177; 60=2022-05-31-12:54:02; 6=0.0; 14=7794; 37=algo20220531125401; 10=252;
8=FIX4.4; 35=8; 34=77; 49=MS; 56=MTHREE; 52=2022-05-31-12:54:02; 151=15589; 55=NFLX; 11=C_algo20220531125401; 31=0; 150=4; 39=4; 54=2; 17=exec20220531125402; 32=0; 41=algo20220531125401; 38=31177; 60=2022-05-31-12:54:02; 6=0.0; 14=7794; 37=algo20220531125401; 10=252;
8=FIX4.4; 35=D; 34=67; 49=MTHREE; 56=MS; 52=2022-05-31-12:54:04; 55=CSCO; 40=2; 38=9924; 21=2; 11=algo20220531125404; 60=2022-05-31-12:54:04; 54=1; 44=233.73; 10=0252;
8=FIX4.4; 35=8; 34=79; 49=MS; 56=MTHREE; 52=2022-05-31-12:54:04; 55=CSCO; 40=2; 11=algo20220531125404; 31=233.73; 150=0; 39=0; 54=1; 44=233.73; 32=0; 17=exec20220531125404; 38=9924; 60=2022-05-31-12:54:04; 6=0; 14=0; 37=algo20220531125404; 10=200;
8=FIX4.4; 35=F; 34=67; 49=MTHREE; 56=MS; 52=2022-05-31-12:54:04; 41=algo20220531125404; 55=CSCO; 38=9924; 11=C_algo20220531125404; 60=2022-05-31-12:54:04; 10=060;
8=FIX4.4; 35=8; 34=79; 49=MS; 56=MTHREE; 52=2022-05-31-12:54:04; 55=CSCO; 11=C_algo20220531125404; 31=0; 150=6; 39=6; 54=1; 44=233.73; 17=exec20220531125404; 32=0; 41=algo20220531125404; 38=9924; 60=2022-05-31-12:54:04; 6=0.0; 14=0; 37=algo20220531125404; 10=252;
8=FIX4.4; 35=8; 34=80; 49=MS; 56=MTHREE; 52=2022-05-31-12:54:04; 151=4962; 55=CSCO; 11=C_algo20220531125404; 31=0; 150=4; 39=4; 54=1; 17=exec20220531125404; 32=0; 41=algo20220531125404; 38=9924; 60=2022-05-31-12:54:04; 6=0.0; 14=0; 37=algo20220531125404; 10=252;
8=FIX4.4; 35=D; 34=69; 49=MTHREE; 56=MS; 52=2022-05-31-12:54:06; 55=AMGN; 40=2; 38=8534; 21=2; 11=algo20220531125406; 60=2022-05-31-12:54:06; 54=1; 44=116.62; 10=0252;
8=FIX4.4; 35=8; 34=82; 49=MS; 56=MTHREE; 52=2022-05-31-12:54:06; 55=AMGN; 40=2; 11=algo20220531125406; 31=116.62; 150=0; 39=0; 54=1; 44=116.62; 32=0; 17=exec20220531125406; 38=8534; 60=2022-05-31-12:54:06; 6=0; 14=0; 37=algo20220531125406; 10=200;
8=FIX4.4; 35=8; 34=83; 49=MS; 56=MTHREE; 52=2022-05-31-12:54:06; 55=AMGN; 40=2; 11=algo20220531125406; 31=116.62; 150=1; 39=1; 54=1; 44=116.62; 32=2844; 17=exec20220531125406; 38=8534; 60=2022-05-31-12:54:06; 6=116.62; 14=2844; 37=algo20220531125406; 10=240;
8=FIX4.4; 35=8; 34=84; 49=MS; 56=MTHREE; 52=2022-05-31-12:54:07; 55=AMGN; 40=2; 11=algo20220531125406; 31=116.62; 150=1; 39=1; 54=1; 44=116.62; 32=2844; 17=exec20220531125407; 38=8534; 60=2022-05-31-12:54:07; 6=116.62; 14=5688; 37=algo20220531125406; 10=240;
8=FIX4.4; 35=8; 34=85; 49=MS; 56=MTHREE; 52=2022-05-31-12:54:09; 55=AMGN; 40=2; 11=algo20220531125406; 31=116.62; 150=2; 39=2; 54=1; 44=116.62; 32=2846; 17=exec20220531125409; 38=8534; 60=2022-05-31-12:54:09; 6=116.62; 14=8534; 37=algo20220531125406; 10=246;
8=FIX4.4; 35=D; 34=70; 49=MTHREE; 56=MS; 52=2022-05-31-12:54:09; 55=PYPL; 40=2; 38=31683; 21=2; 11=algo20220531125409; 60=2022-05-31-12:54:09; 54=1; 44=723.61; 10=0252;
8=FIX4.4; 35=8; 34=86; 49=MS; 56=MTHREE; 52=2022-05-31-12:54:09; 55=PYPL; 40=2; 11=algo20220531125409; 31=723.61; 150=0; 39=0; 54=1; 44=723.61; 32=0; 17=exec20220531125409; 38=31683; 60=2022-05-31-12:54:09; 6=0; 14=0; 37=algo20220531125409; 10=200;
8=FIX4.4; 35=F; 34=70; 49=MTHREE; 56=MS; 52=2022-05-31-12:54:09; 41=algo20220531125409; 55=PYPL; 38=31683; 11=C_algo20220531125409; 60=2022-05-31-12:54:09; 10=060;
8=FIX4.4; 35=8; 34=86; 49=MS; 56=MTHREE; 52=2022-05-31-12:54:09; 55=PYPL; 11=C_algo20220531125409; 31=0; 150=6; 39=6; 54=1; 44=723.61; 17=exec20220531125409; 32=0; 41=algo20220531125409; 38=31683; 60=2022-05-31-12:54:09; 6=0.0; 14=0; 37=algo20220531125409; 10=252;
8=FIX4.4; 35=8; 34=87; 49=MS; 56=MTHREE; 52=2022-05-31-12:54:09; 151=21122; 55=PYPL; 11=C_algo20220531125409; 31=0; 150=4; 39=4; 54=1; 17=exec20220531125409; 32=0; 41=algo20220531125409; 38=31683; 60=2022-05-31-12:54:09; 6=0.0; 14=0; 37=algo20220531125409; 10=252;
8=FIX4.4; 35=D; 34=72; 49=MTHREE; 56=MS; 52=2022-05-31-12:54:11; 55=TSLA; 40=2; 38=15827; 21=2; 11=algo20220531125411; 60=2022-05-31-12:54:11; 54=1; 44=503.77; 10=0252;
8=FIX4.4; 35=8; 34=89; 49=MS; 56=MTHREE; 52=2022-05-31-12:54:11; 55=TSLA; 40=2; 11=algo20220531125411; 31=503.77; 150=0; 39=0; 54=1; 44=503.77; 32=0; 17=exec20220531125411; 38=15827; 60=2022-05-31-12:54:11; 6=0; 14=0; 37=algo20220531125411; 10=200;
8=FIX4.4; 35=F; 34=72; 49=MTHREE; 56=MS; 52=2022-05-31-12:54:11; 41=algo20220531125411; 55=TSLA; 38=15827; 11=C_algo20220531125411; 60=2022-05-31-12:54:11; 10=060;
8=FIX4.4; 35=8; 34=89; 49=MS; 56=MTHREE; 52=2022-05-31-12:54:11; 55=TSLA; 11=C_algo20220531125411; 31=0; 150=6; 39=6; 54=1; 44=503.77; 17=exec20220531125411; 32=0; 41=algo20220531125411; 38=15827; 60=2022-05-31-12:54:11; 6=0.0; 14=0; 37=algo20220531125411; 10=252;
8=FIX4.4; 35=8; 34=90; 49=MS; 56=MTHREE; 52=2022-05-31-12:54:11; 151=11871; 55=TSLA; 11=C_algo20220531125411; 31=0; 150=4; 39=4; 54=1; 17=exec20220531125411; 32=0; 41=algo20220531125411; 38=15827; 60=2022-05-31-12:54:11; 6=0.0; 14=0; 37=algo20220531125411; 10=252;
8=FIX4.4; 35=D; 34=74; 49=MTHREE; 56=MS; 52=2022-05-31-12:54:13; 55=TXN; 40=2; 38=12969; 21=2; 11=algo20220531125413; 60=2022-05-31-12:54:13; 54=2; 44=112.46; 10=0252;
8=FIX4.4; 35=8; 34=92; 49=MS; 56=MTHREE; 52=2022-05-31-12:54:13; 55=TXN; 40=2; 11=algo20220531125413; 31=112.46; 150=0; 39=0; 54=2; 44=112.46; 32=0; 17=exec20220531125413; 38=12969; 60=2022-05-31-12:54:13; 6=0; 14=0; 37=algo20220531125413; 10=200;
8=FIX4.4; 35=8; 34=93; 49=MS; 56=MTHREE; 52=2022-05-31-12:54:13; 55=TXN; 40=2; 11=algo20220531125413; 31=112.46; 150=1; 39=1; 54=2; 44=112.46; 32=3242; 17=exec20220531125413; 38=12969; 60=2022-05-31-12:54:13; 6=112.46; 14=3242; 37=algo20220531125413; 10=240;
8=FIX4.4; 35=8; 34=94; 49=MS; 56=MTHREE; 52=2022-05-31-12:54:14; 55=TXN; 40=2; 11=algo20220531125413; 31=112.46; 150=1; 39=1; 54=2; 44=112.46; 32=3242; 17=exec20220531125414; 38=12969; 60=2022-05-31-12:54:14; 6=112.46; 14=6484; 37=algo20220531125413; 10=240;
8=FIX4.4; 35=F; 34=74; 49=MTHREE; 56=MS; 52=2022-05-31-12:54:15; 41=algo20220531125413; 55=TXN; 38=12969; 11=C_algo20220531125413; 60=2022-05-31-12:54:15; 10=060;
8=FIX4.4; 35=8; 34=94; 49=MS; 56=MTHREE; 52=2022-05-31-12:54:15; 55=TXN; 11=C_algo20220531125413; 31=0; 150=6; 39=6; 54=2; 44=112.46; 17=exec20220531125415; 32=0; 41=algo20220531125413; 38=12969; 60=2022-05-31-12:54:15; 6=0.0; 14=6484; 37=algo20220531125413; 10=252;
8=FIX4.4; 35=8; 34=95; 49=MS; 56=MTHREE; 52=2022-05-31-12:54:15; 151=3243; 55=TXN; 11=C_algo20220531125413; 31=0; 150=4; 39=4; 54=2; 17=exec20220531125415; 32=0; 41=algo20220531125413; 38=12969; 60=2022-05-31-12:54:15; 6=0.0; 14=6484; 37=algo20220531125413; 10=252;
8=FIX4.4; 35=D; 34=76; 49=MTHREE; 56=MS; 52=2022-05-31-12:54:17; 55=AVGO; 40=2; 38=28400; 21=2; 11=algo20220531125417; 60=2022-05-31-12:54:17; 54=2; 44=262.99; 10=0252;
8=FIX4.4; 35=8; 34=97; 49=MS; 56=MTHREE; 52=2022-05-31-12:54:17; 55=AVGO; 40=2; 11=algo20220531125417; 31=262.99; 150=0; 39=0; 54=2; 44=262.99; 32=0; 17=exec20220531125417; 38=28400; 60=2022-05-31-12:54:17; 6=0; 14=0; 37=algo20220531125417; 10=200;
8=FIX4.4; 35=8; 34=98; 49=MS; 56=MTHREE; 52=2022-05-31-12:54:18; 55=AVGO; 40=2; 11=algo20220531125417; 31=262.99; 150=2; 39=2; 54=2; 44=262.99; 32=28400; 17=exec20220531125418; 38=28400; 60=2022-05-31-12:54:18; 6=262.99; 14=28400; 37=algo20220531125417; 10=246;
8=FIX4.4; 35=D; 34=77; 49=MTHREE; 56=MS; 52=2022-05-31-12:54:18; 55=GILD; 40=2; 38=1822; 21=2; 11=algo20220531125418; 60=2022-05-31-12:54:18; 54=1; 44=82.91; 10=0252;
8=FIX4.4; 35=8; 34=99; 49=MS; 56=MTHREE; 52=2022-05-31-12:54:18; 55=GILD; 40=2; 11=algo20220531125418; 31=82.91; 150=0; 39=0; 54=1; 44=82.91; 32=0; 17=exec20220531125418; 38=1822; 60=2022-05-31-12:54:18; 6=0; 14=0; 37=algo20220531125418; 10=200;
8=FIX4.4; 35=8; 34=100; 49=MS; 56=MTHREE; 52=2022-05-31-12:54:18; 55=GILD; 40=2; 11=algo20220531125418; 31=82.91; 150=1; 39=1; 54=1; 44=82.91; 32=607; 17=exec20220531125418; 38=1822; 60=2022-05-31-12:54:18; 6=82.91; 14=607; 37=algo20220531125418; 10=240;
8=FIX4.4; 35=F; 34=77; 49=MTHREE; 56=MS; 52=2022-05-31-12:54:19; 41=algo20220531125418; 55=GILD; 38=1822; 11=C_algo20220531125418; 60=2022-05-31-12:54:19; 10=060;
8=FIX4.4; 35=8; 34=100; 49=MS; 56=MTHREE; 52=2022-05-31-12:54:19; 55=GILD; 11=C_algo20220531125418; 31=0; 150=6; 39=6; 54=1; 44=82.91; 17=exec20220531125419; 32=0; 41=algo20220531125418; 38=1822; 60=2022-05-31-12:54:19; 6=0.0; 14=607; 37=algo20220531125418; 10=252;
8=FIX4.4; 35=8; 34=101; 49=MS; 56=MTHREE; 52=2022-05-31-12:54:19; 151=608; 55=GILD; 11=C_algo20220531125418; 31=0; 150=4; 39=4; 54=1; 17=exec20220531125419; 32=0; 41=algo20220531125418; 38=1822; 60=2022-05-31-12:54:19; 6=0.0; 14=607; 37=algo20220531125418; 10=252;
8=FIX4.4; 35=D; 34=79; 49=MTHREE; 56=MS; 52=2022-05-31-12:54:21; 55=SBUX; 40=2; 38=2327; 21=2; 11=algo20220531125421; 60=2022-05-31-12:54:21; 54=2; 44=75.71; 10=0252;
8=FIX4.4; 35=8; 34=103; 49=MS; 56=MTHREE; 52=2022-05-31-12:54:21; 55=SBUX; 40=2; 11=algo20220531125421; 31=75.71; 150=0; 39=0; 54=2; 44=75.71; 32=0; 17=exec20220531125421; 38=2327; 60=2022-05-31-12:54:21; 6=0; 14=0; 37=algo20220531125421; 10=200;
8=FIX4.4; 35=F; 34=79; 49=MTHREE; 56=MS; 52=2022-05-31-12:54:21; 41=algo20220531125421; 55=SBUX; 38=2327; 11=C_algo20220531125421; 60=2022-05-31-12:54:21; 10=060;
8=FIX4.4; 35=8; 34=103; 49=MS; 56=MTHREE; 52=2022-05-31-12:54:21; 55=SBUX; 11=C_algo20220531125421; 31=0; 150=6; 39=6; 54=2; 44=75.71; 17=exec20220531125421; 32=0; 41=algo20220531125421; 38=2327; 60=2022-05-31-12:54:21; 6=0.0; 14=0; 37=algo20220531125421; 10=252;
8=FIX4.4; 35=8; 34=104; 49=MS; 56=MTHREE; 52=2022-05-31-12:54:21; 151=1552; 55=SBUX; 11=C_algo20220531125421; 31=0; 150=4; 39=4; 54=2; 17=exec20220531125421; 32=0; 41=algo20220531125421; 38=2327; 60=2022-05-31-12:54:21; 6=0.0; 14=0; 37=algo20220531125421; 10=252;
8=FIX4.4; 35=D; 34=81; 49=MTHREE; 56=MS; 52=2022-05-31-12:54:23; 55=QCOM; 40=2; 38=21144; 21=2; 11=algo20220531125423; 60=2022-05-31-12:54:23; 54=2; 44=75.47; 10=0252;
8=FIX4.4; 35=8; 34=106; 49=MS; 56=MTHREE; 52=2022-05-31-12:54:23; 55=QCOM; 40=2; 11=algo20220531125423; 31=75.47; 150=0; 39=0; 54=2; 44=75.47; 32=0; 17=exec20220531125423; 38=21144; 60=2022-05-31-12:54:23; 6=0; 14=0; 37=algo20220531125423; 10=200;
8=FIX4.4; 35=8; 34=107; 49=MS; 56=MTHREE; 52=2022-05-31-12:54:23; 55=QCOM; 40=2; 11=algo20220531125423; 31=75.47; 150=1; 39=1; 54=2; 44=75.47; 32=10572; 17=exec20220531125423; 38=21144; 60=2022-05-31-12:54:23; 6=75.47; 14=10572; 37=algo20220531125423; 10=240;
8=FIX4.4; 35=8; 34=108; 49=MS; 56=MTHREE; 52=2022-05-31-12:54:25; 55=QCOM; 40=2; 11=algo20220531125423; 31=75.47; 150=2; 39=2; 54=2; 44=75.47; 32=10572; 17=exec20220531125425; 38=21144; 60=2022-05-31-12:54:25; 6=75.47; 14=21144; 37=algo20220531125423; 10=246;
8=FIX4.4; 35=D; 34=82; 49=MTHREE; 56=MS; 52=2022-05-31-12:54:25; 55=TMUS; 40=2; 38=3960; 21=2; 11=algo20220531125425; 60=2022-05-31-12:54:25; 54=2; 44=90.74; 10=0252;
8=FIX4.4; 35=8; 34=109; 49=MS; 56=MTHREE; 52=2022-05-31-12:54:25; 55=TMUS; 40=2; 11=algo20220531125425; 31=90.74; 150=0; 39=0; 54=2; 44=90.74; 32=0; 17=exec20220531125425; 38=3960; 60=2022-05-31-12:54:25; 6=0; 14=0; 37=algo20220531125425; 10=200;
8=FIX4.4; 35=8; 34=110; 49=MS; 56=MTHREE; 52=2022-05-31-12:54:25; 55=TMUS; 40=2; 11=algo20220531125425; 31=90.74; 150=1; 39=1; 54=2; 44=90.74; 32=990; 17=exec20220531125425; 38=3960; 60=2022-05-31-12:54:25; 6=90.74; 14=990; 37=algo20220531125425; 10=240;
8=FIX4.4; 35=F; 34=82; 49=MTHREE; 56=MS; 52=2022-05-31-12:54:26; 41=algo20220531125425; 55=TMUS; 38=3960; 11=C_algo20220531125425; 60=2022-05-31-12:54:26; 10=060;
8=FIX4.4; 35=8; 34=110; 49=MS; 56=MTHREE; 52=2022-05-31-12:54:26; 55=TMUS; 11=C_algo20220531125425; 31=0; 150=6; 39=6; 54=2; 44=90.74; 17=exec20220531125426; 32=0; 41=algo20220531125425; 38=3960; 60=2022-05-31-12:54:26; 6=0.0; 14=990; 37=algo20220531125425; 10=252;
8=FIX4.4; 35=8; 34=111; 49=MS; 56=MTHREE; 52=2022-05-31-12:54:26; 151=1980; 55=TMUS; 11=C_algo20220531125425; 31=0; 150=4; 39=4; 54=2; 17=exec20220531125426; 32=0; 41=algo20220531125425; 38=3960; 60=2022-05-31-12:54:26; 6=0.0; 14=990; 37=algo20220531125425; 10=252;
8=FIX4.4; 35=D; 34=84; 49=MTHREE; 56=MS; 52=2022-05-31-12:54:28; 55=MDLZ; 40=2; 38=21920; 21=2; 11=algo20220531125428; 60=2022-05-31-12:54:28; 54=1; 44=52.26; 10=0252;
8=FIX4.4; 35=8; 34=113; 49=MS; 56=MTHREE; 52=2022-05-31-12:54:28; 55=MDLZ; 40=2; 11=algo20220531125428; 31=52.26; 150=0; 39=0; 54=1; 44=52.26; 32=0; 17=exec20220531125428; 38=21920; 60=2022-05-31-12:54:28; 6=0; 14=0; 37=algo20220531125428; 10=200;
8=FIX4.4; 35=8; 34=114; 49=MS; 56=MTHREE; 52=2022-05-31-12:54:29; 55=MDLZ; 40=2; 11=algo20220531125428; 31=52.26; 150=2; 39=2; 54=1; 44=52.26; 32=21920; 17=exec20220531125429; 38=21920; 60=2022-05-31-12:54:29; 6=52.26; 14=21920; 37=algo20220531125428; 10=246;
8=FIX4.4; 35=D; 34=85; 49=MTHREE; 56=MS; 52=2022-05-31-12:54:29; 55=BAC; 40=2; 38=166; 21=2; 11=algo20220531125429; 60=2022-05-31-12:54:29; 54=1; 44=22.03; 10=0252;
8=FIX4.4; 35=8; 34=115; 49=MS; 56=MTHREE; 52=2022-05-31-12:54:29; 55=BAC; 40=2; 11=algo20220531125429; 31=22.03; 150=0; 39=0; 54=1; 44=22.03; 32=0; 17=exec20220531125429; 38=166; 60=2022-05-31-12:54:29; 6=0; 14=0; 37=algo20220531125429; 10=200;
8=FIX4.4; 35=8; 34=116; 49=MS; 56=MTHREE; 52=2022-05-31-12:54:29; 55=BAC; 40=2; 11=algo20220531125429; 31=22.03; 150=1; 39=1; 54=1; 44=22.03; 32=55; 17=exec20220531125429; 38=166; 60=2022-05-31-12:54:29; 6=22.03; 14=55; 37=algo20220531125429; 10=240;
8=FIX4.4; 35=8; 34=117; 49=MS; 56=MTHREE; 52=2022-05-31-12:54:30; 55=BAC; 40=2; 11=algo20220531125429; 31=22.03; 150=1; 39=1; 54=1; 44=22.03; 32=55; 17=exec20220531125430; 38=166; 60=2022-05-31-12:54:30; 6=22.03; 14=110; 37=algo20220531125429; 10=240;
8=FIX4.4; 35=8; 34=118; 49=MS; 56=MTHREE; 52=2022-05-31-12:54:32; 55=BAC; 40=2; 11=algo20220531125429; 31=22.03; 150=2; 39=2; 54=1; 44=22.03; 32=56; 17=exec20220531125432; 38=166; 60=2022-05-31-12:54:32; 6=22.03; 14=166; 37=algo20220531125429; 10=246;
8=FIX4.4; 35=D; 34=86; 49=MTHREE; 56=MS; 52=2022-05-31-12:54:32; 55=DDD; 40=2; 38=24894; 21=2; 11=algo20220531125432; 60=2022-05-31-12:54:32; 54=2; 44=8.01; 10=0252;
8=FIX4.4; 35=8; 34=119; 49=MS; 56=MTHREE; 52=2022-05-31-12:54:32; 55=DDD; 40=2; 11=algo20220531125432; 31=8.01; 150=0; 39=0; 54=2; 44=8.01; 32=0; 17=exec20220531125432; 38=24894; 60=2022-05-31-12:54:32; 6=0; 14=0; 37=algo20220531125432; 10=200;
8=FIX4.4; 35=8; 34=120; 49=MS; 56=MTHREE; 52=2022-05-31-12:54:33; 55=DDD; 40=2; 11=algo20220531125432; 31=8.01; 150=2; 39=2; 54=2; 44=8.01; 32=24894; 17=exec20220531125433; 38=24894; 60=2022-05-31-12:54:33; 6=8.01; 14=24894; 37=algo20220531125432; 10=246;
8=FIX4.4; 35=D; 34=87; 49=MTHREE; 56=MS; 52=2022-05-31-12:54:33; 55=MMM; 40=2; 38=16111; 21=2; 11=algo20220531125433; 60=2022-05-31-12:54:33; 54=1; 44=146.98; 10=0252;
8=FIX4.4; 35=8; 34=121; 49=MS; 56=MTHREE; 52=2022-05-31-12:54:33; 55=MMM; 40=2; 11=algo20220531125433; 31=146.98; 150=0; 39=0; 54=1; 44=146.98; 32=0; 17=exec20220531125433; 38=16111; 60=2022-05-31-12:54:33; 6=0; 14=0; 37=algo20220531125433; 10=200;
8=FIX4.4; 35=8; 34=122; 49=MS; 56=MTHREE; 52=2022-05-31-12:54:33; 55=MMM; 40=2; 11=algo20220531125433; 31=146.98; 150=1; 39=1; 54=1; 44=146.98; 32=5370; 17=exec20220531125433; 38=16111; 60=2022-05-31-12:54:33; 6=146.98; 14=5370; 37=algo20220531125433; 10=240;
8=FIX4.4; 35=F; 34=87; 49=MTHREE; 56=MS; 52=2022-05-31-12:54:34; 41=algo20220531125433; 55=MMM; 38=16111; 11=C_algo20220531125433; 60=2022-05-31-12:54:34; 10=060;
8=FIX4.4; 35=8; 34=122; 49=MS; 56=MTHREE; 52=2022-05-31-12:54:34; 55=MMM; 11=C_algo20220531125433; 31=0; 150=6; 39=6; 54=1; 44=146.98; 17=exec20220531125434; 32=0; 41=algo20220531125433; 38=16111; 60=2022-05-31-12:54:34; 6=0.0; 14=5370; 37=algo20220531125433; 10=252;
8=FIX4.4; 35=8; 34=123; 49=MS; 56=MTHREE; 52=2022-05-31-12:54:34; 151=5371; 55=MMM; 11=C_algo20220531125433; 31=0; 150=4; 39=4; 54=1; 17=exec20220531125434; 32=0; 41=algo20220531125433; 38=16111; 60=2022-05-31-12:54:34; 6=0.0; 14=5370; 37=algo20220531125433; 10=252;
8=FIX4.4; 35=D; 34=89; 49=MTHREE; 56=MS; 52=2022-05-31-12:54:36; 55=WBAI; 40=2; 38=29729; 21=2; 11=algo20220531125436; 60=2022-05-31-12:54:36; 54=1; 44=4.10; 10=0252;
8=FIX4.4; 35=8; 34=125; 49=MS; 56=MTHREE; 52=2022-05-31-12:54:36; 55=WBAI; 40=2; 11=algo20220531125436; 31=4.10; 150=0; 39=0; 54=1; 44=4.10; 32=0; 17=exec20220531125436; 38=29729; 60=2022-05-31-12:54:36; 6=0; 14=0; 37=algo20220531125436; 10=200;
8=FIX4.4; 35=8; 34=126; 49=MS; 56=MTHREE; 52=2022-05-31-12:54:36; 55=WBAI; 40=2; 11=algo20220531125436; 31=4.10; 150=1; 39=1; 54=1; 44=4.10; 32=9909; 17=exec20220531125436; 38=29729; 60=2022-05-31-12:54:36; 6=4.10; 14=9909; 37=algo20220531125436; 10=240;
8=FIX4.4; 35=F; 34=89; 49=MTHREE; 56=MS; 52=2022-05-31-12:54:37; 41=algo20220531125436; 55=WBAI; 38=29729; 11=C_algo20220531125436; 60=2022-05-31-12:54:37; 10=060;
8=FIX4.4; 35=8; 34=126; 49=MS; 56=MTHREE; 52=2022-05-31-12:54:37; 55=WBAI; 11=C_algo20220531125436; 31=0; 150=6; 39=6; 54=1; 44=4.10; 17=exec20220531125437; 32=0; 41=algo20220531125436; 38=29729; 60=2022-05-31-12:54:37; 6=0.0; 14=9909; 37=algo20220531125436; 10=252;
8=FIX4.4; 35=8; 34=127; 49=MS; 56=MTHREE; 52=2022-05-31-12:54:37; 151=9911; 55=WBAI; 11=C_algo20220531125436; 31=0; 150=4; 39=4; 54=1; 17=exec20220531125437; 32=0; 41=algo20220531125436; 38=29729; 60=2022-05-31-12:54:37; 6=0.0; 14=9909; 37=algo20220531125436; 10=252;
8=FIX4.4; 35=D; 34=91; 49=MTHREE; 56=MS; 52=2022-05-31-12:54:39; 55=WUBA; 40=2; 38=22523; 21=2; 11=algo20220531125439; 60=2022-05-31-12:54:39; 54=1; 44=51.41; 10=0252;
8=FIX4.4; 35=8; 34=129; 49=MS; 56=MTHREE; 52=2022-05-31-12:54:39; 55=WUBA; 40=2; 11=algo20220531125439; 31=51.41; 150=0; 39=0; 54=1; 44=51.41; 32=0; 17=exec20220531125439; 38=22523; 60=2022-05-31-12:54:39; 6=0; 14=0; 37=algo20220531125439; 10=200;
8=FIX4.4; 35=8; 34=130; 49=MS; 56=MTHREE; 52=2022-05-31-12:54:39; 55=WUBA; 40=2; 11=algo20220531125439; 31=51.41; 150=1; 39=1; 54=1; 44=51.41; 32=5630; 17=exec20220531125439; 38=22523; 60=2022-05-31-12:54:39; 6=51.41; 14=5630; 37=algo20220531125439; 10=240;
8=FIX4.4; 35=F; 34=91; 49=MTHREE; 56=MS; 52=2022-05-31-12:54:40; 41=algo20220531125439; 55=WUBA; 38=22523; 11=C_algo20220531125439; 60=2022-05-31-12:54:40; 10=060;
8=FIX4.4; 35=8; 34=130; 49=MS; 56=MTHREE; 52=2022-05-31-12:54:40; 55=WUBA; 11=C_algo20220531125439; 31=0; 150=6; 39=6; 54=1; 44=51.41; 17=exec20220531125440; 32=0; 41=algo20220531125439; 38=22523; 60=2022-05-31-12:54:40; 6=0.0; 14=5630; 37=algo20220531125439; 10=252;
8=FIX4.4; 35=8; 34=131; 49=MS; 56=MTHREE; 52=2022-05-31-12:54:40; 151=11263; 55=WUBA; 11=C_algo20220531125439; 31=0; 150=4; 39=4; 54=1; 17=exec20220531125440; 32=0; 41=algo20220531125439; 38=22523; 60=2022-05-31-12:54:40; 6=0.0; 14=5630; 37=algo20220531125439; 10=252;
8=FIX4.4; 35=D; 34=93; 49=MTHREE; 56=MS; 52=2022-05-31-12:54:42; 55=EGHT; 40=2; 38=3937; 21=2; 11=algo20220531125442; 60=2022-05-31-12:54:42; 54=2; 44=17.03; 10=0252;
8=FIX4.4; 35=8; 34=133; 49=MS; 56=MTHREE; 52=2022-05-31-12:54:42; 55=EGHT; 40=2; 11=algo20220531125442; 31=17.03; 150=0; 39=0; 54=2; 44=17.03; 32=0; 17=exec20220531125442; 38=3937; 60=2022-05-31-12:54:42; 6=0; 14=0; 37=algo20220531125442; 10=200;
8=FIX4.4; 35=8; 34=134; 49=MS; 56=MTHREE; 52=2022-05-31-12:54:42; 55=EGHT; 40=2; 11=algo20220531125442; 31=17.03; 150=1; 39=1; 54=2; 44=17.03; 32=984; 17=exec20220531125442; 38=3937; 60=2022-05-31-12:54:42; 6=17.03; 14=984; 37=algo20220531125442; 10=240;
8=FIX4.4; 35=8; 34=135; 49=MS; 56=MTHREE; 52=2022-05-31-12:54:43; 55=EGHT; 40=2; 11=algo20220531125442; 31=17.03; 150=1; 39=1; 54=2; 44=17.03; 32=984; 17=exec20220531125443; 38=3937; 60=2022-05-31-12:54:43; 6=17.03; 14=1968; 37=algo20220531125442; 10=240;
8=FIX4.4; 35=F; 34=93; 49=MTHREE; 56=MS; 52=2022-05-31-12:54:44; 41=algo20220531125442; 55=EGHT; 38=3937; 11=C_algo20220531125442; 60=2022-05-31-12:54:44; 10=060;
8=FIX4.4; 35=8; 34=135; 49=MS; 56=MTHREE; 52=2022-05-31-12:54:44; 55=EGHT; 11=C_algo20220531125442; 31=0; 150=6; 39=6; 54=2; 44=17.03; 17=exec20220531125444; 32=0; 41=algo20220531125442; 38=3937; 60=2022-05-31-12:54:44; 6=0.0; 14=1968; 37=algo20220531125442; 10=252;
8=FIX4.4; 35=8; 34=136; 49=MS; 56=MTHREE; 52=2022-05-31-12:54:44; 151=985; 55=EGHT; 11=C_algo20220531125442; 31=0; 150=4; 39=4; 54=2; 17=exec20220531125444; 32=0; 41=algo20220531125442; 38=3937; 60=2022-05-31-12:54:44; 6=0.0; 14=1968; 37=algo20220531125442; 10=252;
8=FIX4.4; 35=D; 34=95; 49=MTHREE; 56=MS; 52=2022-05-31-12:54:46; 55=AHC; 40=2; 38=18492; 21=2; 11=algo20220531125446; 60=2022-05-31-12:54:46; 54=2; 44=1.40; 10=0252;
8=FIX4.4; 35=8; 34=138; 49=MS; 56=MTHREE; 52=2022-05-31-12:54:46; 55=AHC; 40=2; 11=algo20220531125446; 31=1.40; 150=0; 39=0; 54=2; 44=1.40; 32=0; 17=exec20220531125446; 38=18492; 60=2022-05-31-12:54:46; 6=0; 14=0; 37=algo20220531125446; 10=200;
8=FIX4.4; 35=8; 34=139; 49=MS; 56=MTHREE; 52=2022-05-31-12:54:47; 55=AHC; 40=2; 11=algo20220531125446; 31=1.40; 150=2; 39=2; 54=2; 44=1.40; 32=18492; 17=exec20220531125447; 38=18492; 60=2022-05-31-12:54:47; 6=1.40; 14=18492; 37=algo20220531125446; 10=246;
8=FIX4.4; 35=D; 34=96; 49=MTHREE; 56=MS; 52=2022-05-31-12:54:47; 55=AOS; 40=2; 38=1136; 21=2; 11=algo20220531125447; 60=2022-05-31-12:54:47; 54=2; 44=40.38; 10=0252;
8=FIX4.4; 35=8; 34=140; 49=MS; 56=MTHREE; 52=2022-05-31-12:54:47; 55=AOS; 40=2; 11=algo20220531125447; 31=40.38; 150=0; 39=0; 54=2; 44=40.38; 32=0; 17=exec20220531125447; 38=1136; 60=2022-05-31-12:54:47; 6=0; 14=0; 37=algo20220531125447; 10=200;
8=FIX4.4; 35=8; 34=141; 49=MS; 56=MTHREE; 52=2022-05-31-12:54:48; 55=AOS; 40=2; 11=algo20220531125447; 31=40.38; 150=2; 39=2; 54=2; 44=40.38; 32=1136; 17=exec20220531125448; 38=1136; 60=2022-05-31-12:54:48; 6=40.38; 14=1136; 37=algo20220531125447; 10=246;
8=FIX4.4; 35=D; 34=97; 49=MTHREE; 56=MS; 52=2022-05-31-12:54:48; 55=ATEN; 40=2; 38=28896; 21=2; 11=algo20220531125448; 60=2022-05-31-12:54:48; 54=2; 44=6.45; 10=0252;
8=FIX4.4; 35=8; 34=142; 49=MS; 56=MTHREE; 52=2022-05-31-12:54:48; 55=ATEN; 40=2; 11=algo20220531125448; 31=6.45; 150=0; 39=0; 54=2; 44=6.45; 32=0; 17=exec20220531125448; 38=28896; 60=2022-05-31-12:54:48; 6=0; 14=0; 37=algo20220531125448; 10=200;
8=FIX4.4; 35=F; 34=97; 49=MTHREE; 56=MS; 52=2022-05-31-12:54:48; 41=algo20220531125448; 55=ATEN; 38=28896; 11=C_algo20220531125448; 60=2022-05-31-12:54:48; 10=060;
8=FIX4.4; 35=8; 34=142; 49=MS; 56=MTHREE; 52=2022-05-31-12:54:48; 55=ATEN; 11=C_algo20220531125448; 31=0; 150=6; 39=6; 54=2; 44=6.45; 17=exec20220531125448; 32=0; 41=algo20220531125448; 38=28896; 60=2022-05-31-12:54:48; 6=0.0; 14=0; 37=algo20220531125448; 10=252;
8=FIX4.4; 35=8; 34=143; 49=MS; 56=MTHREE; 52=2022-05-31-12:54:48; 151=23117; 55=ATEN; 11=C_algo20220531125448; 31=0; 150=4; 39=4; 54=2; 17=exec20220531125448; 32=0; 41=algo20220531125448; 38=28896; 60=2022-05-31-12:54:48; 6=0.0; 14=0; 37=algo20220531125448; 10=252;
8=FIX4.4; 35=D; 34=99; 49=MTHREE; 56=MS; 52=2022-05-31-12:54:50; 55=AIR; 40=2; 38=28781; 21=2; 11=algo20220531125450; 60=2022-05-31-12:54:50; 54=2; 44=16.31; 10=0252;
8=FIX4.4; 35=8; 34=145; 49=MS; 56=MTHREE; 52=2022-05-31-12:54:50; 55=AIR; 40=2; 11=algo20220531125450; 31=16.31; 150=0; 39=0; 54=2; 44=16.31; 32=0; 17=exec20220531125450; 38=28781; 60=2022-05-31-12:54:50; 6=0; 14=0; 37=algo20220531125450; 10=200;
8=FIX4.4; 35=F; 34=99; 49=MTHREE; 56=MS; 52=2022-05-31-12:54:50; 41=algo20220531125450; 55=AIR; 38=28781; 11=C_algo20220531125450; 60=2022-05-31-12:54:50; 10=060;
8=FIX4.4; 35=8; 34=145; 49=MS; 56=MTHREE; 52=2022-05-31-12:54:50; 55=AIR; 11=C_algo20220531125450; 31=0; 150=6; 39=6; 54=2; 44=16.31; 17=exec20220531125450; 32=0; 41=algo20220531125450; 38=28781; 60=2022-05-31-12:54:50; 6=0.0; 14=0; 37=algo20220531125450; 10=252;
8=FIX4.4; 35=8; 34=146; 49=MS; 56=MTHREE; 52=2022-05-31-12:54:50; 151=21586; 55=AIR; 11=C_algo20220531125450; 31=0; 150=4; 39=4; 54=2; 17=exec20220531125450; 32=0; 41=algo20220531125450; 38=28781; 60=2022-05-31-12:54:50; 6=0.0; 14=0; 37=algo20220531125450; 10=252;
8=FIX4.4; 35=D; 34=101; 49=MTHREE; 56=MS; 52=2022-05-31-12:54:52; 55=AAN; 40=2; 38=687; 21=2; 11=algo20220531125452; 60=2022-05-31-12:54:52; 54=1; 44=25.68; 10=0252;
8=FIX4.4; 35=8; 34=148; 49=MS; 56=MTHREE; 52=2022-05-31-12:54:52; 55=AAN; 40=2; 11=algo20220531125452; 31=25.68; 150=0; 39=0; 54=1; 44=25.68; 32=0; 17=exec20220531125452; 38=687; 60=2022-05-31-12:54:52; 6=0; 14=0; 37=algo20220531125452; 10=200;
8=FIX4.4; 35=8; 34=149; 49=MS; 56=MTHREE; 52=2022-05-31-12:54:52; 55=AAN; 40=2; 11=algo20220531125452; 31=25.68; 150=1; 39=1; 54=1; 44=25.68; 32=137; 17=exec20220531125452; 38=687; 60=2022-05-31-12:54:52; 6=25.68; 14=137; 37=algo20220531125452; 10=240;
8=FIX4.4; 35=F; 34=101; 49=MTHREE; 56=MS; 52=2022-05-31-12:54:53; 41=algo20220531125452; 55=AAN; 38=687; 11=C_algo20220531125452; 60=2022-05-31-12:54:53; 10=060;
8=FIX4.4; 35=8; 34=149; 49=MS; 56=MTHREE; 52=2022-05-31-12:54:53; 55=AAN; 11=C_algo20220531125452; 31=0; 150=6; 39=6; 54=1; 44=25.68; 17=exec20220531125453; 32=0; 41=algo20220531125452; 38=687; 60=2022-05-31-12:54:53; 6=0.0; 14=137; 37=algo20220531125452; 10=252;
8=FIX4.4; 35=8; 34=150; 49=MS; 56=MTHREE; 52=2022-05-31-12:54:53; 151=413; 55=AAN; 11=C_algo20220531125452; 31=0; 150=4; 39=4; 54=1; 17=exec20220531125453; 32=0; 41=algo20220531125452; 38=687; 60=2022-05-31-12:54:53; 6=0.0; 14=137; 37=algo20220531125452; 10=252;
8=FIX4.4; 35=D; 34=103; 49=MTHREE; 56=MS; 52=2022-05-31-12:54:55; 55=ABB; 40=2; 38=31108; 21=2; 11=algo20220531125455; 60=2022-05-31-12:54:55; 54=2; 44=17.42; 10=0252;
8=FIX4.4; 35=8; 34=152; 49=MS; 56=MTHREE; 52=2022-05-31-12:54:55; 55=ABB; 40=2; 11=algo20220531125455; 31=17.42; 150=0; 39=0; 54=2; 44=17.42; 32=0; 17=exec20220531125455; 38=31108; 60=2022-05-31-12:54:55; 6=0; 14=0; 37=algo20220531125455; 10=200;
8=FIX4.4; 35=8; 34=153; 49=MS; 56=MTHREE; 52=2022-05-31-12:54:55; 55=ABB; 40=2; 11=algo20220531125455; 31=17.42; 150=1; 39=1; 54=2; 44=17.42; 32=7777; 17=exec20220531125455; 38=31108; 60=2022-05-31-12:54:55; 6=17.42; 14=7777; 37=algo20220531125455; 10=240;
8=FIX4.4; 35=F; 34=103; 49=MTHREE; 56=MS; 52=2022-05-31-12:54:56; 41=algo20220531125455; 55=ABB; 38=31108; 11=C_algo20220531125455; 60=2022-05-31-12:54:56; 10=060;
8=FIX4.4; 35=8; 34=153; 49=MS; 56=MTHREE; 52=2022-05-31-12:54:56; 55=ABB; 11=C_algo20220531125455; 31=0; 150=6; 39=6; 54=2; 44=17.42; 17=exec20220531125456; 32=0; 41=algo20220531125455; 38=31108; 60=2022-05-31-12:54:56; 6=0.0; 14=7777; 37=algo20220531125455; 10=252;
8=FIX4.4; 35=8; 34=154; 49=MS; 56=MTHREE; 52=2022-05-31-12:54:56; 151=15554; 55=ABB; 11=C_algo20220531125455; 31=0; 150=4; 39=4; 54=2; 17=exec20220531125456; 32=0; 41=algo20220531125455; 38=31108; 60=2022-05-31-12:54:56; 6=0.0; 14=7777; 37=algo20220531125455; 10=252;
8=FIX4.4; 35=D; 34=105; 49=MTHREE; 56=MS; 52=2022-05-31-12:54:58; 55=ABT; 40=2; 38=31361; 21=2; 11=algo20220531125458; 60=2022-05-31-12:54:58; 54=1; 44=94.04; 10=0252;
8=FIX4.4; 35=8; 34=156; 49=MS; 56=MTHREE; 52=2022-05-31-12:54:58; 55=ABT; 40=2; 11=algo20220531125458; 31=94.04; 150=0; 39=0; 54=1; 44=94.04; 32=0; 17=exec20220531125458; 38=31361; 60=2022-05-31-12:54:58; 6=0; 14=0; 37=algo20220531125458; 10=200;
8=FIX4.4; 35=F; 34=105; 49=MTHREE; 56=MS; 52=2022-05-31-12:54:58; 41=algo20220531125458; 55=ABT; 38=31361; 11=C_algo20220531125458; 60=2022-05-31-12:54:58; 10=060;
8=FIX4.4; 35=8; 34=156; 49=MS; 56=MTHREE; 52=2022-05-31-12:54:58; 55=ABT; 11=C_algo20220531125458; 31=0; 150=6; 39=6; 54=1; 44=94.04; 17=exec20220531125458; 32=0; 41=algo20220531125458; 38=31361; 60=2022-05-31-12:54:58; 6=0.0; 14=0; 37=algo20220531125458; 10=252;
8=FIX4.4; 35=8; 34=157; 49=MS; 56=MTHREE; 52=2022-05-31-12:54:58; 151=20908; 55=ABT; 11=C_algo20220531125458; 31=0; 150=4; 39=4; 54=1; 17=exec20220531125458; 32=0; 41=algo20220531125458; 38=31361; 60=2022-05-31-12:54:58; 6=0.0; 14=0; 37=algo20220531125458; 10=252;
8=FIX4.4; 35=D; 34=107; 49=MTHREE; 56=MS; 52=2022-05-31-12:55:00; 55=ABBV; 40=2; 38=16687; 21=2; 11=algo20220531125500; 60=2022-05-31-12:55:00; 54=2; 44=83.60; 10=0252;
8=FIX4.4; 35=8; 34=159; 49=MS; 56=MTHREE; 52=2022-05-31-12:55:00; 55=ABBV; 40=2; 11=algo20220531125500; 31=83.60; 150=0; 39=0; 54=2; 44=83.60; 32=0; 17=exec20220531125500; 38=16687; 60=2022-05-31-12:55:00; 6=0; 14=0; 37=algo20220531125500; 10=200;
8=FIX4.4; 35=F; 34=107; 49=MTHREE; 56=MS; 52=2022-05-31-12:55:00; 41=algo20220531125500; 55=ABBV; 38=16687; 11=C_algo20220531125500; 60=2022-05-31-12:55:00; 10=060;
8=FIX4.4; 35=8; 34=159; 49=MS; 56=MTHREE; 52=2022-05-31-12:55:00; 55=ABBV; 11=C_algo20220531125500; 31=0; 150=6; 39=6; 54=2; 44=83.60; 17=exec20220531125500; 32=0; 41=algo20220531125500; 38=16687; 60=2022-05-31-12:55:00; 6=0.0; 14=0; 37=algo20220531125500; 10=252;
8=FIX4.4; 35=8; 34=160; 49=MS; 56=MTHREE; 52=2022-05-31-12:55:00; 151=12516; 55=ABBV; 11=C_algo20220531125500; 31=0; 150=4; 39=4; 54=2; 17=exec20220531125500; 32=0; 41=algo20220531125500; 38=16687; 60=2022-05-31-12:55:00; 6=0.0; 14=0; 37=algo20220531125500; 10=252;
8=FIX4.4; 35=D; 34=109; 49=MTHREE; 56=MS; 52=2022-05-31-12:55:02; 55=ANF; 40=2; 38=16677; 21=2; 11=algo20220531125502; 60=2022-05-31-12:55:02; 54=2; 44=9.10; 10=0252;
8=FIX4.4; 35=8; 34=162; 49=MS; 56=MTHREE; 52=2022-05-31-12:55:02; 55=ANF; 40=2; 11=algo20220531125502; 31=9.10; 150=0; 39=0; 54=2; 44=9.10; 32=0; 17=exec20220531125502; 38=16677; 60=2022-05-31-12:55:02; 6=0; 14=0; 37=algo20220531125502; 10=200;
8=FIX4.4; 35=F; 34=109; 49=MTHREE; 56=MS; 52=2022-05-31-12:55:02; 41=algo20220531125502; 55=ANF; 38=16677; 11=C_algo20220531125502; 60=2022-05-31-12:55:02; 10=060;
8=FIX4.4; 35=8; 34=162; 49=MS; 56=MTHREE; 52=2022-05-31-12:55:02; 55=ANF; 11=C_algo20220531125502; 31=0; 150=6; 39=6; 54=2; 44=9.10; 17=exec20220531125502; 32=0; 41=algo20220531125502; 38=16677; 60=2022-05-31-12:55:02; 6=0.0; 14=0; 37=algo20220531125502; 10=252;
8=FIX4.4; 35=8; 34=163; 49=MS; 56=MTHREE; 52=2022-05-31-12:55:02; 151=13342; 55=ANF; 11=C_algo20220531125502; 31=0; 150=4; 39=4; 54=2; 17=exec20220531125502; 32=0; 41=algo20220531125502; 38=16677; 60=2022-05-31-12:55:02; 6=0.0; 14=0; 37=algo20220531125502; 10=252;
8=FIX4.4; 35=D; 34=111; 49=MTHREE; 56=MS; 52=2022-05-31-12:55:04; 55=ABM; 40=2; 38=2461; 21=2; 11=algo20220531125504; 60=2022-05-31-12:55:04; 54=2; 44=31.64; 10=0252;
8=FIX4.4; 35=8; 34=165; 49=MS; 56=MTHREE; 52=2022-05-31-12:55:04; 55=ABM; 40=2; 11=algo20220531125504; 31=31.64; 150=0; 39=0; 54=2; 44=31.64; 32=0; 17=exec20220531125504; 38=2461; 60=2022-05-31-12:55:04; 6=0; 14=0; 37=algo20220531125504; 10=200;
8=FIX4.4; 35=F; 34=111; 49=MTHREE; 56=MS; 52=2022-05-31-12:55:04; 41=algo20220531125504; 55=ABM; 38=2461; 11=C_algo20220531125504; 60=2022-05-31-12:55:04; 10=060;
8=FIX4.4; 35=8; 34=165; 49=MS; 56=MTHREE; 52=2022-05-31-12:55:04; 55=ABM; 11=C_algo20220531125504; 31=0; 150=6; 39=6; 54=2; 44=31.64; 17=exec20220531125504; 32=0; 41=algo20220531125504; 38=2461; 60=2022-05-31-12:55:04; 6=0.0; 14=0; 37=algo20220531125504; 10=252;
8=FIX4.4; 35=8; 34=166; 49=MS; 56=MTHREE; 52=2022-05-31-12:55:04; 151=1231; 55=ABM; 11=C_algo20220531125504; 31=0; 150=4; 39=4; 54=2; 17=exec20220531125504; 32=0; 41=algo20220531125504; 38=2461; 60=2022-05-31-12:55:04; 6=0.0; 14=0; 37=algo20220531125504; 10=252;
8=FIX4.4; 35=D; 34=113; 49=MTHREE; 56=MS; 52=2022-05-31-12:55:06; 55=AAPL; 40=2; 38=31724; 21=2; 11=algo20220531125506; 60=2022-05-31-12:55:06; 54=1; 44=284.65; 10=0252;
8=FIX4.4; 35=8; 34=168; 49=MS; 56=MTHREE; 52=2022-05-31-12:55:06; 55=AAPL; 40=2; 11=algo20220531125506; 31=284.65; 150=0; 39=0; 54=1; 44=284.65; 32=0; 17=exec20220531125506; 38=31724; 60=2022-05-31-12:55:06; 6=0; 14=0; 37=algo20220531125506; 10=200;
8=FIX4.4; 35=F; 34=113; 49=MTHREE; 56=MS; 52=2022-05-31-12:55:06; 41=algo20220531125506; 55=AAPL; 38=31724; 11=C_algo20220531125506; 60=2022-05-31-12:55:06; 10=060;
8=FIX4.4; 35=8; 34=168; 49=MS; 56=MTHREE; 52=2022-05-31-12:55:06; 55=AAPL; 11=C_algo20220531125506; 31=0; 150=6; 39=6; 54=1; 44=284.65; 17=exec20220531125506; 32=0; 41=algo20220531125506; 38=31724; 60=2022-05-31-12:55:06; 6=0.0; 14=0; 37=algo20220531125506; 10=252;
8=FIX4.4; 35=8; 34=169; 49=MS; 56=MTHREE; 52=2022-05-31-12:55:06; 151=25380; 55=AAPL; 11=C_algo20220531125506; 31=0; 150=4; 39=4; 54=1; 17=exec20220531125506; 32=0; 41=algo20220531125506; 38=31724; 60=2022-05-31-12:55:06; 6=0.0; 14=0; 37=algo20220531125506; 10=252;
8=FIX4.4; 35=D; 34=115; 49=MTHREE; 56=MS; 52=2022-05-31-12:55:08; 55=PEP; 40=2; 38=19753; 21=2; 11=algo20220531125508; 60=2022-05-31-12:55:08; 54=2; 44=45.43; 10=0252;
8=FIX4.4; 35=8; 34=171; 49=MS; 56=MTHREE; 52=2022-05-31-12:55:08; 55=PEP; 40=2; 11=algo20220531125508; 31=45.43; 150=0; 39=0; 54=2; 44=45.43; 32=0; 17=exec20220531125508; 38=19753; 60=2022-05-31-12:55:08; 6=0; 14=0; 37=algo20220531125508; 10=200;
8=FIX4.4; 35=8; 34=172; 49=MS; 56=MTHREE; 52=2022-05-31-12:55:08; 55=PEP; 40=2; 11=algo20220531125508; 31=45.43; 150=1; 39=1; 54=2; 44=45.43; 32=3950; 17=exec20220531125508; 38=19753; 60=2022-05-31-12:55:08; 6=45.43; 14=3950; 37=algo20220531125508; 10=240;
8=FIX4.4; 35=F; 34=115; 49=MTHREE; 56=MS; 52=2022-05-31-12:55:09; 41=algo20220531125508; 55=PEP; 38=19753; 11=C_algo20220531125508; 60=2022-05-31-12:55:09; 10=060;
8=FIX4.4; 35=8; 34=172; 49=MS; 56=MTHREE; 52=2022-05-31-12:55:09; 55=PEP; 11=C_algo20220531125508; 31=0; 150=6; 39=6; 54=2; 44=45.43; 17=exec20220531125509; 32=0; 41=algo20220531125508; 38=19753; 60=2022-05-31-12:55:09; 6=0.0; 14=3950; 37=algo20220531125508; 10=252;
8=FIX4.4; 35=8; 34=173; 49=MS; 56=MTHREE; 52=2022-05-31-12:55:09; 151=11853; 55=PEP; 11=C_algo20220531125508; 31=0; 150=4; 39=4; 54=2; 17=exec20220531125509; 32=0; 41=algo20220531125508; 38=19753; 60=2022-05-31-12:55:09; 6=0.0; 14=3950; 37=algo20220531125508; 10=252;
8=FIX4.4; 35=D; 34=117; 49=MTHREE; 56=MS; 52=2022-05-31-12:55:11; 55=; 40=2; 38=9914; 21=2; 11=algo20220531125511; 60=2022-05-31-12:55:11; 54=1; 44=; 10=0252;
8=FIX4.4; 35=8; 34=175; 49=MS; 56=MTHREE; 52=2022-05-31-12:55:11; 55=; 40=2; 11=algo20220531125511; 31=; 150=0; 39=0; 54=1; 44=; 32=0; 17=exec20220531125511; 38=9914; 60=2022-05-31-12:55:11; 6=0; 14=0; 37=algo20220531125511; 10=200;
8=FIX4.4; 35=F; 34=117; 49=MTHREE; 56=MS; 52=2022-05-31-12:55:11; 41=algo20220531125511; 55=; 38=9914; 11=C_algo20220531125511; 60=2022-05-31-12:55:11; 10=060;
8=FIX4.4; 35=8; 34=175; 49=MS; 56=MTHREE; 52=2022-05-31-12:55:12; 55=; 11=C_algo20220531125511; 31=0; 150=6; 39=6; 54=1; 44=; 17=exec20220531125512; 32=0; 41=algo20220531125511; 38=9914; 60=2022-05-31-12:55:12; 6=0.0; 14=0; 37=algo20220531125511; 10=252;
8=FIX4.4; 35=8; 34=176; 49=MS; 56=MTHREE; 52=2022-05-31-12:55:12; 151=7436; 55=; 11=C_algo20220531125511; 31=0; 150=4; 39=4; 54=1; 17=exec20220531125512; 32=0; 41=algo20220531125511; 38=9914; 60=2022-05-31-12:55:12; 6=0.0; 14=0; 37=algo20220531125511; 10=252;
