8=FIX4.4; 35=A; 34=1; 49=MTHREE; 56=MS; 52=2022-05-31-12:59:54; 108=30; 10=0015;
8=FIX4.4; 35=A; 34=1; 49=MS; 56=MTHREE; 52=2022-05-31-12:59:54; 108=30; 10=0016;
8=FIX4.4; 35=0; 34=2; 49=MTHREE; 56=MS; 52=2022-05-31-12:59:54; 108=30; 10=0015;
8=FIX4.4; 35=0; 34=2; 49=MS; 56=MTHREE; 52=2022-05-31-12:59:54; 108=30; 10=0015;
8=FIX4.4; 35=0; 34=3; 49=MTHREE; 56=MS; 52=2022-05-31-12:59:56; 108=30; 10=0015;
8=FIX4.4; 35=0; 34=3; 49=MS; 56=MTHREE; 52=2022-05-31-12:59:56; 108=30; 10=0015;
8=FIX4.4; 35=0; 34=4; 49=MTHREE; 56=MS; 52=2022-05-31-12:59:58; 108=30; 10=0015;
8=FIX4.4; 35=0; 34=4; 49=MS; 56=MTHREE; 52=2022-05-31-12:59:58; 108=30; 10=0015;
8=FIX4.4; 35=0; 34=5; 49=MTHREE; 56=MS; 52=2022-05-31-13:00:00; 108=30; 10=0015;
8=FIX4.4; 35=0; 34=5; 49=MS; 56=MTHREE; 52=2022-05-31-13:00:00; 108=30; 10=0015;
8=FIX4.4; 35=0; 34=6; 49=MTHREE; 56=MS; 52=2022-05-31-13:00:02; 108=30; 10=0015;
8=FIX4.4; 35=0; 34=6; 49=MS; 56=MTHREE; 52=2022-05-31-13:00:02; 108=30; 10=0015;
8=FIX4.4; 35=0; 34=7; 49=MTHREE; 56=MS; 52=2022-05-31-13:00:04; 108=30; 10=0015;
8=FIX4.4; 35=0; 34=7; 49=MS; 56=MTHREE; 52=2022-05-31-13:00:04; 108=30; 10=0015;
8=FIX4.4; 35=0; 34=8; 49=MTHREE; 56=MS; 52=2022-05-31-13:00:06; 108=30; 10=0015;
8=FIX4.4; 35=0; 34=8; 49=MS; 56=MTHREE; 52=2022-05-31-13:00:06; 108=30; 10=0015;
8=FIX4.4; 35=0; 34=9; 49=MTHREE; 56=MS; 52=2022-05-31-13:00:08; 108=30; 10=0015;
8=FIX4.4; 35=0; 34=9; 49=MS; 56=MTHREE; 52=2022-05-31-13:00:08; 108=30; 10=0015;
8=FIX4.4; 35=0; 34=10; 49=MTHREE; 56=MS; 52=2022-05-31-13:00:10; 108=30; 10=0015;
8=FIX4.4; 35=0; 34=10; 49=MS; 56=MTHREE; 52=2022-05-31-13:00:10; 108=30; 10=0015;
8=FIX4.4; 35=0; 34=11; 49=MTHREE; 56=MS; 52=2022-05-31-13:00:12; 108=30; 10=0015;
8=FIX4.4; 35=0; 34=11; 49=MS; 56=MTHREE; 52=2022-05-31-13:00:12; 108=30; 10=0015;
8=FIX4.4; 35=0; 34=12; 49=MTHREE; 56=MS; 52=2022-05-31-13:00:14; 108=30; 10=0015;
8=FIX4.4; 35=0; 34=12; 49=MS; 56=MTHREE; 52=2022-05-31-13:00:14; 108=30; 10=0015;
8=FIX4.4; 35=0; 34=13; 49=MTHREE; 56=MS; 52=2022-05-31-13:00:16; 108=30; 10=0015;
8=FIX4.4; 35=0; 34=13; 49=MS; 56=MTHREE; 52=2022-05-31-13:00:16; 108=30; 10=0015;
8=FIX4.4; 35=0; 34=14; 49=MTHREE; 56=MS; 52=2022-05-31-13:00:18; 108=30; 10=0015;
8=FIX4.4; 35=0; 34=14; 49=MS; 56=MTHREE; 52=2022-05-31-13:00:18; 108=30; 10=0015;
8=FIX4.4; 35=0; 34=15; 49=MTHREE; 56=MS; 52=2022-05-31-13:00:20; 108=30; 10=0015;
8=FIX4.4; 35=0; 34=15; 49=MS; 56=MTHREE; 52=2022-05-31-13:00:20; 108=30; 10=0015;
8=FIX4.4; 35=0; 34=16; 49=MTHREE; 56=MS; 52=2022-05-31-13:00:22; 108=30; 10=0015;
8=FIX4.4; 35=0; 34=16; 49=MS; 56=MTHREE; 52=2022-05-31-13:00:22; 108=30; 10=0015;
8=FIX4.4; 35=0; 34=17; 49=MTHREE; 56=MS; 52=2022-05-31-13:00:24; 108=30; 10=0015;
8=FIX4.4; 35=0; 34=17; 49=MS; 56=MTHREE; 52=2022-05-31-13:00:24; 108=30; 10=0015;
8=FIX4.4; 35=0; 34=18; 49=MTHREE; 56=MS; 52=2022-05-31-13:00:26; 108=30; 10=0015;
8=FIX4.4; 35=0; 34=18; 49=MS; 56=MTHREE; 52=2022-05-31-13:00:26; 108=30; 10=0015;
8=FIX4.4; 35=0; 34=19; 49=MTHREE; 56=MS; 52=2022-05-31-13:00:28; 108=30; 10=0015;
8=FIX4.4; 35=0; 34=19; 49=MS; 56=MTHREE; 52=2022-05-31-13:00:28; 108=30; 10=0015;
8=FIX4.4; 35=0; 34=20; 49=MTHREE; 56=MS; 52=2022-05-31-13:00:30; 108=30; 10=0015;
8=FIX4.4; 35=0; 34=20; 49=MS; 56=MTHREE; 52=2022-05-31-13:00:30; 108=30; 10=0015;
8=FIX4.4; 35=0; 34=21; 49=MTHREE; 56=MS; 52=2022-05-31-13:00:32; 108=30; 10=0015;
8=FIX4.4; 35=0; 34=21; 49=MS; 56=MTHREE; 52=2022-05-31-13:00:32; 108=30; 10=0015;
8=FIX4.4; 35=0; 34=22; 49=MTHREE; 56=MS; 52=2022-05-31-13:00:34; 108=30; 10=0015;
8=FIX4.4; 35=0; 34=22; 49=MS; 56=MTHREE; 52=2022-05-31-13:00:34; 108=30; 10=0015;
8=FIX4.4; 35=0; 34=23; 49=MTHREE; 56=MS; 52=2022-05-31-13:00:36; 108=30; 10=0015;
8=FIX4.4; 35=0; 34=23; 49=MS; 56=MTHREE; 52=2022-05-31-13:00:36; 108=30; 10=0015;
8=FIX4.4; 35=0; 34=24; 49=MTHREE; 56=MS; 52=2022-05-31-13:00:38; 108=30; 10=0015;
8=FIX4.4; 35=0; 34=24; 49=MS; 56=MTHREE; 52=2022-05-31-13:00:38; 108=30; 10=0015;
8=FIX4.4; 35=0; 34=25; 49=MTHREE; 56=MS; 52=2022-05-31-13:00:40; 108=30; 10=0015;
8=FIX4.4; 35=0; 34=25; 49=MS; 56=MTHREE; 52=2022-05-31-13:00:40; 108=30; 10=0015;
8=FIX4.4; 35=0; 34=26; 49=MTHREE; 56=MS; 52=2022-05-31-13:00:42; 108=30; 10=0015;
8=FIX4.4; 35=0; 34=26; 49=MS; 56=MTHREE; 52=2022-05-31-13:00:42; 108=30; 10=0015;
8=FIX4.4; 35=0; 34=27; 49=MTHREE; 56=MS; 52=2022-05-31-13:00:44; 108=30; 10=0015;
8=FIX4.4; 35=0; 34=27; 49=MS; 56=MTHREE; 52=2022-05-31-13:00:44; 108=30; 10=0015;
8=FIX4.4; 35=0; 34=28; 49=MTHREE; 56=MS; 52=2022-05-31-13:00:46; 108=30; 10=0015;
8=FIX4.4; 35=0; 34=28; 49=MS; 56=MTHREE; 52=2022-05-31-13:00:46; 108=30; 10=0015;
8=FIX4.4; 35=0; 34=29; 49=MTHREE; 56=MS; 52=2022-05-31-13:00:48; 108=30; 10=0015;
8=FIX4.4; 35=0; 34=29; 49=MS; 56=MTHREE; 52=2022-05-31-13:00:48; 108=30; 10=0015;
8=FIX4.4; 35=0; 34=30; 49=MTHREE; 56=MS; 52=2022-05-31-13:00:50; 108=30; 10=0015;
8=FIX4.4; 35=0; 34=30; 49=MS; 56=MTHREE; 52=2022-05-31-13:00:50; 108=30; 10=0015;
8=FIX4.4; 35=0; 34=31; 49=MTHREE; 56=MS; 52=2022-05-31-13:00:52; 108=30; 10=0015;
8=FIX4.4; 35=0; 34=31; 49=MS; 56=MTHREE; 52=2022-05-31-13:00:52; 108=30; 10=0015;
8=FIX4.4; 35=0; 34=32; 49=MTHREE; 56=MS; 52=2022-05-31-13:00:54; 108=30; 10=0015;
8=FIX4.4; 35=0; 34=32; 49=MS; 56=MTHREE; 52=2022-05-31-13:00:54; 108=30; 10=0015;
8=FIX4.4; 35=0; 34=33; 49=MTHREE; 56=MS; 52=2022-05-31-13:00:56; 108=30; 10=0015;
8=FIX4.4; 35=0; 34=33; 49=MS; 56=MTHREE; 52=2022-05-31-13:00:56; 108=30; 10=0015;
8=FIX4.4; 35=0; 34=34; 49=MTHREE; 56=MS; 52=2022-05-31-13:00:58; 108=30; 10=0015;
8=FIX4.4; 35=0; 34=34; 49=MS; 56=MTHREE; 52=2022-05-31-13:00:58; 108=30; 10=0015;
8=FIX4.4; 35=0; 34=35; 49=MTHREE; 56=MS; 52=2022-05-31-13:01:00; 108=30; 10=0015;
8=FIX4.4; 35=0; 34=35; 49=MS; 56=MTHREE; 52=2022-05-31-13:01:00; 108=30; 10=0015;
8=FIX4.4; 35=0; 34=36; 49=MTHREE; 56=MS; 52=2022-05-31-13:01:02; 108=30; 10=0015;
8=FIX4.4; 35=0; 34=36; 49=MS; 56=MTHREE; 52=2022-05-31-13:01:02; 108=30; 10=0015;
8=FIX4.4; 35=0; 34=37; 49=MTHREE; 56=MS; 52=2022-05-31-13:01:04; 108=30; 10=0015;
8=FIX4.4; 35=0; 34=37; 49=MS; 56=MTHREE; 52=2022-05-31-13:01:04; 108=30; 10=0015;
8=FIX4.4; 35=0; 34=38; 49=MTHREE; 56=MS; 52=2022-05-31-13:01:06; 108=30; 10=0015;
8=FIX4.4; 35=0; 34=38; 49=MS; 56=MTHREE; 52=2022-05-31-13:01:06; 108=30; 10=0015;
8=FIX4.4; 35=0; 34=39; 49=MTHREE; 56=MS; 52=2022-05-31-13:01:08; 108=30; 10=0015;
8=FIX4.4; 35=0; 34=39; 49=MS; 56=MTHREE; 52=2022-05-31-13:01:08; 108=30; 10=0015;
8=FIX4.4; 35=0; 34=40; 49=MTHREE; 56=MS; 52=2022-05-31-13:01:10; 108=30; 10=0015;
8=FIX4.4; 35=0; 34=40; 49=MS; 56=MTHREE; 52=2022-05-31-13:01:10; 108=30; 10=0015;
8=FIX4.4; 35=0; 34=41; 49=MTHREE; 56=MS; 52=2022-05-31-13:01:12; 108=30; 10=0015;
8=FIX4.4; 35=0; 34=41; 49=MS; 56=MTHREE; 52=2022-05-31-13:01:12; 108=30; 10=0015;
8=FIX4.4; 35=0; 34=42; 49=MTHREE; 56=MS; 52=2022-05-31-13:01:14; 108=30; 10=0015;
8=FIX4.4; 35=0; 34=42; 49=MS; 56=MTHREE; 52=2022-05-31-13:01:14; 108=30; 10=0015;
8=FIX4.4; 35=0; 34=43; 49=MTHREE; 56=MS; 52=2022-05-31-13:01:16; 108=30; 10=0015;
8=FIX4.4; 35=0; 34=43; 49=MS; 56=MTHREE; 52=2022-05-31-13:01:16; 108=30; 10=0015;
8=FIX4.4; 35=0; 34=44; 49=MTHREE; 56=MS; 52=2022-05-31-13:01:18; 108=30; 10=0015;
8=FIX4.4; 35=0; 34=44; 49=MS; 56=MTHREE; 52=2022-05-31-13:01:18; 108=30; 10=0015;
8=FIX4.4; 35=0; 34=45; 49=MTHREE; 56=MS; 52=2022-05-31-13:01:20; 108=30; 10=0015;
8=FIX4.4; 35=0; 34=45; 49=MS; 56=MTHREE; 52=2022-05-31-13:01:20; 108=30; 10=0015;
8=FIX4.4; 35=0; 34=46; 49=MTHREE; 56=MS; 52=2022-05-31-13:01:22; 108=30; 10=0015;
8=FIX4.4; 35=0; 34=46; 49=MS; 56=MTHREE; 52=2022-05-31-13:01:22; 108=30; 10=0015;
8=FIX4.4; 35=0; 34=47; 49=MTHREE; 56=MS; 52=2022-05-31-13:01:24; 108=30; 10=0015;
8=FIX4.4; 35=0; 34=47; 49=MS; 56=MTHREE; 52=2022-05-31-13:01:24; 108=30; 10=0015;
8=FIX4.4; 35=0; 34=48; 49=MTHREE; 56=MS; 52=2022-05-31-13:01:26; 108=30; 10=0015;
8=FIX4.4; 35=0; 34=48; 49=MS; 56=MTHREE; 52=2022-05-31-13:01:26; 108=30; 10=0015;
8=FIX4.4; 35=0; 34=49; 49=MTHREE; 56=MS; 52=2022-05-31-13:01:28; 108=30; 10=0015;
8=FIX4.4; 35=0; 34=49; 49=MS; 56=MTHREE; 52=2022-05-31-13:01:28; 108=30; 10=0015;
8=FIX4.4; 35=0; 34=50; 49=MTHREE; 56=MS; 52=2022-05-31-13:01:30; 108=30; 10=0015;
8=FIX4.4; 35=0; 34=50; 49=MS; 56=MTHREE; 52=2022-05-31-13:01:30; 108=30; 10=0015;
8=FIX4.4; 35=0; 34=51; 49=MTHREE; 56=MS; 52=2022-05-31-13:01:32; 108=30; 10=0015;
8=FIX4.4; 35=0; 34=51; 49=MS; 56=MTHREE; 52=2022-05-31-13:01:32; 108=30; 10=0015;
8=FIX4.4; 35=D; 34=52; 49=MTHREE; 56=MS; 52=2022-05-31-13:01:34; 55=AAPL; 40=2; 38=8015; 21=2; 11=algo20220531130134; 60=2022-05-31-13:01:34; 54=2; 44=1276.37; 10=0252;
8=FIX4.4; 35=8; 34=52; 49=MS; 56=MTHREE; 52=2022-05-31-13:01:34; 55=AAPL; 40=2; 11=algo20220531130134; 31=1276.37; 150=0; 39=0; 54=2; 44=1276.37; 32=0; 17=exec20220531130134; 38=8015; 60=2022-05-31-13:01:34; 6=0; 14=0; 37=algo20220531130134; 10=200;
8=FIX4.4; 35=8; 34=53; 49=MS; 56=MTHREE; 52=2022-05-31-13:01:34; 55=AAPL; 40=2; 11=algo20220531130134; 31=1276.37; 150=1; 39=1; 54=2; 44=1276.37; 32=2003; 17=exec20220531130134; 38=8015; 60=2022-05-31-13:01:34; 6=1276.37; 14=2003; 37=algo20220531130134; 10=240;
8=FIX4.4; 35=8; 34=54; 49=MS; 56=MTHREE; 52=2022-05-31-13:01:35; 55=AAPL; 40=2; 11=algo20220531130134; 31=1276.37; 150=1; 39=1; 54=2; 44=1276.37; 32=2003; 17=exec20220531130135; 38=8015; 60=2022-05-31-13:01:35; 6=1276.37; 14=4006; 37=algo20220531130134; 10=240;
8=FIX4.4; 35=8; 34=55; 49=MS; 56=MTHREE; 52=2022-05-31-13:01:36; 55=AAPL; 40=2; 11=algo20220531130134; 31=1276.37; 150=1; 39=1; 54=2; 44=1276.37; 32=2003; 17=exec20220531130136; 38=8015; 60=2022-05-31-13:01:36; 6=1276.37; 14=6009; 37=algo20220531130134; 10=240;
8=FIX4.4; 35=8; 34=56; 49=MS; 56=MTHREE; 52=2022-05-31-13:01:38; 55=AAPL; 40=2; 11=algo20220531130134; 31=1276.37; 150=2; 39=2; 54=2; 44=1276.37; 32=2006; 17=exec20220531130138; 38=8015; 60=2022-05-31-13:01:38; 6=1276.37; 14=8015; 37=algo20220531130134; 10=246;
8=FIX4.4; 35=D; 34=53; 49=MTHREE; 56=MS; 52=2022-05-31-13:01:38; 55=MSFT; 40=2; 38=32312; 21=2; 11=algo20220531130138; 60=2022-05-31-13:01:38; 54=2; 44=59.89; 10=0252;
8=FIX4.4; 35=8; 34=57; 49=MS; 56=MTHREE; 52=2022-05-31-13:01:38; 55=MSFT; 40=2; 11=algo20220531130138; 31=59.89; 150=0; 39=0; 54=2; 44=59.89; 32=0; 17=exec20220531130138; 38=32312; 60=2022-05-31-13:01:38; 6=0; 14=0; 37=algo20220531130138; 10=200;
8=FIX4.4; 35=F; 34=53; 49=MTHREE; 56=MS; 52=2022-05-31-13:01:38; 41=algo20220531130138; 55=MSFT; 38=32312; 11=C_algo20220531130138; 60=2022-05-31-13:01:38; 10=060;
8=FIX4.4; 35=8; 34=57; 49=MS; 56=MTHREE; 52=2022-05-31-13:01:38; 55=MSFT; 11=C_algo20220531130138; 31=0; 150=6; 39=6; 54=2; 44=59.89; 17=exec20220531130138; 32=0; 41=algo20220531130138; 38=32312; 60=2022-05-31-13:01:38; 6=0.0; 14=0; 37=algo20220531130138; 10=252;
8=FIX4.4; 35=8; 34=58; 49=MS; 56=MTHREE; 52=2022-05-31-13:01:38; 151=21542; 55=MSFT; 11=C_algo20220531130138; 31=0; 150=4; 39=4; 54=2; 17=exec20220531130138; 32=0; 41=algo20220531130138; 38=32312; 60=2022-05-31-13:01:38; 6=0.0; 14=0; 37=algo20220531130138; 10=252;
8=FIX4.4; 35=D; 34=55; 49=MTHREE; 56=MS; 52=2022-05-31-13:01:40; 55=AMZN; 40=2; 38=21375; 21=2; 11=algo20220531130140; 60=2022-05-31-13:01:40; 54=2; 44=133.47; 10=0252;
8=FIX4.4; 35=8; 34=60; 49=MS; 56=MTHREE; 52=2022-05-31-13:01:40; 55=AMZN; 40=2; 11=algo20220531130140; 31=133.47; 150=0; 39=0; 54=2; 44=133.47; 32=0; 17=exec20220531130140; 38=21375; 60=2022-05-31-13:01:40; 6=0; 14=0; 37=algo20220531130140; 10=200;
8=FIX4.4; 35=8; 34=61; 49=MS; 56=MTHREE; 52=2022-05-31-13:01:40; 55=AMZN; 40=2; 11=algo20220531130140; 31=133.47; 150=1; 39=1; 54=2; 44=133.47; 32=10687; 17=exec20220531130140; 38=21375; 60=2022-05-31-13:01:40; 6=133.47; 14=10687; 37=algo20220531130140; 10=240;
8=FIX4.4; 35=8; 34=62; 49=MS; 56=MTHREE; 52=2022-05-31-13:01:42; 55=AMZN; 40=2; 11=algo20220531130140; 31=133.47; 150=2; 39=2; 54=2; 44=133.47; 32=10688; 17=exec20220531130142; 38=21375; 60=2022-05-31-13:01:42; 6=133.47; 14=21375; 37=algo20220531130140; 10=246;
8=FIX4.4; 35=D; 34=56; 49=MTHREE; 56=MS; 52=2022-05-31-13:01:42; 55=FB; 40=2; 38=9511; 21=2; 11=algo20220531130142; 60=2022-05-31-13:01:42; 54=2; 44=430.62; 10=0252;
8=FIX4.4; 35=8; 34=63; 49=MS; 56=MTHREE; 52=2022-05-31-13:01:42; 55=FB; 40=2; 11=algo20220531130142; 31=430.62; 150=0; 39=0; 54=2; 44=430.62; 32=0; 17=exec20220531130142; 38=9511; 60=2022-05-31-13:01:42; 6=0; 14=0; 37=algo20220531130142; 10=200;
8=FIX4.4; 35=F; 34=56; 49=MTHREE; 56=MS; 52=2022-05-31-13:01:42; 41=algo20220531130142; 55=FB; 38=9511; 11=C_algo20220531130142; 60=2022-05-31-13:01:42; 10=060;
8=FIX4.4; 35=8; 34=63; 49=MS; 56=MTHREE; 52=2022-05-31-13:01:42; 55=FB; 11=C_algo20220531130142; 31=0; 150=6; 39=6; 54=2; 44=430.62; 17=exec20220531130142; 32=0; 41=algo20220531130142; 38=9511; 60=2022-05-31-13:01:42; 6=0.0; 14=0; 37=algo20220531130142; 10=252;
8=FIX4.4; 35=8; 34=64; 49=MS; 56=MTHREE; 52=2022-05-31-13:01:42; 151=6341; 55=FB; 11=C_algo20220531130142; 31=0; 150=4; 39=4; 54=2; 17=exec20220531130142; 32=0; 41=algo20220531130142; 38=9511; 60=2022-05-31-13:01:42; 6=0.0; 14=0; 37=algo20220531130142; 10=252;
8=FIX4.4; 35=D; 34=58; 49=MTHREE; 56=MS; 52=2022-05-31-13:01:44; 55=GOOG; 40=2; 38=2638; 21=2; 11=algo20220531130144; 60=2022-05-31-13:01:44; 54=1; 44=42.05; 10=0252;
8=FIX4.4; 35=8; 34=66; 49=MS; 56=MTHREE; 52=2022-05-31-13:01:44; 55=GOOG; 40=2; 11=algo20220531130144; 31=42.05; 150=0; 39=0; 54=1; 44=42.05; 32=0; 17=exec20220531130144; 38=2638; 60=2022-05-31-13:01:44; 6=0; 14=0; 37=algo20220531130144; 10=200;
8=FIX4.4; 35=F; 34=58; 49=MTHREE; 56=MS; 52=2022-05-31-13:01:44; 41=algo20220531130144; 55=GOOG; 38=2638; 11=C_algo20220531130144; 60=2022-05-31-13:01:44; 10=060;
8=FIX4.4; 35=8; 34=66; 49=MS; 56=MTHREE; 52=2022-05-31-13:01:44; 55=GOOG; 11=C_algo20220531130144; 31=0; 150=6; 39=6; 54=1; 44=42.05; 17=exec20220531130144; 32=0; 41=algo20220531130144; 38=2638; 60=2022-05-31-13:01:44; 6=0.0; 14=0; 37=algo20220531130144; 10=252;
8=FIX4.4; 35=8; 34=67; 49=MS; 56=MTHREE; 52=2022-05-31-13:01:44; 151=1319; 55=GOOG; 11=C_algo20220531130144; 31=0; 150=4; 39=4; 54=1; 17=exec20220531130144; 32=0; 41=algo20220531130144; 38=2638; 60=2022-05-31-13:01:44; 6=0.0; 14=0; 37=algo20220531130144; 10=252;
8=FIX4.4; 35=D; 34=60; 49=MTHREE; 56=MS; 52=2022-05-31-13:01:46; 55=GOOGL; 40=2; 38=16773; 21=2; 11=algo20220531130146; 60=2022-05-31-13:01:46; 54=2; 44=289.20; 10=0252;
8=FIX4.4; 35=8; 34=69; 49=MS; 56=MTHREE; 52=2022-05-31-13:01:46; 55=GOOGL; 40=2; 11=algo20220531130146; 31=289.20; 150=0; 39=0; 54=2; 44=289.20; 32=0; 17=exec20220531130146; 38=16773; 60=2022-05-31-13:01:46; 6=0; 14=0; 37=algo20220531130146; 10=200;
8=FIX4.4; 35=F; 34=60; 49=MTHREE; 56=MS; 52=2022-05-31-13:01:46; 41=algo20220531130146; 55=GOOGL; 38=16773; 11=C_algo20220531130146; 60=2022-05-31-13:01:46; 10=060;
8=FIX4.4; 35=8; 34=69; 49=MS; 56=MTHREE; 52=2022-05-31-13:01:46; 55=GOOGL; 11=C_algo20220531130146; 31=0; 150=6; 39=6; 54=2; 44=289.20; 17=exec20220531130146; 32=0; 41=algo20220531130146; 38=16773; 60=2022-05-31-13:01:46; 6=0.0; 14=0; 37=algo20220531130146; 10=252;
8=FIX4.4; 35=8; 34=70; 49=MS; 56=MTHREE; 52=2022-05-31-13:01:46; 151=12580; 55=GOOGL; 11=C_algo20220531130146; 31=0; 150=4; 39=4; 54=2; 17=exec20220531130146; 32=0; 41=algo20220531130146; 38=16773; 60=2022-05-31-13:01:46; 6=0.0; 14=0; 37=algo20220531130146; 10=252;
8=FIX4.4; 35=D; 34=62; 49=MTHREE; 56=MS; 52=2022-05-31-13:01:48; 55=INTC; 40=2; 38=24676; 21=2; 11=algo20220531130148; 60=2022-05-31-13:01:48; 54=2; 44=339.13; 10=0252;
8=FIX4.4; 35=8; 34=72; 49=MS; 56=MTHREE; 52=2022-05-31-13:01:48; 55=INTC; 40=2; 11=algo20220531130148; 31=339.13; 150=0; 39=0; 54=2; 44=339.13; 32=0; 17=exec20220531130148; 38=24676; 60=2022-05-31-13:01:48; 6=0; 14=0; 37=algo20220531130148; 10=200;
8=FIX4.4; 35=F; 34=62; 49=MTHREE; 56=MS; 52=2022-05-31-13:01:48; 41=algo20220531130148; 55=INTC; 38=24676; 11=C_algo20220531130148; 60=2022-05-31-13:01:48; 10=060;
8=FIX4.4; 35=8; 34=72; 49=MS; 56=MTHREE; 52=2022-05-31-13:01:48; 55=INTC; 11=C_algo20220531130148; 31=0; 150=6; 39=6; 54=2; 44=339.13; 17=exec20220531130148; 32=0; 41=algo20220531130148; 38=24676; 60=2022-05-31-13:01:48; 6=0.0; 14=0; 37=algo20220531130148; 10=252;
8=FIX4.4; 35=8; 34=73; 49=MS; 56=MTHREE; 52=2022-05-31-13:01:48; 151=16451; 55=INTC; 11=C_algo20220531130148; 31=0; 150=4; 39=4; 54=2; 17=exec20220531130148; 32=0; 41=algo20220531130148; 38=24676; 60=2022-05-31-13:01:48; 6=0.0; 14=0; 37=algo20220531130148; 10=252;
8=FIX4.4; 35=D; 34=64; 49=MTHREE; 56=MS; 52=2022-05-31-13:01:50; 55=PEP; 40=2; 38=25727; 21=2; 11=algo20220531130150; 60=2022-05-31-13:01:50; 54=1; 44=36.21; 10=0252;
8=FIX4.4; 35=8; 34=75; 49=MS; 56=MTHREE; 52=2022-05-31-13:01:50; 55=PEP; 40=2; 11=algo20220531130150; 31=36.21; 150=0; 39=0; 54=1; 44=36.21; 32=0; 17=exec20220531130150; 38=25727; 60=2022-05-31-13:01:50; 6=0; 14=0; 37=algo20220531130150; 10=200;
8=FIX4.4; 35=8; 34=76; 49=MS; 56=MTHREE; 52=2022-05-31-13:01:51; 55=PEP; 40=2; 11=algo20220531130150; 31=36.21; 150=2; 39=2; 54=1; 44=36.21; 32=25727; 17=exec20220531130151; 38=25727; 60=2022-05-31-13:01:51; 6=36.21; 14=25727; 37=algo20220531130150; 10=246;
8=FIX4.4; 35=D; 34=65; 49=MTHREE; 56=MS; 52=2022-05-31-13:01:51; 55=NFLX; 40=2; 38=7128; 21=2; 11=algo20220531130151; 60=2022-05-31-13:01:51; 54=2; 44=306.71; 10=0252;
8=FIX4.4; 35=8; 34=77; 49=MS; 56=MTHREE; 52=2022-05-31-13:01:51; 55=NFLX; 40=2; 11=algo20220531130151; 31=306.71; 150=0; 39=0; 54=2; 44=306.71; 32=0; 17=exec20220531130151; 38=7128; 60=2022-05-31-13:01:51; 6=0; 14=0; 37=algo20220531130151; 10=200;
8=FIX4.4; 35=8; 34=78; 49=MS; 56=MTHREE; 52=2022-05-31-13:01:51; 55=NFLX; 40=2; 11=algo20220531130151; 31=306.71; 150=1; 39=1; 54=2; 44=306.71; 32=1425; 17=exec20220531130151; 38=7128; 60=2022-05-31-13:01:51; 6=306.71; 14=1425; 37=algo20220531130151; 10=240;
8=FIX4.4; 35=8; 34=79; 49=MS; 56=MTHREE; 52=2022-05-31-13:01:52; 55=NFLX; 40=2; 11=algo20220531130151; 31=306.71; 150=1; 39=1; 54=2; 44=306.71; 32=1425; 17=exec20220531130152; 38=7128; 60=2022-05-31-13:01:52; 6=306.71; 14=2850; 37=algo20220531130151; 10=240;
8=FIX4.4; 35=F; 34=65; 49=MTHREE; 56=MS; 52=2022-05-31-13:01:53; 41=algo20220531130151; 55=NFLX; 38=7128; 11=C_algo20220531130151; 60=2022-05-31-13:01:53; 10=060;
8=FIX4.4; 35=8; 34=79; 49=MS; 56=MTHREE; 52=2022-05-31-13:01:53; 55=NFLX; 11=C_algo20220531130151; 31=0; 150=6; 39=6; 54=2; 44=306.71; 17=exec20220531130153; 32=0; 41=algo20220531130151; 38=7128; 60=2022-05-31-13:01:53; 6=0.0; 14=2850; 37=algo20220531130151; 10=252;
8=FIX4.4; 35=8; 34=80; 49=MS; 56=MTHREE; 52=2022-05-31-13:01:53; 151=2853; 55=NFLX; 11=C_algo20220531130151; 31=0; 150=4; 39=4; 54=2; 17=exec20220531130153; 32=0; 41=algo20220531130151; 38=7128; 60=2022-05-31-13:01:53; 6=0.0; 14=2850; 37=algo20220531130151; 10=252;
8=FIX4.4; 35=D; 34=67; 49=MTHREE; 56=MS; 52=2022-05-31-13:01:55; 55=CSCO; 40=2; 38=7528; 21=2; 11=algo20220531130155; 60=2022-05-31-13:01:55; 54=2; 44=233.73; 10=0252;
8=FIX4.4; 35=8; 34=82; 49=MS; 56=MTHREE; 52=2022-05-31-13:01:55; 55=CSCO; 40=2; 11=algo20220531130155; 31=233.73; 150=0; 39=0; 54=2; 44=233.73; 32=0; 17=exec20220531130155; 38=7528; 60=2022-05-31-13:01:55; 6=0; 14=0; 37=algo20220531130155; 10=200;
8=FIX4.4; 35=F; 34=67; 49=MTHREE; 56=MS; 52=2022-05-31-13:01:55; 41=algo20220531130155; 55=CSCO; 38=7528; 11=C_algo20220531130155; 60=2022-05-31-13:01:55; 10=060;
8=FIX4.4; 35=8; 34=82; 49=MS; 56=MTHREE; 52=2022-05-31-13:01:55; 55=CSCO; 11=C_algo20220531130155; 31=0; 150=6; 39=6; 54=2; 44=233.73; 17=exec20220531130155; 32=0; 41=algo20220531130155; 38=7528; 60=2022-05-31-13:01:55; 6=0.0; 14=0; 37=algo20220531130155; 10=252;
8=FIX4.4; 35=8; 34=83; 49=MS; 56=MTHREE; 52=2022-05-31-13:01:55; 151=3764; 55=CSCO; 11=C_algo20220531130155; 31=0; 150=4; 39=4; 54=2; 17=exec20220531130155; 32=0; 41=algo20220531130155; 38=7528; 60=2022-05-31-13:01:55; 6=0.0; 14=0; 37=algo20220531130155; 10=252;
8=FIX4.4; 35=D; 34=69; 49=MTHREE; 56=MS; 52=2022-05-31-13:01:57; 55=AMGN; 40=2; 38=5604; 21=2; 11=algo20220531130157; 60=2022-05-31-13:01:57; 54=2; 44=116.62; 10=0252;
8=FIX4.4; 35=8; 34=85; 49=MS; 56=MTHREE; 52=2022-05-31-13:01:57; 55=AMGN; 40=2; 11=algo20220531130157; 31=116.62; 150=0; 39=0; 54=2; 44=116.62; 32=0; 17=exec20220531130157; 38=5604; 60=2022-05-31-13:01:57; 6=0; 14=0; 37=algo20220531130157; 10=200;
8=FIX4.4; 35=8; 34=86; 49=MS; 56=MTHREE; 52=2022-05-31-13:01:57; 55=AMGN; 40=2; 11=algo20220531130157; 31=116.62; 150=1; 39=1; 54=2; 44=116.62; 32=1868; 17=exec20220531130157; 38=5604; 60=2022-05-31-13:01:57; 6=116.62; 14=1868; 37=algo20220531130157; 10=240;
8=FIX4.4; 35=F; 34=69; 49=MTHREE; 56=MS; 52=2022-05-31-13:01:58; 41=algo20220531130157; 55=AMGN; 38=5604; 11=C_algo20220531130157; 60=2022-05-31-13:01:58; 10=060;
8=FIX4.4; 35=8; 34=86; 49=MS; 56=MTHREE; 52=2022-05-31-13:01:58; 55=AMGN; 11=C_algo20220531130157; 31=0; 150=6; 39=6; 54=2; 44=116.62; 17=exec20220531130158; 32=0; 41=algo20220531130157; 38=5604; 60=2022-05-31-13:01:58; 6=0.0; 14=1868; 37=algo20220531130157; 10=252;
8=FIX4.4; 35=8; 34=87; 49=MS; 56=MTHREE; 52=2022-05-31-13:01:58; 151=1868; 55=AMGN; 11=C_algo20220531130157; 31=0; 150=4; 39=4; 54=2; 17=exec20220531130158; 32=0; 41=algo20220531130157; 38=5604; 60=2022-05-31-13:01:58; 6=0.0; 14=1868; 37=algo20220531130157; 10=252;
8=FIX4.4; 35=D; 34=71; 49=MTHREE; 56=MS; 52=2022-05-31-13:02:00; 55=PYPL; 40=2; 38=15376; 21=2; 11=algo20220531130200; 60=2022-05-31-13:02:00; 54=2; 44=723.61; 10=0252;
8=FIX4.4; 35=8; 34=89; 49=MS; 56=MTHREE; 52=2022-05-31-13:02:00; 55=PYPL; 40=2; 11=algo20220531130200; 31=723.61; 150=0; 39=0; 54=2; 44=723.61; 32=0; 17=exec20220531130200; 38=15376; 60=2022-05-31-13:02:00; 6=0; 14=0; 37=algo20220531130200; 10=200;
8=FIX4.4; 35=F; 34=71; 49=MTHREE; 56=MS; 52=2022-05-31-13:02:00; 41=algo20220531130200; 55=PYPL; 38=15376; 11=C_algo20220531130200; 60=2022-05-31-13:02:00; 10=060;
8=FIX4.4; 35=8; 34=89; 49=MS; 56=MTHREE; 52=2022-05-31-13:02:00; 55=PYPL; 11=C_algo20220531130200; 31=0; 150=6; 39=6; 54=2; 44=723.61; 17=exec20220531130200; 32=0; 41=algo20220531130200; 38=15376; 60=2022-05-31-13:02:00; 6=0.0; 14=0; 37=algo20220531130200; 10=252;
8=FIX4.4; 35=8; 34=90; 49=MS; 56=MTHREE; 52=2022-05-31-13:02:00; 151=11532; 55=PYPL; 11=C_algo20220531130200; 31=0; 150=4; 39=4; 54=2; 17=exec20220531130200; 32=0; 41=algo20220531130200; 38=15376; 60=2022-05-31-13:02:00; 6=0.0; 14=0; 37=algo20220531130200; 10=252;
8=FIX4.4; 35=D; 34=73; 49=MTHREE; 56=MS; 52=2022-05-31-13:02:02; 55=TSLA; 40=2; 38=11711; 21=2; 11=algo20220531130202; 60=2022-05-31-13:02:02; 54=1; 44=503.77; 10=0252;
8=FIX4.4; 35=8; 34=92; 49=MS; 56=MTHREE; 52=2022-05-31-13:02:02; 55=TSLA; 40=2; 11=algo20220531130202; 31=503.77; 150=0; 39=0; 54=1; 44=503.77; 32=0; 17=exec20220531130202; 38=11711; 60=2022-05-31-13:02:02; 6=0; 14=0; 37=algo20220531130202; 10=200;
8=FIX4.4; 35=F; 34=73; 49=MTHREE; 56=MS; 52=2022-05-31-13:02:02; 41=algo20220531130202; 55=TSLA; 38=11711; 11=C_algo20220531130202; 60=2022-05-31-13:02:02; 10=060;
8=FIX4.4; 35=8; 34=92; 49=MS; 56=MTHREE; 52=2022-05-31-13:02:02; 55=TSLA; 11=C_algo20220531130202; 31=0; 150=6; 39=6; 54=1; 44=503.77; 17=exec20220531130202; 32=0; 41=algo20220531130202; 38=11711; 60=2022-05-31-13:02:02; 6=0.0; 14=0; 37=algo20220531130202; 10=252;
8=FIX4.4; 35=8; 34=93; 49=MS; 56=MTHREE; 52=2022-05-31-13:02:02; 151=8784; 55=TSLA; 11=C_algo20220531130202; 31=0; 150=4; 39=4; 54=1; 17=exec20220531130202; 32=0; 41=algo20220531130202; 38=11711; 60=2022-05-31-13:02:02; 6=0.0; 14=0; 37=algo20220531130202; 10=252;
8=FIX4.4; 35=D; 34=75; 49=MTHREE; 56=MS; 52=2022-05-31-13:02:04; 55=TXN; 40=2; 38=2949; 21=2; 11=algo20220531130204; 60=2022-05-31-13:02:04; 54=2; 44=112.46; 10=0252;
8=FIX4.4; 35=8; 34=95; 49=MS; 56=MTHREE; 52=2022-05-31-13:02:04; 55=TXN; 40=2; 11=algo20220531130204; 31=112.46; 150=0; 39=0; 54=2; 44=112.46; 32=0; 17=exec20220531130204; 38=2949; 60=2022-05-31-13:02:04; 6=0; 14=0; 37=algo20220531130204; 10=200;
8=FIX4.4; 35=8; 34=96; 49=MS; 56=MTHREE; 52=2022-05-31-13:02:04; 55=TXN; 40=2; 11=algo20220531130204; 31=112.46; 150=1; 39=1; 54=2; 44=112.46; 32=737; 17=exec20220531130204; 38=2949; 60=2022-05-31-13:02:04; 6=112.46; 14=737; 37=algo20220531130204; 10=240;
8=FIX4.4; 35=F; 34=75; 49=MTHREE; 56=MS; 52=2022-05-31-13:02:05; 41=algo20220531130204; 55=TXN; 38=2949; 11=C_algo20220531130204; 60=2022-05-31-13:02:05; 10=060;
8=FIX4.4; 35=8; 34=96; 49=MS; 56=MTHREE; 52=2022-05-31-13:02:05; 55=TXN; 11=C_algo20220531130204; 31=0; 150=6; 39=6; 54=2; 44=112.46; 17=exec20220531130205; 32=0; 41=algo20220531130204; 38=2949; 60=2022-05-31-13:02:05; 6=0.0; 14=737; 37=algo20220531130204; 10=252;
8=FIX4.4; 35=8; 34=97; 49=MS; 56=MTHREE; 52=2022-05-31-13:02:05; 151=1475; 55=TXN; 11=C_algo20220531130204; 31=0; 150=4; 39=4; 54=2; 17=exec20220531130205; 32=0; 41=algo20220531130204; 38=2949; 60=2022-05-31-13:02:05; 6=0.0; 14=737; 37=algo20220531130204; 10=252;
8=FIX4.4; 35=D; 34=77; 49=MTHREE; 56=MS; 52=2022-05-31-13:02:07; 55=AVGO; 40=2; 38=17083; 21=2; 11=algo20220531130207; 60=2022-05-31-13:02:07; 54=2; 44=262.99; 10=0252;
8=FIX4.4; 35=8; 34=99; 49=MS; 56=MTHREE; 52=2022-05-31-13:02:07; 55=AVGO; 40=2; 11=algo20220531130207; 31=262.99; 150=0; 39=0; 54=2; 44=262.99; 32=0; 17=exec20220531130207; 38=17083; 60=2022-05-31-13:02:07; 6=0; 14=0; 37=algo20220531130207; 10=200;
8=FIX4.4; 35=8; 34=100; 49=MS; 56=MTHREE; 52=2022-05-31-13:02:08; 55=AVGO; 40=2; 11=algo20220531130207; 31=262.99; 150=2; 39=2; 54=2; 44=262.99; 32=17083; 17=exec20220531130208; 38=17083; 60=2022-05-31-13:02:08; 6=262.99; 14=17083; 37=algo20220531130207; 10=246;
8=FIX4.4; 35=D; 34=78; 49=MTHREE; 56=MS; 52=2022-05-31-13:02:08; 55=GILD; 40=2; 38=28097; 21=2; 11=algo20220531130208; 60=2022-05-31-13:02:08; 54=2; 44=82.91; 10=0252;
8=FIX4.4; 35=8; 34=101; 49=MS; 56=MTHREE; 52=2022-05-31-13:02:08; 55=GILD; 40=2; 11=algo20220531130208; 31=82.91; 150=0; 39=0; 54=2; 44=82.91; 32=0; 17=exec20220531130208; 38=28097; 60=2022-05-31-13:02:08; 6=0; 14=0; 37=algo20220531130208; 10=200;
8=FIX4.4; 35=8; 34=102; 49=MS; 56=MTHREE; 52=2022-05-31-13:02:08; 55=GILD; 40=2; 11=algo20220531130208; 31=82.91; 150=1; 39=1; 54=2; 44=82.91; 32=5619; 17=exec20220531130208; 38=28097; 60=2022-05-31-13:02:08; 6=82.91; 14=5619; 37=algo20220531130208; 10=240;
8=FIX4.4; 35=8; 34=103; 49=MS; 56=MTHREE; 52=2022-05-31-13:02:09; 55=GILD; 40=2; 11=algo20220531130208; 31=82.91; 150=1; 39=1; 54=2; 44=82.91; 32=5619; 17=exec20220531130209; 38=28097; 60=2022-05-31-13:02:09; 6=82.91; 14=11238; 37=algo20220531130208; 10=240;
8=FIX4.4; 35=8; 34=104; 49=MS; 56=MTHREE; 52=2022-05-31-13:02:10; 55=GILD; 40=2; 11=algo20220531130208; 31=82.91; 150=1; 39=1; 54=2; 44=82.91; 32=5619; 17=exec20220531130210; 38=28097; 60=2022-05-31-13:02:10; 6=82.91; 14=16857; 37=algo20220531130208; 10=240;
8=FIX4.4; 35=F; 34=78; 49=MTHREE; 56=MS; 52=2022-05-31-13:02:11; 41=algo20220531130208; 55=GILD; 38=28097; 11=C_algo20220531130208; 60=2022-05-31-13:02:11; 10=060;
8=FIX4.4; 35=8; 34=104; 49=MS; 56=MTHREE; 52=2022-05-31-13:02:11; 55=GILD; 11=C_algo20220531130208; 31=0; 150=6; 39=6; 54=2; 44=82.91; 17=exec20220531130211; 32=0; 41=algo20220531130208; 38=28097; 60=2022-05-31-13:02:11; 6=0.0; 14=16857; 37=algo20220531130208; 10=252;
8=FIX4.4; 35=8; 34=105; 49=MS; 56=MTHREE; 52=2022-05-31-13:02:11; 151=5621; 55=GILD; 11=C_algo20220531130208; 31=0; 150=4; 39=4; 54=2; 17=exec20220531130211; 32=0; 41=algo20220531130208; 38=28097; 60=2022-05-31-13:02:11; 6=0.0; 14=16857; 37=algo20220531130208; 10=252;
8=FIX4.4; 35=D; 34=80; 49=MTHREE; 56=MS; 52=2022-05-31-13:02:13; 55=SBUX; 40=2; 38=7029; 21=2; 11=algo20220531130213; 60=2022-05-31-13:02:13; 54=2; 44=75.71; 10=0252;
8=FIX4.4; 35=8; 34=107; 49=MS; 56=MTHREE; 52=2022-05-31-13:02:13; 55=SBUX; 40=2; 11=algo20220531130213; 31=75.71; 150=0; 39=0; 54=2; 44=75.71; 32=0; 17=exec20220531130213; 38=7029; 60=2022-05-31-13:02:13; 6=0; 14=0; 37=algo20220531130213; 10=200;
8=FIX4.4; 35=8; 34=108; 49=MS; 56=MTHREE; 52=2022-05-31-13:02:14; 55=SBUX; 40=2; 11=algo20220531130213; 31=75.71; 150=2; 39=2; 54=2; 44=75.71; 32=7029; 17=exec20220531130214; 38=7029; 60=2022-05-31-13:02:14; 6=75.71; 14=7029; 37=algo20220531130213; 10=246;
8=FIX4.4; 35=D; 34=81; 49=MTHREE; 56=MS; 52=2022-05-31-13:02:14; 55=QCOM; 40=2; 38=19903; 21=2; 11=algo20220531130214; 60=2022-05-31-13:02:14; 54=1; 44=75.47; 10=0252;
8=FIX4.4; 35=8; 34=109; 49=MS; 56=MTHREE; 52=2022-05-31-13:02:14; 55=QCOM; 40=2; 11=algo20220531130214; 31=75.47; 150=0; 39=0; 54=1; 44=75.47; 32=0; 17=exec20220531130214; 38=19903; 60=2022-05-31-13:02:14; 6=0; 14=0; 37=algo20220531130214; 10=200;
8=FIX4.4; 35=8; 34=110; 49=MS; 56=MTHREE; 52=2022-05-31-13:02:14; 55=QCOM; 40=2; 11=algo20220531130214; 31=75.47; 150=1; 39=1; 54=1; 44=75.47; 32=6634; 17=exec20220531130214; 38=19903; 60=2022-05-31-13:02:14; 6=75.47; 14=6634; 37=algo20220531130214; 10=240;
8=FIX4.4; 35=F; 34=81; 49=MTHREE; 56=MS; 52=2022-05-31-13:02:15; 41=algo20220531130214; 55=QCOM; 38=19903; 11=C_algo20220531130214; 60=2022-05-31-13:02:15; 10=060;
8=FIX4.4; 35=8; 34=110; 49=MS; 56=MTHREE; 52=2022-05-31-13:02:15; 55=QCOM; 11=C_algo20220531130214; 31=0; 150=6; 39=6; 54=1; 44=75.47; 17=exec20220531130215; 32=0; 41=algo20220531130214; 38=19903; 60=2022-05-31-13:02:15; 6=0.0; 14=6634; 37=algo20220531130214; 10=252;
8=FIX4.4; 35=8; 34=111; 49=MS; 56=MTHREE; 52=2022-05-31-13:02:15; 151=6635; 55=QCOM; 11=C_algo20220531130214; 31=0; 150=4; 39=4; 54=1; 17=exec20220531130215; 32=0; 41=algo20220531130214; 38=19903; 60=2022-05-31-13:02:15; 6=0.0; 14=6634; 37=algo20220531130214; 10=252;
8=FIX4.4; 35=D; 34=83; 49=MTHREE; 56=MS; 52=2022-05-31-13:02:17; 55=TMUS; 40=2; 38=14288; 21=2; 11=algo20220531130217; 60=2022-05-31-13:02:17; 54=2; 44=90.74; 10=0252;
8=FIX4.4; 35=8; 34=113; 49=MS; 56=MTHREE; 52=2022-05-31-13:02:17; 55=TMUS; 40=2; 11=algo20220531130217; 31=90.74; 150=0; 39=0; 54=2; 44=90.74; 32=0; 17=exec20220531130217; 38=14288; 60=2022-05-31-13:02:17; 6=0; 14=0; 37=algo20220531130217; 10=200;
8=FIX4.4; 35=F; 34=83; 49=MTHREE; 56=MS; 52=2022-05-31-13:02:17; 41=algo20220531130217; 55=TMUS; 38=14288; 11=C_algo20220531130217; 60=2022-05-31-13:02:17; 10=060;
8=FIX4.4; 35=8; 34=113; 49=MS; 56=MTHREE; 52=2022-05-31-13:02:17; 55=TMUS; 11=C_algo20220531130217; 31=0; 150=6; 39=6; 54=2; 44=90.74; 17=exec20220531130217; 32=0; 41=algo20220531130217; 38=14288; 60=2022-05-31-13:02:17; 6=0.0; 14=0; 37=algo20220531130217; 10=252;
8=FIX4.4; 35=8; 34=114; 49=MS; 56=MTHREE; 52=2022-05-31-13:02:17; 151=10716; 55=TMUS; 11=C_algo20220531130217; 31=0; 150=4; 39=4; 54=2; 17=exec20220531130217; 32=0; 41=algo20220531130217; 38=14288; 60=2022-05-31-13:02:17; 6=0.0; 14=0; 37=algo20220531130217; 10=252;
8=FIX4.4; 35=D; 34=85; 49=MTHREE; 56=MS; 52=2022-05-31-13:02:19; 55=MDLZ; 40=2; 38=20302; 21=2; 11=algo20220531130219; 60=2022-05-31-13:02:19; 54=1; 44=52.26; 10=0252;
8=FIX4.4; 35=8; 34=116; 49=MS; 56=MTHREE; 52=2022-05-31-13:02:19; 55=MDLZ; 40=2; 11=algo20220531130219; 31=52.26; 150=0; 39=0; 54=1; 44=52.26; 32=0; 17=exec20220531130219; 38=20302; 60=2022-05-31-13:02:19; 6=0; 14=0; 37=algo20220531130219; 10=200;
8=FIX4.4; 35=8; 34=117; 49=MS; 56=MTHREE; 52=2022-05-31-13:02:20; 55=MDLZ; 40=2; 11=algo20220531130219; 31=52.26; 150=2; 39=2; 54=1; 44=52.26; 32=20302; 17=exec20220531130220; 38=20302; 60=2022-05-31-13:02:20; 6=52.26; 14=20302; 37=algo20220531130219; 10=246;
8=FIX4.4; 35=D; 34=86; 49=MTHREE; 56=MS; 52=2022-05-31-13:02:20; 55=BAC; 40=2; 38=18400; 21=2; 11=algo20220531130220; 60=2022-05-31-13:02:20; 54=1; 44=22.03; 10=0252;
8=FIX4.4; 35=8; 34=118; 49=MS; 56=MTHREE; 52=2022-05-31-13:02:20; 55=BAC; 40=2; 11=algo20220531130220; 31=22.03; 150=0; 39=0; 54=1; 44=22.03; 32=0; 17=exec20220531130220; 38=18400; 60=2022-05-31-13:02:20; 6=0; 14=0; 37=algo20220531130220; 10=200;
8=FIX4.4; 35=8; 34=119; 49=MS; 56=MTHREE; 52=2022-05-31-13:02:20; 55=BAC; 40=2; 11=algo20220531130220; 31=22.03; 150=1; 39=1; 54=1; 44=22.03; 32=3680; 17=exec20220531130220; 38=18400; 60=2022-05-31-13:02:20; 6=22.03; 14=3680; 37=algo20220531130220; 10=240;
8=FIX4.4; 35=F; 34=86; 49=MTHREE; 56=MS; 52=2022-05-31-13:02:21; 41=algo20220531130220; 55=BAC; 38=18400; 11=C_algo20220531130220; 60=2022-05-31-13:02:21; 10=060;
8=FIX4.4; 35=8; 34=119; 49=MS; 56=MTHREE; 52=2022-05-31-13:02:21; 55=BAC; 11=C_algo20220531130220; 31=0; 150=6; 39=6; 54=1; 44=22.03; 17=exec20220531130221; 32=0; 41=algo20220531130220; 38=18400; 60=2022-05-31-13:02:21; 6=0.0; 14=3680; 37=algo20220531130220; 10=252;
8=FIX4.4; 35=8; 34=120; 49=MS; 56=MTHREE; 52=2022-05-31-13:02:21; 151=11040; 55=BAC; 11=C_algo20220531130220; 31=0; 150=4; 39=4; 54=1; 17=exec20220531130221; 32=0; 41=algo20220531130220; 38=18400; 60=2022-05-31-13:02:21; 6=0.0; 14=3680; 37=algo20220531130220; 10=252;
8=FIX4.4; 35=D; 34=88; 49=MTHREE; 56=MS; 52=2022-05-31-13:02:23; 55=DDD; 40=2; 38=27741; 21=2; 11=algo20220531130223; 60=2022-05-31-13:02:23; 54=1; 44=8.01; 10=0252;
8=FIX4.4; 35=8; 34=122; 49=MS; 56=MTHREE; 52=2022-05-31-13:02:23; 55=DDD; 40=2; 11=algo20220531130223; 31=8.01; 150=0; 39=0; 54=1; 44=8.01; 32=0; 17=exec20220531130223; 38=27741; 60=2022-05-31-13:02:23; 6=0; 14=0; 37=algo20220531130223; 10=200;
8=FIX4.4; 35=8; 34=123; 49=MS; 56=MTHREE; 52=2022-05-31-13:02:23; 55=DDD; 40=2; 11=algo20220531130223; 31=8.01; 150=1; 39=1; 54=1; 44=8.01; 32=6935; 17=exec20220531130223; 38=27741; 60=2022-05-31-13:02:23; 6=8.01; 14=6935; 37=algo20220531130223; 10=240;
8=FIX4.4; 35=F; 34=88; 49=MTHREE; 56=MS; 52=2022-05-31-13:02:24; 41=algo20220531130223; 55=DDD; 38=27741; 11=C_algo20220531130223; 60=2022-05-31-13:02:24; 10=060;
8=FIX4.4; 35=8; 34=123; 49=MS; 56=MTHREE; 52=2022-05-31-13:02:24; 55=DDD; 11=C_algo20220531130223; 31=0; 150=6; 39=6; 54=1; 44=8.01; 17=exec20220531130224; 32=0; 41=algo20220531130223; 38=27741; 60=2022-05-31-13:02:24; 6=0.0; 14=6935; 37=algo20220531130223; 10=252;
8=FIX4.4; 35=8; 34=124; 49=MS; 56=MTHREE; 52=2022-05-31-13:02:24; 151=13871; 55=DDD; 11=C_algo20220531130223; 31=0; 150=4; 39=4; 54=1; 17=exec20220531130224; 32=0; 41=algo20220531130223; 38=27741; 60=2022-05-31-13:02:24; 6=0.0; 14=6935; 37=algo20220531130223; 10=252;
8=FIX4.4; 35=D; 34=90; 49=MTHREE; 56=MS; 52=2022-05-31-13:02:26; 55=MMM; 40=2; 38=15816; 21=2; 11=algo20220531130226; 60=2022-05-31-13:02:26; 54=1; 44=146.98; 10=0252;
8=FIX4.4; 35=8; 34=126; 49=MS; 56=MTHREE; 52=2022-05-31-13:02:26; 55=MMM; 40=2; 11=algo20220531130226; 31=146.98; 150=0; 39=0; 54=1; 44=146.98; 32=0; 17=exec20220531130226; 38=15816; 60=2022-05-31-13:02:26; 6=0; 14=0; 37=algo20220531130226; 10=200;
8=FIX4.4; 35=8; 34=127; 49=MS; 56=MTHREE; 52=2022-05-31-13:02:26; 55=MMM; 40=2; 11=algo20220531130226; 31=146.98; 150=1; 39=1; 54=1; 44=146.98; 32=5272; 17=exec20220531130226; 38=15816; 60=2022-05-31-13:02:26; 6=146.98; 14=5272; 37=algo20220531130226; 10=240;
8=FIX4.4; 35=8; 34=128; 49=MS; 56=MTHREE; 52=2022-05-31-13:02:27; 55=MMM; 40=2; 11=algo20220531130226; 31=146.98; 150=1; 39=1; 54=1; 44=146.98; 32=5272; 17=exec20220531130227; 38=15816; 60=2022-05-31-13:02:27; 6=146.98; 14=10544; 37=algo20220531130226; 10=240;
8=FIX4.4; 35=8; 34=129; 49=MS; 56=MTHREE; 52=2022-05-31-13:02:29; 55=MMM; 40=2; 11=algo20220531130226; 31=146.98; 150=2; 39=2; 54=1; 44=146.98; 32=5272; 17=exec20220531130229; 38=15816; 60=2022-05-31-13:02:29; 6=146.98; 14=15816; 37=algo20220531130226; 10=246;
8=FIX4.4; 35=D; 34=91; 49=MTHREE; 56=MS; 52=2022-05-31-13:02:29; 55=WBAI; 40=2; 38=2860; 21=2; 11=algo20220531130229; 60=2022-05-31-13:02:29; 54=1; 44=4.10; 10=0252;
8=FIX4.4; 35=8; 34=130; 49=MS; 56=MTHREE; 52=2022-05-31-13:02:29; 55=WBAI; 40=2; 11=algo20220531130229; 31=4.10; 150=0; 39=0; 54=1; 44=4.10; 32=0; 17=exec20220531130229; 38=2860; 60=2022-05-31-13:02:29; 6=0; 14=0; 37=algo20220531130229; 10=200;
8=FIX4.4; 35=F; 34=91; 49=MTHREE; 56=MS; 52=2022-05-31-13:02:29; 41=algo20220531130229; 55=WBAI; 38=2860; 11=C_algo20220531130229; 60=2022-05-31-13:02:29; 10=060;
8=FIX4.4; 35=8; 34=130; 49=MS; 56=MTHREE; 52=2022-05-31-13:02:29; 55=WBAI; 11=C_algo20220531130229; 31=0; 150=6; 39=6; 54=1; 44=4.10; 17=exec20220531130229; 32=0; 41=algo20220531130229; 38=2860; 60=2022-05-31-13:02:29; 6=0.0; 14=0; 37=algo20220531130229; 10=252;
8=FIX4.4; 35=8; 34=131; 49=MS; 56=MTHREE; 52=2022-05-31-13:02:29; 151=1430; 55=WBAI; 11=C_algo20220531130229; 31=0; 150=4; 39=4; 54=1; 17=exec20220531130229; 32=0; 41=algo20220531130229; 38=2860; 60=2022-05-31-13:02:29; 6=0.0; 14=0; 37=algo20220531130229; 10=252;
8=FIX4.4; 35=D; 34=93; 49=MTHREE; 56=MS; 52=2022-05-31-13:02:31; 55=WUBA; 40=2; 38=11890; 21=2; 11=algo20220531130231; 60=2022-05-31-13:02:31; 54=1; 44=51.41; 10=0252;
8=FIX4.4; 35=8; 34=133; 49=MS; 56=MTHREE; 52=2022-05-31-13:02:31; 55=WUBA; 40=2; 11=algo20220531130231; 31=51.41; 150=0; 39=0; 54=1; 44=51.41; 32=0; 17=exec20220531130231; 38=11890; 60=2022-05-31-13:02:31; 6=0; 14=0; 37=algo20220531130231; 10=200;
8=FIX4.4; 35=8; 34=134; 49=MS; 56=MTHREE; 52=2022-05-31-13:02:31; 55=WUBA; 40=2; 11=algo20220531130231; 31=51.41; 150=1; 39=1; 54=1; 44=51.41; 32=3963; 17=exec20220531130231; 38=11890; 60=2022-05-31-13:02:31; 6=51.41; 14=3963; 37=algo20220531130231; 10=240;
8=FIX4.4; 35=8; 34=135; 49=MS; 56=MTHREE; 52=2022-05-31-13:02:32; 55=WUBA; 40=2; 11=algo20220531130231; 31=51.41; 150=1; 39=1; 54=1; 44=51.41; 32=3963; 17=exec20220531130232; 38=11890; 60=2022-05-31-13:02:32; 6=51.41; 14=7926; 37=algo20220531130231; 10=240;
8=FIX4.4; 35=8; 34=136; 49=MS; 56=MTHREE; 52=2022-05-31-13:02:34; 55=WUBA; 40=2; 11=algo20220531130231; 31=51.41; 150=2; 39=2; 54=1; 44=51.41; 32=3964; 17=exec20220531130234; 38=11890; 60=2022-05-31-13:02:34; 6=51.41; 14=11890; 37=algo20220531130231; 10=246;
8=FIX4.4; 35=D; 34=94; 49=MTHREE; 56=MS; 52=2022-05-31-13:02:34; 55=EGHT; 40=2; 38=12936; 21=2; 11=algo20220531130234; 60=2022-05-31-13:02:34; 54=1; 44=17.03; 10=0252;
8=FIX4.4; 35=8; 34=137; 49=MS; 56=MTHREE; 52=2022-05-31-13:02:34; 55=EGHT; 40=2; 11=algo20220531130234; 31=17.03; 150=0; 39=0; 54=1; 44=17.03; 32=0; 17=exec20220531130234; 38=12936; 60=2022-05-31-13:02:34; 6=0; 14=0; 37=algo20220531130234; 10=200;
8=FIX4.4; 35=8; 34=138; 49=MS; 56=MTHREE; 52=2022-05-31-13:02:34; 55=EGHT; 40=2; 11=algo20220531130234; 31=17.03; 150=1; 39=1; 54=1; 44=17.03; 32=3234; 17=exec20220531130234; 38=12936; 60=2022-05-31-13:02:34; 6=17.03; 14=3234; 37=algo20220531130234; 10=240;
8=FIX4.4; 35=8; 34=139; 49=MS; 56=MTHREE; 52=2022-05-31-13:02:35; 55=EGHT; 40=2; 11=algo20220531130234; 31=17.03; 150=1; 39=1; 54=1; 44=17.03; 32=3234; 17=exec20220531130235; 38=12936; 60=2022-05-31-13:02:35; 6=17.03; 14=6468; 37=algo20220531130234; 10=240;
8=FIX4.4; 35=8; 34=140; 49=MS; 56=MTHREE; 52=2022-05-31-13:02:36; 55=EGHT; 40=2; 11=algo20220531130234; 31=17.03; 150=1; 39=1; 54=1; 44=17.03; 32=3234; 17=exec20220531130236; 38=12936; 60=2022-05-31-13:02:36; 6=17.03; 14=9702; 37=algo20220531130234; 10=240;
8=FIX4.4; 35=8; 34=141; 49=MS; 56=MTHREE; 52=2022-05-31-13:02:38; 55=EGHT; 40=2; 11=algo20220531130234; 31=17.03; 150=2; 39=2; 54=1; 44=17.03; 32=3234; 17=exec20220531130238; 38=12936; 60=2022-05-31-13:02:38; 6=17.03; 14=12936; 37=algo20220531130234; 10=246;
8=FIX4.4; 35=D; 34=95; 49=MTHREE; 56=MS; 52=2022-05-31-13:02:38; 55=AHC; 40=2; 38=4700; 21=2; 11=algo20220531130238; 60=2022-05-31-13:02:38; 54=1; 44=1.40; 10=0252;
8=FIX4.4; 35=8; 34=142; 49=MS; 56=MTHREE; 52=2022-05-31-13:02:38; 55=AHC; 40=2; 11=algo20220531130238; 31=1.40; 150=0; 39=0; 54=1; 44=1.40; 32=0; 17=exec20220531130238; 38=4700; 60=2022-05-31-13:02:38; 6=0; 14=0; 37=algo20220531130238; 10=200;
8=FIX4.4; 35=F; 34=95; 49=MTHREE; 56=MS; 52=2022-05-31-13:02:38; 41=algo20220531130238; 55=AHC; 38=4700; 11=C_algo20220531130238; 60=2022-05-31-13:02:38; 10=060;
8=FIX4.4; 35=8; 34=142; 49=MS; 56=MTHREE; 52=2022-05-31-13:02:38; 55=AHC; 11=C_algo20220531130238; 31=0; 150=6; 39=6; 54=1; 44=1.40; 17=exec20220531130238; 32=0; 41=algo20220531130238; 38=4700; 60=2022-05-31-13:02:38; 6=0.0; 14=0; 37=algo20220531130238; 10=252;
8=FIX4.4; 35=8; 34=143; 49=MS; 56=MTHREE; 52=2022-05-31-13:02:38; 151=3134; 55=AHC; 11=C_algo20220531130238; 31=0; 150=4; 39=4; 54=1; 17=exec20220531130238; 32=0; 41=algo20220531130238; 38=4700; 60=2022-05-31-13:02:38; 6=0.0; 14=0; 37=algo20220531130238; 10=252;
8=FIX4.4; 35=D; 34=97; 49=MTHREE; 56=MS; 52=2022-05-31-13:02:40; 55=AOS; 40=2; 38=17348; 21=2; 11=algo20220531130240; 60=2022-05-31-13:02:40; 54=1; 44=40.38; 10=0252;
8=FIX4.4; 35=8; 34=145; 49=MS; 56=MTHREE; 52=2022-05-31-13:02:40; 55=AOS; 40=2; 11=algo20220531130240; 31=40.38; 150=0; 39=0; 54=1; 44=40.38; 32=0; 17=exec20220531130240; 38=17348; 60=2022-05-31-13:02:40; 6=0; 14=0; 37=algo20220531130240; 10=200;
8=FIX4.4; 35=8; 34=146; 49=MS; 56=MTHREE; 52=2022-05-31-13:02:40; 55=AOS; 40=2; 11=algo20220531130240; 31=40.38; 150=1; 39=1; 54=1; 44=40.38; 32=3469; 17=exec20220531130240; 38=17348; 60=2022-05-31-13:02:40; 6=40.38; 14=3469; 37=algo20220531130240; 10=240;
8=FIX4.4; 35=F; 34=97; 49=MTHREE; 56=MS; 52=2022-05-31-13:02:41; 41=algo20220531130240; 55=AOS; 38=17348; 11=C_algo20220531130240; 60=2022-05-31-13:02:41; 10=060;
8=FIX4.4; 35=8; 34=146; 49=MS; 56=MTHREE; 52=2022-05-31-13:02:41; 55=AOS; 11=C_algo20220531130240; 31=0; 150=6; 39=6; 54=1; 44=40.38; 17=exec20220531130241; 32=0; 41=algo20220531130240; 38=17348; 60=2022-05-31-13:02:41; 6=0.0; 14=3469; 37=algo20220531130240; 10=252;
8=FIX4.4; 35=8; 34=147; 49=MS; 56=MTHREE; 52=2022-05-31-13:02:41; 151=10410; 55=AOS; 11=C_algo20220531130240; 31=0; 150=4; 39=4; 54=1; 17=exec20220531130241; 32=0; 41=algo20220531130240; 38=17348; 60=2022-05-31-13:02:41; 6=0.0; 14=3469; 37=algo20220531130240; 10=252;
8=FIX4.4; 35=D; 34=99; 49=MTHREE; 56=MS; 52=2022-05-31-13:02:43; 55=ATEN; 40=2; 38=12866; 21=2; 11=algo20220531130243; 60=2022-05-31-13:02:43; 54=1; 44=6.45; 10=0252;
8=FIX4.4; 35=8; 34=149; 49=MS; 56=MTHREE; 52=2022-05-31-13:02:43; 55=ATEN; 40=2; 11=algo20220531130243; 31=6.45; 150=0; 39=0; 54=1; 44=6.45; 32=0; 17=exec20220531130243; 38=12866; 60=2022-05-31-13:02:43; 6=0; 14=0; 37=algo20220531130243; 10=200;
8=FIX4.4; 35=F; 34=99; 49=MTHREE; 56=MS; 52=2022-05-31-13:02:43; 41=algo20220531130243; 55=ATEN; 38=12866; 11=C_algo20220531130243; 60=2022-05-31-13:02:43; 10=060;
8=FIX4.4; 35=8; 34=149; 49=MS; 56=MTHREE; 52=2022-05-31-13:02:43; 55=ATEN; 11=C_algo20220531130243; 31=0; 150=6; 39=6; 54=1; 44=6.45; 17=exec20220531130243; 32=0; 41=algo20220531130243; 38=12866; 60=2022-05-31-13:02:43; 6=0.0; 14=0; 37=algo20220531130243; 10=252;
8=FIX4.4; 35=8; 34=150; 49=MS; 56=MTHREE; 52=2022-05-31-13:02:43; 151=8578; 55=ATEN; 11=C_algo20220531130243; 31=0; 150=4; 39=4; 54=1; 17=exec20220531130243; 32=0; 41=algo20220531130243; 38=12866; 60=2022-05-31-13:02:43; 6=0.0; 14=0; 37=algo20220531130243; 10=252;
8=FIX4.4; 35=D; 34=101; 49=MTHREE; 56=MS; 52=2022-05-31-13:02:45; 55=AIR; 40=2; 38=27256; 21=2; 11=algo20220531130245; 60=2022-05-31-13:02:45; 54=2; 44=16.31; 10=0252;
8=FIX4.4; 35=8; 34=152; 49=MS; 56=MTHREE; 52=2022-05-31-13:02:45; 55=AIR; 40=2; 11=algo20220531130245; 31=16.31; 150=0; 39=0; 54=2; 44=16.31; 32=0; 17=exec20220531130245; 38=27256; 60=2022-05-31-13:02:45; 6=0; 14=0; 37=algo20220531130245; 10=200;
8=FIX4.4; 35=8; 34=153; 49=MS; 56=MTHREE; 52=2022-05-31-13:02:45; 55=AIR; 40=2; 11=algo20220531130245; 31=16.31; 150=1; 39=1; 54=2; 44=16.31; 32=6814; 17=exec20220531130245; 38=27256; 60=2022-05-31-13:02:45; 6=16.31; 14=6814; 37=algo20220531130245; 10=240;
8=FIX4.4; 35=F; 34=101; 49=MTHREE; 56=MS; 52=2022-05-31-13:02:46; 41=algo20220531130245; 55=AIR; 38=27256; 11=C_algo20220531130245; 60=2022-05-31-13:02:46; 10=060;
8=FIX4.4; 35=8; 34=153; 49=MS; 56=MTHREE; 52=2022-05-31-13:02:46; 55=AIR; 11=C_algo20220531130245; 31=0; 150=6; 39=6; 54=2; 44=16.31; 17=exec20220531130246; 32=0; 41=algo20220531130245; 38=27256; 60=2022-05-31-13:02:46; 6=0.0; 14=6814; 37=algo20220531130245; 10=252;
8=FIX4.4; 35=8; 34=154; 49=MS; 56=MTHREE; 52=2022-05-31-13:02:46; 151=13628; 55=AIR; 11=C_algo20220531130245; 31=0; 150=4; 39=4; 54=2; 17=exec20220531130246; 32=0; 41=algo20220531130245; 38=27256; 60=2022-05-31-13:02:46; 6=0.0; 14=6814; 37=algo20220531130245; 10=252;
8=FIX4.4; 35=D; 34=103; 49=MTHREE; 56=MS; 52=2022-05-31-13:02:48; 55=AAN; 40=2; 38=25820; 21=2; 11=algo20220531130248; 60=2022-05-31-13:02:48; 54=2; 44=25.68; 10=0252;
8=FIX4.4; 35=8; 34=156; 49=MS; 56=MTHREE; 52=2022-05-31-13:02:48; 55=AAN; 40=2; 11=algo20220531130248; 31=25.68; 150=0; 39=0; 54=2; 44=25.68; 32=0; 17=exec20220531130248; 38=25820; 60=2022-05-31-13:02:48; 6=0; 14=0; 37=algo20220531130248; 10=200;
8=FIX4.4; 35=8; 34=157; 49=MS; 56=MTHREE; 52=2022-05-31-13:02:48; 55=AAN; 40=2; 11=algo20220531130248; 31=25.68; 150=1; 39=1; 54=2; 44=25.68; 32=12910; 17=exec20220531130248; 38=25820; 60=2022-05-31-13:02:48; 6=25.68; 14=12910; 37=algo20220531130248; 10=240;
8=FIX4.4; 35=8; 34=158; 49=MS; 56=MTHREE; 52=2022-05-31-13:02:50; 55=AAN; 40=2; 11=algo20220531130248; 31=25.68; 150=2; 39=2; 54=2; 44=25.68; 32=12910; 17=exec20220531130250; 38=25820; 60=2022-05-31-13:02:50; 6=25.68; 14=25820; 37=algo20220531130248; 10=246;
8=FIX4.4; 35=D; 34=104; 49=MTHREE; 56=MS; 52=2022-05-31-13:02:50; 55=ABB; 40=2; 38=12095; 21=2; 11=algo20220531130250; 60=2022-05-31-13:02:50; 54=2; 44=17.42; 10=0252;
8=FIX4.4; 35=8; 34=159; 49=MS; 56=MTHREE; 52=2022-05-31-13:02:50; 55=ABB; 40=2; 11=algo20220531130250; 31=17.42; 150=0; 39=0; 54=2; 44=17.42; 32=0; 17=exec20220531130250; 38=12095; 60=2022-05-31-13:02:50; 6=0; 14=0; 37=algo20220531130250; 10=200;
8=FIX4.4; 35=F; 34=104; 49=MTHREE; 56=MS; 52=2022-05-31-13:02:50; 41=algo20220531130250; 55=ABB; 38=12095; 11=C_algo20220531130250; 60=2022-05-31-13:02:50; 10=060;
8=FIX4.4; 35=8; 34=159; 49=MS; 56=MTHREE; 52=2022-05-31-13:02:50; 55=ABB; 11=C_algo20220531130250; 31=0; 150=6; 39=6; 54=2; 44=17.42; 17=exec20220531130250; 32=0; 41=algo20220531130250; 38=12095; 60=2022-05-31-13:02:50; 6=0.0; 14=0; 37=algo20220531130250; 10=252;
8=FIX4.4; 35=8; 34=160; 49=MS; 56=MTHREE; 52=2022-05-31-13:02:50; 151=6048; 55=ABB; 11=C_algo20220531130250; 31=0; 150=4; 39=4; 54=2; 17=exec20220531130250; 32=0; 41=algo20220531130250; 38=12095; 60=2022-05-31-13:02:50; 6=0.0; 14=0; 37=algo20220531130250; 10=252;
8=FIX4.4; 35=D; 34=106; 49=MTHREE; 56=MS; 52=2022-05-31-13:02:52; 55=ABT; 40=2; 38=12611; 21=2; 11=algo20220531130252; 60=2022-05-31-13:02:52; 54=2; 44=94.04; 10=0252;
8=FIX4.4; 35=8; 34=162; 49=MS; 56=MTHREE; 52=2022-05-31-13:02:52; 55=ABT; 40=2; 11=algo20220531130252; 31=94.04; 150=0; 39=0; 54=2; 44=94.04; 32=0; 17=exec20220531130252; 38=12611; 60=2022-05-31-13:02:52; 6=0; 14=0; 37=algo20220531130252; 10=200;
8=FIX4.4; 35=8; 34=163; 49=MS; 56=MTHREE; 52=2022-05-31-13:02:52; 55=ABT; 40=2; 11=algo20220531130252; 31=94.04; 150=1; 39=1; 54=2; 44=94.04; 32=2522; 17=exec20220531130252; 38=12611; 60=2022-05-31-13:02:52; 6=94.04; 14=2522; 37=algo20220531130252; 10=240;
8=FIX4.4; 35=8; 34=164; 49=MS; 56=MTHREE; 52=2022-05-31-13:02:53; 55=ABT; 40=2; 11=algo20220531130252; 31=94.04; 150=1; 39=1; 54=2; 44=94.04; 32=2522; 17=exec20220531130253; 38=12611; 60=2022-05-31-13:02:53; 6=94.04; 14=5044; 37=algo20220531130252; 10=240;
8=FIX4.4; 35=F; 34=106; 49=MTHREE; 56=MS; 52=2022-05-31-13:02:54; 41=algo20220531130252; 55=ABT; 38=12611; 11=C_algo20220531130252; 60=2022-05-31-13:02:54; 10=060;
8=FIX4.4; 35=8; 34=164; 49=MS; 56=MTHREE; 52=2022-05-31-13:02:54; 55=ABT; 11=C_algo20220531130252; 31=0; 150=6; 39=6; 54=2; 44=94.04; 17=exec20220531130254; 32=0; 41=algo20220531130252; 38=12611; 60=2022-05-31-13:02:54; 6=0.0; 14=5044; 37=algo20220531130252; 10=252;
8=FIX4.4; 35=8; 34=165; 49=MS; 56=MTHREE; 52=2022-05-31-13:02:54; 151=5045; 55=ABT; 11=C_algo20220531130252; 31=0; 150=4; 39=4; 54=2; 17=exec20220531130254; 32=0; 41=algo20220531130252; 38=12611; 60=2022-05-31-13:02:54; 6=0.0; 14=5044; 37=algo20220531130252; 10=252;
8=FIX4.4; 35=D; 34=108; 49=MTHREE; 56=MS; 52=2022-05-31-13:02:56; 55=ABBV; 40=2; 38=631; 21=2; 11=algo20220531130256; 60=2022-05-31-13:02:56; 54=2; 44=83.60; 10=0252;
8=FIX4.4; 35=8; 34=167; 49=MS; 56=MTHREE; 52=2022-05-31-13:02:56; 55=ABBV; 40=2; 11=algo20220531130256; 31=83.60; 150=0; 39=0; 54=2; 44=83.60; 32=0; 17=exec20220531130256; 38=631; 60=2022-05-31-13:02:56; 6=0; 14=0; 37=algo20220531130256; 10=200;
8=FIX4.4; 35=8; 34=168; 49=MS; 56=MTHREE; 52=2022-05-31-13:02:56; 55=ABBV; 40=2; 11=algo20220531130256; 31=83.60; 150=1; 39=1; 54=2; 44=83.60; 32=315; 17=exec20220531130256; 38=631; 60=2022-05-31-13:02:56; 6=83.60; 14=315; 37=algo20220531130256; 10=240;
8=FIX4.4; 35=8; 34=169; 49=MS; 56=MTHREE; 52=2022-05-31-13:02:58; 55=ABBV; 40=2; 11=algo20220531130256; 31=83.60; 150=2; 39=2; 54=2; 44=83.60; 32=316; 17=exec20220531130258; 38=631; 60=2022-05-31-13:02:58; 6=83.60; 14=631; 37=algo20220531130256; 10=246;
8=FIX4.4; 35=D; 34=109; 49=MTHREE; 56=MS; 52=2022-05-31-13:02:58; 55=ANF; 40=2; 38=24440; 21=2; 11=algo20220531130258; 60=2022-05-31-13:02:58; 54=2; 44=9.10; 10=0252;
8=FIX4.4; 35=8; 34=170; 49=MS; 56=MTHREE; 52=2022-05-31-13:02:58; 55=ANF; 40=2; 11=algo20220531130258; 31=9.10; 150=0; 39=0; 54=2; 44=9.10; 32=0; 17=exec20220531130258; 38=24440; 60=2022-05-31-13:02:58; 6=0; 14=0; 37=algo20220531130258; 10=200;
8=FIX4.4; 35=8; 34=171; 49=MS; 56=MTHREE; 52=2022-05-31-13:02:58; 55=ANF; 40=2; 11=algo20220531130258; 31=9.10; 150=1; 39=1; 54=2; 44=9.10; 32=6110; 17=exec20220531130258; 38=24440; 60=2022-05-31-13:02:58; 6=9.10; 14=6110; 37=algo20220531130258; 10=240;
8=FIX4.4; 35=F; 34=109; 49=MTHREE; 56=MS; 52=2022-05-31-13:02:59; 41=algo20220531130258; 55=ANF; 38=24440; 11=C_algo20220531130258; 60=2022-05-31-13:02:59; 10=060;
8=FIX4.4; 35=8; 34=171; 49=MS; 56=MTHREE; 52=2022-05-31-13:02:59; 55=ANF; 11=C_algo20220531130258; 31=0; 150=6; 39=6; 54=2; 44=9.10; 17=exec20220531130259; 32=0; 41=algo20220531130258; 38=24440; 60=2022-05-31-13:02:59; 6=0.0; 14=6110; 37=algo20220531130258; 10=252;
8=FIX4.4; 35=8; 34=172; 49=MS; 56=MTHREE; 52=2022-05-31-13:02:59; 151=12220; 55=ANF; 11=C_algo20220531130258; 31=0; 150=4; 39=4; 54=2; 17=exec20220531130259; 32=0; 41=algo20220531130258; 38=24440; 60=2022-05-31-13:02:59; 6=0.0; 14=6110; 37=algo20220531130258; 10=252;
8=FIX4.4; 35=D; 34=111; 49=MTHREE; 56=MS; 52=2022-05-31-13:03:01; 55=ABM; 40=2; 38=9971; 21=2; 11=algo20220531130301; 60=2022-05-31-13:03:01; 54=2; 44=31.64; 10=0252;
8=FIX4.4; 35=8; 34=174; 49=MS; 56=MTHREE; 52=2022-05-31-13:03:01; 55=ABM; 40=2; 11=algo20220531130301; 31=31.64; 150=0; 39=0; 54=2; 44=31.64; 32=0; 17=exec20220531130301; 38=9971; 60=2022-05-31-13:03:01; 6=0; 14=0; 37=algo20220531130301; 10=200;
8=FIX4.4; 35=8; 34=175; 49=MS; 56=MTHREE; 52=2022-05-31-13:03:01; 55=ABM; 40=2; 11=algo20220531130301; 31=31.64; 150=1; 39=1; 54=2; 44=31.64; 32=1994; 17=exec20220531130301; 38=9971; 60=2022-05-31-13:03:01; 6=31.64; 14=1994; 37=algo20220531130301; 10=240;
8=FIX4.4; 35=8; 34=176; 49=MS; 56=MTHREE; 52=2022-05-31-13:03:02; 55=ABM; 40=2; 11=algo20220531130301; 31=31.64; 150=1; 39=1; 54=2; 44=31.64; 32=1994; 17=exec20220531130302; 38=9971; 60=2022-05-31-13:03:02; 6=31.64; 14=3988; 37=algo20220531130301; 10=240;
8=FIX4.4; 35=8; 34=177; 49=MS; 56=MTHREE; 52=2022-05-31-13:03:03; 55=ABM; 40=2; 11=algo20220531130301; 31=31.64; 150=1; 39=1; 54=2; 44=31.64; 32=1994; 17=exec20220531130303; 38=9971; 60=2022-05-31-13:03:03; 6=31.64; 14=5982; 37=algo20220531130301; 10=240;
8=FIX4.4; 35=8; 34=178; 49=MS; 56=MTHREE; 52=2022-05-31-13:03:04; 55=ABM; 40=2; 11=algo20220531130301; 31=31.64; 150=1; 39=1; 54=2; 44=31.64; 32=1994; 17=exec20220531130304; 38=9971; 60=2022-05-31-13:03:04; 6=31.64; 14=7976; 37=algo20220531130301; 10=240;
8=FIX4.4; 35=8; 34=179; 49=MS; 56=MTHREE; 52=2022-05-31-13:03:06; 55=ABM; 40=2; 11=algo20220531130301; 31=31.64; 150=2; 39=2; 54=2; 44=31.64; 32=1995; 17=exec20220531130306; 38=9971; 60=2022-05-31-13:03:06; 6=31.64; 14=9971; 37=algo20220531130301; 10=246;
8=FIX4.4; 35=D; 34=112; 49=MTHREE; 56=MS; 52=2022-05-31-13:03:06; 55=AAPL; 40=2; 38=26162; 21=2; 11=algo20220531130306; 60=2022-05-31-13:03:06; 54=1; 44=284.65; 10=0252;
8=FIX4.4; 35=8; 34=180; 49=MS; 56=MTHREE; 52=2022-05-31-13:03:06; 55=AAPL; 40=2; 11=algo20220531130306; 31=284.65; 150=0; 39=0; 54=1; 44=284.65; 32=0; 17=exec20220531130306; 38=26162; 60=2022-05-31-13:03:06; 6=0; 14=0; 37=algo20220531130306; 10=200;
8=FIX4.4; 35=F; 34=112; 49=MTHREE; 56=MS; 52=2022-05-31-13:03:06; 41=algo20220531130306; 55=AAPL; 38=26162; 11=C_algo20220531130306; 60=2022-05-31-13:03:06; 10=060;
8=FIX4.4; 35=8; 34=180; 49=MS; 56=MTHREE; 52=2022-05-31-13:03:06; 55=AAPL; 11=C_algo20220531130306; 31=0; 150=6; 39=6; 54=1; 44=284.65; 17=exec20220531130306; 32=0; 41=algo20220531130306; 38=26162; 60=2022-05-31-13:03:06; 6=0.0; 14=0; 37=algo20220531130306; 10=252;
8=FIX4.4; 35=8; 34=181; 49=MS; 56=MTHREE; 52=2022-05-31-13:03:06; 151=13081; 55=AAPL; 11=C_algo20220531130306; 31=0; 150=4; 39=4; 54=1; 17=exec20220531130306; 32=0; 41=algo20220531130306; 38=26162; 60=2022-05-31-13:03:06; 6=0.0; 14=0; 37=algo20220531130306; 10=252;
8=FIX4.4; 35=D; 34=114; 49=MTHREE; 56=MS; 52=2022-05-31-13:03:08; 55=PEP; 40=2; 38=17936; 21=2; 11=algo20220531130308; 60=2022-05-31-13:03:08; 54=2; 44=45.43; 10=0252;
8=FIX4.4; 35=8; 34=183; 49=MS; 56=MTHREE; 52=2022-05-31-13:03:08; 55=PEP; 40=2; 11=algo20220531130308; 31=45.43; 150=0; 39=0; 54=2; 44=45.43; 32=0; 17=exec20220531130308; 38=17936; 60=2022-05-31-13:03:08; 6=0; 14=0; 37=algo20220531130308; 10=200;
8=FIX4.4; 35=8; 34=184; 49=MS; 56=MTHREE; 52=2022-05-31-13:03:09; 55=PEP; 40=2; 11=algo20220531130308; 31=45.43; 150=2; 39=2; 54=2; 44=45.43; 32=17936; 17=exec20220531130309; 38=17936; 60=2022-05-31-13:03:09; 6=45.43; 14=17936; 37=algo20220531130308; 10=246;
8=FIX4.4; 35=D; 34=115; 49=MTHREE; 56=MS; 52=2022-05-31-13:03:09; 55=; 40=2; 38=11126; 21=2; 11=algo20220531130309; 60=2022-05-31-13:03:09; 54=2; 44=; 10=0252;
8=FIX4.4; 35=8; 34=185; 49=MS; 56=MTHREE; 52=2022-05-31-13:03:09; 55=; 40=2; 11=algo20220531130309; 31=; 150=0; 39=0; 54=2; 44=; 32=0; 17=exec20220531130309; 38=11126; 60=2022-05-31-13:03:09; 6=0; 14=0; 37=algo20220531130309; 10=200;
8=FIX4.4; 35=8; 34=186; 49=MS; 56=MTHREE; 52=2022-05-31-13:03:09; 55=; 40=2; 11=algo20220531130309; 31=; 150=1; 39=1; 54=2; 44=; 32=3708; 17=exec20220531130309; 38=11126; 60=2022-05-31-13:03:09; 6=; 14=3708; 37=algo20220531130309; 10=240;
8=FIX4.4; 35=8; 34=187; 49=MS; 56=MTHREE; 52=2022-05-31-13:03:10; 55=; 40=2; 11=algo20220531130309; 31=; 150=1; 39=1; 54=2; 44=; 32=3708; 17=exec20220531130310; 38=11126; 60=2022-05-31-13:03:10; 6=; 14=7416; 37=algo20220531130309; 10=240;
8=FIX4.4; 35=8; 34=188; 49=MS; 56=MTHREE; 52=2022-05-31-13:03:12; 55=; 40=2; 11=algo20220531130309; 31=; 150=2; 39=2; 54=2; 44=; 32=3710; 17=exec20220531130312; 38=11126; 60=2022-05-31-13:03:12; 6=; 14=11126; 37=algo20220531130309; 10=246;
