8=FIX4.4; 35=A; 34=1; 49=MTHREE; 56=MS; 52=2022-05-31-13:33:04; 108=30; 10=0015;
8=FIX4.4; 35=A; 34=1; 49=MS; 56=MTHREE; 52=2022-05-31-13:33:04; 108=30; 10=0016;
8=FIX4.4; 35=0; 34=2; 49=MTHREE; 56=MS; 52=2022-05-31-13:33:04; 108=30; 10=0015;
8=FIX4.4; 35=0; 34=2; 49=MS; 56=MTHREE; 52=2022-05-31-13:33:04; 108=30; 10=0015;
8=FIX4.4; 35=0; 34=3; 49=MTHREE; 56=MS; 52=2022-05-31-13:33:06; 108=30; 10=0015;
8=FIX4.4; 35=0; 34=3; 49=MS; 56=MTHREE; 52=2022-05-31-13:33:06; 108=30; 10=0015;
8=FIX4.4; 35=0; 34=4; 49=MTHREE; 56=MS; 52=2022-05-31-13:33:08; 108=30; 10=0015;
8=FIX4.4; 35=0; 34=4; 49=MS; 56=MTHREE; 52=2022-05-31-13:33:08; 108=30; 10=0015;
8=FIX4.4; 35=0; 34=5; 49=MTHREE; 56=MS; 52=2022-05-31-13:33:10; 108=30; 10=0015;
8=FIX4.4; 35=0; 34=5; 49=MS; 56=MTHREE; 52=2022-05-31-13:33:10; 108=30; 10=0015;
8=FIX4.4; 35=0; 34=6; 49=MTHREE; 56=MS; 52=2022-05-31-13:33:12; 108=30; 10=0015;
8=FIX4.4; 35=0; 34=6; 49=MS; 56=MTHREE; 52=2022-05-31-13:33:12; 108=30; 10=0015;
8=FIX4.4; 35=0; 34=7; 49=MTHREE; 56=MS; 52=2022-05-31-13:33:14; 108=30; 10=0015;
8=FIX4.4; 35=0; 34=7; 49=MS; 56=MTHREE; 52=2022-05-31-13:33:14; 108=30; 10=0015;
8=FIX4.4; 35=0; 34=8; 49=MTHREE; 56=MS; 52=2022-05-31-13:33:16; 108=30; 10=0015;
8=FIX4.4; 35=0; 34=8; 49=MS; 56=MTHREE; 52=2022-05-31-13:33:16; 108=30; 10=0015;
8=FIX4.4; 35=0; 34=9; 49=MTHREE; 56=MS; 52=2022-05-31-13:33:18; 108=30; 10=0015;
8=FIX4.4; 35=0; 34=9; 49=MS; 56=MTHREE; 52=2022-05-31-13:33:18; 108=30; 10=0015;
8=FIX4.4; 35=0; 34=10; 49=MTHREE; 56=MS; 52=2022-05-31-13:33:20; 108=30; 10=0015;
8=FIX4.4; 35=0; 34=10; 49=MS; 56=MTHREE; 52=2022-05-31-13:33:20; 108=30; 10=0015;
8=FIX4.4; 35=0; 34=11; 49=MTHREE; 56=MS; 52=2022-05-31-13:33:22; 108=30; 10=0015;
8=FIX4.4; 35=0; 34=11; 49=MS; 56=MTHREE; 52=2022-05-31-13:33:22; 108=30; 10=0015;
8=FIX4.4; 35=0; 34=12; 49=MTHREE; 56=MS; 52=2022-05-31-13:33:24; 108=30; 10=0015;
8=FIX4.4; 35=0; 34=12; 49=MS; 56=MTHREE; 52=2022-05-31-13:33:24; 108=30; 10=0015;
8=FIX4.4; 35=0; 34=13; 49=MTHREE; 56=MS; 52=2022-05-31-13:33:26; 108=30; 10=0015;
8=FIX4.4; 35=0; 34=13; 49=MS; 56=MTHREE; 52=2022-05-31-13:33:26; 108=30; 10=0015;
8=FIX4.4; 35=0; 34=14; 49=MTHREE; 56=MS; 52=2022-05-31-13:33:28; 108=30; 10=0015;
8=FIX4.4; 35=0; 34=14; 49=MS; 56=MTHREE; 52=2022-05-31-13:33:28; 108=30; 10=0015;
8=FIX4.4; 35=0; 34=15; 49=MTHREE; 56=MS; 52=2022-05-31-13:33:30; 108=30; 10=0015;
8=FIX4.4; 35=0; 34=15; 49=MS; 56=MTHREE; 52=2022-05-31-13:33:30; 108=30; 10=0015;
8=FIX4.4; 35=0; 34=16; 49=MTHREE; 56=MS; 52=2022-05-31-13:33:32; 108=30; 10=0015;
8=FIX4.4; 35=0; 34=16; 49=MS; 56=MTHREE; 52=2022-05-31-13:33:32; 108=30; 10=0015;
8=FIX4.4; 35=0; 34=17; 49=MTHREE; 56=MS; 52=2022-05-31-13:33:34; 108=30; 10=0015;
8=FIX4.4; 35=0; 34=17; 49=MS; 56=MTHREE; 52=2022-05-31-13:33:34; 108=30; 10=0015;
8=FIX4.4; 35=0; 34=18; 49=MTHREE; 56=MS; 52=2022-05-31-13:33:36; 108=30; 10=0015;
8=FIX4.4; 35=0; 34=18; 49=MS; 56=MTHREE; 52=2022-05-31-13:33:36; 108=30; 10=0015;
8=FIX4.4; 35=0; 34=19; 49=MTHREE; 56=MS; 52=2022-05-31-13:33:38; 108=30; 10=0015;
8=FIX4.4; 35=0; 34=19; 49=MS; 56=MTHREE; 52=2022-05-31-13:33:38; 108=30; 10=0015;
8=FIX4.4; 35=0; 34=20; 49=MTHREE; 56=MS; 52=2022-05-31-13:33:40; 108=30; 10=0015;
8=FIX4.4; 35=0; 34=20; 49=MS; 56=MTHREE; 52=2022-05-31-13:33:40; 108=30; 10=0015;
8=FIX4.4; 35=0; 34=21; 49=MTHREE; 56=MS; 52=2022-05-31-13:33:42; 108=30; 10=0015;
8=FIX4.4; 35=0; 34=21; 49=MS; 56=MTHREE; 52=2022-05-31-13:33:42; 108=30; 10=0015;
8=FIX4.4; 35=0; 34=22; 49=MTHREE; 56=MS; 52=2022-05-31-13:33:44; 108=30; 10=0015;
8=FIX4.4; 35=0; 34=22; 49=MS; 56=MTHREE; 52=2022-05-31-13:33:44; 108=30; 10=0015;
8=FIX4.4; 35=0; 34=23; 49=MTHREE; 56=MS; 52=2022-05-31-13:33:46; 108=30; 10=0015;
8=FIX4.4; 35=0; 34=23; 49=MS; 56=MTHREE; 52=2022-05-31-13:33:46; 108=30; 10=0015;
8=FIX4.4; 35=0; 34=24; 49=MTHREE; 56=MS; 52=2022-05-31-13:33:48; 108=30; 10=0015;
8=FIX4.4; 35=0; 34=24; 49=MS; 56=MTHREE; 52=2022-05-31-13:33:48; 108=30; 10=0015;
8=FIX4.4; 35=0; 34=25; 49=MTHREE; 56=MS; 52=2022-05-31-13:33:50; 108=30; 10=0015;
8=FIX4.4; 35=0; 34=25; 49=MS; 56=MTHREE; 52=2022-05-31-13:33:50; 108=30; 10=0015;
8=FIX4.4; 35=0; 34=26; 49=MTHREE; 56=MS; 52=2022-05-31-13:33:52; 108=30; 10=0015;
8=FIX4.4; 35=0; 34=26; 49=MS; 56=MTHREE; 52=2022-05-31-13:33:52; 108=30; 10=0015;
8=FIX4.4; 35=0; 34=27; 49=MTHREE; 56=MS; 52=2022-05-31-13:33:54; 108=30; 10=0015;
8=FIX4.4; 35=0; 34=27; 49=MS; 56=MTHREE; 52=2022-05-31-13:33:54; 108=30; 10=0015;
8=FIX4.4; 35=0; 34=28; 49=MTHREE; 56=MS; 52=2022-05-31-13:33:56; 108=30; 10=0015;
8=FIX4.4; 35=0; 34=28; 49=MS; 56=MTHREE; 52=2022-05-31-13:33:56; 108=30; 10=0015;
8=FIX4.4; 35=0; 34=29; 49=MTHREE; 56=MS; 52=2022-05-31-13:33:58; 108=30; 10=0015;
8=FIX4.4; 35=0; 34=29; 49=MS; 56=MTHREE; 52=2022-05-31-13:33:58; 108=30; 10=0015;
8=FIX4.4; 35=0; 34=30; 49=MTHREE; 56=MS; 52=2022-05-31-13:34:00; 108=30; 10=0015;
8=FIX4.4; 35=0; 34=30; 49=MS; 56=MTHREE; 52=2022-05-31-13:34:00; 108=30; 10=0015;
8=FIX4.4; 35=0; 34=31; 49=MTHREE; 56=MS; 52=2022-05-31-13:34:02; 108=30; 10=0015;
8=FIX4.4; 35=0; 34=31; 49=MS; 56=MTHREE; 52=2022-05-31-13:34:02; 108=30; 10=0015;
8=FIX4.4; 35=0; 34=32; 49=MTHREE; 56=MS; 52=2022-05-31-13:34:04; 108=30; 10=0015;
8=FIX4.4; 35=0; 34=32; 49=MS; 56=MTHREE; 52=2022-05-31-13:34:04; 108=30; 10=0015;
8=FIX4.4; 35=0; 34=33; 49=MTHREE; 56=MS; 52=2022-05-31-13:34:06; 108=30; 10=0015;
8=FIX4.4; 35=0; 34=33; 49=MS; 56=MTHREE; 52=2022-05-31-13:34:06; 108=30; 10=0015;
8=FIX4.4; 35=0; 34=34; 49=MTHREE; 56=MS; 52=2022-05-31-13:34:08; 108=30; 10=0015;
8=FIX4.4; 35=0; 34=34; 49=MS; 56=MTHREE; 52=2022-05-31-13:34:08; 108=30; 10=0015;
8=FIX4.4; 35=0; 34=35; 49=MTHREE; 56=MS; 52=2022-05-31-13:34:10; 108=30; 10=0015;
8=FIX4.4; 35=0; 34=35; 49=MS; 56=MTHREE; 52=2022-05-31-13:34:10; 108=30; 10=0015;
8=FIX4.4; 35=0; 34=36; 49=MTHREE; 56=MS; 52=2022-05-31-13:34:12; 108=30; 10=0015;
8=FIX4.4; 35=0; 34=36; 49=MS; 56=MTHREE; 52=2022-05-31-13:34:12; 108=30; 10=0015;
8=FIX4.4; 35=0; 34=37; 49=MTHREE; 56=MS; 52=2022-05-31-13:34:14; 108=30; 10=0015;
8=FIX4.4; 35=0; 34=37; 49=MS; 56=MTHREE; 52=2022-05-31-13:34:14; 108=30; 10=0015;
8=FIX4.4; 35=0; 34=38; 49=MTHREE; 56=MS; 52=2022-05-31-13:34:16; 108=30; 10=0015;
8=FIX4.4; 35=0; 34=38; 49=MS; 56=MTHREE; 52=2022-05-31-13:34:16; 108=30; 10=0015;
8=FIX4.4; 35=0; 34=39; 49=MTHREE; 56=MS; 52=2022-05-31-13:34:18; 108=30; 10=0015;
8=FIX4.4; 35=0; 34=39; 49=MS; 56=MTHREE; 52=2022-05-31-13:34:18; 108=30; 10=0015;
8=FIX4.4; 35=0; 34=40; 49=MTHREE; 56=MS; 52=2022-05-31-13:34:20; 108=30; 10=0015;
8=FIX4.4; 35=0; 34=40; 49=MS; 56=MTHREE; 52=2022-05-31-13:34:20; 108=30; 10=0015;
8=FIX4.4; 35=0; 34=41; 49=MTHREE; 56=MS; 52=2022-05-31-13:34:22; 108=30; 10=0015;
8=FIX4.4; 35=0; 34=41; 49=MS; 56=MTHREE; 52=2022-05-31-13:34:22; 108=30; 10=0015;
8=FIX4.4; 35=0; 34=42; 49=MTHREE; 56=MS; 52=2022-05-31-13:34:24; 108=30; 10=0015;
8=FIX4.4; 35=0; 34=42; 49=MS; 56=MTHREE; 52=2022-05-31-13:34:24; 108=30; 10=0015;
8=FIX4.4; 35=0; 34=43; 49=MTHREE; 56=MS; 52=2022-05-31-13:34:26; 108=30; 10=0015;
8=FIX4.4; 35=0; 34=43; 49=MS; 56=MTHREE; 52=2022-05-31-13:34:26; 108=30; 10=0015;
8=FIX4.4; 35=0; 34=44; 49=MTHREE; 56=MS; 52=2022-05-31-13:34:28; 108=30; 10=0015;
8=FIX4.4; 35=0; 34=44; 49=MS; 56=MTHREE; 52=2022-05-31-13:34:28; 108=30; 10=0015;
8=FIX4.4; 35=0; 34=45; 49=MTHREE; 56=MS; 52=2022-05-31-13:34:30; 108=30; 10=0015;
8=FIX4.4; 35=0; 34=45; 49=MS; 56=MTHREE; 52=2022-05-31-13:34:30; 108=30; 10=0015;
8=FIX4.4; 35=0; 34=46; 49=MTHREE; 56=MS; 52=2022-05-31-13:34:32; 108=30; 10=0015;
8=FIX4.4; 35=0; 34=46; 49=MS; 56=MTHREE; 52=2022-05-31-13:34:32; 108=30; 10=0015;
8=FIX4.4; 35=0; 34=47; 49=MTHREE; 56=MS; 52=2022-05-31-13:34:34; 108=30; 10=0015;
8=FIX4.4; 35=0; 34=47; 49=MS; 56=MTHREE; 52=2022-05-31-13:34:34; 108=30; 10=0015;
8=FIX4.4; 35=0; 34=48; 49=MTHREE; 56=MS; 52=2022-05-31-13:34:36; 108=30; 10=0015;
8=FIX4.4; 35=0; 34=48; 49=MS; 56=MTHREE; 52=2022-05-31-13:34:36; 108=30; 10=0015;
8=FIX4.4; 35=0; 34=49; 49=MTHREE; 56=MS; 52=2022-05-31-13:34:38; 108=30; 10=0015;
8=FIX4.4; 35=0; 34=49; 49=MS; 56=MTHREE; 52=2022-05-31-13:34:38; 108=30; 10=0015;
8=FIX4.4; 35=0; 34=50; 49=MTHREE; 56=MS; 52=2022-05-31-13:34:40; 108=30; 10=0015;
8=FIX4.4; 35=0; 34=50; 49=MS; 56=MTHREE; 52=2022-05-31-13:34:40; 108=30; 10=0015;
8=FIX4.4; 35=0; 34=51; 49=MTHREE; 56=MS; 52=2022-05-31-13:34:42; 108=30; 10=0015;
8=FIX4.4; 35=0; 34=51; 49=MS; 56=MTHREE; 52=2022-05-31-13:34:42; 108=30; 10=0015;
8=FIX4.4; 35=D; 34=52; 49=MTHREE; 56=MS; 52=2022-05-31-13:34:44; 55=AAPL; 40=2; 38=27459; 21=2; 11=algo20220531133444; 60=2022-05-31-13:34:44; 54=2; 44=1276.37; 10=0252;
8=FIX4.4; 35=8; 34=52; 49=MS; 56=MTHREE; 52=2022-05-31-13:34:44; 55=AAPL; 40=2; 11=algo20220531133444; 31=1276.37; 150=0; 39=0; 54=2; 44=1276.37; 32=0; 17=exec20220531133444; 38=27459; 60=2022-05-31-13:34:44; 6=0; 14=0; 37=algo20220531133444; 10=200;
8=FIX4.4; 35=8; 34=53; 49=MS; 56=MTHREE; 52=2022-05-31-13:34:44; 55=AAPL; 40=2; 11=algo20220531133444; 31=1276.37; 150=1; 39=1; 54=2; 44=1276.37; 32=13729; 17=exec20220531133444; 38=27459; 60=2022-05-31-13:34:44; 6=1276.37; 14=13729; 37=algo20220531133444; 10=240;
8=FIX4.4; 35=8; 34=54; 49=MS; 56=MTHREE; 52=2022-05-31-13:34:46; 55=AAPL; 40=2; 11=algo20220531133444; 31=1276.37; 150=2; 39=2; 54=2; 44=1276.37; 32=13730; 17=exec20220531133446; 38=27459; 60=2022-05-31-13:34:46; 6=1276.37; 14=27459; 37=algo20220531133444; 10=246;
8=FIX4.4; 35=D; 34=53; 49=MTHREE; 56=MS; 52=2022-05-31-13:34:46; 55=MSFT; 40=2; 38=889; 21=2; 11=algo20220531133446; 60=2022-05-31-13:34:46; 54=2; 44=59.89; 10=0252;
8=FIX4.4; 35=8; 34=55; 49=MS; 56=MTHREE; 52=2022-05-31-13:34:46; 55=MSFT; 40=2; 11=algo20220531133446; 31=59.89; 150=0; 39=0; 54=2; 44=59.89; 32=0; 17=exec20220531133446; 38=889; 60=2022-05-31-13:34:46; 6=0; 14=0; 37=algo20220531133446; 10=200;
8=FIX4.4; 35=8; 34=56; 49=MS; 56=MTHREE; 52=2022-05-31-13:34:47; 55=MSFT; 40=2; 11=algo20220531133446; 31=59.89; 150=2; 39=2; 54=2; 44=59.89; 32=889; 17=exec20220531133447; 38=889; 60=2022-05-31-13:34:47; 6=59.89; 14=889; 37=algo20220531133446; 10=246;
8=FIX4.4; 35=D; 34=54; 49=MTHREE; 56=MS; 52=2022-05-31-13:34:47; 55=AMZN; 40=2; 38=1551; 21=2; 11=algo20220531133447; 60=2022-05-31-13:34:47; 54=2; 44=133.47; 10=0252;
8=FIX4.4; 35=8; 34=57; 49=MS; 56=MTHREE; 52=2022-05-31-13:34:47; 55=AMZN; 40=2; 11=algo20220531133447; 31=133.47; 150=0; 39=0; 54=2; 44=133.47; 32=0; 17=exec20220531133447; 38=1551; 60=2022-05-31-13:34:47; 6=0; 14=0; 37=algo20220531133447; 10=200;
8=FIX4.4; 35=F; 34=54; 49=MTHREE; 56=MS; 52=2022-05-31-13:34:47; 41=algo20220531133447; 55=AMZN; 38=1551; 11=C_algo20220531133447; 60=2022-05-31-13:34:47; 10=060;
8=FIX4.4; 35=8; 34=57; 49=MS; 56=MTHREE; 52=2022-05-31-13:34:47; 55=AMZN; 11=C_algo20220531133447; 31=0; 150=6; 39=6; 54=2; 44=133.47; 17=exec20220531133447; 32=0; 41=algo20220531133447; 38=1551; 60=2022-05-31-13:34:47; 6=0.0; 14=0; 37=algo20220531133447; 10=252;
8=FIX4.4; 35=8; 34=58; 49=MS; 56=MTHREE; 52=2022-05-31-13:34:47; 151=776; 55=AMZN; 11=C_algo20220531133447; 31=0; 150=4; 39=4; 54=2; 17=exec20220531133447; 32=0; 41=algo20220531133447; 38=1551; 60=2022-05-31-13:34:47; 6=0.0; 14=0; 37=algo20220531133447; 10=252;
8=FIX4.4; 35=D; 34=56; 49=MTHREE; 56=MS; 52=2022-05-31-13:34:49; 55=FB; 40=2; 38=17365; 21=2; 11=algo20220531133449; 60=2022-05-31-13:34:49; 54=1; 44=430.62; 10=0252;
8=FIX4.4; 35=8; 34=60; 49=MS; 56=MTHREE; 52=2022-05-31-13:34:49; 55=FB; 40=2; 11=algo20220531133449; 31=430.62; 150=0; 39=0; 54=1; 44=430.62; 32=0; 17=exec20220531133449; 38=17365; 60=2022-05-31-13:34:49; 6=0; 14=0; 37=algo20220531133449; 10=200;
8=FIX4.4; 35=8; 34=61; 49=MS; 56=MTHREE; 52=2022-05-31-13:34:49; 55=FB; 40=2; 11=algo20220531133449; 31=430.62; 150=1; 39=1; 54=1; 44=430.62; 32=3473; 17=exec20220531133449; 38=17365; 60=2022-05-31-13:34:49; 6=430.62; 14=3473; 37=algo20220531133449; 10=240;
8=FIX4.4; 35=F; 34=56; 49=MTHREE; 56=MS; 52=2022-05-31-13:34:50; 41=algo20220531133449; 55=FB; 38=17365; 11=C_algo20220531133449; 60=2022-05-31-13:34:50; 10=060;
8=FIX4.4; 35=8; 34=61; 49=MS; 56=MTHREE; 52=2022-05-31-13:34:50; 55=FB; 11=C_algo20220531133449; 31=0; 150=6; 39=6; 54=1; 44=430.62; 17=exec20220531133450; 32=0; 41=algo20220531133449; 38=17365; 60=2022-05-31-13:34:50; 6=0.0; 14=3473; 37=algo20220531133449; 10=252;
8=FIX4.4; 35=8; 34=62; 49=MS; 56=MTHREE; 52=2022-05-31-13:34:50; 151=10419; 55=FB; 11=C_algo20220531133449; 31=0; 150=4; 39=4; 54=1; 17=exec20220531133450; 32=0; 41=algo20220531133449; 38=17365; 60=2022-05-31-13:34:50; 6=0.0; 14=3473; 37=algo20220531133449; 10=252;
8=FIX4.4; 35=D; 34=58; 49=MTHREE; 56=MS; 52=2022-05-31-13:34:52; 55=GOOG; 40=2; 38=25900; 21=2; 11=algo20220531133452; 60=2022-05-31-13:34:52; 54=1; 44=42.05; 10=0252;
8=FIX4.4; 35=8; 34=64; 49=MS; 56=MTHREE; 52=2022-05-31-13:34:52; 55=GOOG; 40=2; 11=algo20220531133452; 31=42.05; 150=0; 39=0; 54=1; 44=42.05; 32=0; 17=exec20220531133452; 38=25900; 60=2022-05-31-13:34:52; 6=0; 14=0; 37=algo20220531133452; 10=200;
8=FIX4.4; 35=8; 34=65; 49=MS; 56=MTHREE; 52=2022-05-31-13:34:52; 55=GOOG; 40=2; 11=algo20220531133452; 31=42.05; 150=1; 39=1; 54=1; 44=42.05; 32=8633; 17=exec20220531133452; 38=25900; 60=2022-05-31-13:34:52; 6=42.05; 14=8633; 37=algo20220531133452; 10=240;
8=FIX4.4; 35=F; 34=58; 49=MTHREE; 56=MS; 52=2022-05-31-13:34:53; 41=algo20220531133452; 55=GOOG; 38=25900; 11=C_algo20220531133452; 60=2022-05-31-13:34:53; 10=060;
8=FIX4.4; 35=8; 34=65; 49=MS; 56=MTHREE; 52=2022-05-31-13:34:53; 55=GOOG; 11=C_algo20220531133452; 31=0; 150=6; 39=6; 54=1; 44=42.05; 17=exec20220531133453; 32=0; 41=algo20220531133452; 38=25900; 60=2022-05-31-13:34:53; 6=0.0; 14=8633; 37=algo20220531133452; 10=252;
8=FIX4.4; 35=8; 34=66; 49=MS; 56=MTHREE; 52=2022-05-31-13:34:53; 151=8634; 55=GOOG; 11=C_algo20220531133452; 31=0; 150=4; 39=4; 54=1; 17=exec20220531133453; 32=0; 41=algo20220531133452; 38=25900; 60=2022-05-31-13:34:53; 6=0.0; 14=8633; 37=algo20220531133452; 10=252;
8=FIX4.4; 35=D; 34=60; 49=MTHREE; 56=MS; 52=2022-05-31-13:34:55; 55=GOOGL; 40=2; 38=19671; 21=2; 11=algo20220531133455; 60=2022-05-31-13:34:55; 54=1; 44=289.20; 10=0252;
8=FIX4.4; 35=8; 34=68; 49=MS; 56=MTHREE; 52=2022-05-31-13:34:55; 55=GOOGL; 40=2; 11=algo20220531133455; 31=289.20; 150=0; 39=0; 54=1; 44=289.20; 32=0; 17=exec20220531133455; 38=19671; 60=2022-05-31-13:34:55; 6=0; 14=0; 37=algo20220531133455; 10=200;
8=FIX4.4; 35=8; 34=69; 49=MS; 56=MTHREE; 52=2022-05-31-13:34:55; 55=GOOGL; 40=2; 11=algo20220531133455; 31=289.20; 150=1; 39=1; 54=1; 44=289.20; 32=3934; 17=exec20220531133455; 38=19671; 60=2022-05-31-13:34:55; 6=289.20; 14=3934; 37=algo20220531133455; 10=240;
8=FIX4.4; 35=8; 34=70; 49=MS; 56=MTHREE; 52=2022-05-31-13:34:56; 55=GOOGL; 40=2; 11=algo20220531133455; 31=289.20; 150=1; 39=1; 54=1; 44=289.20; 32=3934; 17=exec20220531133456; 38=19671; 60=2022-05-31-13:34:56; 6=289.20; 14=7868; 37=algo20220531133455; 10=240;
8=FIX4.4; 35=F; 34=60; 49=MTHREE; 56=MS; 52=2022-05-31-13:34:57; 41=algo20220531133455; 55=GOOGL; 38=19671; 11=C_algo20220531133455; 60=2022-05-31-13:34:57; 10=060;
8=FIX4.4; 35=8; 34=70; 49=MS; 56=MTHREE; 52=2022-05-31-13:34:57; 55=GOOGL; 11=C_algo20220531133455; 31=0; 150=6; 39=6; 54=1; 44=289.20; 17=exec20220531133457; 32=0; 41=algo20220531133455; 38=19671; 60=2022-05-31-13:34:57; 6=0.0; 14=7868; 37=algo20220531133455; 10=252;
8=FIX4.4; 35=8; 34=71; 49=MS; 56=MTHREE; 52=2022-05-31-13:34:57; 151=7869; 55=GOOGL; 11=C_algo20220531133455; 31=0; 150=4; 39=4; 54=1; 17=exec20220531133457; 32=0; 41=algo20220531133455; 38=19671; 60=2022-05-31-13:34:57; 6=0.0; 14=7868; 37=algo20220531133455; 10=252;
8=FIX4.4; 35=D; 34=62; 49=MTHREE; 56=MS; 52=2022-05-31-13:34:59; 55=INTC; 40=2; 38=30865; 21=2; 11=algo20220531133459; 60=2022-05-31-13:34:59; 54=1; 44=339.13; 10=0252;
8=FIX4.4; 35=8; 34=73; 49=MS; 56=MTHREE; 52=2022-05-31-13:34:59; 55=INTC; 40=2; 11=algo20220531133459; 31=339.13; 150=0; 39=0; 54=1; 44=339.13; 32=0; 17=exec20220531133459; 38=30865; 60=2022-05-31-13:34:59; 6=0; 14=0; 37=algo20220531133459; 10=200;
8=FIX4.4; 35=F; 34=62; 49=MTHREE; 56=MS; 52=2022-05-31-13:34:59; 41=algo20220531133459; 55=INTC; 38=30865; 11=C_algo20220531133459; 60=2022-05-31-13:34:59; 10=060;
8=FIX4.4; 35=8; 34=73; 49=MS; 56=MTHREE; 52=2022-05-31-13:34:59; 55=INTC; 11=C_algo20220531133459; 31=0; 150=6; 39=6; 54=1; 44=339.13; 17=exec20220531133459; 32=0; 41=algo20220531133459; 38=30865; 60=2022-05-31-13:34:59; 6=0.0; 14=0; 37=algo20220531133459; 10=252;
8=FIX4.4; 35=8; 34=74; 49=MS; 56=MTHREE; 52=2022-05-31-13:34:59; 151=23149; 55=INTC; 11=C_algo20220531133459; 31=0; 150=4; 39=4; 54=1; 17=exec20220531133459; 32=0; 41=algo20220531133459; 38=30865; 60=2022-05-31-13:34:59; 6=0.0; 14=0; 37=algo20220531133459; 10=252;
8=FIX4.4; 35=D; 34=64; 49=MTHREE; 56=MS; 52=2022-05-31-13:35:01; 55=PEP; 40=2; 38=20114; 21=2; 11=algo20220531133501; 60=2022-05-31-13:35:01; 54=2; 44=36.21; 10=0252;
8=FIX4.4; 35=8; 34=76; 49=MS; 56=MTHREE; 52=2022-05-31-13:35:01; 55=PEP; 40=2; 11=algo20220531133501; 31=36.21; 150=0; 39=0; 54=2; 44=36.21; 32=0; 17=exec20220531133501; 38=20114; 60=2022-05-31-13:35:01; 6=0; 14=0; 37=algo20220531133501; 10=200;
8=FIX4.4; 35=8; 34=77; 49=MS; 56=MTHREE; 52=2022-05-31-13:35:02; 55=PEP; 40=2; 11=algo20220531133501; 31=36.21; 150=2; 39=2; 54=2; 44=36.21; 32=20114; 17=exec20220531133502; 38=20114; 60=2022-05-31-13:35:02; 6=36.21; 14=20114; 37=algo20220531133501; 10=246;
8=FIX4.4; 35=D; 34=65; 49=MTHREE; 56=MS; 52=2022-05-31-13:35:02; 55=NFLX; 40=2; 38=11640; 21=2; 11=algo20220531133502; 60=2022-05-31-13:35:02; 54=2; 44=306.71; 10=0252;
8=FIX4.4; 35=8; 34=78; 49=MS; 56=MTHREE; 52=2022-05-31-13:35:02; 55=NFLX; 40=2; 11=algo20220531133502; 31=306.71; 150=0; 39=0; 54=2; 44=306.71; 32=0; 17=exec20220531133502; 38=11640; 60=2022-05-31-13:35:02; 6=0; 14=0; 37=algo20220531133502; 10=200;
8=FIX4.4; 35=8; 34=79; 49=MS; 56=MTHREE; 52=2022-05-31-13:35:02; 55=NFLX; 40=2; 11=algo20220531133502; 31=306.71; 150=1; 39=1; 54=2; 44=306.71; 32=2910; 17=exec20220531133502; 38=11640; 60=2022-05-31-13:35:02; 6=306.71; 14=2910; 37=algo20220531133502; 10=240;
8=FIX4.4; 35=F; 34=65; 49=MTHREE; 56=MS; 52=2022-05-31-13:35:03; 41=algo20220531133502; 55=NFLX; 38=11640; 11=C_algo20220531133502; 60=2022-05-31-13:35:03; 10=060;
8=FIX4.4; 35=8; 34=79; 49=MS; 56=MTHREE; 52=2022-05-31-13:35:03; 55=NFLX; 11=C_algo20220531133502; 31=0; 150=6; 39=6; 54=2; 44=306.71; 17=exec20220531133503; 32=0; 41=algo20220531133502; 38=11640; 60=2022-05-31-13:35:03; 6=0.0; 14=2910; 37=algo20220531133502; 10=252;
8=FIX4.4; 35=8; 34=80; 49=MS; 56=MTHREE; 52=2022-05-31-13:35:03; 151=5820; 55=NFLX; 11=C_algo20220531133502; 31=0; 150=4; 39=4; 54=2; 17=exec20220531133503; 32=0; 41=algo20220531133502; 38=11640; 60=2022-05-31-13:35:03; 6=0.0; 14=2910; 37=algo20220531133502; 10=252;
8=FIX4.4; 35=D; 34=67; 49=MTHREE; 56=MS; 52=2022-05-31-13:35:05; 55=CSCO; 40=2; 38=27119; 21=2; 11=algo20220531133505; 60=2022-05-31-13:35:05; 54=2; 44=233.73; 10=0252;
8=FIX4.4; 35=8; 34=82; 49=MS; 56=MTHREE; 52=2022-05-31-13:35:05; 55=CSCO; 40=2; 11=algo20220531133505; 31=233.73; 150=0; 39=0; 54=2; 44=233.73; 32=0; 17=exec20220531133505; 38=27119; 60=2022-05-31-13:35:05; 6=0; 14=0; 37=algo20220531133505; 10=200;
8=FIX4.4; 35=F; 34=67; 49=MTHREE; 56=MS; 52=2022-05-31-13:35:05; 41=algo20220531133505; 55=CSCO; 38=27119; 11=C_algo20220531133505; 60=2022-05-31-13:35:05; 10=060;
8=FIX4.4; 35=8; 34=82; 49=MS; 56=MTHREE; 52=2022-05-31-13:35:05; 55=CSCO; 11=C_algo20220531133505; 31=0; 150=6; 39=6; 54=2; 44=233.73; 17=exec20220531133505; 32=0; 41=algo20220531133505; 38=27119; 60=2022-05-31-13:35:05; 6=0.0; 14=0; 37=algo20220531133505; 10=252;
8=FIX4.4; 35=8; 34=83; 49=MS; 56=MTHREE; 52=2022-05-31-13:35:05; 151=18080; 55=CSCO; 11=C_algo20220531133505; 31=0; 150=4; 39=4; 54=2; 17=exec20220531133505; 32=0; 41=algo20220531133505; 38=27119; 60=2022-05-31-13:35:05; 6=0.0; 14=0; 37=algo20220531133505; 10=252;
8=FIX4.4; 35=D; 34=69; 49=MTHREE; 56=MS; 52=2022-05-31-13:35:07; 55=AMGN; 40=2; 38=25872; 21=2; 11=algo20220531133507; 60=2022-05-31-13:35:07; 54=2; 44=116.62; 10=0252;
8=FIX4.4; 35=8; 34=85; 49=MS; 56=MTHREE; 52=2022-05-31-13:35:07; 55=AMGN; 40=2; 11=algo20220531133507; 31=116.62; 150=0; 39=0; 54=2; 44=116.62; 32=0; 17=exec20220531133507; 38=25872; 60=2022-05-31-13:35:07; 6=0; 14=0; 37=algo20220531133507; 10=200;
8=FIX4.4; 35=8; 34=86; 49=MS; 56=MTHREE; 52=2022-05-31-13:35:07; 55=AMGN; 40=2; 11=algo20220531133507; 31=116.62; 150=1; 39=1; 54=2; 44=116.62; 32=8624; 17=exec20220531133507; 38=25872; 60=2022-05-31-13:35:07; 6=116.62; 14=8624; 37=algo20220531133507; 10=240;
8=FIX4.4; 35=F; 34=69; 49=MTHREE; 56=MS; 52=2022-05-31-13:35:08; 41=algo20220531133507; 55=AMGN; 38=25872; 11=C_algo20220531133507; 60=2022-05-31-13:35:08; 10=060;
8=FIX4.4; 35=8; 34=86; 49=MS; 56=MTHREE; 52=2022-05-31-13:35:08; 55=AMGN; 11=C_algo20220531133507; 31=0; 150=6; 39=6; 54=2; 44=116.62; 17=exec20220531133508; 32=0; 41=algo20220531133507; 38=25872; 60=2022-05-31-13:35:08; 6=0.0; 14=8624; 37=algo20220531133507; 10=252;
8=FIX4.4; 35=8; 34=87; 49=MS; 56=MTHREE; 52=2022-05-31-13:35:08; 151=8624; 55=AMGN; 11=C_algo20220531133507; 31=0; 150=4; 39=4; 54=2; 17=exec20220531133508; 32=0; 41=algo20220531133507; 38=25872; 60=2022-05-31-13:35:08; 6=0.0; 14=8624; 37=algo20220531133507; 10=252;
8=FIX4.4; 35=D; 34=71; 49=MTHREE; 56=MS; 52=2022-05-31-13:35:10; 55=PYPL; 40=2; 38=17218; 21=2; 11=algo20220531133510; 60=2022-05-31-13:35:10; 54=1; 44=723.61; 10=0252;
8=FIX4.4; 35=8; 34=89; 49=MS; 56=MTHREE; 52=2022-05-31-13:35:10; 55=PYPL; 40=2; 11=algo20220531133510; 31=723.61; 150=0; 39=0; 54=1; 44=723.61; 32=0; 17=exec20220531133510; 38=17218; 60=2022-05-31-13:35:10; 6=0; 14=0; 37=algo20220531133510; 10=200;
8=FIX4.4; 35=F; 34=71; 49=MTHREE; 56=MS; 52=2022-05-31-13:35:10; 41=algo20220531133510; 55=PYPL; 38=17218; 11=C_algo20220531133510; 60=2022-05-31-13:35:10; 10=060;
8=FIX4.4; 35=8; 34=89; 49=MS; 56=MTHREE; 52=2022-05-31-13:35:10; 55=PYPL; 11=C_algo20220531133510; 31=0; 150=6; 39=6; 54=1; 44=723.61; 17=exec20220531133510; 32=0; 41=algo20220531133510; 38=17218; 60=2022-05-31-13:35:10; 6=0.0; 14=0; 37=algo20220531133510; 10=252;
8=FIX4.4; 35=8; 34=90; 49=MS; 56=MTHREE; 52=2022-05-31-13:35:10; 151=13775; 55=PYPL; 11=C_algo20220531133510; 31=0; 150=4; 39=4; 54=1; 17=exec20220531133510; 32=0; 41=algo20220531133510; 38=17218; 60=2022-05-31-13:35:10; 6=0.0; 14=0; 37=algo20220531133510; 10=252;
8=FIX4.4; 35=D; 34=73; 49=MTHREE; 56=MS; 52=2022-05-31-13:35:12; 55=TSLA; 40=2; 38=16958; 21=2; 11=algo20220531133512; 60=2022-05-31-13:35:12; 54=2; 44=503.77; 10=0252;
8=FIX4.4; 35=8; 34=92; 49=MS; 56=MTHREE; 52=2022-05-31-13:35:12; 55=TSLA; 40=2; 11=algo20220531133512; 31=503.77; 150=0; 39=0; 54=2; 44=503.77; 32=0; 17=exec20220531133512; 38=16958; 60=2022-05-31-13:35:12; 6=0; 14=0; 37=algo20220531133512; 10=200;
8=FIX4.4; 35=F; 34=73; 49=MTHREE; 56=MS; 52=2022-05-31-13:35:12; 41=algo20220531133512; 55=TSLA; 38=16958; 11=C_algo20220531133512; 60=2022-05-31-13:35:12; 10=060;
8=FIX4.4; 35=8; 34=92; 49=MS; 56=MTHREE; 52=2022-05-31-13:35:12; 55=TSLA; 11=C_algo20220531133512; 31=0; 150=6; 39=6; 54=2; 44=503.77; 17=exec20220531133512; 32=0; 41=algo20220531133512; 38=16958; 60=2022-05-31-13:35:12; 6=0.0; 14=0; 37=algo20220531133512; 10=252;
8=FIX4.4; 35=8; 34=93; 49=MS; 56=MTHREE; 52=2022-05-31-13:35:12; 151=12719; 55=TSLA; 11=C_algo20220531133512; 31=0; 150=4; 39=4; 54=2; 17=exec20220531133512; 32=0; 41=algo20220531133512; 38=16958; 60=2022-05-31-13:35:12; 6=0.0; 14=0; 37=algo20220531133512; 10=252;
8=FIX4.4; 35=D; 34=75; 49=MTHREE; 56=MS; 52=2022-05-31-13:35:14; 55=TXN; 40=2; 38=26925; 21=2; 11=algo20220531133514; 60=2022-05-31-13:35:14; 54=2; 44=112.46; 10=0252;
8=FIX4.4; 35=8; 34=95; 49=MS; 56=MTHREE; 52=2022-05-31-13:35:14; 55=TXN; 40=2; 11=algo20220531133514; 31=112.46; 150=0; 39=0; 54=2; 44=112.46; 32=0; 17=exec20220531133514; 38=26925; 60=2022-05-31-13:35:14; 6=0; 14=0; 37=algo20220531133514; 10=200;
8=FIX4.4; 35=F; 34=75; 49=MTHREE; 56=MS; 52=2022-05-31-13:35:14; 41=algo20220531133514; 55=TXN; 38=26925; 11=C_algo20220531133514; 60=2022-05-31-13:35:14; 10=060;
8=FIX4.4; 35=8; 34=95; 49=MS; 56=MTHREE; 52=2022-05-31-13:35:14; 55=TXN; 11=C_algo20220531133514; 31=0; 150=6; 39=6; 54=2; 44=112.46; 17=exec20220531133514; 32=0; 41=algo20220531133514; 38=26925; 60=2022-05-31-13:35:14; 6=0.0; 14=0; 37=algo20220531133514; 10=252;
8=FIX4.4; 35=8; 34=96; 49=MS; 56=MTHREE; 52=2022-05-31-13:35:14; 151=13463; 55=TXN; 11=C_algo20220531133514; 31=0; 150=4; 39=4; 54=2; 17=exec20220531133514; 32=0; 41=algo20220531133514; 38=26925; 60=2022-05-31-13:35:14; 6=0.0; 14=0; 37=algo20220531133514; 10=252;
8=FIX4.4; 35=D; 34=77; 49=MTHREE; 56=MS; 52=2022-05-31-13:35:16; 55=AVGO; 40=2; 38=24973; 21=2; 11=algo20220531133516; 60=2022-05-31-13:35:16; 54=1; 44=262.99; 10=0252;
8=FIX4.4; 35=8; 34=98; 49=MS; 56=MTHREE; 52=2022-05-31-13:35:16; 55=AVGO; 40=2; 11=algo20220531133516; 31=262.99; 150=0; 39=0; 54=1; 44=262.99; 32=0; 17=exec20220531133516; 38=24973; 60=2022-05-31-13:35:16; 6=0; 14=0; 37=algo20220531133516; 10=200;
8=FIX4.4; 35=F; 34=77; 49=MTHREE; 56=MS; 52=2022-05-31-13:35:16; 41=algo20220531133516; 55=AVGO; 38=24973; 11=C_algo20220531133516; 60=2022-05-31-13:35:16; 10=060;
8=FIX4.4; 35=8; 34=98; 49=MS; 56=MTHREE; 52=2022-05-31-13:35:16; 55=AVGO; 11=C_algo20220531133516; 31=0; 150=6; 39=6; 54=1; 44=262.99; 17=exec20220531133516; 32=0; 41=algo20220531133516; 38=24973; 60=2022-05-31-13:35:16; 6=0.0; 14=0; 37=algo20220531133516; 10=252;
8=FIX4.4; 35=8; 34=99; 49=MS; 56=MTHREE; 52=2022-05-31-13:35:16; 151=19979; 55=AVGO; 11=C_algo20220531133516; 31=0; 150=4; 39=4; 54=1; 17=exec20220531133516; 32=0; 41=algo20220531133516; 38=24973; 60=2022-05-31-13:35:16; 6=0.0; 14=0; 37=algo20220531133516; 10=252;
8=FIX4.4; 35=D; 34=79; 49=MTHREE; 56=MS; 52=2022-05-31-13:35:18; 55=GILD; 40=2; 38=16116; 21=2; 11=algo20220531133518; 60=2022-05-31-13:35:18; 54=1; 44=82.91; 10=0252;
8=FIX4.4; 35=8; 34=101; 49=MS; 56=MTHREE; 52=2022-05-31-13:35:18; 55=GILD; 40=2; 11=algo20220531133518; 31=82.91; 150=0; 39=0; 54=1; 44=82.91; 32=0; 17=exec20220531133518; 38=16116; 60=2022-05-31-13:35:18; 6=0; 14=0; 37=algo20220531133518; 10=200;
8=FIX4.4; 35=8; 34=102; 49=MS; 56=MTHREE; 52=2022-05-31-13:35:18; 55=GILD; 40=2; 11=algo20220531133518; 31=82.91; 150=1; 39=1; 54=1; 44=82.91; 32=3223; 17=exec20220531133518; 38=16116; 60=2022-05-31-13:35:18; 6=82.91; 14=3223; 37=algo20220531133518; 10=240;
8=FIX4.4; 35=F; 34=79; 49=MTHREE; 56=MS; 52=2022-05-31-13:35:19; 41=algo20220531133518; 55=GILD; 38=16116; 11=C_algo20220531133518; 60=2022-05-31-13:35:19; 10=060;
8=FIX4.4; 35=8; 34=102; 49=MS; 56=MTHREE; 52=2022-05-31-13:35:19; 55=GILD; 11=C_algo20220531133518; 31=0; 150=6; 39=6; 54=1; 44=82.91; 17=exec20220531133519; 32=0; 41=algo20220531133518; 38=16116; 60=2022-05-31-13:35:19; 6=0.0; 14=3223; 37=algo20220531133518; 10=252;
8=FIX4.4; 35=8; 34=103; 49=MS; 56=MTHREE; 52=2022-05-31-13:35:19; 151=9670; 55=GILD; 11=C_algo20220531133518; 31=0; 150=4; 39=4; 54=1; 17=exec20220531133519; 32=0; 41=algo20220531133518; 38=16116; 60=2022-05-31-13:35:19; 6=0.0; 14=3223; 37=algo20220531133518; 10=252;
8=FIX4.4; 35=D; 34=81; 49=MTHREE; 56=MS; 52=2022-05-31-13:35:21; 55=SBUX; 40=2; 38=5144; 21=2; 11=algo20220531133521; 60=2022-05-31-13:35:21; 54=2; 44=75.71; 10=0252;
8=FIX4.4; 35=8; 34=105; 49=MS; 56=MTHREE; 52=2022-05-31-13:35:21; 55=SBUX; 40=2; 11=algo20220531133521; 31=75.71; 150=0; 39=0; 54=2; 44=75.71; 32=0; 17=exec20220531133521; 38=5144; 60=2022-05-31-13:35:21; 6=0; 14=0; 37=algo20220531133521; 10=200;
8=FIX4.4; 35=8; 34=106; 49=MS; 56=MTHREE; 52=2022-05-31-13:35:21; 55=SBUX; 40=2; 11=algo20220531133521; 31=75.71; 150=1; 39=1; 54=2; 44=75.71; 32=1028; 17=exec20220531133521; 38=5144; 60=2022-05-31-13:35:21; 6=75.71; 14=1028; 37=algo20220531133521; 10=240;
8=FIX4.4; 35=8; 34=107; 49=MS; 56=MTHREE; 52=2022-05-31-13:35:22; 55=SBUX; 40=2; 11=algo20220531133521; 31=75.71; 150=1; 39=1; 54=2; 44=75.71; 32=1028; 17=exec20220531133522; 38=5144; 60=2022-05-31-13:35:22; 6=75.71; 14=2056; 37=algo20220531133521; 10=240;
8=FIX4.4; 35=F; 34=81; 49=MTHREE; 56=MS; 52=2022-05-31-13:35:23; 41=algo20220531133521; 55=SBUX; 38=5144; 11=C_algo20220531133521; 60=2022-05-31-13:35:23; 10=060;
8=FIX4.4; 35=8; 34=107; 49=MS; 56=MTHREE; 52=2022-05-31-13:35:23; 55=SBUX; 11=C_algo20220531133521; 31=0; 150=6; 39=6; 54=2; 44=75.71; 17=exec20220531133523; 32=0; 41=algo20220531133521; 38=5144; 60=2022-05-31-13:35:23; 6=0.0; 14=2056; 37=algo20220531133521; 10=252;
8=FIX4.4; 35=8; 34=108; 49=MS; 56=MTHREE; 52=2022-05-31-13:35:23; 151=2060; 55=SBUX; 11=C_algo20220531133521; 31=0; 150=4; 39=4; 54=2; 17=exec20220531133523; 32=0; 41=algo20220531133521; 38=5144; 60=2022-05-31-13:35:23; 6=0.0; 14=2056; 37=algo20220531133521; 10=252;
8=FIX4.4; 35=D; 34=83; 49=MTHREE; 56=MS; 52=2022-05-31-13:35:25; 55=QCOM; 40=2; 38=17319; 21=2; 11=algo20220531133525; 60=2022-05-31-13:35:25; 54=2; 44=75.47; 10=0252;
8=FIX4.4; 35=8; 34=110; 49=MS; 56=MTHREE; 52=2022-05-31-13:35:25; 55=QCOM; 40=2; 11=algo20220531133525; 31=75.47; 150=0; 39=0; 54=2; 44=75.47; 32=0; 17=exec20220531133525; 38=17319; 60=2022-05-31-13:35:25; 6=0; 14=0; 37=algo20220531133525; 10=200;
8=FIX4.4; 35=F; 34=83; 49=MTHREE; 56=MS; 52=2022-05-31-13:35:25; 41=algo20220531133525; 55=QCOM; 38=17319; 11=C_algo20220531133525; 60=2022-05-31-13:35:25; 10=060;
8=FIX4.4; 35=8; 34=110; 49=MS; 56=MTHREE; 52=2022-05-31-13:35:25; 55=QCOM; 11=C_algo20220531133525; 31=0; 150=6; 39=6; 54=2; 44=75.47; 17=exec20220531133525; 32=0; 41=algo20220531133525; 38=17319; 60=2022-05-31-13:35:25; 6=0.0; 14=0; 37=algo20220531133525; 10=252;
8=FIX4.4; 35=8; 34=111; 49=MS; 56=MTHREE; 52=2022-05-31-13:35:25; 151=12990; 55=QCOM; 11=C_algo20220531133525; 31=0; 150=4; 39=4; 54=2; 17=exec20220531133525; 32=0; 41=algo20220531133525; 38=17319; 60=2022-05-31-13:35:25; 6=0.0; 14=0; 37=algo20220531133525; 10=252;
8=FIX4.4; 35=D; 34=85; 49=MTHREE; 56=MS; 52=2022-05-31-13:35:27; 55=TMUS; 40=2; 38=19732; 21=2; 11=algo20220531133527; 60=2022-05-31-13:35:27; 54=1; 44=90.74; 10=0252;
8=FIX4.4; 35=8; 34=113; 49=MS; 56=MTHREE; 52=2022-05-31-13:35:27; 55=TMUS; 40=2; 11=algo20220531133527; 31=90.74; 150=0; 39=0; 54=1; 44=90.74; 32=0; 17=exec20220531133527; 38=19732; 60=2022-05-31-13:35:27; 6=0; 14=0; 37=algo20220531133527; 10=200;
8=FIX4.4; 35=F; 34=85; 49=MTHREE; 56=MS; 52=2022-05-31-13:35:27; 41=algo20220531133527; 55=TMUS; 38=19732; 11=C_algo20220531133527; 60=2022-05-31-13:35:27; 10=060;
8=FIX4.4; 35=8; 34=113; 49=MS; 56=MTHREE; 52=2022-05-31-13:35:27; 55=TMUS; 11=C_algo20220531133527; 31=0; 150=6; 39=6; 54=1; 44=90.74; 17=exec20220531133527; 32=0; 41=algo20220531133527; 38=19732; 60=2022-05-31-13:35:27; 6=0.0; 14=0; 37=algo20220531133527; 10=252;
8=FIX4.4; 35=8; 34=114; 49=MS; 56=MTHREE; 52=2022-05-31-13:35:27; 151=15786; 55=TMUS; 11=C_algo20220531133527; 31=0; 150=4; 39=4; 54=1; 17=exec20220531133527; 32=0; 41=algo20220531133527; 38=19732; 60=2022-05-31-13:35:27; 6=0.0; 14=0; 37=algo20220531133527; 10=252;
8=FIX4.4; 35=D; 34=87; 49=MTHREE; 56=MS; 52=2022-05-31-13:35:29; 55=MDLZ; 40=2; 38=19302; 21=2; 11=algo20220531133529; 60=2022-05-31-13:35:29; 54=1; 44=52.26; 10=0252;
8=FIX4.4; 35=8; 34=116; 49=MS; 56=MTHREE; 52=2022-05-31-13:35:29; 55=MDLZ; 40=2; 11=algo20220531133529; 31=52.26; 150=0; 39=0; 54=1; 44=52.26; 32=0; 17=exec20220531133529; 38=19302; 60=2022-05-31-13:35:29; 6=0; 14=0; 37=algo20220531133529; 10=200;
8=FIX4.4; 35=8; 34=117; 49=MS; 56=MTHREE; 52=2022-05-31-13:35:29; 55=MDLZ; 40=2; 11=algo20220531133529; 31=52.26; 150=1; 39=1; 54=1; 44=52.26; 32=3860; 17=exec20220531133529; 38=19302; 60=2022-05-31-13:35:29; 6=52.26; 14=3860; 37=algo20220531133529; 10=240;
8=FIX4.4; 35=8; 34=118; 49=MS; 56=MTHREE; 52=2022-05-31-13:35:30; 55=MDLZ; 40=2; 11=algo20220531133529; 31=52.26; 150=1; 39=1; 54=1; 44=52.26; 32=3860; 17=exec20220531133530; 38=19302; 60=2022-05-31-13:35:30; 6=52.26; 14=7720; 37=algo20220531133529; 10=240;
8=FIX4.4; 35=F; 34=87; 49=MTHREE; 56=MS; 52=2022-05-31-13:35:31; 41=algo20220531133529; 55=MDLZ; 38=19302; 11=C_algo20220531133529; 60=2022-05-31-13:35:31; 10=060;
8=FIX4.4; 35=8; 34=118; 49=MS; 56=MTHREE; 52=2022-05-31-13:35:31; 55=MDLZ; 11=C_algo20220531133529; 31=0; 150=6; 39=6; 54=1; 44=52.26; 17=exec20220531133531; 32=0; 41=algo20220531133529; 38=19302; 60=2022-05-31-13:35:31; 6=0.0; 14=7720; 37=algo20220531133529; 10=252;
8=FIX4.4; 35=8; 34=119; 49=MS; 56=MTHREE; 52=2022-05-31-13:35:31; 151=7722; 55=MDLZ; 11=C_algo20220531133529; 31=0; 150=4; 39=4; 54=1; 17=exec20220531133531; 32=0; 41=algo20220531133529; 38=19302; 60=2022-05-31-13:35:31; 6=0.0; 14=7720; 37=algo20220531133529; 10=252;
8=FIX4.4; 35=D; 34=89; 49=MTHREE; 56=MS; 52=2022-05-31-13:35:33; 55=BAC; 40=2; 38=15408; 21=2; 11=algo20220531133533; 60=2022-05-31-13:35:33; 54=1; 44=22.03; 10=0252;
8=FIX4.4; 35=8; 34=121; 49=MS; 56=MTHREE; 52=2022-05-31-13:35:33; 55=BAC; 40=2; 11=algo20220531133533; 31=22.03; 150=0; 39=0; 54=1; 44=22.03; 32=0; 17=exec20220531133533; 38=15408; 60=2022-05-31-13:35:33; 6=0; 14=0; 37=algo20220531133533; 10=200;
8=FIX4.4; 35=F; 34=89; 49=MTHREE; 56=MS; 52=2022-05-31-13:35:33; 41=algo20220531133533; 55=BAC; 38=15408; 11=C_algo20220531133533; 60=2022-05-31-13:35:33; 10=060;
8=FIX4.4; 35=8; 34=121; 49=MS; 56=MTHREE; 52=2022-05-31-13:35:33; 55=BAC; 11=C_algo20220531133533; 31=0; 150=6; 39=6; 54=1; 44=22.03; 17=exec20220531133533; 32=0; 41=algo20220531133533; 38=15408; 60=2022-05-31-13:35:33; 6=0.0; 14=0; 37=algo20220531133533; 10=252;
8=FIX4.4; 35=8; 34=122; 49=MS; 56=MTHREE; 52=2022-05-31-13:35:33; 151=12327; 55=BAC; 11=C_algo20220531133533; 31=0; 150=4; 39=4; 54=1; 17=exec20220531133533; 32=0; 41=algo20220531133533; 38=15408; 60=2022-05-31-13:35:33; 6=0.0; 14=0; 37=algo20220531133533; 10=252;
8=FIX4.4; 35=D; 34=91; 49=MTHREE; 56=MS; 52=2022-05-31-13:35:35; 55=DDD; 40=2; 38=3924; 21=2; 11=algo20220531133535; 60=2022-05-31-13:35:35; 54=2; 44=8.01; 10=0252;
8=FIX4.4; 35=8; 34=124; 49=MS; 56=MTHREE; 52=2022-05-31-13:35:35; 55=DDD; 40=2; 11=algo20220531133535; 31=8.01; 150=0; 39=0; 54=2; 44=8.01; 32=0; 17=exec20220531133535; 38=3924; 60=2022-05-31-13:35:35; 6=0; 14=0; 37=algo20220531133535; 10=200;
8=FIX4.4; 35=F; 34=91; 49=MTHREE; 56=MS; 52=2022-05-31-13:35:35; 41=algo20220531133535; 55=DDD; 38=3924; 11=C_algo20220531133535; 60=2022-05-31-13:35:35; 10=060;
8=FIX4.4; 35=8; 34=124; 49=MS; 56=MTHREE; 52=2022-05-31-13:35:35; 55=DDD; 11=C_algo20220531133535; 31=0; 150=6; 39=6; 54=2; 44=8.01; 17=exec20220531133535; 32=0; 41=algo20220531133535; 38=3924; 60=2022-05-31-13:35:35; 6=0.0; 14=0; 37=algo20220531133535; 10=252;
8=FIX4.4; 35=8; 34=125; 49=MS; 56=MTHREE; 52=2022-05-31-13:35:35; 151=1962; 55=DDD; 11=C_algo20220531133535; 31=0; 150=4; 39=4; 54=2; 17=exec20220531133535; 32=0; 41=algo20220531133535; 38=3924; 60=2022-05-31-13:35:35; 6=0.0; 14=0; 37=algo20220531133535; 10=252;
8=FIX4.4; 35=D; 34=93; 49=MTHREE; 56=MS; 52=2022-05-31-13:35:37; 55=MMM; 40=2; 38=8485; 21=2; 11=algo20220531133537; 60=2022-05-31-13:35:37; 54=2; 44=146.98; 10=0252;
8=FIX4.4; 35=8; 34=127; 49=MS; 56=MTHREE; 52=2022-05-31-13:35:37; 55=MMM; 40=2; 11=algo20220531133537; 31=146.98; 150=0; 39=0; 54=2; 44=146.98; 32=0; 17=exec20220531133537; 38=8485; 60=2022-05-31-13:35:37; 6=0; 14=0; 37=algo20220531133537; 10=200;
8=FIX4.4; 35=8; 34=128; 49=MS; 56=MTHREE; 52=2022-05-31-13:35:37; 55=MMM; 40=2; 11=algo20220531133537; 31=146.98; 150=1; 39=1; 54=2; 44=146.98; 32=2828; 17=exec20220531133537; 38=8485; 60=2022-05-31-13:35:37; 6=146.98; 14=2828; 37=algo20220531133537; 10=240;
8=FIX4.4; 35=F; 34=93; 49=MTHREE; 56=MS; 52=2022-05-31-13:35:38; 41=algo20220531133537; 55=MMM; 38=8485; 11=C_algo20220531133537; 60=2022-05-31-13:35:38; 10=060;
8=FIX4.4; 35=8; 34=128; 49=MS; 56=MTHREE; 52=2022-05-31-13:35:38; 55=MMM; 11=C_algo20220531133537; 31=0; 150=6; 39=6; 54=2; 44=146.98; 17=exec20220531133538; 32=0; 41=algo20220531133537; 38=8485; 60=2022-05-31-13:35:38; 6=0.0; 14=2828; 37=algo20220531133537; 10=252;
8=FIX4.4; 35=8; 34=129; 49=MS; 56=MTHREE; 52=2022-05-31-13:35:38; 151=2829; 55=MMM; 11=C_algo20220531133537; 31=0; 150=4; 39=4; 54=2; 17=exec20220531133538; 32=0; 41=algo20220531133537; 38=8485; 60=2022-05-31-13:35:38; 6=0.0; 14=2828; 37=algo20220531133537; 10=252;
8=FIX4.4; 35=D; 34=95; 49=MTHREE; 56=MS; 52=2022-05-31-13:35:40; 55=WBAI; 40=2; 38=17423; 21=2; 11=algo20220531133540; 60=2022-05-31-13:35:40; 54=2; 44=4.10; 10=0252;
8=FIX4.4; 35=8; 34=131; 49=MS; 56=MTHREE; 52=2022-05-31-13:35:40; 55=WBAI; 40=2; 11=algo20220531133540; 31=4.10; 150=0; 39=0; 54=2; 44=4.10; 32=0; 17=exec20220531133540; 38=17423; 60=2022-05-31-13:35:40; 6=0; 14=0; 37=algo20220531133540; 10=200;
8=FIX4.4; 35=F; 34=95; 49=MTHREE; 56=MS; 52=2022-05-31-13:35:40; 41=algo20220531133540; 55=WBAI; 38=17423; 11=C_algo20220531133540; 60=2022-05-31-13:35:40; 10=060;
8=FIX4.4; 35=8; 34=131; 49=MS; 56=MTHREE; 52=2022-05-31-13:35:40; 55=WBAI; 11=C_algo20220531133540; 31=0; 150=6; 39=6; 54=2; 44=4.10; 17=exec20220531133540; 32=0; 41=algo20220531133540; 38=17423; 60=2022-05-31-13:35:40; 6=0.0; 14=0; 37=algo20220531133540; 10=252;
8=FIX4.4; 35=8; 34=132; 49=MS; 56=MTHREE; 52=2022-05-31-13:35:40; 151=8712; 55=WBAI; 11=C_algo20220531133540; 31=0; 150=4; 39=4; 54=2; 17=exec20220531133540; 32=0; 41=algo20220531133540; 38=17423; 60=2022-05-31-13:35:40; 6=0.0; 14=0; 37=algo20220531133540; 10=252;
8=FIX4.4; 35=D; 34=97; 49=MTHREE; 56=MS; 52=2022-05-31-13:35:42; 55=WUBA; 40=2; 38=29459; 21=2; 11=algo20220531133542; 60=2022-05-31-13:35:42; 54=1; 44=51.41; 10=0252;
8=FIX4.4; 35=8; 34=134; 49=MS; 56=MTHREE; 52=2022-05-31-13:35:42; 55=WUBA; 40=2; 11=algo20220531133542; 31=51.41; 150=0; 39=0; 54=1; 44=51.41; 32=0; 17=exec20220531133542; 38=29459; 60=2022-05-31-13:35:42; 6=0; 14=0; 37=algo20220531133542; 10=200;
8=FIX4.4; 35=F; 34=97; 49=MTHREE; 56=MS; 52=2022-05-31-13:35:42; 41=algo20220531133542; 55=WUBA; 38=29459; 11=C_algo20220531133542; 60=2022-05-31-13:35:42; 10=060;
8=FIX4.4; 35=8; 34=134; 49=MS; 56=MTHREE; 52=2022-05-31-13:35:42; 55=WUBA; 11=C_algo20220531133542; 31=0; 150=6; 39=6; 54=1; 44=51.41; 17=exec20220531133542; 32=0; 41=algo20220531133542; 38=29459; 60=2022-05-31-13:35:42; 6=0.0; 14=0; 37=algo20220531133542; 10=252;
8=FIX4.4; 35=8; 34=135; 49=MS; 56=MTHREE; 52=2022-05-31-13:35:42; 151=19640; 55=WUBA; 11=C_algo20220531133542; 31=0; 150=4; 39=4; 54=1; 17=exec20220531133542; 32=0; 41=algo20220531133542; 38=29459; 60=2022-05-31-13:35:42; 6=0.0; 14=0; 37=algo20220531133542; 10=252;
8=FIX4.4; 35=D; 34=99; 49=MTHREE; 56=MS; 52=2022-05-31-13:35:44; 55=EGHT; 40=2; 38=24149; 21=2; 11=algo20220531133544; 60=2022-05-31-13:35:44; 54=2; 44=17.03; 10=0252;
8=FIX4.4; 35=8; 34=137; 49=MS; 56=MTHREE; 52=2022-05-31-13:35:44; 55=EGHT; 40=2; 11=algo20220531133544; 31=17.03; 150=0; 39=0; 54=2; 44=17.03; 32=0; 17=exec20220531133544; 38=24149; 60=2022-05-31-13:35:44; 6=0; 14=0; 37=algo20220531133544; 10=200;
8=FIX4.4; 35=F; 34=99; 49=MTHREE; 56=MS; 52=2022-05-31-13:35:44; 41=algo20220531133544; 55=EGHT; 38=24149; 11=C_algo20220531133544; 60=2022-05-31-13:35:44; 10=060;
8=FIX4.4; 35=8; 34=137; 49=MS; 56=MTHREE; 52=2022-05-31-13:35:44; 55=EGHT; 11=C_algo20220531133544; 31=0; 150=6; 39=6; 54=2; 44=17.03; 17=exec20220531133544; 32=0; 41=algo20220531133544; 38=24149; 60=2022-05-31-13:35:44; 6=0.0; 14=0; 37=algo20220531133544; 10=252;
8=FIX4.4; 35=8; 34=138; 49=MS; 56=MTHREE; 52=2022-05-31-13:35:44; 151=19320; 55=EGHT; 11=C_algo20220531133544; 31=0; 150=4; 39=4; 54=2; 17=exec20220531133544; 32=0; 41=algo20220531133544; 38=24149; 60=2022-05-31-13:35:44; 6=0.0; 14=0; 37=algo20220531133544; 10=252;
8=FIX4.4; 35=D; 34=101; 49=MTHREE; 56=MS; 52=2022-05-31-13:35:46; 55=AHC; 40=2; 38=28059; 21=2; 11=algo20220531133546; 60=2022-05-31-13:35:46; 54=1; 44=1.40; 10=0252;
8=FIX4.4; 35=8; 34=140; 49=MS; 56=MTHREE; 52=2022-05-31-13:35:46; 55=AHC; 40=2; 11=algo20220531133546; 31=1.40; 150=0; 39=0; 54=1; 44=1.40; 32=0; 17=exec20220531133546; 38=28059; 60=2022-05-31-13:35:46; 6=0; 14=0; 37=algo20220531133546; 10=200;
8=FIX4.4; 35=8; 34=141; 49=MS; 56=MTHREE; 52=2022-05-31-13:35:47; 55=AHC; 40=2; 11=algo20220531133546; 31=1.40; 150=2; 39=2; 54=1; 44=1.40; 32=28059; 17=exec20220531133547; 38=28059; 60=2022-05-31-13:35:47; 6=1.40; 14=28059; 37=algo20220531133546; 10=246;
8=FIX4.4; 35=D; 34=102; 49=MTHREE; 56=MS; 52=2022-05-31-13:35:47; 55=AOS; 40=2; 38=26242; 21=2; 11=algo20220531133547; 60=2022-05-31-13:35:47; 54=2; 44=40.38; 10=0252;
8=FIX4.4; 35=8; 34=142; 49=MS; 56=MTHREE; 52=2022-05-31-13:35:47; 55=AOS; 40=2; 11=algo20220531133547; 31=40.38; 150=0; 39=0; 54=2; 44=40.38; 32=0; 17=exec20220531133547; 38=26242; 60=2022-05-31-13:35:47; 6=0; 14=0; 37=algo20220531133547; 10=200;
8=FIX4.4; 35=8; 34=143; 49=MS; 56=MTHREE; 52=2022-05-31-13:35:47; 55=AOS; 40=2; 11=algo20220531133547; 31=40.38; 150=1; 39=1; 54=2; 44=40.38; 32=5248; 17=exec20220531133547; 38=26242; 60=2022-05-31-13:35:47; 6=40.38; 14=5248; 37=algo20220531133547; 10=240;
8=FIX4.4; 35=8; 34=144; 49=MS; 56=MTHREE; 52=2022-05-31-13:35:48; 55=AOS; 40=2; 11=algo20220531133547; 31=40.38; 150=1; 39=1; 54=2; 44=40.38; 32=5248; 17=exec20220531133548; 38=26242; 60=2022-05-31-13:35:48; 6=40.38; 14=10496; 37=algo20220531133547; 10=240;
8=FIX4.4; 35=8; 34=145; 49=MS; 56=MTHREE; 52=2022-05-31-13:35:49; 55=AOS; 40=2; 11=algo20220531133547; 31=40.38; 150=1; 39=1; 54=2; 44=40.38; 32=5248; 17=exec20220531133549; 38=26242; 60=2022-05-31-13:35:49; 6=40.38; 14=15744; 37=algo20220531133547; 10=240;
8=FIX4.4; 35=8; 34=146; 49=MS; 56=MTHREE; 52=2022-05-31-13:35:50; 55=AOS; 40=2; 11=algo20220531133547; 31=40.38; 150=1; 39=1; 54=2; 44=40.38; 32=5248; 17=exec20220531133550; 38=26242; 60=2022-05-31-13:35:50; 6=40.38; 14=20992; 37=algo20220531133547; 10=240;
8=FIX4.4; 35=8; 34=147; 49=MS; 56=MTHREE; 52=2022-05-31-13:35:52; 55=AOS; 40=2; 11=algo20220531133547; 31=40.38; 150=2; 39=2; 54=2; 44=40.38; 32=5250; 17=exec20220531133552; 38=26242; 60=2022-05-31-13:35:52; 6=40.38; 14=26242; 37=algo20220531133547; 10=246;
8=FIX4.4; 35=D; 34=103; 49=MTHREE; 56=MS; 52=2022-05-31-13:35:52; 55=ATEN; 40=2; 38=1724; 21=2; 11=algo20220531133552; 60=2022-05-31-13:35:52; 54=1; 44=6.45; 10=0252;
8=FIX4.4; 35=8; 34=148; 49=MS; 56=MTHREE; 52=2022-05-31-13:35:52; 55=ATEN; 40=2; 11=algo20220531133552; 31=6.45; 150=0; 39=0; 54=1; 44=6.45; 32=0; 17=exec20220531133552; 38=1724; 60=2022-05-31-13:35:52; 6=0; 14=0; 37=algo20220531133552; 10=200;
8=FIX4.4; 35=8; 34=149; 49=MS; 56=MTHREE; 52=2022-05-31-13:35:52; 55=ATEN; 40=2; 11=algo20220531133552; 31=6.45; 150=1; 39=1; 54=1; 44=6.45; 32=431; 17=exec20220531133552; 38=1724; 60=2022-05-31-13:35:52; 6=6.45; 14=431; 37=algo20220531133552; 10=240;
8=FIX4.4; 35=8; 34=150; 49=MS; 56=MTHREE; 52=2022-05-31-13:35:53; 55=ATEN; 40=2; 11=algo20220531133552; 31=6.45; 150=1; 39=1; 54=1; 44=6.45; 32=431; 17=exec20220531133553; 38=1724; 60=2022-05-31-13:35:53; 6=6.45; 14=862; 37=algo20220531133552; 10=240;
8=FIX4.4; 35=F; 34=103; 49=MTHREE; 56=MS; 52=2022-05-31-13:35:54; 41=algo20220531133552; 55=ATEN; 38=1724; 11=C_algo20220531133552; 60=2022-05-31-13:35:54; 10=060;
8=FIX4.4; 35=8; 34=150; 49=MS; 56=MTHREE; 52=2022-05-31-13:35:54; 55=ATEN; 11=C_algo20220531133552; 31=0; 150=6; 39=6; 54=1; 44=6.45; 17=exec20220531133554; 32=0; 41=algo20220531133552; 38=1724; 60=2022-05-31-13:35:54; 6=0.0; 14=862; 37=algo20220531133552; 10=252;
8=FIX4.4; 35=8; 34=151; 49=MS; 56=MTHREE; 52=2022-05-31-13:35:54; 151=431; 55=ATEN; 11=C_algo20220531133552; 31=0; 150=4; 39=4; 54=1; 17=exec20220531133554; 32=0; 41=algo20220531133552; 38=1724; 60=2022-05-31-13:35:54; 6=0.0; 14=862; 37=algo20220531133552; 10=252;
8=FIX4.4; 35=D; 34=105; 49=MTHREE; 56=MS; 52=2022-05-31-13:35:56; 55=AIR; 40=2; 38=24808; 21=2; 11=algo20220531133556; 60=2022-05-31-13:35:56; 54=2; 44=16.31; 10=0252;
8=FIX4.4; 35=8; 34=153; 49=MS; 56=MTHREE; 52=2022-05-31-13:35:56; 55=AIR; 40=2; 11=algo20220531133556; 31=16.31; 150=0; 39=0; 54=2; 44=16.31; 32=0; 17=exec20220531133556; 38=24808; 60=2022-05-31-13:35:56; 6=0; 14=0; 37=algo20220531133556; 10=200;
8=FIX4.4; 35=F; 34=105; 49=MTHREE; 56=MS; 52=2022-05-31-13:35:56; 41=algo20220531133556; 55=AIR; 38=24808; 11=C_algo20220531133556; 60=2022-05-31-13:35:56; 10=060;
8=FIX4.4; 35=8; 34=153; 49=MS; 56=MTHREE; 52=2022-05-31-13:35:56; 55=AIR; 11=C_algo20220531133556; 31=0; 150=6; 39=6; 54=2; 44=16.31; 17=exec20220531133556; 32=0; 41=algo20220531133556; 38=24808; 60=2022-05-31-13:35:56; 6=0.0; 14=0; 37=algo20220531133556; 10=252;
8=FIX4.4; 35=8; 34=154; 49=MS; 56=MTHREE; 52=2022-05-31-13:35:56; 151=12404; 55=AIR; 11=C_algo20220531133556; 31=0; 150=4; 39=4; 54=2; 17=exec20220531133556; 32=0; 41=algo20220531133556; 38=24808; 60=2022-05-31-13:35:56; 6=0.0; 14=0; 37=algo20220531133556; 10=252;
8=FIX4.4; 35=D; 34=107; 49=MTHREE; 56=MS; 52=2022-05-31-13:35:58; 55=AAN; 40=2; 38=408; 21=2; 11=algo20220531133558; 60=2022-05-31-13:35:58; 54=1; 44=25.68; 10=0252;
8=FIX4.4; 35=8; 34=156; 49=MS; 56=MTHREE; 52=2022-05-31-13:35:58; 55=AAN; 40=2; 11=algo20220531133558; 31=25.68; 150=0; 39=0; 54=1; 44=25.68; 32=0; 17=exec20220531133558; 38=408; 60=2022-05-31-13:35:58; 6=0; 14=0; 37=algo20220531133558; 10=200;
8=FIX4.4; 35=8; 34=157; 49=MS; 56=MTHREE; 52=2022-05-31-13:35:59; 55=AAN; 40=2; 11=algo20220531133558; 31=25.68; 150=2; 39=2; 54=1; 44=25.68; 32=408; 17=exec20220531133559; 38=408; 60=2022-05-31-13:35:59; 6=25.68; 14=408; 37=algo20220531133558; 10=246;
8=FIX4.4; 35=D; 34=108; 49=MTHREE; 56=MS; 52=2022-05-31-13:35:59; 55=ABB; 40=2; 38=32674; 21=2; 11=algo20220531133559; 60=2022-05-31-13:35:59; 54=1; 44=17.42; 10=0252;
8=FIX4.4; 35=8; 34=158; 49=MS; 56=MTHREE; 52=2022-05-31-13:35:59; 55=ABB; 40=2; 11=algo20220531133559; 31=17.42; 150=0; 39=0; 54=1; 44=17.42; 32=0; 17=exec20220531133559; 38=32674; 60=2022-05-31-13:35:59; 6=0; 14=0; 37=algo20220531133559; 10=200;
8=FIX4.4; 35=8; 34=159; 49=MS; 56=MTHREE; 52=2022-05-31-13:36:01; 55=ABB; 40=2; 11=algo20220531133559; 31=17.42; 150=2; 39=2; 54=1; 44=17.42; 32=32674; 17=exec20220531133601; 38=32674; 60=2022-05-31-13:36:01; 6=17.42; 14=32674; 37=algo20220531133559; 10=246;
8=FIX4.4; 35=D; 34=109; 49=MTHREE; 56=MS; 52=2022-05-31-13:36:01; 55=ABT; 40=2; 38=12800; 21=2; 11=algo20220531133601; 60=2022-05-31-13:36:01; 54=1; 44=94.04; 10=0252;
8=FIX4.4; 35=8; 34=160; 49=MS; 56=MTHREE; 52=2022-05-31-13:36:01; 55=ABT; 40=2; 11=algo20220531133601; 31=94.04; 150=0; 39=0; 54=1; 44=94.04; 32=0; 17=exec20220531133601; 38=12800; 60=2022-05-31-13:36:01; 6=0; 14=0; 37=algo20220531133601; 10=200;
8=FIX4.4; 35=F; 34=109; 49=MTHREE; 56=MS; 52=2022-05-31-13:36:01; 41=algo20220531133601; 55=ABT; 38=12800; 11=C_algo20220531133601; 60=2022-05-31-13:36:01; 10=060;
8=FIX4.4; 35=8; 34=160; 49=MS; 56=MTHREE; 52=2022-05-31-13:36:01; 55=ABT; 11=C_algo20220531133601; 31=0; 150=6; 39=6; 54=1; 44=94.04; 17=exec20220531133601; 32=0; 41=algo20220531133601; 38=12800; 60=2022-05-31-13:36:01; 6=0.0; 14=0; 37=algo20220531133601; 10=252;
8=FIX4.4; 35=8; 34=161; 49=MS; 56=MTHREE; 52=2022-05-31-13:36:01; 151=10240; 55=ABT; 11=C_algo20220531133601; 31=0; 150=4; 39=4; 54=1; 17=exec20220531133601; 32=0; 41=algo20220531133601; 38=12800; 60=2022-05-31-13:36:01; 6=0.0; 14=0; 37=algo20220531133601; 10=252;
8=FIX4.4; 35=D; 34=111; 49=MTHREE; 56=MS; 52=2022-05-31-13:36:03; 55=ABBV; 40=2; 38=19336; 21=2; 11=algo20220531133603; 60=2022-05-31-13:36:03; 54=1; 44=83.60; 10=0252;
8=FIX4.4; 35=8; 34=163; 49=MS; 56=MTHREE; 52=2022-05-31-13:36:03; 55=ABBV; 40=2; 11=algo20220531133603; 31=83.60; 150=0; 39=0; 54=1; 44=83.60; 32=0; 17=exec20220531133603; 38=19336; 60=2022-05-31-13:36:03; 6=0; 14=0; 37=algo20220531133603; 10=200;
8=FIX4.4; 35=8; 34=164; 49=MS; 56=MTHREE; 52=2022-05-31-13:36:04; 55=ABBV; 40=2; 11=algo20220531133603; 31=83.60; 150=2; 39=2; 54=1; 44=83.60; 32=19336; 17=exec20220531133604; 38=19336; 60=2022-05-31-13:36:04; 6=83.60; 14=19336; 37=algo20220531133603; 10=246;
8=FIX4.4; 35=D; 34=112; 49=MTHREE; 56=MS; 52=2022-05-31-13:36:04; 55=ANF; 40=2; 38=5580; 21=2; 11=algo20220531133604; 60=2022-05-31-13:36:04; 54=1; 44=9.10; 10=0252;
8=FIX4.4; 35=8; 34=165; 49=MS; 56=MTHREE; 52=2022-05-31-13:36:04; 55=ANF; 40=2; 11=algo20220531133604; 31=9.10; 150=0; 39=0; 54=1; 44=9.10; 32=0; 17=exec20220531133604; 38=5580; 60=2022-05-31-13:36:04; 6=0; 14=0; 37=algo20220531133604; 10=200;
8=FIX4.4; 35=8; 34=166; 49=MS; 56=MTHREE; 52=2022-05-31-13:36:04; 55=ANF; 40=2; 11=algo20220531133604; 31=9.10; 150=1; 39=1; 54=1; 44=9.10; 32=1395; 17=exec20220531133604; 38=5580; 60=2022-05-31-13:36:04; 6=9.10; 14=1395; 37=algo20220531133604; 10=240;
8=FIX4.4; 35=F; 34=112; 49=MTHREE; 56=MS; 52=2022-05-31-13:36:05; 41=algo20220531133604; 55=ANF; 38=5580; 11=C_algo20220531133604; 60=2022-05-31-13:36:05; 10=060;
8=FIX4.4; 35=8; 34=166; 49=MS; 56=MTHREE; 52=2022-05-31-13:36:05; 55=ANF; 11=C_algo20220531133604; 31=0; 150=6; 39=6; 54=1; 44=9.10; 17=exec20220531133605; 32=0; 41=algo20220531133604; 38=5580; 60=2022-05-31-13:36:05; 6=0.0; 14=1395; 37=algo20220531133604; 10=252;
8=FIX4.4; 35=8; 34=167; 49=MS; 56=MTHREE; 52=2022-05-31-13:36:05; 151=2790; 55=ANF; 11=C_algo20220531133604; 31=0; 150=4; 39=4; 54=1; 17=exec20220531133605; 32=0; 41=algo20220531133604; 38=5580; 60=2022-05-31-13:36:05; 6=0.0; 14=1395; 37=algo20220531133604; 10=252;
8=FIX4.4; 35=D; 34=114; 49=MTHREE; 56=MS; 52=2022-05-31-13:36:07; 55=ABM; 40=2; 38=12020; 21=2; 11=algo20220531133607; 60=2022-05-31-13:36:07; 54=2; 44=31.64; 10=0252;
8=FIX4.4; 35=8; 34=169; 49=MS; 56=MTHREE; 52=2022-05-31-13:36:07; 55=ABM; 40=2; 11=algo20220531133607; 31=31.64; 150=0; 39=0; 54=2; 44=31.64; 32=0; 17=exec20220531133607; 38=12020; 60=2022-05-31-13:36:07; 6=0; 14=0; 37=algo20220531133607; 10=200;
8=FIX4.4; 35=8; 34=170; 49=MS; 56=MTHREE; 52=2022-05-31-13:36:07; 55=ABM; 40=2; 11=algo20220531133607; 31=31.64; 150=1; 39=1; 54=2; 44=31.64; 32=4006; 17=exec20220531133607; 38=12020; 60=2022-05-31-13:36:07; 6=31.64; 14=4006; 37=algo20220531133607; 10=240;
8=FIX4.4; 35=8; 34=171; 49=MS; 56=MTHREE; 52=2022-05-31-13:36:08; 55=ABM; 40=2; 11=algo20220531133607; 31=31.64; 150=1; 39=1; 54=2; 44=31.64; 32=4006; 17=exec20220531133608; 38=12020; 60=2022-05-31-13:36:08; 6=31.64; 14=8012; 37=algo20220531133607; 10=240;
8=FIX4.4; 35=8; 34=172; 49=MS; 56=MTHREE; 52=2022-05-31-13:36:10; 55=ABM; 40=2; 11=algo20220531133607; 31=31.64; 150=2; 39=2; 54=2; 44=31.64; 32=4008; 17=exec20220531133610; 38=12020; 60=2022-05-31-13:36:10; 6=31.64; 14=12020; 37=algo20220531133607; 10=246;
8=FIX4.4; 35=D; 34=115; 49=MTHREE; 56=MS; 52=2022-05-31-13:36:10; 55=AAPL; 40=2; 38=23160; 21=2; 11=algo20220531133610; 60=2022-05-31-13:36:10; 54=2; 44=284.65; 10=0252;
8=FIX4.4; 35=8; 34=173; 49=MS; 56=MTHREE; 52=2022-05-31-13:36:10; 55=AAPL; 40=2; 11=algo20220531133610; 31=284.65; 150=0; 39=0; 54=2; 44=284.65; 32=0; 17=exec20220531133610; 38=23160; 60=2022-05-31-13:36:10; 6=0; 14=0; 37=algo20220531133610; 10=200;
8=FIX4.4; 35=8; 34=174; 49=MS; 56=MTHREE; 52=2022-05-31-13:36:10; 55=AAPL; 40=2; 11=algo20220531133610; 31=284.65; 150=1; 39=1; 54=2; 44=284.65; 32=7720; 17=exec20220531133610; 38=23160; 60=2022-05-31-13:36:10; 6=284.65; 14=7720; 37=algo20220531133610; 10=240;
8=FIX4.4; 35=F; 34=115; 49=MTHREE; 56=MS; 52=2022-05-31-13:36:11; 41=algo20220531133610; 55=AAPL; 38=23160; 11=C_algo20220531133610; 60=2022-05-31-13:36:11; 10=060;
8=FIX4.4; 35=8; 34=174; 49=MS; 56=MTHREE; 52=2022-05-31-13:36:11; 55=AAPL; 11=C_algo20220531133610; 31=0; 150=6; 39=6; 54=2; 44=284.65; 17=exec20220531133611; 32=0; 41=algo20220531133610; 38=23160; 60=2022-05-31-13:36:11; 6=0.0; 14=7720; 37=algo20220531133610; 10=252;
8=FIX4.4; 35=8; 34=175; 49=MS; 56=MTHREE; 52=2022-05-31-13:36:11; 151=7720; 55=AAPL; 11=C_algo20220531133610; 31=0; 150=4; 39=4; 54=2; 17=exec20220531133611; 32=0; 41=algo20220531133610; 38=23160; 60=2022-05-31-13:36:11; 6=0.0; 14=7720; 37=algo20220531133610; 10=252;
8=FIX4.4; 35=D; 34=117; 49=MTHREE; 56=MS; 52=2022-05-31-13:36:13; 55=PEP; 40=2; 38=11122; 21=2; 11=algo20220531133613; 60=2022-05-31-13:36:13; 54=2; 44=45.43; 10=0252;
8=FIX4.4; 35=8; 34=177; 49=MS; 56=MTHREE; 52=2022-05-31-13:36:13; 55=PEP; 40=2; 11=algo20220531133613; 31=45.43; 150=0; 39=0; 54=2; 44=45.43; 32=0; 17=exec20220531133613; 38=11122; 60=2022-05-31-13:36:13; 6=0; 14=0; 37=algo20220531133613; 10=200;
8=FIX4.4; 35=F; 34=117; 49=MTHREE; 56=MS; 52=2022-05-31-13:36:13; 41=algo20220531133613; 55=PEP; 38=11122; 11=C_algo20220531133613; 60=2022-05-31-13:36:13; 10=060;
8=FIX4.4; 35=8; 34=177; 49=MS; 56=MTHREE; 52=2022-05-31-13:36:13; 55=PEP; 11=C_algo20220531133613; 31=0; 150=6; 39=6; 54=2; 44=45.43; 17=exec20220531133613; 32=0; 41=algo20220531133613; 38=11122; 60=2022-05-31-13:36:13; 6=0.0; 14=0; 37=algo20220531133613; 10=252;
8=FIX4.4; 35=8; 34=178; 49=MS; 56=MTHREE; 52=2022-05-31-13:36:13; 151=7415; 55=PEP; 11=C_algo20220531133613; 31=0; 150=4; 39=4; 54=2; 17=exec20220531133613; 32=0; 41=algo20220531133613; 38=11122; 60=2022-05-31-13:36:13; 6=0.0; 14=0; 37=algo20220531133613; 10=252;
8=FIX4.4; 35=D; 34=119; 49=MTHREE; 56=MS; 52=2022-05-31-13:36:15; 55=; 40=2; 38=27049; 21=2; 11=algo20220531133615; 60=2022-05-31-13:36:15; 54=1; 44=; 10=0252;
8=FIX4.4; 35=8; 34=180; 49=MS; 56=MTHREE; 52=2022-05-31-13:36:15; 55=; 40=2; 11=algo20220531133615; 31=; 150=0; 39=0; 54=1; 44=; 32=0; 17=exec20220531133615; 38=27049; 60=2022-05-31-13:36:15; 6=0; 14=0; 37=algo20220531133615; 10=200;
8=FIX4.4; 35=8; 34=181; 49=MS; 56=MTHREE; 52=2022-05-31-13:36:15; 55=; 40=2; 11=algo20220531133615; 31=; 150=1; 39=1; 54=1; 44=; 32=13524; 17=exec20220531133615; 38=27049; 60=2022-05-31-13:36:15; 6=; 14=13524; 37=algo20220531133615; 10=240;
8=FIX4.4; 35=8; 34=182; 49=MS; 56=MTHREE; 52=2022-05-31-13:36:17; 55=; 40=2; 11=algo20220531133615; 31=; 150=2; 39=2; 54=1; 44=; 32=13525; 17=exec20220531133617; 38=27049; 60=2022-05-31-13:36:17; 6=; 14=27049; 37=algo20220531133615; 10=246;
