8=FIX4.4; 35=A; 34=1; 49=MTHREE; 56=MS; 52=2022-05-31-13:28:37; 108=30; 10=0015;
8=FIX4.4; 35=A; 34=1; 49=MS; 56=MTHREE; 52=2022-05-31-13:28:37; 108=30; 10=0016;
8=FIX4.4; 35=0; 34=2; 49=MTHREE; 56=MS; 52=2022-05-31-13:28:37; 108=30; 10=0015;
8=FIX4.4; 35=0; 34=2; 49=MS; 56=MTHREE; 52=2022-05-31-13:28:37; 108=30; 10=0015;
8=FIX4.4; 35=0; 34=3; 49=MTHREE; 56=MS; 52=2022-05-31-13:28:39; 108=30; 10=0015;
8=FIX4.4; 35=0; 34=3; 49=MS; 56=MTHREE; 52=2022-05-31-13:28:39; 108=30; 10=0015;
8=FIX4.4; 35=0; 34=4; 49=MTHREE; 56=MS; 52=2022-05-31-13:28:41; 108=30; 10=0015;
8=FIX4.4; 35=0; 34=4; 49=MS; 56=MTHREE; 52=2022-05-31-13:28:41; 108=30; 10=0015;
8=FIX4.4; 35=0; 34=5; 49=MTHREE; 56=MS; 52=2022-05-31-13:28:43; 108=30; 10=0015;
8=FIX4.4; 35=0; 34=5; 49=MS; 56=MTHREE; 52=2022-05-31-13:28:43; 108=30; 10=0015;
8=FIX4.4; 35=0; 34=6; 49=MTHREE; 56=MS; 52=2022-05-31-13:28:45; 108=30; 10=0015;
8=FIX4.4; 35=0; 34=6; 49=MS; 56=MTHREE; 52=2022-05-31-13:28:45; 108=30; 10=0015;
8=FIX4.4; 35=0; 34=7; 49=MTHREE; 56=MS; 52=2022-05-31-13:28:47; 108=30; 10=0015;
8=FIX4.4; 35=0; 34=7; 49=MS; 56=MTHREE; 52=2022-05-31-13:28:47; 108=30; 10=0015;
8=FIX4.4; 35=0; 34=8; 49=MTHREE; 56=MS; 52=2022-05-31-13:28:49; 108=30; 10=0015;
8=FIX4.4; 35=0; 34=8; 49=MS; 56=MTHREE; 52=2022-05-31-13:28:49; 108=30; 10=0015;
8=FIX4.4; 35=0; 34=9; 49=MTHREE; 56=MS; 52=2022-05-31-13:28:51; 108=30; 10=0015;
8=FIX4.4; 35=0; 34=9; 49=MS; 56=MTHREE; 52=2022-05-31-13:28:51; 108=30; 10=0015;
8=FIX4.4; 35=0; 34=10; 49=MTHREE; 56=MS; 52=2022-05-31-13:28:53; 108=30; 10=0015;
8=FIX4.4; 35=0; 34=10; 49=MS; 56=MTHREE; 52=2022-05-31-13:28:53; 108=30; 10=0015;
8=FIX4.4; 35=0; 34=11; 49=MTHREE; 56=MS; 52=2022-05-31-13:28:55; 108=30; 10=0015;
8=FIX4.4; 35=0; 34=11; 49=MS; 56=MTHREE; 52=2022-05-31-13:28:55; 108=30; 10=0015;
8=FIX4.4; 35=0; 34=12; 49=MTHREE; 56=MS; 52=2022-05-31-13:28:57; 108=30; 10=0015;
8=FIX4.4; 35=0; 34=12; 49=MS; 56=MTHREE; 52=2022-05-31-13:28:57; 108=30; 10=0015;
8=FIX4.4; 35=0; 34=13; 49=MTHREE; 56=MS; 52=2022-05-31-13:28:59; 108=30; 10=0015;
8=FIX4.4; 35=0; 34=13; 49=MS; 56=MTHREE; 52=2022-05-31-13:28:59; 108=30; 10=0015;
8=FIX4.4; 35=0; 34=14; 49=MTHREE; 56=MS; 52=2022-05-31-13:29:01; 108=30; 10=0015;
8=FIX4.4; 35=0; 34=14; 49=MS; 56=MTHREE; 52=2022-05-31-13:29:01; 108=30; 10=0015;
8=FIX4.4; 35=0; 34=15; 49=MTHREE; 56=MS; 52=2022-05-31-13:29:03; 108=30; 10=0015;
8=FIX4.4; 35=0; 34=15; 49=MS; 56=MTHREE; 52=2022-05-31-13:29:03; 108=30; 10=0015;
8=FIX4.4; 35=0; 34=16; 49=MTHREE; 56=MS; 52=2022-05-31-13:29:05; 108=30; 10=0015;
8=FIX4.4; 35=0; 34=16; 49=MS; 56=MTHREE; 52=2022-05-31-13:29:05; 108=30; 10=0015;
8=FIX4.4; 35=0; 34=17; 49=MTHREE; 56=MS; 52=2022-05-31-13:29:07; 108=30; 10=0015;
8=FIX4.4; 35=0; 34=17; 49=MS; 56=MTHREE; 52=2022-05-31-13:29:07; 108=30; 10=0015;
8=FIX4.4; 35=0; 34=18; 49=MTHREE; 56=MS; 52=2022-05-31-13:29:09; 108=30; 10=0015;
8=FIX4.4; 35=0; 34=18; 49=MS; 56=MTHREE; 52=2022-05-31-13:29:09; 108=30; 10=0015;
8=FIX4.4; 35=0; 34=19; 49=MTHREE; 56=MS; 52=2022-05-31-13:29:11; 108=30; 10=0015;
8=FIX4.4; 35=0; 34=19; 49=MS; 56=MTHREE; 52=2022-05-31-13:29:11; 108=30; 10=0015;
8=FIX4.4; 35=0; 34=20; 49=MTHREE; 56=MS; 52=2022-05-31-13:29:13; 108=30; 10=0015;
8=FIX4.4; 35=0; 34=20; 49=MS; 56=MTHREE; 52=2022-05-31-13:29:13; 108=30; 10=0015;
8=FIX4.4; 35=0; 34=21; 49=MTHREE; 56=MS; 52=2022-05-31-13:29:15; 108=30; 10=0015;
8=FIX4.4; 35=0; 34=21; 49=MS; 56=MTHREE; 52=2022-05-31-13:29:15; 108=30; 10=0015;
8=FIX4.4; 35=0; 34=22; 49=MTHREE; 56=MS; 52=2022-05-31-13:29:17; 108=30; 10=0015;
8=FIX4.4; 35=0; 34=22; 49=MS; 56=MTHREE; 52=2022-05-31-13:29:17; 108=30; 10=0015;
8=FIX4.4; 35=0; 34=23; 49=MTHREE; 56=MS; 52=2022-05-31-13:29:19; 108=30; 10=0015;
8=FIX4.4; 35=0; 34=23; 49=MS; 56=MTHREE; 52=2022-05-31-13:29:19; 108=30; 10=0015;
8=FIX4.4; 35=0; 34=24; 49=MTHREE; 56=MS; 52=2022-05-31-13:29:21; 108=30; 10=0015;
8=FIX4.4; 35=0; 34=24; 49=MS; 56=MTHREE; 52=2022-05-31-13:29:21; 108=30; 10=0015;
8=FIX4.4; 35=0; 34=25; 49=MTHREE; 56=MS; 52=2022-05-31-13:29:23; 108=30; 10=0015;
8=FIX4.4; 35=0; 34=25; 49=MS; 56=MTHREE; 52=2022-05-31-13:29:23; 108=30; 10=0015;
8=FIX4.4; 35=0; 34=26; 49=MTHREE; 56=MS; 52=2022-05-31-13:29:25; 108=30; 10=0015;
8=FIX4.4; 35=0; 34=26; 49=MS; 56=MTHREE; 52=2022-05-31-13:29:25; 108=30; 10=0015;
8=FIX4.4; 35=0; 34=27; 49=MTHREE; 56=MS; 52=2022-05-31-13:29:27; 108=30; 10=0015;
8=FIX4.4; 35=0; 34=27; 49=MS; 56=MTHREE; 52=2022-05-31-13:29:27; 108=30; 10=0015;
8=FIX4.4; 35=0; 34=28; 49=MTHREE; 56=MS; 52=2022-05-31-13:29:29; 108=30; 10=0015;
8=FIX4.4; 35=0; 34=28; 49=MS; 56=MTHREE; 52=2022-05-31-13:29:29; 108=30; 10=0015;
8=FIX4.4; 35=0; 34=29; 49=MTHREE; 56=MS; 52=2022-05-31-13:29:31; 108=30; 10=0015;
8=FIX4.4; 35=0; 34=29; 49=MS; 56=MTHREE; 52=2022-05-31-13:29:31; 108=30; 10=0015;
8=FIX4.4; 35=0; 34=30; 49=MTHREE; 56=MS; 52=2022-05-31-13:29:33; 108=30; 10=0015;
8=FIX4.4; 35=0; 34=30; 49=MS; 56=MTHREE; 52=2022-05-31-13:29:33; 108=30; 10=0015;
8=FIX4.4; 35=0; 34=31; 49=MTHREE; 56=MS; 52=2022-05-31-13:29:35; 108=30; 10=0015;
8=FIX4.4; 35=0; 34=31; 49=MS; 56=MTHREE; 52=2022-05-31-13:29:35; 108=30; 10=0015;
8=FIX4.4; 35=0; 34=32; 49=MTHREE; 56=MS; 52=2022-05-31-13:29:37; 108=30; 10=0015;
8=FIX4.4; 35=0; 34=32; 49=MS; 56=MTHREE; 52=2022-05-31-13:29:37; 108=30; 10=0015;
8=FIX4.4; 35=0; 34=33; 49=MTHREE; 56=MS; 52=2022-05-31-13:29:39; 108=30; 10=0015;
8=FIX4.4; 35=0; 34=33; 49=MS; 56=MTHREE; 52=2022-05-31-13:29:39; 108=30; 10=0015;
8=FIX4.4; 35=0; 34=34; 49=MTHREE; 56=MS; 52=2022-05-31-13:29:41; 108=30; 10=0015;
8=FIX4.4; 35=0; 34=34; 49=MS; 56=MTHREE; 52=2022-05-31-13:29:41; 108=30; 10=0015;
8=FIX4.4; 35=0; 34=35; 49=MTHREE; 56=MS; 52=2022-05-31-13:29:43; 108=30; 10=0015;
8=FIX4.4; 35=0; 34=35; 49=MS; 56=MTHREE; 52=2022-05-31-13:29:43; 108=30; 10=0015;
8=FIX4.4; 35=0; 34=36; 49=MTHREE; 56=MS; 52=2022-05-31-13:29:45; 108=30; 10=0015;
8=FIX4.4; 35=0; 34=36; 49=MS; 56=MTHREE; 52=2022-05-31-13:29:45; 108=30; 10=0015;
8=FIX4.4; 35=0; 34=37; 49=MTHREE; 56=MS; 52=2022-05-31-13:29:47; 108=30; 10=0015;
8=FIX4.4; 35=0; 34=37; 49=MS; 56=MTHREE; 52=2022-05-31-13:29:47; 108=30; 10=0015;
8=FIX4.4; 35=0; 34=38; 49=MTHREE; 56=MS; 52=2022-05-31-13:29:49; 108=30; 10=0015;
8=FIX4.4; 35=0; 34=38; 49=MS; 56=MTHREE; 52=2022-05-31-13:29:49; 108=30; 10=0015;
8=FIX4.4; 35=0; 34=39; 49=MTHREE; 56=MS; 52=2022-05-31-13:29:51; 108=30; 10=0015;
8=FIX4.4; 35=0; 34=39; 49=MS; 56=MTHREE; 52=2022-05-31-13:29:51; 108=30; 10=0015;
8=FIX4.4; 35=0; 34=40; 49=MTHREE; 56=MS; 52=2022-05-31-13:29:53; 108=30; 10=0015;
8=FIX4.4; 35=0; 34=40; 49=MS; 56=MTHREE; 52=2022-05-31-13:29:53; 108=30; 10=0015;
8=FIX4.4; 35=0; 34=41; 49=MTHREE; 56=MS; 52=2022-05-31-13:29:55; 108=30; 10=0015;
8=FIX4.4; 35=0; 34=41; 49=MS; 56=MTHREE; 52=2022-05-31-13:29:55; 108=30; 10=0015;
8=FIX4.4; 35=0; 34=42; 49=MTHREE; 56=MS; 52=2022-05-31-13:29:57; 108=30; 10=0015;
8=FIX4.4; 35=0; 34=42; 49=MS; 56=MTHREE; 52=2022-05-31-13:29:57; 108=30; 10=0015;
8=FIX4.4; 35=0; 34=43; 49=MTHREE; 56=MS; 52=2022-05-31-13:29:59; 108=30; 10=0015;
8=FIX4.4; 35=0; 34=43; 49=MS; 56=MTHREE; 52=2022-05-31-13:29:59; 108=30; 10=0015;
8=FIX4.4; 35=0; 34=44; 49=MTHREE; 56=MS; 52=2022-05-31-13:30:01; 108=30; 10=0015;
8=FIX4.4; 35=0; 34=44; 49=MS; 56=MTHREE; 52=2022-05-31-13:30:01; 108=30; 10=0015;
8=FIX4.4; 35=0; 34=45; 49=MTHREE; 56=MS; 52=2022-05-31-13:30:03; 108=30; 10=0015;
8=FIX4.4; 35=0; 34=45; 49=MS; 56=MTHREE; 52=2022-05-31-13:30:03; 108=30; 10=0015;
8=FIX4.4; 35=0; 34=46; 49=MTHREE; 56=MS; 52=2022-05-31-13:30:05; 108=30; 10=0015;
8=FIX4.4; 35=0; 34=46; 49=MS; 56=MTHREE; 52=2022-05-31-13:30:05; 108=30; 10=0015;
8=FIX4.4; 35=0; 34=47; 49=MTHREE; 56=MS; 52=2022-05-31-13:30:07; 108=30; 10=0015;
8=FIX4.4; 35=0; 34=47; 49=MS; 56=MTHREE; 52=2022-05-31-13:30:07; 108=30; 10=0015;
8=FIX4.4; 35=0; 34=48; 49=MTHREE; 56=MS; 52=2022-05-31-13:30:09; 108=30; 10=0015;
8=FIX4.4; 35=0; 34=48; 49=MS; 56=MTHREE; 52=2022-05-31-13:30:09; 108=30; 10=0015;
8=FIX4.4; 35=0; 34=49; 49=MTHREE; 56=MS; 52=2022-05-31-13:30:11; 108=30; 10=0015;
8=FIX4.4; 35=0; 34=49; 49=MS; 56=MTHREE; 52=2022-05-31-13:30:11; 108=30; 10=0015;
8=FIX4.4; 35=0; 34=50; 49=MTHREE; 56=MS; 52=2022-05-31-13:30:13; 108=30; 10=0015;
8=FIX4.4; 35=0; 34=50; 49=MS; 56=MTHREE; 52=2022-05-31-13:30:13; 108=30; 10=0015;
8=FIX4.4; 35=0; 34=51; 49=MTHREE; 56=MS; 52=2022-05-31-13:30:15; 108=30; 10=0015;
8=FIX4.4; 35=0; 34=51; 49=MS; 56=MTHREE; 52=2022-05-31-13:30:15; 108=30; 10=0015;
8=FIX4.4; 35=D; 34=52; 49=MTHREE; 56=MS; 52=2022-05-31-13:30:17; 55=AAPL; 40=2; 38=27827; 21=2; 11=algo20220531133017; 60=2022-05-31-13:30:17; 54=1; 44=1276.37; 10=0252;
8=FIX4.4; 35=8; 34=52; 49=MS; 56=MTHREE; 52=2022-05-31-13:30:17; 55=AAPL; 40=2; 11=algo20220531133017; 31=1276.37; 150=0; 39=0; 54=1; 44=1276.37; 32=0; 17=exec20220531133017; 38=27827; 60=2022-05-31-13:30:17; 6=0; 14=0; 37=algo20220531133017; 10=200;
8=FIX4.4; 35=F; 34=52; 49=MTHREE; 56=MS; 52=2022-05-31-13:30:17; 41=algo20220531133017; 55=AAPL; 38=27827; 11=C_algo20220531133017; 60=2022-05-31-13:30:17; 10=060;
8=FIX4.4; 35=8; 34=52; 49=MS; 56=MTHREE; 52=2022-05-31-13:30:17; 55=AAPL; 11=C_algo20220531133017; 31=0; 150=6; 39=6; 54=1; 44=1276.37; 17=exec20220531133017; 32=0; 41=algo20220531133017; 38=27827; 60=2022-05-31-13:30:17; 6=0.0; 14=0; 37=algo20220531133017; 10=252;
8=FIX4.4; 35=8; 34=53; 49=MS; 56=MTHREE; 52=2022-05-31-13:30:17; 151=13914; 55=AAPL; 11=C_algo20220531133017; 31=0; 150=4; 39=4; 54=1; 17=exec20220531133017; 32=0; 41=algo20220531133017; 38=27827; 60=2022-05-31-13:30:17; 6=0.0; 14=0; 37=algo20220531133017; 10=252;
8=FIX4.4; 35=D; 34=54; 49=MTHREE; 56=MS; 52=2022-05-31-13:30:19; 55=MSFT; 40=2; 38=19320; 21=2; 11=algo20220531133019; 60=2022-05-31-13:30:19; 54=1; 44=59.89; 10=0252;
8=FIX4.4; 35=8; 34=55; 49=MS; 56=MTHREE; 52=2022-05-31-13:30:19; 55=MSFT; 40=2; 11=algo20220531133019; 31=59.89; 150=0; 39=0; 54=1; 44=59.89; 32=0; 17=exec20220531133019; 38=19320; 60=2022-05-31-13:30:19; 6=0; 14=0; 37=algo20220531133019; 10=200;
8=FIX4.4; 35=8; 34=56; 49=MS; 56=MTHREE; 52=2022-05-31-13:30:19; 55=MSFT; 40=2; 11=algo20220531133019; 31=59.89; 150=1; 39=1; 54=1; 44=59.89; 32=9660; 17=exec20220531133019; 38=19320; 60=2022-05-31-13:30:19; 6=59.89; 14=9660; 37=algo20220531133019; 10=240;
8=FIX4.4; 35=8; 34=57; 49=MS; 56=MTHREE; 52=2022-05-31-13:30:21; 55=MSFT; 40=2; 11=algo20220531133019; 31=59.89; 150=2; 39=2; 54=1; 44=59.89; 32=9660; 17=exec20220531133021; 38=19320; 60=2022-05-31-13:30:21; 6=59.89; 14=19320; 37=algo20220531133019; 10=246;
8=FIX4.4; 35=D; 34=55; 49=MTHREE; 56=MS; 52=2022-05-31-13:30:21; 55=AMZN; 40=2; 38=1609; 21=2; 11=algo20220531133021; 60=2022-05-31-13:30:21; 54=1; 44=133.47; 10=0252;
8=FIX4.4; 35=8; 34=58; 49=MS; 56=MTHREE; 52=2022-05-31-13:30:21; 55=AMZN; 40=2; 11=algo20220531133021; 31=133.47; 150=0; 39=0; 54=1; 44=133.47; 32=0; 17=exec20220531133021; 38=1609; 60=2022-05-31-13:30:21; 6=0; 14=0; 37=algo20220531133021; 10=200;
8=FIX4.4; 35=8; 34=59; 49=MS; 56=MTHREE; 52=2022-05-31-13:30:22; 55=AMZN; 40=2; 11=algo20220531133021; 31=133.47; 150=2; 39=2; 54=1; 44=133.47; 32=1609; 17=exec20220531133022; 38=1609; 60=2022-05-31-13:30:22; 6=133.47; 14=1609; 37=algo20220531133021; 10=246;
8=FIX4.4; 35=D; 34=56; 49=MTHREE; 56=MS; 52=2022-05-31-13:30:22; 55=FB; 40=2; 38=11861; 21=2; 11=algo20220531133022; 60=2022-05-31-13:30:22; 54=2; 44=430.62; 10=0252;
8=FIX4.4; 35=8; 34=60; 49=MS; 56=MTHREE; 52=2022-05-31-13:30:22; 55=FB; 40=2; 11=algo20220531133022; 31=430.62; 150=0; 39=0; 54=2; 44=430.62; 32=0; 17=exec20220531133022; 38=11861; 60=2022-05-31-13:30:22; 6=0; 14=0; 37=algo20220531133022; 10=200;
8=FIX4.4; 35=8; 34=61; 49=MS; 56=MTHREE; 52=2022-05-31-13:30:23; 55=FB; 40=2; 11=algo20220531133022; 31=430.62; 150=2; 39=2; 54=2; 44=430.62; 32=11861; 17=exec20220531133023; 38=11861; 60=2022-05-31-13:30:23; 6=430.62; 14=11861; 37=algo20220531133022; 10=246;
8=FIX4.4; 35=D; 34=57; 49=MTHREE; 56=MS; 52=2022-05-31-13:30:23; 55=GOOG; 40=2; 38=14646; 21=2; 11=algo20220531133023; 60=2022-05-31-13:30:23; 54=2; 44=42.05; 10=0252;
8=FIX4.4; 35=8; 34=62; 49=MS; 56=MTHREE; 52=2022-05-31-13:30:23; 55=GOOG; 40=2; 11=algo20220531133023; 31=42.05; 150=0; 39=0; 54=2; 44=42.05; 32=0; 17=exec20220531133023; 38=14646; 60=2022-05-31-13:30:23; 6=0; 14=0; 37=algo20220531133023; 10=200;
8=FIX4.4; 35=8; 34=63; 49=MS; 56=MTHREE; 52=2022-05-31-13:30:23; 55=GOOG; 40=2; 11=algo20220531133023; 31=42.05; 150=1; 39=1; 54=2; 44=42.05; 32=2929; 17=exec20220531133023; 38=14646; 60=2022-05-31-13:30:23; 6=42.05; 14=2929; 37=algo20220531133023; 10=240;
8=FIX4.4; 35=8; 34=64; 49=MS; 56=MTHREE; 52=2022-05-31-13:30:24; 55=GOOG; 40=2; 11=algo20220531133023; 31=42.05; 150=1; 39=1; 54=2; 44=42.05; 32=2929; 17=exec20220531133024; 38=14646; 60=2022-05-31-13:30:24; 6=42.05; 14=5858; 37=algo20220531133023; 10=240;
8=FIX4.4; 35=F; 34=57; 49=MTHREE; 56=MS; 52=2022-05-31-13:30:25; 41=algo20220531133023; 55=GOOG; 38=14646; 11=C_algo20220531133023; 60=2022-05-31-13:30:25; 10=060;
8=FIX4.4; 35=8; 34=64; 49=MS; 56=MTHREE; 52=2022-05-31-13:30:25; 55=GOOG; 11=C_algo20220531133023; 31=0; 150=6; 39=6; 54=2; 44=42.05; 17=exec20220531133025; 32=0; 41=algo20220531133023; 38=14646; 60=2022-05-31-13:30:25; 6=0.0; 14=5858; 37=algo20220531133023; 10=252;
8=FIX4.4; 35=8; 34=65; 49=MS; 56=MTHREE; 52=2022-05-31-13:30:25; 151=5859; 55=GOOG; 11=C_algo20220531133023; 31=0; 150=4; 39=4; 54=2; 17=exec20220531133025; 32=0; 41=algo20220531133023; 38=14646; 60=2022-05-31-13:30:25; 6=0.0; 14=5858; 37=algo20220531133023; 10=252;
8=FIX4.4; 35=D; 34=59; 49=MTHREE; 56=MS; 52=2022-05-31-13:30:27; 55=GOOGL; 40=2; 38=6070; 21=2; 11=algo20220531133027; 60=2022-05-31-13:30:27; 54=2; 44=289.20; 10=0252;
8=FIX4.4; 35=8; 34=67; 49=MS; 56=MTHREE; 52=2022-05-31-13:30:27; 55=GOOGL; 40=2; 11=algo20220531133027; 31=289.20; 150=0; 39=0; 54=2; 44=289.20; 32=0; 17=exec20220531133027; 38=6070; 60=2022-05-31-13:30:27; 6=0; 14=0; 37=algo20220531133027; 10=200;
8=FIX4.4; 35=8; 34=68; 49=MS; 56=MTHREE; 52=2022-05-31-13:30:27; 55=GOOGL; 40=2; 11=algo20220531133027; 31=289.20; 150=1; 39=1; 54=2; 44=289.20; 32=3035; 17=exec20220531133027; 38=6070; 60=2022-05-31-13:30:27; 6=289.20; 14=3035; 37=algo20220531133027; 10=240;
8=FIX4.4; 35=8; 34=69; 49=MS; 56=MTHREE; 52=2022-05-31-13:30:29; 55=GOOGL; 40=2; 11=algo20220531133027; 31=289.20; 150=2; 39=2; 54=2; 44=289.20; 32=3035; 17=exec20220531133029; 38=6070; 60=2022-05-31-13:30:29; 6=289.20; 14=6070; 37=algo20220531133027; 10=246;
8=FIX4.4; 35=D; 34=60; 49=MTHREE; 56=MS; 52=2022-05-31-13:30:29; 55=INTC; 40=2; 38=11335; 21=2; 11=algo20220531133029; 60=2022-05-31-13:30:29; 54=2; 44=339.13; 10=0252;
8=FIX4.4; 35=8; 34=70; 49=MS; 56=MTHREE; 52=2022-05-31-13:30:29; 55=INTC; 40=2; 11=algo20220531133029; 31=339.13; 150=0; 39=0; 54=2; 44=339.13; 32=0; 17=exec20220531133029; 38=11335; 60=2022-05-31-13:30:29; 6=0; 14=0; 37=algo20220531133029; 10=200;
8=FIX4.4; 35=8; 34=71; 49=MS; 56=MTHREE; 52=2022-05-31-13:30:29; 55=INTC; 40=2; 11=algo20220531133029; 31=339.13; 150=1; 39=1; 54=2; 44=339.13; 32=2833; 17=exec20220531133029; 38=11335; 60=2022-05-31-13:30:29; 6=339.13; 14=2833; 37=algo20220531133029; 10=240;
8=FIX4.4; 35=8; 34=72; 49=MS; 56=MTHREE; 52=2022-05-31-13:30:30; 55=INTC; 40=2; 11=algo20220531133029; 31=339.13; 150=1; 39=1; 54=2; 44=339.13; 32=2833; 17=exec20220531133030; 38=11335; 60=2022-05-31-13:30:30; 6=339.13; 14=5666; 37=algo20220531133029; 10=240;
8=FIX4.4; 35=F; 34=60; 49=MTHREE; 56=MS; 52=2022-05-31-13:30:31; 41=algo20220531133029; 55=INTC; 38=11335; 11=C_algo20220531133029; 60=2022-05-31-13:30:31; 10=060;
8=FIX4.4; 35=8; 34=72; 49=MS; 56=MTHREE; 52=2022-05-31-13:30:31; 55=INTC; 11=C_algo20220531133029; 31=0; 150=6; 39=6; 54=2; 44=339.13; 17=exec20220531133031; 32=0; 41=algo20220531133029; 38=11335; 60=2022-05-31-13:30:31; 6=0.0; 14=5666; 37=algo20220531133029; 10=252;
8=FIX4.4; 35=8; 34=73; 49=MS; 56=MTHREE; 52=2022-05-31-13:30:31; 151=2836; 55=INTC; 11=C_algo20220531133029; 31=0; 150=4; 39=4; 54=2; 17=exec20220531133031; 32=0; 41=algo20220531133029; 38=11335; 60=2022-05-31-13:30:31; 6=0.0; 14=5666; 37=algo20220531133029; 10=252;
8=FIX4.4; 35=D; 34=62; 49=MTHREE; 56=MS; 52=2022-05-31-13:30:33; 55=PEP; 40=2; 38=32628; 21=2; 11=algo20220531133033; 60=2022-05-31-13:30:33; 54=2; 44=36.21; 10=0252;
8=FIX4.4; 35=8; 34=75; 49=MS; 56=MTHREE; 52=2022-05-31-13:30:33; 55=PEP; 40=2; 11=algo20220531133033; 31=36.21; 150=0; 39=0; 54=2; 44=36.21; 32=0; 17=exec20220531133033; 38=32628; 60=2022-05-31-13:30:33; 6=0; 14=0; 37=algo20220531133033; 10=200;
8=FIX4.4; 35=8; 34=76; 49=MS; 56=MTHREE; 52=2022-05-31-13:30:33; 55=PEP; 40=2; 11=algo20220531133033; 31=36.21; 150=1; 39=1; 54=2; 44=36.21; 32=16314; 17=exec20220531133033; 38=32628; 60=2022-05-31-13:30:33; 6=36.21; 14=16314; 37=algo20220531133033; 10=240;
8=FIX4.4; 35=8; 34=77; 49=MS; 56=MTHREE; 52=2022-05-31-13:30:35; 55=PEP; 40=2; 11=algo20220531133033; 31=36.21; 150=2; 39=2; 54=2; 44=36.21; 32=16314; 17=exec20220531133035; 38=32628; 60=2022-05-31-13:30:35; 6=36.21; 14=32628; 37=algo20220531133033; 10=246;
8=FIX4.4; 35=D; 34=63; 49=MTHREE; 56=MS; 52=2022-05-31-13:30:35; 55=NFLX; 40=2; 38=29490; 21=2; 11=algo20220531133035; 60=2022-05-31-13:30:35; 54=1; 44=306.71; 10=0252;
8=FIX4.4; 35=8; 34=78; 49=MS; 56=MTHREE; 52=2022-05-31-13:30:35; 55=NFLX; 40=2; 11=algo20220531133035; 31=306.71; 150=0; 39=0; 54=1; 44=306.71; 32=0; 17=exec20220531133035; 38=29490; 60=2022-05-31-13:30:35; 6=0; 14=0; 37=algo20220531133035; 10=200;
8=FIX4.4; 35=F; 34=63; 49=MTHREE; 56=MS; 52=2022-05-31-13:30:35; 41=algo20220531133035; 55=NFLX; 38=29490; 11=C_algo20220531133035; 60=2022-05-31-13:30:35; 10=060;
8=FIX4.4; 35=8; 34=78; 49=MS; 56=MTHREE; 52=2022-05-31-13:30:35; 55=NFLX; 11=C_algo20220531133035; 31=0; 150=6; 39=6; 54=1; 44=306.71; 17=exec20220531133035; 32=0; 41=algo20220531133035; 38=29490; 60=2022-05-31-13:30:35; 6=0.0; 14=0; 37=algo20220531133035; 10=252;
8=FIX4.4; 35=8; 34=79; 49=MS; 56=MTHREE; 52=2022-05-31-13:30:35; 151=22118; 55=NFLX; 11=C_algo20220531133035; 31=0; 150=4; 39=4; 54=1; 17=exec20220531133035; 32=0; 41=algo20220531133035; 38=29490; 60=2022-05-31-13:30:35; 6=0.0; 14=0; 37=algo20220531133035; 10=252;
8=FIX4.4; 35=D; 34=65; 49=MTHREE; 56=MS; 52=2022-05-31-13:30:37; 55=CSCO; 40=2; 38=24340; 21=2; 11=algo20220531133037; 60=2022-05-31-13:30:37; 54=1; 44=233.73; 10=0252;
8=FIX4.4; 35=8; 34=81; 49=MS; 56=MTHREE; 52=2022-05-31-13:30:37; 55=CSCO; 40=2; 11=algo20220531133037; 31=233.73; 150=0; 39=0; 54=1; 44=233.73; 32=0; 17=exec20220531133037; 38=24340; 60=2022-05-31-13:30:37; 6=0; 14=0; 37=algo20220531133037; 10=200;
8=FIX4.4; 35=8; 34=82; 49=MS; 56=MTHREE; 52=2022-05-31-13:30:37; 55=CSCO; 40=2; 11=algo20220531133037; 31=233.73; 150=1; 39=1; 54=1; 44=233.73; 32=12170; 17=exec20220531133037; 38=24340; 60=2022-05-31-13:30:37; 6=233.73; 14=12170; 37=algo20220531133037; 10=240;
8=FIX4.4; 35=8; 34=83; 49=MS; 56=MTHREE; 52=2022-05-31-13:30:39; 55=CSCO; 40=2; 11=algo20220531133037; 31=233.73; 150=2; 39=2; 54=1; 44=233.73; 32=12170; 17=exec20220531133039; 38=24340; 60=2022-05-31-13:30:39; 6=233.73; 14=24340; 37=algo20220531133037; 10=246;
8=FIX4.4; 35=D; 34=66; 49=MTHREE; 56=MS; 52=2022-05-31-13:30:39; 55=AMGN; 40=2; 38=23484; 21=2; 11=algo20220531133039; 60=2022-05-31-13:30:39; 54=1; 44=116.62; 10=0252;
8=FIX4.4; 35=8; 34=84; 49=MS; 56=MTHREE; 52=2022-05-31-13:30:39; 55=AMGN; 40=2; 11=algo20220531133039; 31=116.62; 150=0; 39=0; 54=1; 44=116.62; 32=0; 17=exec20220531133039; 38=23484; 60=2022-05-31-13:30:39; 6=0; 14=0; 37=algo20220531133039; 10=200;
8=FIX4.4; 35=8; 34=85; 49=MS; 56=MTHREE; 52=2022-05-31-13:30:39; 55=AMGN; 40=2; 11=algo20220531133039; 31=116.62; 150=1; 39=1; 54=1; 44=116.62; 32=7828; 17=exec20220531133039; 38=23484; 60=2022-05-31-13:30:39; 6=116.62; 14=7828; 37=algo20220531133039; 10=240;
8=FIX4.4; 35=8; 34=86; 49=MS; 56=MTHREE; 52=2022-05-31-13:30:40; 55=AMGN; 40=2; 11=algo20220531133039; 31=116.62; 150=1; 39=1; 54=1; 44=116.62; 32=7828; 17=exec20220531133040; 38=23484; 60=2022-05-31-13:30:40; 6=116.62; 14=15656; 37=algo20220531133039; 10=240;
8=FIX4.4; 35=8; 34=87; 49=MS; 56=MTHREE; 52=2022-05-31-13:30:42; 55=AMGN; 40=2; 11=algo20220531133039; 31=116.62; 150=2; 39=2; 54=1; 44=116.62; 32=7828; 17=exec20220531133042; 38=23484; 60=2022-05-31-13:30:42; 6=116.62; 14=23484; 37=algo20220531133039; 10=246;
8=FIX4.4; 35=D; 34=67; 49=MTHREE; 56=MS; 52=2022-05-31-13:30:42; 55=PYPL; 40=2; 38=14992; 21=2; 11=algo20220531133042; 60=2022-05-31-13:30:42; 54=2; 44=723.61; 10=0252;
8=FIX4.4; 35=8; 34=88; 49=MS; 56=MTHREE; 52=2022-05-31-13:30:42; 55=PYPL; 40=2; 11=algo20220531133042; 31=723.61; 150=0; 39=0; 54=2; 44=723.61; 32=0; 17=exec20220531133042; 38=14992; 60=2022-05-31-13:30:42; 6=0; 14=0; 37=algo20220531133042; 10=200;
8=FIX4.4; 35=8; 34=89; 49=MS; 56=MTHREE; 52=2022-05-31-13:30:43; 55=PYPL; 40=2; 11=algo20220531133042; 31=723.61; 150=2; 39=2; 54=2; 44=723.61; 32=14992; 17=exec20220531133043; 38=14992; 60=2022-05-31-13:30:43; 6=723.61; 14=14992; 37=algo20220531133042; 10=246;
8=FIX4.4; 35=D; 34=68; 49=MTHREE; 56=MS; 52=2022-05-31-13:30:43; 55=TSLA; 40=2; 38=4995; 21=2; 11=algo20220531133043; 60=2022-05-31-13:30:43; 54=2; 44=503.77; 10=0252;
8=FIX4.4; 35=8; 34=90; 49=MS; 56=MTHREE; 52=2022-05-31-13:30:43; 55=TSLA; 40=2; 11=algo20220531133043; 31=503.77; 150=0; 39=0; 54=2; 44=503.77; 32=0; 17=exec20220531133043; 38=4995; 60=2022-05-31-13:30:43; 6=0; 14=0; 37=algo20220531133043; 10=200;
8=FIX4.4; 35=F; 34=68; 49=MTHREE; 56=MS; 52=2022-05-31-13:30:43; 41=algo20220531133043; 55=TSLA; 38=4995; 11=C_algo20220531133043; 60=2022-05-31-13:30:43; 10=060;
8=FIX4.4; 35=8; 34=90; 49=MS; 56=MTHREE; 52=2022-05-31-13:30:43; 55=TSLA; 11=C_algo20220531133043; 31=0; 150=6; 39=6; 54=2; 44=503.77; 17=exec20220531133043; 32=0; 41=algo20220531133043; 38=4995; 60=2022-05-31-13:30:43; 6=0.0; 14=0; 37=algo20220531133043; 10=252;
8=FIX4.4; 35=8; 34=91; 49=MS; 56=MTHREE; 52=2022-05-31-13:30:43; 151=3330; 55=TSLA; 11=C_algo20220531133043; 31=0; 150=4; 39=4; 54=2; 17=exec20220531133043; 32=0; 41=algo20220531133043; 38=4995; 60=2022-05-31-13:30:43; 6=0.0; 14=0; 37=algo20220531133043; 10=252;
8=FIX4.4; 35=D; 34=70; 49=MTHREE; 56=MS; 52=2022-05-31-13:30:45; 55=TXN; 40=2; 38=30451; 21=2; 11=algo20220531133045; 60=2022-05-31-13:30:45; 54=1; 44=112.46; 10=0252;
8=FIX4.4; 35=8; 34=93; 49=MS; 56=MTHREE; 52=2022-05-31-13:30:45; 55=TXN; 40=2; 11=algo20220531133045; 31=112.46; 150=0; 39=0; 54=1; 44=112.46; 32=0; 17=exec20220531133045; 38=30451; 60=2022-05-31-13:30:45; 6=0; 14=0; 37=algo20220531133045; 10=200;
8=FIX4.4; 35=8; 34=94; 49=MS; 56=MTHREE; 52=2022-05-31-13:30:45; 55=TXN; 40=2; 11=algo20220531133045; 31=112.46; 150=1; 39=1; 54=1; 44=112.46; 32=7612; 17=exec20220531133045; 38=30451; 60=2022-05-31-13:30:45; 6=112.46; 14=7612; 37=algo20220531133045; 10=240;
8=FIX4.4; 35=F; 34=70; 49=MTHREE; 56=MS; 52=2022-05-31-13:30:46; 41=algo20220531133045; 55=TXN; 38=30451; 11=C_algo20220531133045; 60=2022-05-31-13:30:46; 10=060;
8=FIX4.4; 35=8; 34=94; 49=MS; 56=MTHREE; 52=2022-05-31-13:30:46; 55=TXN; 11=C_algo20220531133045; 31=0; 150=6; 39=6; 54=1; 44=112.46; 17=exec20220531133046; 32=0; 41=algo20220531133045; 38=30451; 60=2022-05-31-13:30:46; 6=0.0; 14=7612; 37=algo20220531133045; 10=252;
8=FIX4.4; 35=8; 34=95; 49=MS; 56=MTHREE; 52=2022-05-31-13:30:46; 151=15227; 55=TXN; 11=C_algo20220531133045; 31=0; 150=4; 39=4; 54=1; 17=exec20220531133046; 32=0; 41=algo20220531133045; 38=30451; 60=2022-05-31-13:30:46; 6=0.0; 14=7612; 37=algo20220531133045; 10=252;
8=FIX4.4; 35=D; 34=72; 49=MTHREE; 56=MS; 52=2022-05-31-13:30:48; 55=AVGO; 40=2; 38=16947; 21=2; 11=algo20220531133048; 60=2022-05-31-13:30:48; 54=1; 44=262.99; 10=0252;
8=FIX4.4; 35=8; 34=97; 49=MS; 56=MTHREE; 52=2022-05-31-13:30:48; 55=AVGO; 40=2; 11=algo20220531133048; 31=262.99; 150=0; 39=0; 54=1; 44=262.99; 32=0; 17=exec20220531133048; 38=16947; 60=2022-05-31-13:30:48; 6=0; 14=0; 37=algo20220531133048; 10=200;
8=FIX4.4; 35=8; 34=98; 49=MS; 56=MTHREE; 52=2022-05-31-13:30:48; 55=AVGO; 40=2; 11=algo20220531133048; 31=262.99; 150=1; 39=1; 54=1; 44=262.99; 32=8473; 17=exec20220531133048; 38=16947; 60=2022-05-31-13:30:48; 6=262.99; 14=8473; 37=algo20220531133048; 10=240;
8=FIX4.4; 35=8; 34=99; 49=MS; 56=MTHREE; 52=2022-05-31-13:30:50; 55=AVGO; 40=2; 11=algo20220531133048; 31=262.99; 150=2; 39=2; 54=1; 44=262.99; 32=8474; 17=exec20220531133050; 38=16947; 60=2022-05-31-13:30:50; 6=262.99; 14=16947; 37=algo20220531133048; 10=246;
8=FIX4.4; 35=D; 34=73; 49=MTHREE; 56=MS; 52=2022-05-31-13:30:50; 55=GILD; 40=2; 38=4490; 21=2; 11=algo20220531133050; 60=2022-05-31-13:30:50; 54=1; 44=82.91; 10=0252;
8=FIX4.4; 35=8; 34=100; 49=MS; 56=MTHREE; 52=2022-05-31-13:30:50; 55=GILD; 40=2; 11=algo20220531133050; 31=82.91; 150=0; 39=0; 54=1; 44=82.91; 32=0; 17=exec20220531133050; 38=4490; 60=2022-05-31-13:30:50; 6=0; 14=0; 37=algo20220531133050; 10=200;
8=FIX4.4; 35=8; 34=101; 49=MS; 56=MTHREE; 52=2022-05-31-13:30:50; 55=GILD; 40=2; 11=algo20220531133050; 31=82.91; 150=1; 39=1; 54=1; 44=82.91; 32=1122; 17=exec20220531133050; 38=4490; 60=2022-05-31-13:30:50; 6=82.91; 14=1122; 37=algo20220531133050; 10=240;
8=FIX4.4; 35=8; 34=102; 49=MS; 56=MTHREE; 52=2022-05-31-13:30:51; 55=GILD; 40=2; 11=algo20220531133050; 31=82.91; 150=1; 39=1; 54=1; 44=82.91; 32=1122; 17=exec20220531133051; 38=4490; 60=2022-05-31-13:30:51; 6=82.91; 14=2244; 37=algo20220531133050; 10=240;
8=FIX4.4; 35=F; 34=73; 49=MTHREE; 56=MS; 52=2022-05-31-13:30:52; 41=algo20220531133050; 55=GILD; 38=4490; 11=C_algo20220531133050; 60=2022-05-31-13:30:52; 10=060;
8=FIX4.4; 35=8; 34=102; 49=MS; 56=MTHREE; 52=2022-05-31-13:30:52; 55=GILD; 11=C_algo20220531133050; 31=0; 150=6; 39=6; 54=1; 44=82.91; 17=exec20220531133052; 32=0; 41=algo20220531133050; 38=4490; 60=2022-05-31-13:30:52; 6=0.0; 14=2244; 37=algo20220531133050; 10=252;
8=FIX4.4; 35=8; 34=103; 49=MS; 56=MTHREE; 52=2022-05-31-13:30:52; 151=1124; 55=GILD; 11=C_algo20220531133050; 31=0; 150=4; 39=4; 54=1; 17=exec20220531133052; 32=0; 41=algo20220531133050; 38=4490; 60=2022-05-31-13:30:52; 6=0.0; 14=2244; 37=algo20220531133050; 10=252;
8=FIX4.4; 35=D; 34=75; 49=MTHREE; 56=MS; 52=2022-05-31-13:30:54; 55=SBUX; 40=2; 38=10420; 21=2; 11=algo20220531133054; 60=2022-05-31-13:30:54; 54=1; 44=75.71; 10=0252;
8=FIX4.4; 35=8; 34=105; 49=MS; 56=MTHREE; 52=2022-05-31-13:30:54; 55=SBUX; 40=2; 11=algo20220531133054; 31=75.71; 150=0; 39=0; 54=1; 44=75.71; 32=0; 17=exec20220531133054; 38=10420; 60=2022-05-31-13:30:54; 6=0; 14=0; 37=algo20220531133054; 10=200;
8=FIX4.4; 35=F; 34=75; 49=MTHREE; 56=MS; 52=2022-05-31-13:30:54; 41=algo20220531133054; 55=SBUX; 38=10420; 11=C_algo20220531133054; 60=2022-05-31-13:30:54; 10=060;
8=FIX4.4; 35=8; 34=105; 49=MS; 56=MTHREE; 52=2022-05-31-13:30:54; 55=SBUX; 11=C_algo20220531133054; 31=0; 150=6; 39=6; 54=1; 44=75.71; 17=exec20220531133054; 32=0; 41=algo20220531133054; 38=10420; 60=2022-05-31-13:30:54; 6=0.0; 14=0; 37=algo20220531133054; 10=252;
8=FIX4.4; 35=8; 34=106; 49=MS; 56=MTHREE; 52=2022-05-31-13:30:54; 151=5210; 55=SBUX; 11=C_algo20220531133054; 31=0; 150=4; 39=4; 54=1; 17=exec20220531133054; 32=0; 41=algo20220531133054; 38=10420; 60=2022-05-31-13:30:54; 6=0.0; 14=0; 37=algo20220531133054; 10=252;
8=FIX4.4; 35=D; 34=77; 49=MTHREE; 56=MS; 52=2022-05-31-13:30:56; 55=QCOM; 40=2; 38=7527; 21=2; 11=algo20220531133056; 60=2022-05-31-13:30:56; 54=2; 44=75.47; 10=0252;
8=FIX4.4; 35=8; 34=108; 49=MS; 56=MTHREE; 52=2022-05-31-13:30:56; 55=QCOM; 40=2; 11=algo20220531133056; 31=75.47; 150=0; 39=0; 54=2; 44=75.47; 32=0; 17=exec20220531133056; 38=7527; 60=2022-05-31-13:30:56; 6=0; 14=0; 37=algo20220531133056; 10=200;
8=FIX4.4; 35=F; 34=77; 49=MTHREE; 56=MS; 52=2022-05-31-13:30:56; 41=algo20220531133056; 55=QCOM; 38=7527; 11=C_algo20220531133056; 60=2022-05-31-13:30:56; 10=060;
8=FIX4.4; 35=8; 34=108; 49=MS; 56=MTHREE; 52=2022-05-31-13:30:56; 55=QCOM; 11=C_algo20220531133056; 31=0; 150=6; 39=6; 54=2; 44=75.47; 17=exec20220531133056; 32=0; 41=algo20220531133056; 38=7527; 60=2022-05-31-13:30:56; 6=0.0; 14=0; 37=algo20220531133056; 10=252;
8=FIX4.4; 35=8; 34=109; 49=MS; 56=MTHREE; 52=2022-05-31-13:30:56; 151=6022; 55=QCOM; 11=C_algo20220531133056; 31=0; 150=4; 39=4; 54=2; 17=exec20220531133056; 32=0; 41=algo20220531133056; 38=7527; 60=2022-05-31-13:30:56; 6=0.0; 14=0; 37=algo20220531133056; 10=252;
8=FIX4.4; 35=D; 34=79; 49=MTHREE; 56=MS; 52=2022-05-31-13:30:58; 55=TMUS; 40=2; 38=30335; 21=2; 11=algo20220531133058; 60=2022-05-31-13:30:58; 54=2; 44=90.74; 10=0252;
8=FIX4.4; 35=8; 34=111; 49=MS; 56=MTHREE; 52=2022-05-31-13:30:58; 55=TMUS; 40=2; 11=algo20220531133058; 31=90.74; 150=0; 39=0; 54=2; 44=90.74; 32=0; 17=exec20220531133058; 38=30335; 60=2022-05-31-13:30:58; 6=0; 14=0; 37=algo20220531133058; 10=200;
8=FIX4.4; 35=8; 34=112; 49=MS; 56=MTHREE; 52=2022-05-31-13:30:58; 55=TMUS; 40=2; 11=algo20220531133058; 31=90.74; 150=1; 39=1; 54=2; 44=90.74; 32=10111; 17=exec20220531133058; 38=30335; 60=2022-05-31-13:30:58; 6=90.74; 14=10111; 37=algo20220531133058; 10=240;
8=FIX4.4; 35=F; 34=79; 49=MTHREE; 56=MS; 52=2022-05-31-13:30:59; 41=algo20220531133058; 55=TMUS; 38=30335; 11=C_algo20220531133058; 60=2022-05-31-13:30:59; 10=060;
8=FIX4.4; 35=8; 34=112; 49=MS; 56=MTHREE; 52=2022-05-31-13:30:59; 55=TMUS; 11=C_algo20220531133058; 31=0; 150=6; 39=6; 54=2; 44=90.74; 17=exec20220531133059; 32=0; 41=algo20220531133058; 38=30335; 60=2022-05-31-13:30:59; 6=0.0; 14=10111; 37=algo20220531133058; 10=252;
8=FIX4.4; 35=8; 34=113; 49=MS; 56=MTHREE; 52=2022-05-31-13:30:59; 151=10113; 55=TMUS; 11=C_algo20220531133058; 31=0; 150=4; 39=4; 54=2; 17=exec20220531133059; 32=0; 41=algo20220531133058; 38=30335; 60=2022-05-31-13:30:59; 6=0.0; 14=10111; 37=algo20220531133058; 10=252;
8=FIX4.4; 35=D; 34=81; 49=MTHREE; 56=MS; 52=2022-05-31-13:31:01; 55=MDLZ; 40=2; 38=2404; 21=2; 11=algo20220531133101; 60=2022-05-31-13:31:01; 54=2; 44=52.26; 10=0252;
8=FIX4.4; 35=8; 34=115; 49=MS; 56=MTHREE; 52=2022-05-31-13:31:01; 55=MDLZ; 40=2; 11=algo20220531133101; 31=52.26; 150=0; 39=0; 54=2; 44=52.26; 32=0; 17=exec20220531133101; 38=2404; 60=2022-05-31-13:31:01; 6=0; 14=0; 37=algo20220531133101; 10=200;
8=FIX4.4; 35=8; 34=116; 49=MS; 56=MTHREE; 52=2022-05-31-13:31:01; 55=MDLZ; 40=2; 11=algo20220531133101; 31=52.26; 150=1; 39=1; 54=2; 44=52.26; 32=1202; 17=exec20220531133101; 38=2404; 60=2022-05-31-13:31:01; 6=52.26; 14=1202; 37=algo20220531133101; 10=240;
8=FIX4.4; 35=8; 34=117; 49=MS; 56=MTHREE; 52=2022-05-31-13:31:03; 55=MDLZ; 40=2; 11=algo20220531133101; 31=52.26; 150=2; 39=2; 54=2; 44=52.26; 32=1202; 17=exec20220531133103; 38=2404; 60=2022-05-31-13:31:03; 6=52.26; 14=2404; 37=algo20220531133101; 10=246;
8=FIX4.4; 35=D; 34=82; 49=MTHREE; 56=MS; 52=2022-05-31-13:31:03; 55=BAC; 40=2; 38=6713; 21=2; 11=algo20220531133103; 60=2022-05-31-13:31:03; 54=2; 44=22.03; 10=0252;
8=FIX4.4; 35=8; 34=118; 49=MS; 56=MTHREE; 52=2022-05-31-13:31:03; 55=BAC; 40=2; 11=algo20220531133103; 31=22.03; 150=0; 39=0; 54=2; 44=22.03; 32=0; 17=exec20220531133103; 38=6713; 60=2022-05-31-13:31:03; 6=0; 14=0; 37=algo20220531133103; 10=200;
8=FIX4.4; 35=F; 34=82; 49=MTHREE; 56=MS; 52=2022-05-31-13:31:03; 41=algo20220531133103; 55=BAC; 38=6713; 11=C_algo20220531133103; 60=2022-05-31-13:31:03; 10=060;
8=FIX4.4; 35=8; 34=118; 49=MS; 56=MTHREE; 52=2022-05-31-13:31:03; 55=BAC; 11=C_algo20220531133103; 31=0; 150=6; 39=6; 54=2; 44=22.03; 17=exec20220531133103; 32=0; 41=algo20220531133103; 38=6713; 60=2022-05-31-13:31:03; 6=0.0; 14=0; 37=algo20220531133103; 10=252;
8=FIX4.4; 35=8; 34=119; 49=MS; 56=MTHREE; 52=2022-05-31-13:31:03; 151=3357; 55=BAC; 11=C_algo20220531133103; 31=0; 150=4; 39=4; 54=2; 17=exec20220531133103; 32=0; 41=algo20220531133103; 38=6713; 60=2022-05-31-13:31:03; 6=0.0; 14=0; 37=algo20220531133103; 10=252;
8=FIX4.4; 35=D; 34=84; 49=MTHREE; 56=MS; 52=2022-05-31-13:31:05; 55=DDD; 40=2; 38=23683; 21=2; 11=algo20220531133105; 60=2022-05-31-13:31:05; 54=1; 44=8.01; 10=0252;
8=FIX4.4; 35=8; 34=121; 49=MS; 56=MTHREE; 52=2022-05-31-13:31:05; 55=DDD; 40=2; 11=algo20220531133105; 31=8.01; 150=0; 39=0; 54=1; 44=8.01; 32=0; 17=exec20220531133105; 38=23683; 60=2022-05-31-13:31:05; 6=0; 14=0; 37=algo20220531133105; 10=200;
8=FIX4.4; 35=8; 34=122; 49=MS; 56=MTHREE; 52=2022-05-31-13:31:05; 55=DDD; 40=2; 11=algo20220531133105; 31=8.01; 150=1; 39=1; 54=1; 44=8.01; 32=5920; 17=exec20220531133105; 38=23683; 60=2022-05-31-13:31:05; 6=8.01; 14=5920; 37=algo20220531133105; 10=240;
8=FIX4.4; 35=8; 34=123; 49=MS; 56=MTHREE; 52=2022-05-31-13:31:06; 55=DDD; 40=2; 11=algo20220531133105; 31=8.01; 150=1; 39=1; 54=1; 44=8.01; 32=5920; 17=exec20220531133106; 38=23683; 60=2022-05-31-13:31:06; 6=8.01; 14=11840; 37=algo20220531133105; 10=240;
8=FIX4.4; 35=8; 34=124; 49=MS; 56=MTHREE; 52=2022-05-31-13:31:07; 55=DDD; 40=2; 11=algo20220531133105; 31=8.01; 150=1; 39=1; 54=1; 44=8.01; 32=5920; 17=exec20220531133107; 38=23683; 60=2022-05-31-13:31:07; 6=8.01; 14=17760; 37=algo20220531133105; 10=240;
8=FIX4.4; 35=8; 34=125; 49=MS; 56=MTHREE; 52=2022-05-31-13:31:09; 55=DDD; 40=2; 11=algo20220531133105; 31=8.01; 150=2; 39=2; 54=1; 44=8.01; 32=5923; 17=exec20220531133109; 38=23683; 60=2022-05-31-13:31:09; 6=8.01; 14=23683; 37=algo20220531133105; 10=246;
8=FIX4.4; 35=D; 34=85; 49=MTHREE; 56=MS; 52=2022-05-31-13:31:09; 55=MMM; 40=2; 38=21880; 21=2; 11=algo20220531133109; 60=2022-05-31-13:31:09; 54=1; 44=146.98; 10=0252;
8=FIX4.4; 35=8; 34=126; 49=MS; 56=MTHREE; 52=2022-05-31-13:31:09; 55=MMM; 40=2; 11=algo20220531133109; 31=146.98; 150=0; 39=0; 54=1; 44=146.98; 32=0; 17=exec20220531133109; 38=21880; 60=2022-05-31-13:31:09; 6=0; 14=0; 37=algo20220531133109; 10=200;
8=FIX4.4; 35=F; 34=85; 49=MTHREE; 56=MS; 52=2022-05-31-13:31:09; 41=algo20220531133109; 55=MMM; 38=21880; 11=C_algo20220531133109; 60=2022-05-31-13:31:09; 10=060;
8=FIX4.4; 35=8; 34=126; 49=MS; 56=MTHREE; 52=2022-05-31-13:31:09; 55=MMM; 11=C_algo20220531133109; 31=0; 150=6; 39=6; 54=1; 44=146.98; 17=exec20220531133109; 32=0; 41=algo20220531133109; 38=21880; 60=2022-05-31-13:31:09; 6=0.0; 14=0; 37=algo20220531133109; 10=252;
8=FIX4.4; 35=8; 34=127; 49=MS; 56=MTHREE; 52=2022-05-31-13:31:09; 151=16410; 55=MMM; 11=C_algo20220531133109; 31=0; 150=4; 39=4; 54=1; 17=exec20220531133109; 32=0; 41=algo20220531133109; 38=21880; 60=2022-05-31-13:31:09; 6=0.0; 14=0; 37=algo20220531133109; 10=252;
8=FIX4.4; 35=D; 34=87; 49=MTHREE; 56=MS; 52=2022-05-31-13:31:11; 55=WBAI; 40=2; 38=26499; 21=2; 11=algo20220531133111; 60=2022-05-31-13:31:11; 54=2; 44=4.10; 10=0252;
8=FIX4.4; 35=8; 34=129; 49=MS; 56=MTHREE; 52=2022-05-31-13:31:11; 55=WBAI; 40=2; 11=algo20220531133111; 31=4.10; 150=0; 39=0; 54=2; 44=4.10; 32=0; 17=exec20220531133111; 38=26499; 60=2022-05-31-13:31:11; 6=0; 14=0; 37=algo20220531133111; 10=200;
8=FIX4.4; 35=F; 34=87; 49=MTHREE; 56=MS; 52=2022-05-31-13:31:11; 41=algo20220531133111; 55=WBAI; 38=26499; 11=C_algo20220531133111; 60=2022-05-31-13:31:11; 10=060;
8=FIX4.4; 35=8; 34=129; 49=MS; 56=MTHREE; 52=2022-05-31-13:31:11; 55=WBAI; 11=C_algo20220531133111; 31=0; 150=6; 39=6; 54=2; 44=4.10; 17=exec20220531133111; 32=0; 41=algo20220531133111; 38=26499; 60=2022-05-31-13:31:11; 6=0.0; 14=0; 37=algo20220531133111; 10=252;
8=FIX4.4; 35=8; 34=130; 49=MS; 56=MTHREE; 52=2022-05-31-13:31:11; 151=19875; 55=WBAI; 11=C_algo20220531133111; 31=0; 150=4; 39=4; 54=2; 17=exec20220531133111; 32=0; 41=algo20220531133111; 38=26499; 60=2022-05-31-13:31:11; 6=0.0; 14=0; 37=algo20220531133111; 10=252;
8=FIX4.4; 35=D; 34=89; 49=MTHREE; 56=MS; 52=2022-05-31-13:31:13; 55=WUBA; 40=2; 38=28673; 21=2; 11=algo20220531133113; 60=2022-05-31-13:31:13; 54=2; 44=51.41; 10=0252;
8=FIX4.4; 35=8; 34=132; 49=MS; 56=MTHREE; 52=2022-05-31-13:31:13; 55=WUBA; 40=2; 11=algo20220531133113; 31=51.41; 150=0; 39=0; 54=2; 44=51.41; 32=0; 17=exec20220531133113; 38=28673; 60=2022-05-31-13:31:13; 6=0; 14=0; 37=algo20220531133113; 10=200;
8=FIX4.4; 35=F; 34=89; 49=MTHREE; 56=MS; 52=2022-05-31-13:31:13; 41=algo20220531133113; 55=WUBA; 38=28673; 11=C_algo20220531133113; 60=2022-05-31-13:31:13; 10=060;
8=FIX4.4; 35=8; 34=132; 49=MS; 56=MTHREE; 52=2022-05-31-13:31:13; 55=WUBA; 11=C_algo20220531133113; 31=0; 150=6; 39=6; 54=2; 44=51.41; 17=exec20220531133113; 32=0; 41=algo20220531133113; 38=28673; 60=2022-05-31-13:31:13; 6=0.0; 14=0; 37=algo20220531133113; 10=252;
8=FIX4.4; 35=8; 34=133; 49=MS; 56=MTHREE; 52=2022-05-31-13:31:13; 151=19116; 55=WUBA; 11=C_algo20220531133113; 31=0; 150=4; 39=4; 54=2; 17=exec20220531133113; 32=0; 41=algo20220531133113; 38=28673; 60=2022-05-31-13:31:13; 6=0.0; 14=0; 37=algo20220531133113; 10=252;
8=FIX4.4; 35=D; 34=91; 49=MTHREE; 56=MS; 52=2022-05-31-13:31:15; 55=EGHT; 40=2; 38=23137; 21=2; 11=algo20220531133115; 60=2022-05-31-13:31:15; 54=2; 44=17.03; 10=0252;
8=FIX4.4; 35=8; 34=135; 49=MS; 56=MTHREE; 52=2022-05-31-13:31:15; 55=EGHT; 40=2; 11=algo20220531133115; 31=17.03; 150=0; 39=0; 54=2; 44=17.03; 32=0; 17=exec20220531133115; 38=23137; 60=2022-05-31-13:31:15; 6=0; 14=0; 37=algo20220531133115; 10=200;
8=FIX4.4; 35=F; 34=91; 49=MTHREE; 56=MS; 52=2022-05-31-13:31:15; 41=algo20220531133115; 55=EGHT; 38=23137; 11=C_algo20220531133115; 60=2022-05-31-13:31:15; 10=060;
8=FIX4.4; 35=8; 34=135; 49=MS; 56=MTHREE; 52=2022-05-31-13:31:15; 55=EGHT; 11=C_algo20220531133115; 31=0; 150=6; 39=6; 54=2; 44=17.03; 17=exec20220531133115; 32=0; 41=algo20220531133115; 38=23137; 60=2022-05-31-13:31:15; 6=0.0; 14=0; 37=algo20220531133115; 10=252;
8=FIX4.4; 35=8; 34=136; 49=MS; 56=MTHREE; 52=2022-05-31-13:31:15; 151=15425; 55=EGHT; 11=C_algo20220531133115; 31=0; 150=4; 39=4; 54=2; 17=exec20220531133115; 32=0; 41=algo20220531133115; 38=23137; 60=2022-05-31-13:31:15; 6=0.0; 14=0; 37=algo20220531133115; 10=252;
8=FIX4.4; 35=D; 34=93; 49=MTHREE; 56=MS; 52=2022-05-31-13:31:17; 55=AHC; 40=2; 38=29361; 21=2; 11=algo20220531133117; 60=2022-05-31-13:31:17; 54=1; 44=1.40; 10=0252;
8=FIX4.4; 35=8; 34=138; 49=MS; 56=MTHREE; 52=2022-05-31-13:31:17; 55=AHC; 40=2; 11=algo20220531133117; 31=1.40; 150=0; 39=0; 54=1; 44=1.40; 32=0; 17=exec20220531133117; 38=29361; 60=2022-05-31-13:31:17; 6=0; 14=0; 37=algo20220531133117; 10=200;
8=FIX4.4; 35=8; 34=139; 49=MS; 56=MTHREE; 52=2022-05-31-13:31:18; 55=AHC; 40=2; 11=algo20220531133117; 31=1.40; 150=2; 39=2; 54=1; 44=1.40; 32=29361; 17=exec20220531133118; 38=29361; 60=2022-05-31-13:31:18; 6=1.40; 14=29361; 37=algo20220531133117; 10=246;
8=FIX4.4; 35=D; 34=94; 49=MTHREE; 56=MS; 52=2022-05-31-13:31:18; 55=AOS; 40=2; 38=21573; 21=2; 11=algo20220531133118; 60=2022-05-31-13:31:18; 54=2; 44=40.38; 10=0252;
8=FIX4.4; 35=8; 34=140; 49=MS; 56=MTHREE; 52=2022-05-31-13:31:18; 55=AOS; 40=2; 11=algo20220531133118; 31=40.38; 150=0; 39=0; 54=2; 44=40.38; 32=0; 17=exec20220531133118; 38=21573; 60=2022-05-31-13:31:18; 6=0; 14=0; 37=algo20220531133118; 10=200;
8=FIX4.4; 35=F; 34=94; 49=MTHREE; 56=MS; 52=2022-05-31-13:31:18; 41=algo20220531133118; 55=AOS; 38=21573; 11=C_algo20220531133118; 60=2022-05-31-13:31:18; 10=060;
8=FIX4.4; 35=8; 34=140; 49=MS; 56=MTHREE; 52=2022-05-31-13:31:18; 55=AOS; 11=C_algo20220531133118; 31=0; 150=6; 39=6; 54=2; 44=40.38; 17=exec20220531133118; 32=0; 41=algo20220531133118; 38=21573; 60=2022-05-31-13:31:18; 6=0.0; 14=0; 37=algo20220531133118; 10=252;
8=FIX4.4; 35=8; 34=141; 49=MS; 56=MTHREE; 52=2022-05-31-13:31:18; 151=16180; 55=AOS; 11=C_algo20220531133118; 31=0; 150=4; 39=4; 54=2; 17=exec20220531133118; 32=0; 41=algo20220531133118; 38=21573; 60=2022-05-31-13:31:18; 6=0.0; 14=0; 37=algo20220531133118; 10=252;
8=FIX4.4; 35=D; 34=96; 49=MTHREE; 56=MS; 52=2022-05-31-13:31:20; 55=ATEN; 40=2; 38=24383; 21=2; 11=algo20220531133120; 60=2022-05-31-13:31:20; 54=1; 44=6.45; 10=0252;
8=FIX4.4; 35=8; 34=143; 49=MS; 56=MTHREE; 52=2022-05-31-13:31:20; 55=ATEN; 40=2; 11=algo20220531133120; 31=6.45; 150=0; 39=0; 54=1; 44=6.45; 32=0; 17=exec20220531133120; 38=24383; 60=2022-05-31-13:31:20; 6=0; 14=0; 37=algo20220531133120; 10=200;
8=FIX4.4; 35=F; 34=96; 49=MTHREE; 56=MS; 52=2022-05-31-13:31:20; 41=algo20220531133120; 55=ATEN; 38=24383; 11=C_algo20220531133120; 60=2022-05-31-13:31:20; 10=060;
8=FIX4.4; 35=8; 34=143; 49=MS; 56=MTHREE; 52=2022-05-31-13:31:20; 55=ATEN; 11=C_algo20220531133120; 31=0; 150=6; 39=6; 54=1; 44=6.45; 17=exec20220531133120; 32=0; 41=algo20220531133120; 38=24383; 60=2022-05-31-13:31:20; 6=0.0; 14=0; 37=algo20220531133120; 10=252;
8=FIX4.4; 35=8; 34=144; 49=MS; 56=MTHREE; 52=2022-05-31-13:31:20; 151=16256; 55=ATEN; 11=C_algo20220531133120; 31=0; 150=4; 39=4; 54=1; 17=exec20220531133120; 32=0; 41=algo20220531133120; 38=24383; 60=2022-05-31-13:31:20; 6=0.0; 14=0; 37=algo20220531133120; 10=252;
8=FIX4.4; 35=D; 34=98; 49=MTHREE; 56=MS; 52=2022-05-31-13:31:22; 55=AIR; 40=2; 38=13406; 21=2; 11=algo20220531133122; 60=2022-05-31-13:31:22; 54=2; 44=16.31; 10=0252;
8=FIX4.4; 35=8; 34=146; 49=MS; 56=MTHREE; 52=2022-05-31-13:31:22; 55=AIR; 40=2; 11=algo20220531133122; 31=16.31; 150=0; 39=0; 54=2; 44=16.31; 32=0; 17=exec20220531133122; 38=13406; 60=2022-05-31-13:31:22; 6=0; 14=0; 37=algo20220531133122; 10=200;
8=FIX4.4; 35=F; 34=98; 49=MTHREE; 56=MS; 52=2022-05-31-13:31:22; 41=algo20220531133122; 55=AIR; 38=13406; 11=C_algo20220531133122; 60=2022-05-31-13:31:22; 10=060;
8=FIX4.4; 35=8; 34=146; 49=MS; 56=MTHREE; 52=2022-05-31-13:31:22; 55=AIR; 11=C_algo20220531133122; 31=0; 150=6; 39=6; 54=2; 44=16.31; 17=exec20220531133122; 32=0; 41=algo20220531133122; 38=13406; 60=2022-05-31-13:31:22; 6=0.0; 14=0; 37=algo20220531133122; 10=252;
8=FIX4.4; 35=8; 34=147; 49=MS; 56=MTHREE; 52=2022-05-31-13:31:22; 151=8938; 55=AIR; 11=C_algo20220531133122; 31=0; 150=4; 39=4; 54=2; 17=exec20220531133122; 32=0; 41=algo20220531133122; 38=13406; 60=2022-05-31-13:31:22; 6=0.0; 14=0; 37=algo20220531133122; 10=252;
8=FIX4.4; 35=D; 34=100; 49=MTHREE; 56=MS; 52=2022-05-31-13:31:24; 55=AAN; 40=2; 38=2233; 21=2; 11=algo20220531133124; 60=2022-05-31-13:31:24; 54=2; 44=25.68; 10=0252;
8=FIX4.4; 35=8; 34=149; 49=MS; 56=MTHREE; 52=2022-05-31-13:31:24; 55=AAN; 40=2; 11=algo20220531133124; 31=25.68; 150=0; 39=0; 54=2; 44=25.68; 32=0; 17=exec20220531133124; 38=2233; 60=2022-05-31-13:31:24; 6=0; 14=0; 37=algo20220531133124; 10=200;
8=FIX4.4; 35=F; 34=100; 49=MTHREE; 56=MS; 52=2022-05-31-13:31:24; 41=algo20220531133124; 55=AAN; 38=2233; 11=C_algo20220531133124; 60=2022-05-31-13:31:24; 10=060;
8=FIX4.4; 35=8; 34=149; 49=MS; 56=MTHREE; 52=2022-05-31-13:31:24; 55=AAN; 11=C_algo20220531133124; 31=0; 150=6; 39=6; 54=2; 44=25.68; 17=exec20220531133124; 32=0; 41=algo20220531133124; 38=2233; 60=2022-05-31-13:31:24; 6=0.0; 14=0; 37=algo20220531133124; 10=252;
8=FIX4.4; 35=8; 34=150; 49=MS; 56=MTHREE; 52=2022-05-31-13:31:24; 151=1117; 55=AAN; 11=C_algo20220531133124; 31=0; 150=4; 39=4; 54=2; 17=exec20220531133124; 32=0; 41=algo20220531133124; 38=2233; 60=2022-05-31-13:31:24; 6=0.0; 14=0; 37=algo20220531133124; 10=252;
8=FIX4.4; 35=D; 34=102; 49=MTHREE; 56=MS; 52=2022-05-31-13:31:26; 55=ABB; 40=2; 38=27408; 21=2; 11=algo20220531133126; 60=2022-05-31-13:31:26; 54=2; 44=17.42; 10=0252;
8=FIX4.4; 35=8; 34=152; 49=MS; 56=MTHREE; 52=2022-05-31-13:31:26; 55=ABB; 40=2; 11=algo20220531133126; 31=17.42; 150=0; 39=0; 54=2; 44=17.42; 32=0; 17=exec20220531133126; 38=27408; 60=2022-05-31-13:31:26; 6=0; 14=0; 37=algo20220531133126; 10=200;
8=FIX4.4; 35=8; 34=153; 49=MS; 56=MTHREE; 52=2022-05-31-13:31:26; 55=ABB; 40=2; 11=algo20220531133126; 31=17.42; 150=1; 39=1; 54=2; 44=17.42; 32=13704; 17=exec20220531133126; 38=27408; 60=2022-05-31-13:31:26; 6=17.42; 14=13704; 37=algo20220531133126; 10=240;
8=FIX4.4; 35=8; 34=154; 49=MS; 56=MTHREE; 52=2022-05-31-13:31:28; 55=ABB; 40=2; 11=algo20220531133126; 31=17.42; 150=2; 39=2; 54=2; 44=17.42; 32=13704; 17=exec20220531133128; 38=27408; 60=2022-05-31-13:31:28; 6=17.42; 14=27408; 37=algo20220531133126; 10=246;
8=FIX4.4; 35=D; 34=103; 49=MTHREE; 56=MS; 52=2022-05-31-13:31:28; 55=ABT; 40=2; 38=5413; 21=2; 11=algo20220531133128; 60=2022-05-31-13:31:28; 54=2; 44=94.04; 10=0252;
8=FIX4.4; 35=8; 34=155; 49=MS; 56=MTHREE; 52=2022-05-31-13:31:28; 55=ABT; 40=2; 11=algo20220531133128; 31=94.04; 150=0; 39=0; 54=2; 44=94.04; 32=0; 17=exec20220531133128; 38=5413; 60=2022-05-31-13:31:28; 6=0; 14=0; 37=algo20220531133128; 10=200;
8=FIX4.4; 35=8; 34=156; 49=MS; 56=MTHREE; 52=2022-05-31-13:31:28; 55=ABT; 40=2; 11=algo20220531133128; 31=94.04; 150=1; 39=1; 54=2; 44=94.04; 32=1353; 17=exec20220531133128; 38=5413; 60=2022-05-31-13:31:28; 6=94.04; 14=1353; 37=algo20220531133128; 10=240;
8=FIX4.4; 35=F; 34=103; 49=MTHREE; 56=MS; 52=2022-05-31-13:31:29; 41=algo20220531133128; 55=ABT; 38=5413; 11=C_algo20220531133128; 60=2022-05-31-13:31:29; 10=060;
8=FIX4.4; 35=8; 34=156; 49=MS; 56=MTHREE; 52=2022-05-31-13:31:29; 55=ABT; 11=C_algo20220531133128; 31=0; 150=6; 39=6; 54=2; 44=94.04; 17=exec20220531133129; 32=0; 41=algo20220531133128; 38=5413; 60=2022-05-31-13:31:29; 6=0.0; 14=1353; 37=algo20220531133128; 10=252;
8=FIX4.4; 35=8; 34=157; 49=MS; 56=MTHREE; 52=2022-05-31-13:31:29; 151=2707; 55=ABT; 11=C_algo20220531133128; 31=0; 150=4; 39=4; 54=2; 17=exec20220531133129; 32=0; 41=algo20220531133128; 38=5413; 60=2022-05-31-13:31:29; 6=0.0; 14=1353; 37=algo20220531133128; 10=252;
8=FIX4.4; 35=D; 34=105; 49=MTHREE; 56=MS; 52=2022-05-31-13:31:31; 55=ABBV; 40=2; 38=17321; 21=2; 11=algo20220531133131; 60=2022-05-31-13:31:31; 54=2; 44=83.60; 10=0252;
8=FIX4.4; 35=8; 34=159; 49=MS; 56=MTHREE; 52=2022-05-31-13:31:31; 55=ABBV; 40=2; 11=algo20220531133131; 31=83.60; 150=0; 39=0; 54=2; 44=83.60; 32=0; 17=exec20220531133131; 38=17321; 60=2022-05-31-13:31:31; 6=0; 14=0; 37=algo20220531133131; 10=200;
8=FIX4.4; 35=F; 34=105; 49=MTHREE; 56=MS; 52=2022-05-31-13:31:31; 41=algo20220531133131; 55=ABBV; 38=17321; 11=C_algo20220531133131; 60=2022-05-31-13:31:31; 10=060;
8=FIX4.4; 35=8; 34=159; 49=MS; 56=MTHREE; 52=2022-05-31-13:31:31; 55=ABBV; 11=C_algo20220531133131; 31=0; 150=6; 39=6; 54=2; 44=83.60; 17=exec20220531133131; 32=0; 41=algo20220531133131; 38=17321; 60=2022-05-31-13:31:31; 6=0.0; 14=0; 37=algo20220531133131; 10=252;
8=FIX4.4; 35=8; 34=160; 49=MS; 56=MTHREE; 52=2022-05-31-13:31:31; 151=12991; 55=ABBV; 11=C_algo20220531133131; 31=0; 150=4; 39=4; 54=2; 17=exec20220531133131; 32=0; 41=algo20220531133131; 38=17321; 60=2022-05-31-13:31:31; 6=0.0; 14=0; 37=algo20220531133131; 10=252;
8=FIX4.4; 35=D; 34=107; 49=MTHREE; 56=MS; 52=2022-05-31-13:31:33; 55=ANF; 40=2; 38=16748; 21=2; 11=algo20220531133133; 60=2022-05-31-13:31:33; 54=1; 44=9.10; 10=0252;
8=FIX4.4; 35=8; 34=162; 49=MS; 56=MTHREE; 52=2022-05-31-13:31:33; 55=ANF; 40=2; 11=algo20220531133133; 31=9.10; 150=0; 39=0; 54=1; 44=9.10; 32=0; 17=exec20220531133133; 38=16748; 60=2022-05-31-13:31:33; 6=0; 14=0; 37=algo20220531133133; 10=200;
8=FIX4.4; 35=F; 34=107; 49=MTHREE; 56=MS; 52=2022-05-31-13:31:33; 41=algo20220531133133; 55=ANF; 38=16748; 11=C_algo20220531133133; 60=2022-05-31-13:31:33; 10=060;
8=FIX4.4; 35=8; 34=162; 49=MS; 56=MTHREE; 52=2022-05-31-13:31:33; 55=ANF; 11=C_algo20220531133133; 31=0; 150=6; 39=6; 54=1; 44=9.10; 17=exec20220531133133; 32=0; 41=algo20220531133133; 38=16748; 60=2022-05-31-13:31:33; 6=0.0; 14=0; 37=algo20220531133133; 10=252;
8=FIX4.4; 35=8; 34=163; 49=MS; 56=MTHREE; 52=2022-05-31-13:31:33; 151=13399; 55=ANF; 11=C_algo20220531133133; 31=0; 150=4; 39=4; 54=1; 17=exec20220531133133; 32=0; 41=algo20220531133133; 38=16748; 60=2022-05-31-13:31:33; 6=0.0; 14=0; 37=algo20220531133133; 10=252;
8=FIX4.4; 35=D; 34=109; 49=MTHREE; 56=MS; 52=2022-05-31-13:31:35; 55=ABM; 40=2; 38=19362; 21=2; 11=algo20220531133135; 60=2022-05-31-13:31:35; 54=2; 44=31.64; 10=0252;
8=FIX4.4; 35=8; 34=165; 49=MS; 56=MTHREE; 52=2022-05-31-13:31:35; 55=ABM; 40=2; 11=algo20220531133135; 31=31.64; 150=0; 39=0; 54=2; 44=31.64; 32=0; 17=exec20220531133135; 38=19362; 60=2022-05-31-13:31:35; 6=0; 14=0; 37=algo20220531133135; 10=200;
8=FIX4.4; 35=F; 34=109; 49=MTHREE; 56=MS; 52=2022-05-31-13:31:35; 41=algo20220531133135; 55=ABM; 38=19362; 11=C_algo20220531133135; 60=2022-05-31-13:31:35; 10=060;
8=FIX4.4; 35=8; 34=165; 49=MS; 56=MTHREE; 52=2022-05-31-13:31:35; 55=ABM; 11=C_algo20220531133135; 31=0; 150=6; 39=6; 54=2; 44=31.64; 17=exec20220531133135; 32=0; 41=algo20220531133135; 38=19362; 60=2022-05-31-13:31:35; 6=0.0; 14=0; 37=algo20220531133135; 10=252;
8=FIX4.4; 35=8; 34=166; 49=MS; 56=MTHREE; 52=2022-05-31-13:31:35; 151=14522; 55=ABM; 11=C_algo20220531133135; 31=0; 150=4; 39=4; 54=2; 17=exec20220531133135; 32=0; 41=algo20220531133135; 38=19362; 60=2022-05-31-13:31:35; 6=0.0; 14=0; 37=algo20220531133135; 10=252;
8=FIX4.4; 35=D; 34=111; 49=MTHREE; 56=MS; 52=2022-05-31-13:31:37; 55=AAPL; 40=2; 38=23416; 21=2; 11=algo20220531133137; 60=2022-05-31-13:31:37; 54=2; 44=284.65; 10=0252;
8=FIX4.4; 35=8; 34=168; 49=MS; 56=MTHREE; 52=2022-05-31-13:31:37; 55=AAPL; 40=2; 11=algo20220531133137; 31=284.65; 150=0; 39=0; 54=2; 44=284.65; 32=0; 17=exec20220531133137; 38=23416; 60=2022-05-31-13:31:37; 6=0; 14=0; 37=algo20220531133137; 10=200;
8=FIX4.4; 35=8; 34=169; 49=MS; 56=MTHREE; 52=2022-05-31-13:31:37; 55=AAPL; 40=2; 11=algo20220531133137; 31=284.65; 150=1; 39=1; 54=2; 44=284.65; 32=4683; 17=exec20220531133137; 38=23416; 60=2022-05-31-13:31:37; 6=284.65; 14=4683; 37=algo20220531133137; 10=240;
8=FIX4.4; 35=F; 34=111; 49=MTHREE; 56=MS; 52=2022-05-31-13:31:38; 41=algo20220531133137; 55=AAPL; 38=23416; 11=C_algo20220531133137; 60=2022-05-31-13:31:38; 10=060;
8=FIX4.4; 35=8; 34=169; 49=MS; 56=MTHREE; 52=2022-05-31-13:31:38; 55=AAPL; 11=C_algo20220531133137; 31=0; 150=6; 39=6; 54=2; 44=284.65; 17=exec20220531133138; 32=0; 41=algo20220531133137; 38=23416; 60=2022-05-31-13:31:38; 6=0.0; 14=4683; 37=algo20220531133137; 10=252;
8=FIX4.4; 35=8; 34=170; 49=MS; 56=MTHREE; 52=2022-05-31-13:31:38; 151=14050; 55=AAPL; 11=C_algo20220531133137; 31=0; 150=4; 39=4; 54=2; 17=exec20220531133138; 32=0; 41=algo20220531133137; 38=23416; 60=2022-05-31-13:31:38; 6=0.0; 14=4683; 37=algo20220531133137; 10=252;
8=FIX4.4; 35=D; 34=113; 49=MTHREE; 56=MS; 52=2022-05-31-13:31:40; 55=PEP; 40=2; 38=101; 21=2; 11=algo20220531133140; 60=2022-05-31-13:31:40; 54=2; 44=45.43; 10=0252;
8=FIX4.4; 35=8; 34=172; 49=MS; 56=MTHREE; 52=2022-05-31-13:31:40; 55=PEP; 40=2; 11=algo20220531133140; 31=45.43; 150=0; 39=0; 54=2; 44=45.43; 32=0; 17=exec20220531133140; 38=101; 60=2022-05-31-13:31:40; 6=0; 14=0; 37=algo20220531133140; 10=200;
8=FIX4.4; 35=8; 34=173; 49=MS; 56=MTHREE; 52=2022-05-31-13:31:41; 55=PEP; 40=2; 11=algo20220531133140; 31=45.43; 150=2; 39=2; 54=2; 44=45.43; 32=101; 17=exec20220531133141; 38=101; 60=2022-05-31-13:31:41; 6=45.43; 14=101; 37=algo20220531133140; 10=246;
8=FIX4.4; 35=D; 34=114; 49=MTHREE; 56=MS; 52=2022-05-31-13:31:41; 55=; 40=2; 38=14913; 21=2; 11=algo20220531133141; 60=2022-05-31-13:31:41; 54=1; 44=; 10=0252;
8=FIX4.4; 35=8; 34=174; 49=MS; 56=MTHREE; 52=2022-05-31-13:31:41; 55=; 40=2; 11=algo20220531133141; 31=; 150=0; 39=0; 54=1; 44=; 32=0; 17=exec20220531133141; 38=14913; 60=2022-05-31-13:31:41; 6=0; 14=0; 37=algo20220531133141; 10=200;
8=FIX4.4; 35=F; 34=114; 49=MTHREE; 56=MS; 52=2022-05-31-13:31:41; 41=algo20220531133141; 55=; 38=14913; 11=C_algo20220531133141; 60=2022-05-31-13:31:41; 10=060;
8=FIX4.4; 35=8; 34=174; 49=MS; 56=MTHREE; 52=2022-05-31-13:31:41; 55=; 11=C_algo20220531133141; 31=0; 150=6; 39=6; 54=1; 44=; 17=exec20220531133141; 32=0; 41=algo20220531133141; 38=14913; 60=2022-05-31-13:31:41; 6=0.0; 14=0; 37=algo20220531133141; 10=252;
8=FIX4.4; 35=8; 34=175; 49=MS; 56=MTHREE; 52=2022-05-31-13:31:41; 151=11931; 55=; 11=C_algo20220531133141; 31=0; 150=4; 39=4; 54=1; 17=exec20220531133141; 32=0; 41=algo20220531133141; 38=14913; 60=2022-05-31-13:31:41; 6=0.0; 14=0; 37=algo20220531133141; 10=252;
