8=FIX4.4; 35=A; 34=1; 49=MTHREE; 56=MS; 52=2022-05-31-13:27:56; 108=30; 10=0015;
8=FIX4.4; 35=A; 34=1; 49=MS; 56=MTHREE; 52=2022-05-31-13:27:56; 108=30; 10=0016;
8=FIX4.4; 35=0; 34=2; 49=MTHREE; 56=MS; 52=2022-05-31-13:27:56; 108=30; 10=0015;
8=FIX4.4; 35=0; 34=2; 49=MS; 56=MTHREE; 52=2022-05-31-13:27:56; 108=30; 10=0015;
8=FIX4.4; 35=0; 34=3; 49=MTHREE; 56=MS; 52=2022-05-31-13:27:58; 108=30; 10=0015;
8=FIX4.4; 35=0; 34=3; 49=MS; 56=MTHREE; 52=2022-05-31-13:27:58; 108=30; 10=0015;
8=FIX4.4; 35=0; 34=4; 49=MTHREE; 56=MS; 52=2022-05-31-13:28:00; 108=30; 10=0015;
8=FIX4.4; 35=0; 34=4; 49=MS; 56=MTHREE; 52=2022-05-31-13:28:00; 108=30; 10=0015;
8=FIX4.4; 35=0; 34=5; 49=MTHREE; 56=MS; 52=2022-05-31-13:28:02; 108=30; 10=0015;
8=FIX4.4; 35=0; 34=5; 49=MS; 56=MTHREE; 52=2022-05-31-13:28:02; 108=30; 10=0015;
8=FIX4.4; 35=0; 34=6; 49=MTHREE; 56=MS; 52=2022-05-31-13:28:04; 108=30; 10=0015;
8=FIX4.4; 35=0; 34=6; 49=MS; 56=MTHREE; 52=2022-05-31-13:28:04; 108=30; 10=0015;
8=FIX4.4; 35=0; 34=7; 49=MTHREE; 56=MS; 52=2022-05-31-13:28:06; 108=30; 10=0015;
8=FIX4.4; 35=0; 34=7; 49=MS; 56=MTHREE; 52=2022-05-31-13:28:06; 108=30; 10=0015;
8=FIX4.4; 35=0; 34=8; 49=MTHREE; 56=MS; 52=2022-05-31-13:28:08; 108=30; 10=0015;
8=FIX4.4; 35=0; 34=8; 49=MS; 56=MTHREE; 52=2022-05-31-13:28:08; 108=30; 10=0015;
8=FIX4.4; 35=0; 34=9; 49=MTHREE; 56=MS; 52=2022-05-31-13:28:10; 108=30; 10=0015;
8=FIX4.4; 35=0; 34=9; 49=MS; 56=MTHREE; 52=2022-05-31-13:28:10; 108=30; 10=0015;
8=FIX4.4; 35=0; 34=10; 49=MTHREE; 56=MS; 52=2022-05-31-13:28:12; 108=30; 10=0015;
8=FIX4.4; 35=0; 34=10; 49=MS; 56=MTHREE; 52=2022-05-31-13:28:12; 108=30; 10=0015;
8=FIX4.4; 35=0; 34=11; 49=MTHREE; 56=MS; 52=2022-05-31-13:28:14; 108=30; 10=0015;
8=FIX4.4; 35=0; 34=11; 49=MS; 56=MTHREE; 52=2022-05-31-13:28:14; 108=30; 10=0015;
8=FIX4.4; 35=0; 34=12; 49=MTHREE; 56=MS; 52=2022-05-31-13:28:16; 108=30; 10=0015;
8=FIX4.4; 35=0; 34=12; 49=MS; 56=MTHREE; 52=2022-05-31-13:28:16; 108=30; 10=0015;
8=FIX4.4; 35=0; 34=13; 49=MTHREE; 56=MS; 52=2022-05-31-13:28:18; 108=30; 10=0015;
8=FIX4.4; 35=0; 34=13; 49=MS; 56=MTHREE; 52=2022-05-31-13:28:18; 108=30; 10=0015;
8=FIX4.4; 35=0; 34=14; 49=MTHREE; 56=MS; 52=2022-05-31-13:28:20; 108=30; 10=0015;
8=FIX4.4; 35=0; 34=14; 49=MS; 56=MTHREE; 52=2022-05-31-13:28:20; 108=30; 10=0015;
8=FIX4.4; 35=0; 34=15; 49=MTHREE; 56=MS; 52=2022-05-31-13:28:22; 108=30; 10=0015;
8=FIX4.4; 35=0; 34=15; 49=MS; 56=MTHREE; 52=2022-05-31-13:28:22; 108=30; 10=0015;
8=FIX4.4; 35=0; 34=16; 49=MTHREE; 56=MS; 52=2022-05-31-13:28:24; 108=30; 10=0015;
8=FIX4.4; 35=0; 34=16; 49=MS; 56=MTHREE; 52=2022-05-31-13:28:24; 108=30; 10=0015;
8=FIX4.4; 35=0; 34=17; 49=MTHREE; 56=MS; 52=2022-05-31-13:28:26; 108=30; 10=0015;
8=FIX4.4; 35=0; 34=17; 49=MS; 56=MTHREE; 52=2022-05-31-13:28:26; 108=30; 10=0015;
8=FIX4.4; 35=0; 34=18; 49=MTHREE; 56=MS; 52=2022-05-31-13:28:28; 108=30; 10=0015;
8=FIX4.4; 35=0; 34=18; 49=MS; 56=MTHREE; 52=2022-05-31-13:28:28; 108=30; 10=0015;
8=FIX4.4; 35=0; 34=19; 49=MTHREE; 56=MS; 52=2022-05-31-13:28:30; 108=30; 10=0015;
8=FIX4.4; 35=0; 34=19; 49=MS; 56=MTHREE; 52=2022-05-31-13:28:30; 108=30; 10=0015;
8=FIX4.4; 35=0; 34=20; 49=MTHREE; 56=MS; 52=2022-05-31-13:28:32; 108=30; 10=0015;
8=FIX4.4; 35=0; 34=20; 49=MS; 56=MTHREE; 52=2022-05-31-13:28:32; 108=30; 10=0015;
8=FIX4.4; 35=0; 34=21; 49=MTHREE; 56=MS; 52=2022-05-31-13:28:34; 108=30; 10=0015;
8=FIX4.4; 35=0; 34=21; 49=MS; 56=MTHREE; 52=2022-05-31-13:28:34; 108=30; 10=0015;
8=FIX4.4; 35=0; 34=22; 49=MTHREE; 56=MS; 52=2022-05-31-13:28:36; 108=30; 10=0015;
8=FIX4.4; 35=0; 34=22; 49=MS; 56=MTHREE; 52=2022-05-31-13:28:36; 108=30; 10=0015;
8=FIX4.4; 35=0; 34=23; 49=MTHREE; 56=MS; 52=2022-05-31-13:28:38; 108=30; 10=0015;
8=FIX4.4; 35=0; 34=23; 49=MS; 56=MTHREE; 52=2022-05-31-13:28:38; 108=30; 10=0015;
8=FIX4.4; 35=0; 34=24; 49=MTHREE; 56=MS; 52=2022-05-31-13:28:40; 108=30; 10=0015;
8=FIX4.4; 35=0; 34=24; 49=MS; 56=MTHREE; 52=2022-05-31-13:28:40; 108=30; 10=0015;
8=FIX4.4; 35=0; 34=25; 49=MTHREE; 56=MS; 52=2022-05-31-13:28:42; 108=30; 10=0015;
8=FIX4.4; 35=0; 34=25; 49=MS; 56=MTHREE; 52=2022-05-31-13:28:42; 108=30; 10=0015;
8=FIX4.4; 35=0; 34=26; 49=MTHREE; 56=MS; 52=2022-05-31-13:28:44; 108=30; 10=0015;
8=FIX4.4; 35=0; 34=26; 49=MS; 56=MTHREE; 52=2022-05-31-13:28:44; 108=30; 10=0015;
8=FIX4.4; 35=0; 34=27; 49=MTHREE; 56=MS; 52=2022-05-31-13:28:46; 108=30; 10=0015;
8=FIX4.4; 35=0; 34=27; 49=MS; 56=MTHREE; 52=2022-05-31-13:28:46; 108=30; 10=0015;
8=FIX4.4; 35=0; 34=28; 49=MTHREE; 56=MS; 52=2022-05-31-13:28:48; 108=30; 10=0015;
8=FIX4.4; 35=0; 34=28; 49=MS; 56=MTHREE; 52=2022-05-31-13:28:48; 108=30; 10=0015;
8=FIX4.4; 35=0; 34=29; 49=MTHREE; 56=MS; 52=2022-05-31-13:28:50; 108=30; 10=0015;
8=FIX4.4; 35=0; 34=29; 49=MS; 56=MTHREE; 52=2022-05-31-13:28:50; 108=30; 10=0015;
8=FIX4.4; 35=0; 34=30; 49=MTHREE; 56=MS; 52=2022-05-31-13:28:52; 108=30; 10=0015;
8=FIX4.4; 35=0; 34=30; 49=MS; 56=MTHREE; 52=2022-05-31-13:28:52; 108=30; 10=0015;
8=FIX4.4; 35=0; 34=31; 49=MTHREE; 56=MS; 52=2022-05-31-13:28:54; 108=30; 10=0015;
8=FIX4.4; 35=0; 34=31; 49=MS; 56=MTHREE; 52=2022-05-31-13:28:54; 108=30; 10=0015;
8=FIX4.4; 35=0; 34=32; 49=MTHREE; 56=MS; 52=2022-05-31-13:28:56; 108=30; 10=0015;
8=FIX4.4; 35=0; 34=32; 49=MS; 56=MTHREE; 52=2022-05-31-13:28:56; 108=30; 10=0015;
8=FIX4.4; 35=0; 34=33; 49=MTHREE; 56=MS; 52=2022-05-31-13:28:58; 108=30; 10=0015;
8=FIX4.4; 35=0; 34=33; 49=MS; 56=MTHREE; 52=2022-05-31-13:28:58; 108=30; 10=0015;
8=FIX4.4; 35=0; 34=34; 49=MTHREE; 56=MS; 52=2022-05-31-13:29:00; 108=30; 10=0015;
8=FIX4.4; 35=0; 34=34; 49=MS; 56=MTHREE; 52=2022-05-31-13:29:00; 108=30; 10=0015;
8=FIX4.4; 35=0; 34=35; 49=MTHREE; 56=MS; 52=2022-05-31-13:29:02; 108=30; 10=0015;
8=FIX4.4; 35=0; 34=35; 49=MS; 56=MTHREE; 52=2022-05-31-13:29:02; 108=30; 10=0015;
8=FIX4.4; 35=0; 34=36; 49=MTHREE; 56=MS; 52=2022-05-31-13:29:04; 108=30; 10=0015;
8=FIX4.4; 35=0; 34=36; 49=MS; 56=MTHREE; 52=2022-05-31-13:29:04; 108=30; 10=0015;
8=FIX4.4; 35=0; 34=37; 49=MTHREE; 56=MS; 52=2022-05-31-13:29:06; 108=30; 10=0015;
8=FIX4.4; 35=0; 34=37; 49=MS; 56=MTHREE; 52=2022-05-31-13:29:06; 108=30; 10=0015;
8=FIX4.4; 35=0; 34=38; 49=MTHREE; 56=MS; 52=2022-05-31-13:29:08; 108=30; 10=0015;
8=FIX4.4; 35=0; 34=38; 49=MS; 56=MTHREE; 52=2022-05-31-13:29:08; 108=30; 10=0015;
8=FIX4.4; 35=0; 34=39; 49=MTHREE; 56=MS; 52=2022-05-31-13:29:10; 108=30; 10=0015;
8=FIX4.4; 35=0; 34=39; 49=MS; 56=MTHREE; 52=2022-05-31-13:29:10; 108=30; 10=0015;
8=FIX4.4; 35=0; 34=40; 49=MTHREE; 56=MS; 52=2022-05-31-13:29:12; 108=30; 10=0015;
8=FIX4.4; 35=0; 34=40; 49=MS; 56=MTHREE; 52=2022-05-31-13:29:12; 108=30; 10=0015;
8=FIX4.4; 35=0; 34=41; 49=MTHREE; 56=MS; 52=2022-05-31-13:29:14; 108=30; 10=0015;
8=FIX4.4; 35=0; 34=41; 49=MS; 56=MTHREE; 52=2022-05-31-13:29:14; 108=30; 10=0015;
8=FIX4.4; 35=0; 34=42; 49=MTHREE; 56=MS; 52=2022-05-31-13:29:16; 108=30; 10=0015;
8=FIX4.4; 35=0; 34=42; 49=MS; 56=MTHREE; 52=2022-05-31-13:29:16; 108=30; 10=0015;
8=FIX4.4; 35=0; 34=43; 49=MTHREE; 56=MS; 52=2022-05-31-13:29:18; 108=30; 10=0015;
8=FIX4.4; 35=0; 34=43; 49=MS; 56=MTHREE; 52=2022-05-31-13:29:18; 108=30; 10=0015;
8=FIX4.4; 35=0; 34=44; 49=MTHREE; 56=MS; 52=2022-05-31-13:29:20; 108=30; 10=0015;
8=FIX4.4; 35=0; 34=44; 49=MS; 56=MTHREE; 52=2022-05-31-13:29:20; 108=30; 10=0015;
8=FIX4.4; 35=0; 34=45; 49=MTHREE; 56=MS; 52=2022-05-31-13:29:22; 108=30; 10=0015;
8=FIX4.4; 35=0; 34=45; 49=MS; 56=MTHREE; 52=2022-05-31-13:29:22; 108=30; 10=0015;
8=FIX4.4; 35=0; 34=46; 49=MTHREE; 56=MS; 52=2022-05-31-13:29:24; 108=30; 10=0015;
8=FIX4.4; 35=0; 34=46; 49=MS; 56=MTHREE; 52=2022-05-31-13:29:24; 108=30; 10=0015;
8=FIX4.4; 35=0; 34=47; 49=MTHREE; 56=MS; 52=2022-05-31-13:29:26; 108=30; 10=0015;
8=FIX4.4; 35=0; 34=47; 49=MS; 56=MTHREE; 52=2022-05-31-13:29:26; 108=30; 10=0015;
8=FIX4.4; 35=0; 34=48; 49=MTHREE; 56=MS; 52=2022-05-31-13:29:28; 108=30; 10=0015;
8=FIX4.4; 35=0; 34=48; 49=MS; 56=MTHREE; 52=2022-05-31-13:29:28; 108=30; 10=0015;
8=FIX4.4; 35=0; 34=49; 49=MTHREE; 56=MS; 52=2022-05-31-13:29:30; 108=30; 10=0015;
8=FIX4.4; 35=0; 34=49; 49=MS; 56=MTHREE; 52=2022-05-31-13:29:30; 108=30; 10=0015;
8=FIX4.4; 35=0; 34=50; 49=MTHREE; 56=MS; 52=2022-05-31-13:29:32; 108=30; 10=0015;
8=FIX4.4; 35=0; 34=50; 49=MS; 56=MTHREE; 52=2022-05-31-13:29:32; 108=30; 10=0015;
8=FIX4.4; 35=0; 34=51; 49=MTHREE; 56=MS; 52=2022-05-31-13:29:34; 108=30; 10=0015;
8=FIX4.4; 35=0; 34=51; 49=MS; 56=MTHREE; 52=2022-05-31-13:29:34; 108=30; 10=0015;
8=FIX4.4; 35=D; 34=52; 49=MTHREE; 56=MS; 52=2022-05-31-13:29:36; 55=AAPL; 40=2; 38=840; 21=2; 11=algo20220531132936; 60=2022-05-31-13:29:36; 54=2; 44=1276.37; 10=0252;
8=FIX4.4; 35=8; 34=52; 49=MS; 56=MTHREE; 52=2022-05-31-13:29:36; 55=AAPL; 40=2; 11=algo20220531132936; 31=1276.37; 150=0; 39=0; 54=2; 44=1276.37; 32=0; 17=exec20220531132936; 38=840; 60=2022-05-31-13:29:36; 6=0; 14=0; 37=algo20220531132936; 10=200;
8=FIX4.4; 35=8; 34=53; 49=MS; 56=MTHREE; 52=2022-05-31-13:29:36; 55=AAPL; 40=2; 11=algo20220531132936; 31=1276.37; 150=1; 39=1; 54=2; 44=1276.37; 32=280; 17=exec20220531132936; 38=840; 60=2022-05-31-13:29:36; 6=1276.37; 14=280; 37=algo20220531132936; 10=240;
8=FIX4.4; 35=8; 34=54; 49=MS; 56=MTHREE; 52=2022-05-31-13:29:37; 55=AAPL; 40=2; 11=algo20220531132936; 31=1276.37; 150=1; 39=1; 54=2; 44=1276.37; 32=280; 17=exec20220531132937; 38=840; 60=2022-05-31-13:29:37; 6=1276.37; 14=560; 37=algo20220531132936; 10=240;
8=FIX4.4; 35=8; 34=55; 49=MS; 56=MTHREE; 52=2022-05-31-13:29:39; 55=AAPL; 40=2; 11=algo20220531132936; 31=1276.37; 150=2; 39=2; 54=2; 44=1276.37; 32=280; 17=exec20220531132939; 38=840; 60=2022-05-31-13:29:39; 6=1276.37; 14=840; 37=algo20220531132936; 10=246;
8=FIX4.4; 35=D; 34=53; 49=MTHREE; 56=MS; 52=2022-05-31-13:29:39; 55=MSFT; 40=2; 38=27245; 21=2; 11=algo20220531132939; 60=2022-05-31-13:29:39; 54=1; 44=59.89; 10=0252;
8=FIX4.4; 35=8; 34=56; 49=MS; 56=MTHREE; 52=2022-05-31-13:29:39; 55=MSFT; 40=2; 11=algo20220531132939; 31=59.89; 150=0; 39=0; 54=1; 44=59.89; 32=0; 17=exec20220531132939; 38=27245; 60=2022-05-31-13:29:39; 6=0; 14=0; 37=algo20220531132939; 10=200;
8=FIX4.4; 35=8; 34=57; 49=MS; 56=MTHREE; 52=2022-05-31-13:29:39; 55=MSFT; 40=2; 11=algo20220531132939; 31=59.89; 150=1; 39=1; 54=1; 44=59.89; 32=6811; 17=exec20220531132939; 38=27245; 60=2022-05-31-13:29:39; 6=59.89; 14=6811; 37=algo20220531132939; 10=240;
8=FIX4.4; 35=8; 34=58; 49=MS; 56=MTHREE; 52=2022-05-31-13:29:40; 55=MSFT; 40=2; 11=algo20220531132939; 31=59.89; 150=1; 39=1; 54=1; 44=59.89; 32=6811; 17=exec20220531132940; 38=27245; 60=2022-05-31-13:29:40; 6=59.89; 14=13622; 37=algo20220531132939; 10=240;
8=FIX4.4; 35=8; 34=59; 49=MS; 56=MTHREE; 52=2022-05-31-13:29:41; 55=MSFT; 40=2; 11=algo20220531132939; 31=59.89; 150=1; 39=1; 54=1; 44=59.89; 32=6811; 17=exec20220531132941; 38=27245; 60=2022-05-31-13:29:41; 6=59.89; 14=20433; 37=algo20220531132939; 10=240;
8=FIX4.4; 35=8; 34=60; 49=MS; 56=MTHREE; 52=2022-05-31-13:29:43; 55=MSFT; 40=2; 11=algo20220531132939; 31=59.89; 150=2; 39=2; 54=1; 44=59.89; 32=6812; 17=exec20220531132943; 38=27245; 60=2022-05-31-13:29:43; 6=59.89; 14=27245; 37=algo20220531132939; 10=246;
8=FIX4.4; 35=D; 34=54; 49=MTHREE; 56=MS; 52=2022-05-31-13:29:43; 55=AMZN; 40=2; 38=26600; 21=2; 11=algo20220531132943; 60=2022-05-31-13:29:43; 54=2; 44=133.47; 10=0252;
8=FIX4.4; 35=8; 34=61; 49=MS; 56=MTHREE; 52=2022-05-31-13:29:43; 55=AMZN; 40=2; 11=algo20220531132943; 31=133.47; 150=0; 39=0; 54=2; 44=133.47; 32=0; 17=exec20220531132943; 38=26600; 60=2022-05-31-13:29:43; 6=0; 14=0; 37=algo20220531132943; 10=200;
8=FIX4.4; 35=8; 34=62; 49=MS; 56=MTHREE; 52=2022-05-31-13:29:43; 55=AMZN; 40=2; 11=algo20220531132943; 31=133.47; 150=1; 39=1; 54=2; 44=133.47; 32=13300; 17=exec20220531132943; 38=26600; 60=2022-05-31-13:29:43; 6=133.47; 14=13300; 37=algo20220531132943; 10=240;
8=FIX4.4; 35=8; 34=63; 49=MS; 56=MTHREE; 52=2022-05-31-13:29:45; 55=AMZN; 40=2; 11=algo20220531132943; 31=133.47; 150=2; 39=2; 54=2; 44=133.47; 32=13300; 17=exec20220531132945; 38=26600; 60=2022-05-31-13:29:45; 6=133.47; 14=26600; 37=algo20220531132943; 10=246;
8=FIX4.4; 35=D; 34=55; 49=MTHREE; 56=MS; 52=2022-05-31-13:29:45; 55=FB; 40=2; 38=7628; 21=2; 11=algo20220531132945; 60=2022-05-31-13:29:45; 54=1; 44=430.62; 10=0252;
8=FIX4.4; 35=8; 34=64; 49=MS; 56=MTHREE; 52=2022-05-31-13:29:45; 55=FB; 40=2; 11=algo20220531132945; 31=430.62; 150=0; 39=0; 54=1; 44=430.62; 32=0; 17=exec20220531132945; 38=7628; 60=2022-05-31-13:29:45; 6=0; 14=0; 37=algo20220531132945; 10=200;
8=FIX4.4; 35=F; 34=55; 49=MTHREE; 56=MS; 52=2022-05-31-13:29:45; 41=algo20220531132945; 55=FB; 38=7628; 11=C_algo20220531132945; 60=2022-05-31-13:29:45; 10=060;
8=FIX4.4; 35=8; 34=64; 49=MS; 56=MTHREE; 52=2022-05-31-13:29:45; 55=FB; 11=C_algo20220531132945; 31=0; 150=6; 39=6; 54=1; 44=430.62; 17=exec20220531132945; 32=0; 41=algo20220531132945; 38=7628; 60=2022-05-31-13:29:45; 6=0.0; 14=0; 37=algo20220531132945; 10=252;
8=FIX4.4; 35=8; 34=65; 49=MS; 56=MTHREE; 52=2022-05-31-13:29:45; 151=5086; 55=FB; 11=C_algo20220531132945; 31=0; 150=4; 39=4; 54=1; 17=exec20220531132945; 32=0; 41=algo20220531132945; 38=7628; 60=2022-05-31-13:29:45; 6=0.0; 14=0; 37=algo20220531132945; 10=252;
8=FIX4.4; 35=D; 34=57; 49=MTHREE; 56=MS; 52=2022-05-31-13:29:47; 55=GOOG; 40=2; 38=24386; 21=2; 11=algo20220531132947; 60=2022-05-31-13:29:47; 54=2; 44=42.05; 10=0252;
8=FIX4.4; 35=8; 34=67; 49=MS; 56=MTHREE; 52=2022-05-31-13:29:47; 55=GOOG; 40=2; 11=algo20220531132947; 31=42.05; 150=0; 39=0; 54=2; 44=42.05; 32=0; 17=exec20220531132947; 38=24386; 60=2022-05-31-13:29:47; 6=0; 14=0; 37=algo20220531132947; 10=200;
8=FIX4.4; 35=8; 34=68; 49=MS; 56=MTHREE; 52=2022-05-31-13:29:47; 55=GOOG; 40=2; 11=algo20220531132947; 31=42.05; 150=1; 39=1; 54=2; 44=42.05; 32=6096; 17=exec20220531132947; 38=24386; 60=2022-05-31-13:29:47; 6=42.05; 14=6096; 37=algo20220531132947; 10=240;
8=FIX4.4; 35=F; 34=57; 49=MTHREE; 56=MS; 52=2022-05-31-13:29:48; 41=algo20220531132947; 55=GOOG; 38=24386; 11=C_algo20220531132947; 60=2022-05-31-13:29:48; 10=060;
8=FIX4.4; 35=8; 34=68; 49=MS; 56=MTHREE; 52=2022-05-31-13:29:48; 55=GOOG; 11=C_algo20220531132947; 31=0; 150=6; 39=6; 54=2; 44=42.05; 17=exec20220531132948; 32=0; 41=algo20220531132947; 38=24386; 60=2022-05-31-13:29:48; 6=0.0; 14=6096; 37=algo20220531132947; 10=252;
8=FIX4.4; 35=8; 34=69; 49=MS; 56=MTHREE; 52=2022-05-31-13:29:48; 151=12194; 55=GOOG; 11=C_algo20220531132947; 31=0; 150=4; 39=4; 54=2; 17=exec20220531132948; 32=0; 41=algo20220531132947; 38=24386; 60=2022-05-31-13:29:48; 6=0.0; 14=6096; 37=algo20220531132947; 10=252;
8=FIX4.4; 35=D; 34=59; 49=MTHREE; 56=MS; 52=2022-05-31-13:29:50; 55=GOOGL; 40=2; 38=2874; 21=2; 11=algo20220531132950; 60=2022-05-31-13:29:50; 54=2; 44=289.20; 10=0252;
8=FIX4.4; 35=8; 34=71; 49=MS; 56=MTHREE; 52=2022-05-31-13:29:50; 55=GOOGL; 40=2; 11=algo20220531132950; 31=289.20; 150=0; 39=0; 54=2; 44=289.20; 32=0; 17=exec20220531132950; 38=2874; 60=2022-05-31-13:29:50; 6=0; 14=0; 37=algo20220531132950; 10=200;
8=FIX4.4; 35=8; 34=72; 49=MS; 56=MTHREE; 52=2022-05-31-13:29:51; 55=GOOGL; 40=2; 11=algo20220531132950; 31=289.20; 150=2; 39=2; 54=2; 44=289.20; 32=2874; 17=exec20220531132951; 38=2874; 60=2022-05-31-13:29:51; 6=289.20; 14=2874; 37=algo20220531132950; 10=246;
8=FIX4.4; 35=D; 34=60; 49=MTHREE; 56=MS; 52=2022-05-31-13:29:51; 55=INTC; 40=2; 38=25161; 21=2; 11=algo20220531132951; 60=2022-05-31-13:29:51; 54=1; 44=339.13; 10=0252;
8=FIX4.4; 35=8; 34=73; 49=MS; 56=MTHREE; 52=2022-05-31-13:29:51; 55=INTC; 40=2; 11=algo20220531132951; 31=339.13; 150=0; 39=0; 54=1; 44=339.13; 32=0; 17=exec20220531132951; 38=25161; 60=2022-05-31-13:29:51; 6=0; 14=0; 37=algo20220531132951; 10=200;
8=FIX4.4; 35=8; 34=74; 49=MS; 56=MTHREE; 52=2022-05-31-13:29:51; 55=INTC; 40=2; 11=algo20220531132951; 31=339.13; 150=1; 39=1; 54=1; 44=339.13; 32=8387; 17=exec20220531132951; 38=25161; 60=2022-05-31-13:29:51; 6=339.13; 14=8387; 37=algo20220531132951; 10=240;
8=FIX4.4; 35=8; 34=75; 49=MS; 56=MTHREE; 52=2022-05-31-13:29:52; 55=INTC; 40=2; 11=algo20220531132951; 31=339.13; 150=1; 39=1; 54=1; 44=339.13; 32=8387; 17=exec20220531132952; 38=25161; 60=2022-05-31-13:29:52; 6=339.13; 14=16774; 37=algo20220531132951; 10=240;
8=FIX4.4; 35=8; 34=76; 49=MS; 56=MTHREE; 52=2022-05-31-13:29:54; 55=INTC; 40=2; 11=algo20220531132951; 31=339.13; 150=2; 39=2; 54=1; 44=339.13; 32=8387; 17=exec20220531132954; 38=25161; 60=2022-05-31-13:29:54; 6=339.13; 14=25161; 37=algo20220531132951; 10=246;
8=FIX4.4; 35=D; 34=61; 49=MTHREE; 56=MS; 52=2022-05-31-13:29:54; 55=PEP; 40=2; 38=13236; 21=2; 11=algo20220531132954; 60=2022-05-31-13:29:54; 54=1; 44=36.21; 10=0252;
8=FIX4.4; 35=8; 34=77; 49=MS; 56=MTHREE; 52=2022-05-31-13:29:54; 55=PEP; 40=2; 11=algo20220531132954; 31=36.21; 150=0; 39=0; 54=1; 44=36.21; 32=0; 17=exec20220531132954; 38=13236; 60=2022-05-31-13:29:54; 6=0; 14=0; 37=algo20220531132954; 10=200;
8=FIX4.4; 35=8; 34=78; 49=MS; 56=MTHREE; 52=2022-05-31-13:29:55; 55=PEP; 40=2; 11=algo20220531132954; 31=36.21; 150=2; 39=2; 54=1; 44=36.21; 32=13236; 17=exec20220531132955; 38=13236; 60=2022-05-31-13:29:55; 6=36.21; 14=13236; 37=algo20220531132954; 10=246;
8=FIX4.4; 35=D; 34=62; 49=MTHREE; 56=MS; 52=2022-05-31-13:29:55; 55=NFLX; 40=2; 38=31128; 21=2; 11=algo20220531132955; 60=2022-05-31-13:29:55; 54=1; 44=306.71; 10=0252;
8=FIX4.4; 35=8; 34=79; 49=MS; 56=MTHREE; 52=2022-05-31-13:29:55; 55=NFLX; 40=2; 11=algo20220531132955; 31=306.71; 150=0; 39=0; 54=1; 44=306.71; 32=0; 17=exec20220531132955; 38=31128; 60=2022-05-31-13:29:55; 6=0; 14=0; 37=algo20220531132955; 10=200;
8=FIX4.4; 35=F; 34=62; 49=MTHREE; 56=MS; 52=2022-05-31-13:29:55; 41=algo20220531132955; 55=NFLX; 38=31128; 11=C_algo20220531132955; 60=2022-05-31-13:29:55; 10=060;
8=FIX4.4; 35=8; 34=79; 49=MS; 56=MTHREE; 52=2022-05-31-13:29:55; 55=NFLX; 11=C_algo20220531132955; 31=0; 150=6; 39=6; 54=1; 44=306.71; 17=exec20220531132955; 32=0; 41=algo20220531132955; 38=31128; 60=2022-05-31-13:29:55; 6=0.0; 14=0; 37=algo20220531132955; 10=252;
8=FIX4.4; 35=8; 34=80; 49=MS; 56=MTHREE; 52=2022-05-31-13:29:55; 151=24903; 55=NFLX; 11=C_algo20220531132955; 31=0; 150=4; 39=4; 54=1; 17=exec20220531132955; 32=0; 41=algo20220531132955; 38=31128; 60=2022-05-31-13:29:55; 6=0.0; 14=0; 37=algo20220531132955; 10=252;
8=FIX4.4; 35=D; 34=64; 49=MTHREE; 56=MS; 52=2022-05-31-13:29:57; 55=CSCO; 40=2; 38=21181; 21=2; 11=algo20220531132957; 60=2022-05-31-13:29:57; 54=1; 44=233.73; 10=0252;
8=FIX4.4; 35=8; 34=82; 49=MS; 56=MTHREE; 52=2022-05-31-13:29:57; 55=CSCO; 40=2; 11=algo20220531132957; 31=233.73; 150=0; 39=0; 54=1; 44=233.73; 32=0; 17=exec20220531132957; 38=21181; 60=2022-05-31-13:29:57; 6=0; 14=0; 37=algo20220531132957; 10=200;
8=FIX4.4; 35=F; 34=64; 49=MTHREE; 56=MS; 52=2022-05-31-13:29:57; 41=algo20220531132957; 55=CSCO; 38=21181; 11=C_algo20220531132957; 60=2022-05-31-13:29:57; 10=060;
8=FIX4.4; 35=8; 34=82; 49=MS; 56=MTHREE; 52=2022-05-31-13:29:57; 55=CSCO; 11=C_algo20220531132957; 31=0; 150=6; 39=6; 54=1; 44=233.73; 17=exec20220531132957; 32=0; 41=algo20220531132957; 38=21181; 60=2022-05-31-13:29:57; 6=0.0; 14=0; 37=algo20220531132957; 10=252;
8=FIX4.4; 35=8; 34=83; 49=MS; 56=MTHREE; 52=2022-05-31-13:29:57; 151=14121; 55=CSCO; 11=C_algo20220531132957; 31=0; 150=4; 39=4; 54=1; 17=exec20220531132957; 32=0; 41=algo20220531132957; 38=21181; 60=2022-05-31-13:29:57; 6=0.0; 14=0; 37=algo20220531132957; 10=252;
8=FIX4.4; 35=D; 34=66; 49=MTHREE; 56=MS; 52=2022-05-31-13:29:59; 55=AMGN; 40=2; 38=24741; 21=2; 11=algo20220531132959; 60=2022-05-31-13:29:59; 54=2; 44=116.62; 10=0252;
8=FIX4.4; 35=8; 34=85; 49=MS; 56=MTHREE; 52=2022-05-31-13:29:59; 55=AMGN; 40=2; 11=algo20220531132959; 31=116.62; 150=0; 39=0; 54=2; 44=116.62; 32=0; 17=exec20220531132959; 38=24741; 60=2022-05-31-13:29:59; 6=0; 14=0; 37=algo20220531132959; 10=200;
8=FIX4.4; 35=8; 34=86; 49=MS; 56=MTHREE; 52=2022-05-31-13:30:00; 55=AMGN; 40=2; 11=algo20220531132959; 31=116.62; 150=2; 39=2; 54=2; 44=116.62; 32=24741; 17=exec20220531133000; 38=24741; 60=2022-05-31-13:30:00; 6=116.62; 14=24741; 37=algo20220531132959; 10=246;
8=FIX4.4; 35=D; 34=67; 49=MTHREE; 56=MS; 52=2022-05-31-13:30:00; 55=PYPL; 40=2; 38=6258; 21=2; 11=algo20220531133000; 60=2022-05-31-13:30:00; 54=1; 44=723.61; 10=0252;
8=FIX4.4; 35=8; 34=87; 49=MS; 56=MTHREE; 52=2022-05-31-13:30:00; 55=PYPL; 40=2; 11=algo20220531133000; 31=723.61; 150=0; 39=0; 54=1; 44=723.61; 32=0; 17=exec20220531133000; 38=6258; 60=2022-05-31-13:30:00; 6=0; 14=0; 37=algo20220531133000; 10=200;
8=FIX4.4; 35=F; 34=67; 49=MTHREE; 56=MS; 52=2022-05-31-13:30:00; 41=algo20220531133000; 55=PYPL; 38=6258; 11=C_algo20220531133000; 60=2022-05-31-13:30:00; 10=060;
8=FIX4.4; 35=8; 34=87; 49=MS; 56=MTHREE; 52=2022-05-31-13:30:00; 55=PYPL; 11=C_algo20220531133000; 31=0; 150=6; 39=6; 54=1; 44=723.61; 17=exec20220531133000; 32=0; 41=algo20220531133000; 38=6258; 60=2022-05-31-13:30:00; 6=0.0; 14=0; 37=algo20220531133000; 10=252;
8=FIX4.4; 35=8; 34=88; 49=MS; 56=MTHREE; 52=2022-05-31-13:30:00; 151=4172; 55=PYPL; 11=C_algo20220531133000; 31=0; 150=4; 39=4; 54=1; 17=exec20220531133000; 32=0; 41=algo20220531133000; 38=6258; 60=2022-05-31-13:30:00; 6=0.0; 14=0; 37=algo20220531133000; 10=252;
8=FIX4.4; 35=D; 34=69; 49=MTHREE; 56=MS; 52=2022-05-31-13:30:02; 55=TSLA; 40=2; 38=14468; 21=2; 11=algo20220531133002; 60=2022-05-31-13:30:02; 54=1; 44=503.77; 10=0252;
8=FIX4.4; 35=8; 34=90; 49=MS; 56=MTHREE; 52=2022-05-31-13:30:02; 55=TSLA; 40=2; 11=algo20220531133002; 31=503.77; 150=0; 39=0; 54=1; 44=503.77; 32=0; 17=exec20220531133002; 38=14468; 60=2022-05-31-13:30:02; 6=0; 14=0; 37=algo20220531133002; 10=200;
8=FIX4.4; 35=F; 34=69; 49=MTHREE; 56=MS; 52=2022-05-31-13:30:02; 41=algo20220531133002; 55=TSLA; 38=14468; 11=C_algo20220531133002; 60=2022-05-31-13:30:02; 10=060;
8=FIX4.4; 35=8; 34=90; 49=MS; 56=MTHREE; 52=2022-05-31-13:30:02; 55=TSLA; 11=C_algo20220531133002; 31=0; 150=6; 39=6; 54=1; 44=503.77; 17=exec20220531133002; 32=0; 41=algo20220531133002; 38=14468; 60=2022-05-31-13:30:02; 6=0.0; 14=0; 37=algo20220531133002; 10=252;
8=FIX4.4; 35=8; 34=91; 49=MS; 56=MTHREE; 52=2022-05-31-13:30:02; 151=11575; 55=TSLA; 11=C_algo20220531133002; 31=0; 150=4; 39=4; 54=1; 17=exec20220531133002; 32=0; 41=algo20220531133002; 38=14468; 60=2022-05-31-13:30:02; 6=0.0; 14=0; 37=algo20220531133002; 10=252;
8=FIX4.4; 35=D; 34=71; 49=MTHREE; 56=MS; 52=2022-05-31-13:30:04; 55=TXN; 40=2; 38=1161; 21=2; 11=algo20220531133004; 60=2022-05-31-13:30:04; 54=2; 44=112.46; 10=0252;
8=FIX4.4; 35=8; 34=93; 49=MS; 56=MTHREE; 52=2022-05-31-13:30:04; 55=TXN; 40=2; 11=algo20220531133004; 31=112.46; 150=0; 39=0; 54=2; 44=112.46; 32=0; 17=exec20220531133004; 38=1161; 60=2022-05-31-13:30:04; 6=0; 14=0; 37=algo20220531133004; 10=200;
8=FIX4.4; 35=F; 34=71; 49=MTHREE; 56=MS; 52=2022-05-31-13:30:04; 41=algo20220531133004; 55=TXN; 38=1161; 11=C_algo20220531133004; 60=2022-05-31-13:30:04; 10=060;
8=FIX4.4; 35=8; 34=93; 49=MS; 56=MTHREE; 52=2022-05-31-13:30:04; 55=TXN; 11=C_algo20220531133004; 31=0; 150=6; 39=6; 54=2; 44=112.46; 17=exec20220531133004; 32=0; 41=algo20220531133004; 38=1161; 60=2022-05-31-13:30:04; 6=0.0; 14=0; 37=algo20220531133004; 10=252;
8=FIX4.4; 35=8; 34=94; 49=MS; 56=MTHREE; 52=2022-05-31-13:30:04; 151=929; 55=TXN; 11=C_algo20220531133004; 31=0; 150=4; 39=4; 54=2; 17=exec20220531133004; 32=0; 41=algo20220531133004; 38=1161; 60=2022-05-31-13:30:04; 6=0.0; 14=0; 37=algo20220531133004; 10=252;
8=FIX4.4; 35=D; 34=73; 49=MTHREE; 56=MS; 52=2022-05-31-13:30:06; 55=AVGO; 40=2; 38=25561; 21=2; 11=algo20220531133006; 60=2022-05-31-13:30:06; 54=2; 44=262.99; 10=0252;
8=FIX4.4; 35=8; 34=96; 49=MS; 56=MTHREE; 52=2022-05-31-13:30:06; 55=AVGO; 40=2; 11=algo20220531133006; 31=262.99; 150=0; 39=0; 54=2; 44=262.99; 32=0; 17=exec20220531133006; 38=25561; 60=2022-05-31-13:30:06; 6=0; 14=0; 37=algo20220531133006; 10=200;
8=FIX4.4; 35=8; 34=97; 49=MS; 56=MTHREE; 52=2022-05-31-13:30:06; 55=AVGO; 40=2; 11=algo20220531133006; 31=262.99; 150=1; 39=1; 54=2; 44=262.99; 32=12780; 17=exec20220531133006; 38=25561; 60=2022-05-31-13:30:06; 6=262.99; 14=12780; 37=algo20220531133006; 10=240;
8=FIX4.4; 35=8; 34=98; 49=MS; 56=MTHREE; 52=2022-05-31-13:30:08; 55=AVGO; 40=2; 11=algo20220531133006; 31=262.99; 150=2; 39=2; 54=2; 44=262.99; 32=12781; 17=exec20220531133008; 38=25561; 60=2022-05-31-13:30:08; 6=262.99; 14=25561; 37=algo20220531133006; 10=246;
8=FIX4.4; 35=D; 34=74; 49=MTHREE; 56=MS; 52=2022-05-31-13:30:08; 55=GILD; 40=2; 38=6735; 21=2; 11=algo20220531133008; 60=2022-05-31-13:30:08; 54=1; 44=82.91; 10=0252;
8=FIX4.4; 35=8; 34=99; 49=MS; 56=MTHREE; 52=2022-05-31-13:30:08; 55=GILD; 40=2; 11=algo20220531133008; 31=82.91; 150=0; 39=0; 54=1; 44=82.91; 32=0; 17=exec20220531133008; 38=6735; 60=2022-05-31-13:30:08; 6=0; 14=0; 37=algo20220531133008; 10=200;
8=FIX4.4; 35=8; 34=100; 49=MS; 56=MTHREE; 52=2022-05-31-13:30:08; 55=GILD; 40=2; 11=algo20220531133008; 31=82.91; 150=1; 39=1; 54=1; 44=82.91; 32=1347; 17=exec20220531133008; 38=6735; 60=2022-05-31-13:30:08; 6=82.91; 14=1347; 37=algo20220531133008; 10=240;
8=FIX4.4; 35=8; 34=101; 49=MS; 56=MTHREE; 52=2022-05-31-13:30:09; 55=GILD; 40=2; 11=algo20220531133008; 31=82.91; 150=1; 39=1; 54=1; 44=82.91; 32=1347; 17=exec20220531133009; 38=6735; 60=2022-05-31-13:30:09; 6=82.91; 14=2694; 37=algo20220531133008; 10=240;
8=FIX4.4; 35=F; 34=74; 49=MTHREE; 56=MS; 52=2022-05-31-13:30:10; 41=algo20220531133008; 55=GILD; 38=6735; 11=C_algo20220531133008; 60=2022-05-31-13:30:10; 10=060;
8=FIX4.4; 35=8; 34=101; 49=MS; 56=MTHREE; 52=2022-05-31-13:30:10; 55=GILD; 11=C_algo20220531133008; 31=0; 150=6; 39=6; 54=1; 44=82.91; 17=exec20220531133010; 32=0; 41=algo20220531133008; 38=6735; 60=2022-05-31-13:30:10; 6=0.0; 14=2694; 37=algo20220531133008; 10=252;
8=FIX4.4; 35=8; 34=102; 49=MS; 56=MTHREE; 52=2022-05-31-13:30:10; 151=2694; 55=GILD; 11=C_algo20220531133008; 31=0; 150=4; 39=4; 54=1; 17=exec20220531133010; 32=0; 41=algo20220531133008; 38=6735; 60=2022-05-31-13:30:10; 6=0.0; 14=2694; 37=algo20220531133008; 10=252;
8=FIX4.4; 35=D; 34=76; 49=MTHREE; 56=MS; 52=2022-05-31-13:30:12; 55=SBUX; 40=2; 38=9247; 21=2; 11=algo20220531133012; 60=2022-05-31-13:30:12; 54=2; 44=75.71; 10=0252;
8=FIX4.4; 35=8; 34=104; 49=MS; 56=MTHREE; 52=2022-05-31-13:30:12; 55=SBUX; 40=2; 11=algo20220531133012; 31=75.71; 150=0; 39=0; 54=2; 44=75.71; 32=0; 17=exec20220531133012; 38=9247; 60=2022-05-31-13:30:12; 6=0; 14=0; 37=algo20220531133012; 10=200;
8=FIX4.4; 35=8; 34=105; 49=MS; 56=MTHREE; 52=2022-05-31-13:30:12; 55=SBUX; 40=2; 11=algo20220531133012; 31=75.71; 150=1; 39=1; 54=2; 44=75.71; 32=3082; 17=exec20220531133012; 38=9247; 60=2022-05-31-13:30:12; 6=75.71; 14=3082; 37=algo20220531133012; 10=240;
8=FIX4.4; 35=F; 34=76; 49=MTHREE; 56=MS; 52=2022-05-31-13:30:13; 41=algo20220531133012; 55=SBUX; 38=9247; 11=C_algo20220531133012; 60=2022-05-31-13:30:13; 10=060;
8=FIX4.4; 35=8; 34=105; 49=MS; 56=MTHREE; 52=2022-05-31-13:30:13; 55=SBUX; 11=C_algo20220531133012; 31=0; 150=6; 39=6; 54=2; 44=75.71; 17=exec20220531133013; 32=0; 41=algo20220531133012; 38=9247; 60=2022-05-31-13:30:13; 6=0.0; 14=3082; 37=algo20220531133012; 10=252;
8=FIX4.4; 35=8; 34=106; 49=MS; 56=MTHREE; 52=2022-05-31-13:30:13; 151=3083; 55=SBUX; 11=C_algo20220531133012; 31=0; 150=4; 39=4; 54=2; 17=exec20220531133013; 32=0; 41=algo20220531133012; 38=9247; 60=2022-05-31-13:30:13; 6=0.0; 14=3082; 37=algo20220531133012; 10=252;
8=FIX4.4; 35=D; 34=78; 49=MTHREE; 56=MS; 52=2022-05-31-13:30:15; 55=QCOM; 40=2; 38=8937; 21=2; 11=algo20220531133015; 60=2022-05-31-13:30:15; 54=2; 44=75.47; 10=0252;
8=FIX4.4; 35=8; 34=108; 49=MS; 56=MTHREE; 52=2022-05-31-13:30:15; 55=QCOM; 40=2; 11=algo20220531133015; 31=75.47; 150=0; 39=0; 54=2; 44=75.47; 32=0; 17=exec20220531133015; 38=8937; 60=2022-05-31-13:30:15; 6=0; 14=0; 37=algo20220531133015; 10=200;
8=FIX4.4; 35=8; 34=109; 49=MS; 56=MTHREE; 52=2022-05-31-13:30:15; 55=QCOM; 40=2; 11=algo20220531133015; 31=75.47; 150=1; 39=1; 54=2; 44=75.47; 32=2234; 17=exec20220531133015; 38=8937; 60=2022-05-31-13:30:15; 6=75.47; 14=2234; 37=algo20220531133015; 10=240;
8=FIX4.4; 35=F; 34=78; 49=MTHREE; 56=MS; 52=2022-05-31-13:30:16; 41=algo20220531133015; 55=QCOM; 38=8937; 11=C_algo20220531133015; 60=2022-05-31-13:30:16; 10=060;
8=FIX4.4; 35=8; 34=109; 49=MS; 56=MTHREE; 52=2022-05-31-13:30:16; 55=QCOM; 11=C_algo20220531133015; 31=0; 150=6; 39=6; 54=2; 44=75.47; 17=exec20220531133016; 32=0; 41=algo20220531133015; 38=8937; 60=2022-05-31-13:30:16; 6=0.0; 14=2234; 37=algo20220531133015; 10=252;
8=FIX4.4; 35=8; 34=110; 49=MS; 56=MTHREE; 52=2022-05-31-13:30:16; 151=4469; 55=QCOM; 11=C_algo20220531133015; 31=0; 150=4; 39=4; 54=2; 17=exec20220531133016; 32=0; 41=algo20220531133015; 38=8937; 60=2022-05-31-13:30:16; 6=0.0; 14=2234; 37=algo20220531133015; 10=252;
8=FIX4.4; 35=D; 34=80; 49=MTHREE; 56=MS; 52=2022-05-31-13:30:18; 55=TMUS; 40=2; 38=338; 21=2; 11=algo20220531133018; 60=2022-05-31-13:30:18; 54=2; 44=90.74; 10=0252;
8=FIX4.4; 35=8; 34=112; 49=MS; 56=MTHREE; 52=2022-05-31-13:30:18; 55=TMUS; 40=2; 11=algo20220531133018; 31=90.74; 150=0; 39=0; 54=2; 44=90.74; 32=0; 17=exec20220531133018; 38=338; 60=2022-05-31-13:30:18; 6=0; 14=0; 37=algo20220531133018; 10=200;
8=FIX4.4; 35=F; 34=80; 49=MTHREE; 56=MS; 52=2022-05-31-13:30:18; 41=algo20220531133018; 55=TMUS; 38=338; 11=C_algo20220531133018; 60=2022-05-31-13:30:18; 10=060;
8=FIX4.4; 35=8; 34=112; 49=MS; 56=MTHREE; 52=2022-05-31-13:30:18; 55=TMUS; 11=C_algo20220531133018; 31=0; 150=6; 39=6; 54=2; 44=90.74; 17=exec20220531133018; 32=0; 41=algo20220531133018; 38=338; 60=2022-05-31-13:30:18; 6=0.0; 14=0; 37=algo20220531133018; 10=252;
8=FIX4.4; 35=8; 34=113; 49=MS; 56=MTHREE; 52=2022-05-31-13:30:18; 151=271; 55=TMUS; 11=C_algo20220531133018; 31=0; 150=4; 39=4; 54=2; 17=exec20220531133018; 32=0; 41=algo20220531133018; 38=338; 60=2022-05-31-13:30:18; 6=0.0; 14=0; 37=algo20220531133018; 10=252;
8=FIX4.4; 35=D; 34=82; 49=MTHREE; 56=MS; 52=2022-05-31-13:30:20; 55=MDLZ; 40=2; 38=8722; 21=2; 11=algo20220531133020; 60=2022-05-31-13:30:20; 54=1; 44=52.26; 10=0252;
8=FIX4.4; 35=8; 34=115; 49=MS; 56=MTHREE; 52=2022-05-31-13:30:20; 55=MDLZ; 40=2; 11=algo20220531133020; 31=52.26; 150=0; 39=0; 54=1; 44=52.26; 32=0; 17=exec20220531133020; 38=8722; 60=2022-05-31-13:30:20; 6=0; 14=0; 37=algo20220531133020; 10=200;
8=FIX4.4; 35=F; 34=82; 49=MTHREE; 56=MS; 52=2022-05-31-13:30:20; 41=algo20220531133020; 55=MDLZ; 38=8722; 11=C_algo20220531133020; 60=2022-05-31-13:30:20; 10=060;
8=FIX4.4; 35=8; 34=115; 49=MS; 56=MTHREE; 52=2022-05-31-13:30:20; 55=MDLZ; 11=C_algo20220531133020; 31=0; 150=6; 39=6; 54=1; 44=52.26; 17=exec20220531133020; 32=0; 41=algo20220531133020; 38=8722; 60=2022-05-31-13:30:20; 6=0.0; 14=0; 37=algo20220531133020; 10=252;
8=FIX4.4; 35=8; 34=116; 49=MS; 56=MTHREE; 52=2022-05-31-13:30:20; 151=6978; 55=MDLZ; 11=C_algo20220531133020; 31=0; 150=4; 39=4; 54=1; 17=exec20220531133020; 32=0; 41=algo20220531133020; 38=8722; 60=2022-05-31-13:30:20; 6=0.0; 14=0; 37=algo20220531133020; 10=252;
8=FIX4.4; 35=D; 34=84; 49=MTHREE; 56=MS; 52=2022-05-31-13:30:22; 55=BAC; 40=2; 38=6979; 21=2; 11=algo20220531133022; 60=2022-05-31-13:30:22; 54=1; 44=22.03; 10=0252;
8=FIX4.4; 35=8; 34=118; 49=MS; 56=MTHREE; 52=2022-05-31-13:30:22; 55=BAC; 40=2; 11=algo20220531133022; 31=22.03; 150=0; 39=0; 54=1; 44=22.03; 32=0; 17=exec20220531133022; 38=6979; 60=2022-05-31-13:30:22; 6=0; 14=0; 37=algo20220531133022; 10=200;
8=FIX4.4; 35=F; 34=84; 49=MTHREE; 56=MS; 52=2022-05-31-13:30:22; 41=algo20220531133022; 55=BAC; 38=6979; 11=C_algo20220531133022; 60=2022-05-31-13:30:22; 10=060;
8=FIX4.4; 35=8; 34=118; 49=MS; 56=MTHREE; 52=2022-05-31-13:30:22; 55=BAC; 11=C_algo20220531133022; 31=0; 150=6; 39=6; 54=1; 44=22.03; 17=exec20220531133022; 32=0; 41=algo20220531133022; 38=6979; 60=2022-05-31-13:30:22; 6=0.0; 14=0; 37=algo20220531133022; 10=252;
8=FIX4.4; 35=8; 34=119; 49=MS; 56=MTHREE; 52=2022-05-31-13:30:22; 151=3490; 55=BAC; 11=C_algo20220531133022; 31=0; 150=4; 39=4; 54=1; 17=exec20220531133022; 32=0; 41=algo20220531133022; 38=6979; 60=2022-05-31-13:30:22; 6=0.0; 14=0; 37=algo20220531133022; 10=252;
8=FIX4.4; 35=D; 34=86; 49=MTHREE; 56=MS; 52=2022-05-31-13:30:24; 55=DDD; 40=2; 38=18731; 21=2; 11=algo20220531133024; 60=2022-05-31-13:30:24; 54=2; 44=8.01; 10=0252;
8=FIX4.4; 35=8; 34=121; 49=MS; 56=MTHREE; 52=2022-05-31-13:30:24; 55=DDD; 40=2; 11=algo20220531133024; 31=8.01; 150=0; 39=0; 54=2; 44=8.01; 32=0; 17=exec20220531133024; 38=18731; 60=2022-05-31-13:30:24; 6=0; 14=0; 37=algo20220531133024; 10=200;
8=FIX4.4; 35=F; 34=86; 49=MTHREE; 56=MS; 52=2022-05-31-13:30:24; 41=algo20220531133024; 55=DDD; 38=18731; 11=C_algo20220531133024; 60=2022-05-31-13:30:24; 10=060;
8=FIX4.4; 35=8; 34=121; 49=MS; 56=MTHREE; 52=2022-05-31-13:30:24; 55=DDD; 11=C_algo20220531133024; 31=0; 150=6; 39=6; 54=2; 44=8.01; 17=exec20220531133024; 32=0; 41=algo20220531133024; 38=18731; 60=2022-05-31-13:30:24; 6=0.0; 14=0; 37=algo20220531133024; 10=252;
8=FIX4.4; 35=8; 34=122; 49=MS; 56=MTHREE; 52=2022-05-31-13:30:24; 151=12488; 55=DDD; 11=C_algo20220531133024; 31=0; 150=4; 39=4; 54=2; 17=exec20220531133024; 32=0; 41=algo20220531133024; 38=18731; 60=2022-05-31-13:30:24; 6=0.0; 14=0; 37=algo20220531133024; 10=252;
8=FIX4.4; 35=D; 34=88; 49=MTHREE; 56=MS; 52=2022-05-31-13:30:26; 55=MMM; 40=2; 38=24025; 21=2; 11=algo20220531133026; 60=2022-05-31-13:30:26; 54=2; 44=146.98; 10=0252;
8=FIX4.4; 35=8; 34=124; 49=MS; 56=MTHREE; 52=2022-05-31-13:30:26; 55=MMM; 40=2; 11=algo20220531133026; 31=146.98; 150=0; 39=0; 54=2; 44=146.98; 32=0; 17=exec20220531133026; 38=24025; 60=2022-05-31-13:30:26; 6=0; 14=0; 37=algo20220531133026; 10=200;
8=FIX4.4; 35=8; 34=125; 49=MS; 56=MTHREE; 52=2022-05-31-13:30:27; 55=MMM; 40=2; 11=algo20220531133026; 31=146.98; 150=2; 39=2; 54=2; 44=146.98; 32=24025; 17=exec20220531133027; 38=24025; 60=2022-05-31-13:30:27; 6=146.98; 14=24025; 37=algo20220531133026; 10=246;
8=FIX4.4; 35=D; 34=89; 49=MTHREE; 56=MS; 52=2022-05-31-13:30:27; 55=WBAI; 40=2; 38=22038; 21=2; 11=algo20220531133027; 60=2022-05-31-13:30:27; 54=1; 44=4.10; 10=0252;
8=FIX4.4; 35=8; 34=126; 49=MS; 56=MTHREE; 52=2022-05-31-13:30:27; 55=WBAI; 40=2; 11=algo20220531133027; 31=4.10; 150=0; 39=0; 54=1; 44=4.10; 32=0; 17=exec20220531133027; 38=22038; 60=2022-05-31-13:30:27; 6=0; 14=0; 37=algo20220531133027; 10=200;
8=FIX4.4; 35=8; 34=127; 49=MS; 56=MTHREE; 52=2022-05-31-13:30:28; 55=WBAI; 40=2; 11=algo20220531133027; 31=4.10; 150=2; 39=2; 54=1; 44=4.10; 32=22038; 17=exec20220531133028; 38=22038; 60=2022-05-31-13:30:28; 6=4.10; 14=22038; 37=algo20220531133027; 10=246;
8=FIX4.4; 35=D; 34=90; 49=MTHREE; 56=MS; 52=2022-05-31-13:30:28; 55=WUBA; 40=2; 38=1495; 21=2; 11=algo20220531133028; 60=2022-05-31-13:30:28; 54=1; 44=51.41; 10=0252;
8=FIX4.4; 35=8; 34=128; 49=MS; 56=MTHREE; 52=2022-05-31-13:30:28; 55=WUBA; 40=2; 11=algo20220531133028; 31=51.41; 150=0; 39=0; 54=1; 44=51.41; 32=0; 17=exec20220531133028; 38=1495; 60=2022-05-31-13:30:28; 6=0; 14=0; 37=algo20220531133028; 10=200;
8=FIX4.4; 35=8; 34=129; 49=MS; 56=MTHREE; 52=2022-05-31-13:30:29; 55=WUBA; 40=2; 11=algo20220531133028; 31=51.41; 150=2; 39=2; 54=1; 44=51.41; 32=1495; 17=exec20220531133029; 38=1495; 60=2022-05-31-13:30:29; 6=51.41; 14=1495; 37=algo20220531133028; 10=246;
8=FIX4.4; 35=D; 34=91; 49=MTHREE; 56=MS; 52=2022-05-31-13:30:29; 55=EGHT; 40=2; 38=22274; 21=2; 11=algo20220531133029; 60=2022-05-31-13:30:29; 54=1; 44=17.03; 10=0252;
8=FIX4.4; 35=8; 34=130; 49=MS; 56=MTHREE; 52=2022-05-31-13:30:29; 55=EGHT; 40=2; 11=algo20220531133029; 31=17.03; 150=0; 39=0; 54=1; 44=17.03; 32=0; 17=exec20220531133029; 38=22274; 60=2022-05-31-13:30:29; 6=0; 14=0; 37=algo20220531133029; 10=200;
8=FIX4.4; 35=8; 34=131; 49=MS; 56=MTHREE; 52=2022-05-31-13:30:29; 55=EGHT; 40=2; 11=algo20220531133029; 31=17.03; 150=1; 39=1; 54=1; 44=17.03; 32=11137; 17=exec20220531133029; 38=22274; 60=2022-05-31-13:30:29; 6=17.03; 14=11137; 37=algo20220531133029; 10=240;
8=FIX4.4; 35=8; 34=132; 49=MS; 56=MTHREE; 52=2022-05-31-13:30:31; 55=EGHT; 40=2; 11=algo20220531133029; 31=17.03; 150=2; 39=2; 54=1; 44=17.03; 32=11137; 17=exec20220531133031; 38=22274; 60=2022-05-31-13:30:31; 6=17.03; 14=22274; 37=algo20220531133029; 10=246;
8=FIX4.4; 35=D; 34=92; 49=MTHREE; 56=MS; 52=2022-05-31-13:30:31; 55=AHC; 40=2; 38=28247; 21=2; 11=algo20220531133031; 60=2022-05-31-13:30:31; 54=1; 44=1.40; 10=0252;
8=FIX4.4; 35=8; 34=133; 49=MS; 56=MTHREE; 52=2022-05-31-13:30:31; 55=AHC; 40=2; 11=algo20220531133031; 31=1.40; 150=0; 39=0; 54=1; 44=1.40; 32=0; 17=exec20220531133031; 38=28247; 60=2022-05-31-13:30:31; 6=0; 14=0; 37=algo20220531133031; 10=200;
8=FIX4.4; 35=F; 34=92; 49=MTHREE; 56=MS; 52=2022-05-31-13:30:31; 41=algo20220531133031; 55=AHC; 38=28247; 11=C_algo20220531133031; 60=2022-05-31-13:30:31; 10=060;
8=FIX4.4; 35=8; 34=133; 49=MS; 56=MTHREE; 52=2022-05-31-13:30:31; 55=AHC; 11=C_algo20220531133031; 31=0; 150=6; 39=6; 54=1; 44=1.40; 17=exec20220531133031; 32=0; 41=algo20220531133031; 38=28247; 60=2022-05-31-13:30:31; 6=0.0; 14=0; 37=algo20220531133031; 10=252;
8=FIX4.4; 35=8; 34=134; 49=MS; 56=MTHREE; 52=2022-05-31-13:30:31; 151=21186; 55=AHC; 11=C_algo20220531133031; 31=0; 150=4; 39=4; 54=1; 17=exec20220531133031; 32=0; 41=algo20220531133031; 38=28247; 60=2022-05-31-13:30:31; 6=0.0; 14=0; 37=algo20220531133031; 10=252;
8=FIX4.4; 35=D; 34=94; 49=MTHREE; 56=MS; 52=2022-05-31-13:30:33; 55=AOS; 40=2; 38=21387; 21=2; 11=algo20220531133033; 60=2022-05-31-13:30:33; 54=2; 44=40.38; 10=0252;
8=FIX4.4; 35=8; 34=136; 49=MS; 56=MTHREE; 52=2022-05-31-13:30:33; 55=AOS; 40=2; 11=algo20220531133033; 31=40.38; 150=0; 39=0; 54=2; 44=40.38; 32=0; 17=exec20220531133033; 38=21387; 60=2022-05-31-13:30:33; 6=0; 14=0; 37=algo20220531133033; 10=200;
8=FIX4.4; 35=8; 34=137; 49=MS; 56=MTHREE; 52=2022-05-31-13:30:34; 55=AOS; 40=2; 11=algo20220531133033; 31=40.38; 150=2; 39=2; 54=2; 44=40.38; 32=21387; 17=exec20220531133034; 38=21387; 60=2022-05-31-13:30:34; 6=40.38; 14=21387; 37=algo20220531133033; 10=246;
8=FIX4.4; 35=D; 34=95; 49=MTHREE; 56=MS; 52=2022-05-31-13:30:34; 55=ATEN; 40=2; 38=11332; 21=2; 11=algo20220531133034; 60=2022-05-31-13:30:34; 54=2; 44=6.45; 10=0252;
8=FIX4.4; 35=8; 34=138; 49=MS; 56=MTHREE; 52=2022-05-31-13:30:34; 55=ATEN; 40=2; 11=algo20220531133034; 31=6.45; 150=0; 39=0; 54=2; 44=6.45; 32=0; 17=exec20220531133034; 38=11332; 60=2022-05-31-13:30:34; 6=0; 14=0; 37=algo20220531133034; 10=200;
8=FIX4.4; 35=F; 34=95; 49=MTHREE; 56=MS; 52=2022-05-31-13:30:34; 41=algo20220531133034; 55=ATEN; 38=11332; 11=C_algo20220531133034; 60=2022-05-31-13:30:34; 10=060;
8=FIX4.4; 35=8; 34=138; 49=MS; 56=MTHREE; 52=2022-05-31-13:30:34; 55=ATEN; 11=C_algo20220531133034; 31=0; 150=6; 39=6; 54=2; 44=6.45; 17=exec20220531133034; 32=0; 41=algo20220531133034; 38=11332; 60=2022-05-31-13:30:34; 6=0.0; 14=0; 37=algo20220531133034; 10=252;
8=FIX4.4; 35=8; 34=139; 49=MS; 56=MTHREE; 52=2022-05-31-13:30:34; 151=7555; 55=ATEN; 11=C_algo20220531133034; 31=0; 150=4; 39=4; 54=2; 17=exec20220531133034; 32=0; 41=algo20220531133034; 38=11332; 60=2022-05-31-13:30:34; 6=0.0; 14=0; 37=algo20220531133034; 10=252;
8=FIX4.4; 35=D; 34=97; 49=MTHREE; 56=MS; 52=2022-05-31-13:30:36; 55=AIR; 40=2; 38=21986; 21=2; 11=algo20220531133036; 60=2022-05-31-13:30:36; 54=2; 44=16.31; 10=0252;
8=FIX4.4; 35=8; 34=141; 49=MS; 56=MTHREE; 52=2022-05-31-13:30:36; 55=AIR; 40=2; 11=algo20220531133036; 31=16.31; 150=0; 39=0; 54=2; 44=16.31; 32=0; 17=exec20220531133036; 38=21986; 60=2022-05-31-13:30:36; 6=0; 14=0; 37=algo20220531133036; 10=200;
8=FIX4.4; 35=8; 34=142; 49=MS; 56=MTHREE; 52=2022-05-31-13:30:36; 55=AIR; 40=2; 11=algo20220531133036; 31=16.31; 150=1; 39=1; 54=2; 44=16.31; 32=5496; 17=exec20220531133036; 38=21986; 60=2022-05-31-13:30:36; 6=16.31; 14=5496; 37=algo20220531133036; 10=240;
8=FIX4.4; 35=8; 34=143; 49=MS; 56=MTHREE; 52=2022-05-31-13:30:37; 55=AIR; 40=2; 11=algo20220531133036; 31=16.31; 150=1; 39=1; 54=2; 44=16.31; 32=5496; 17=exec20220531133037; 38=21986; 60=2022-05-31-13:30:37; 6=16.31; 14=10992; 37=algo20220531133036; 10=240;
8=FIX4.4; 35=8; 34=144; 49=MS; 56=MTHREE; 52=2022-05-31-13:30:38; 55=AIR; 40=2; 11=algo20220531133036; 31=16.31; 150=1; 39=1; 54=2; 44=16.31; 32=5496; 17=exec20220531133038; 38=21986; 60=2022-05-31-13:30:38; 6=16.31; 14=16488; 37=algo20220531133036; 10=240;
8=FIX4.4; 35=8; 34=145; 49=MS; 56=MTHREE; 52=2022-05-31-13:30:40; 55=AIR; 40=2; 11=algo20220531133036; 31=16.31; 150=2; 39=2; 54=2; 44=16.31; 32=5498; 17=exec20220531133040; 38=21986; 60=2022-05-31-13:30:40; 6=16.31; 14=21986; 37=algo20220531133036; 10=246;
8=FIX4.4; 35=D; 34=98; 49=MTHREE; 56=MS; 52=2022-05-31-13:30:40; 55=AAN; 40=2; 38=242; 21=2; 11=algo20220531133040; 60=2022-05-31-13:30:40; 54=1; 44=25.68; 10=0252;
8=FIX4.4; 35=8; 34=146; 49=MS; 56=MTHREE; 52=2022-05-31-13:30:40; 55=AAN; 40=2; 11=algo20220531133040; 31=25.68; 150=0; 39=0; 54=1; 44=25.68; 32=0; 17=exec20220531133040; 38=242; 60=2022-05-31-13:30:40; 6=0; 14=0; 37=algo20220531133040; 10=200;
8=FIX4.4; 35=8; 34=147; 49=MS; 56=MTHREE; 52=2022-05-31-13:30:41; 55=AAN; 40=2; 11=algo20220531133040; 31=25.68; 150=2; 39=2; 54=1; 44=25.68; 32=242; 17=exec20220531133041; 38=242; 60=2022-05-31-13:30:41; 6=25.68; 14=242; 37=algo20220531133040; 10=246;
8=FIX4.4; 35=D; 34=99; 49=MTHREE; 56=MS; 52=2022-05-31-13:30:41; 55=ABB; 40=2; 38=15381; 21=2; 11=algo20220531133041; 60=2022-05-31-13:30:41; 54=2; 44=17.42; 10=0252;
8=FIX4.4; 35=8; 34=148; 49=MS; 56=MTHREE; 52=2022-05-31-13:30:41; 55=ABB; 40=2; 11=algo20220531133041; 31=17.42; 150=0; 39=0; 54=2; 44=17.42; 32=0; 17=exec20220531133041; 38=15381; 60=2022-05-31-13:30:41; 6=0; 14=0; 37=algo20220531133041; 10=200;
8=FIX4.4; 35=F; 34=99; 49=MTHREE; 56=MS; 52=2022-05-31-13:30:41; 41=algo20220531133041; 55=ABB; 38=15381; 11=C_algo20220531133041; 60=2022-05-31-13:30:41; 10=060;
8=FIX4.4; 35=8; 34=148; 49=MS; 56=MTHREE; 52=2022-05-31-13:30:41; 55=ABB; 11=C_algo20220531133041; 31=0; 150=6; 39=6; 54=2; 44=17.42; 17=exec20220531133041; 32=0; 41=algo20220531133041; 38=15381; 60=2022-05-31-13:30:41; 6=0.0; 14=0; 37=algo20220531133041; 10=252;
8=FIX4.4; 35=8; 34=149; 49=MS; 56=MTHREE; 52=2022-05-31-13:30:41; 151=12305; 55=ABB; 11=C_algo20220531133041; 31=0; 150=4; 39=4; 54=2; 17=exec20220531133041; 32=0; 41=algo20220531133041; 38=15381; 60=2022-05-31-13:30:41; 6=0.0; 14=0; 37=algo20220531133041; 10=252;
8=FIX4.4; 35=D; 34=101; 49=MTHREE; 56=MS; 52=2022-05-31-13:30:43; 55=ABT; 40=2; 38=23329; 21=2; 11=algo20220531133043; 60=2022-05-31-13:30:43; 54=1; 44=94.04; 10=0252;
8=FIX4.4; 35=8; 34=151; 49=MS; 56=MTHREE; 52=2022-05-31-13:30:43; 55=ABT; 40=2; 11=algo20220531133043; 31=94.04; 150=0; 39=0; 54=1; 44=94.04; 32=0; 17=exec20220531133043; 38=23329; 60=2022-05-31-13:30:43; 6=0; 14=0; 37=algo20220531133043; 10=200;
8=FIX4.4; 35=8; 34=152; 49=MS; 56=MTHREE; 52=2022-05-31-13:30:43; 55=ABT; 40=2; 11=algo20220531133043; 31=94.04; 150=1; 39=1; 54=1; 44=94.04; 32=11664; 17=exec20220531133043; 38=23329; 60=2022-05-31-13:30:43; 6=94.04; 14=11664; 37=algo20220531133043; 10=240;
8=FIX4.4; 35=8; 34=153; 49=MS; 56=MTHREE; 52=2022-05-31-13:30:45; 55=ABT; 40=2; 11=algo20220531133043; 31=94.04; 150=2; 39=2; 54=1; 44=94.04; 32=11665; 17=exec20220531133045; 38=23329; 60=2022-05-31-13:30:45; 6=94.04; 14=23329; 37=algo20220531133043; 10=246;
8=FIX4.4; 35=D; 34=102; 49=MTHREE; 56=MS; 52=2022-05-31-13:30:45; 55=ABBV; 40=2; 38=19233; 21=2; 11=algo20220531133045; 60=2022-05-31-13:30:45; 54=1; 44=83.60; 10=0252;
8=FIX4.4; 35=8; 34=154; 49=MS; 56=MTHREE; 52=2022-05-31-13:30:45; 55=ABBV; 40=2; 11=algo20220531133045; 31=83.60; 150=0; 39=0; 54=1; 44=83.60; 32=0; 17=exec20220531133045; 38=19233; 60=2022-05-31-13:30:45; 6=0; 14=0; 37=algo20220531133045; 10=200;
8=FIX4.4; 35=8; 34=155; 49=MS; 56=MTHREE; 52=2022-05-31-13:30:45; 55=ABBV; 40=2; 11=algo20220531133045; 31=83.60; 150=1; 39=1; 54=1; 44=83.60; 32=3846; 17=exec20220531133045; 38=19233; 60=2022-05-31-13:30:45; 6=83.60; 14=3846; 37=algo20220531133045; 10=240;
8=FIX4.4; 35=F; 34=102; 49=MTHREE; 56=MS; 52=2022-05-31-13:30:46; 41=algo20220531133045; 55=ABBV; 38=19233; 11=C_algo20220531133045; 60=2022-05-31-13:30:46; 10=060;
8=FIX4.4; 35=8; 34=155; 49=MS; 56=MTHREE; 52=2022-05-31-13:30:46; 55=ABBV; 11=C_algo20220531133045; 31=0; 150=6; 39=6; 54=1; 44=83.60; 17=exec20220531133046; 32=0; 41=algo20220531133045; 38=19233; 60=2022-05-31-13:30:46; 6=0.0; 14=3846; 37=algo20220531133045; 10=252;
8=FIX4.4; 35=8; 34=156; 49=MS; 56=MTHREE; 52=2022-05-31-13:30:46; 151=11541; 55=ABBV; 11=C_algo20220531133045; 31=0; 150=4; 39=4; 54=1; 17=exec20220531133046; 32=0; 41=algo20220531133045; 38=19233; 60=2022-05-31-13:30:46; 6=0.0; 14=3846; 37=algo20220531133045; 10=252;
8=FIX4.4; 35=D; 34=104; 49=MTHREE; 56=MS; 52=2022-05-31-13:30:48; 55=ANF; 40=2; 38=8501; 21=2; 11=algo20220531133048; 60=2022-05-31-13:30:48; 54=1; 44=9.10; 10=0252;
8=FIX4.4; 35=8; 34=158; 49=MS; 56=MTHREE; 52=2022-05-31-13:30:48; 55=ANF; 40=2; 11=algo20220531133048; 31=9.10; 150=0; 39=0; 54=1; 44=9.10; 32=0; 17=exec20220531133048; 38=8501; 60=2022-05-31-13:30:48; 6=0; 14=0; 37=algo20220531133048; 10=200;
8=FIX4.4; 35=8; 34=159; 49=MS; 56=MTHREE; 52=2022-05-31-13:30:48; 55=ANF; 40=2; 11=algo20220531133048; 31=9.10; 150=1; 39=1; 54=1; 44=9.10; 32=1700; 17=exec20220531133048; 38=8501; 60=2022-05-31-13:30:48; 6=9.10; 14=1700; 37=algo20220531133048; 10=240;
8=FIX4.4; 35=8; 34=160; 49=MS; 56=MTHREE; 52=2022-05-31-13:30:49; 55=ANF; 40=2; 11=algo20220531133048; 31=9.10; 150=1; 39=1; 54=1; 44=9.10; 32=1700; 17=exec20220531133049; 38=8501; 60=2022-05-31-13:30:49; 6=9.10; 14=3400; 37=algo20220531133048; 10=240;
8=FIX4.4; 35=F; 34=104; 49=MTHREE; 56=MS; 52=2022-05-31-13:30:50; 41=algo20220531133048; 55=ANF; 38=8501; 11=C_algo20220531133048; 60=2022-05-31-13:30:50; 10=060;
8=FIX4.4; 35=8; 34=160; 49=MS; 56=MTHREE; 52=2022-05-31-13:30:50; 55=ANF; 11=C_algo20220531133048; 31=0; 150=6; 39=6; 54=1; 44=9.10; 17=exec20220531133050; 32=0; 41=algo20220531133048; 38=8501; 60=2022-05-31-13:30:50; 6=0.0; 14=3400; 37=algo20220531133048; 10=252;
8=FIX4.4; 35=8; 34=161; 49=MS; 56=MTHREE; 52=2022-05-31-13:30:50; 151=3401; 55=ANF; 11=C_algo20220531133048; 31=0; 150=4; 39=4; 54=1; 17=exec20220531133050; 32=0; 41=algo20220531133048; 38=8501; 60=2022-05-31-13:30:50; 6=0.0; 14=3400; 37=algo20220531133048; 10=252;
8=FIX4.4; 35=D; 34=106; 49=MTHREE; 56=MS; 52=2022-05-31-13:30:52; 55=ABM; 40=2; 38=3716; 21=2; 11=algo20220531133052; 60=2022-05-31-13:30:52; 54=1; 44=31.64; 10=0252;
8=FIX4.4; 35=8; 34=163; 49=MS; 56=MTHREE; 52=2022-05-31-13:30:52; 55=ABM; 40=2; 11=algo20220531133052; 31=31.64; 150=0; 39=0; 54=1; 44=31.64; 32=0; 17=exec20220531133052; 38=3716; 60=2022-05-31-13:30:52; 6=0; 14=0; 37=algo20220531133052; 10=200;
8=FIX4.4; 35=F; 34=106; 49=MTHREE; 56=MS; 52=2022-05-31-13:30:52; 41=algo20220531133052; 55=ABM; 38=3716; 11=C_algo20220531133052; 60=2022-05-31-13:30:52; 10=060;
8=FIX4.4; 35=8; 34=163; 49=MS; 56=MTHREE; 52=2022-05-31-13:30:52; 55=ABM; 11=C_algo20220531133052; 31=0; 150=6; 39=6; 54=1; 44=31.64; 17=exec20220531133052; 32=0; 41=algo20220531133052; 38=3716; 60=2022-05-31-13:30:52; 6=0.0; 14=0; 37=algo20220531133052; 10=252;
8=FIX4.4; 35=8; 34=164; 49=MS; 56=MTHREE; 52=2022-05-31-13:30:52; 151=2973; 55=ABM; 11=C_algo20220531133052; 31=0; 150=4; 39=4; 54=1; 17=exec20220531133052; 32=0; 41=algo20220531133052; 38=3716; 60=2022-05-31-13:30:52; 6=0.0; 14=0; 37=algo20220531133052; 10=252;
8=FIX4.4; 35=D; 34=108; 49=MTHREE; 56=MS; 52=2022-05-31-13:30:54; 55=AAPL; 40=2; 38=10138; 21=2; 11=algo20220531133054; 60=2022-05-31-13:30:54; 54=1; 44=284.65; 10=0252;
8=FIX4.4; 35=8; 34=166; 49=MS; 56=MTHREE; 52=2022-05-31-13:30:54; 55=AAPL; 40=2; 11=algo20220531133054; 31=284.65; 150=0; 39=0; 54=1; 44=284.65; 32=0; 17=exec20220531133054; 38=10138; 60=2022-05-31-13:30:54; 6=0; 14=0; 37=algo20220531133054; 10=200;
8=FIX4.4; 35=F; 34=108; 49=MTHREE; 56=MS; 52=2022-05-31-13:30:54; 41=algo20220531133054; 55=AAPL; 38=10138; 11=C_algo20220531133054; 60=2022-05-31-13:30:54; 10=060;
8=FIX4.4; 35=8; 34=166; 49=MS; 56=MTHREE; 52=2022-05-31-13:30:54; 55=AAPL; 11=C_algo20220531133054; 31=0; 150=6; 39=6; 54=1; 44=284.65; 17=exec20220531133054; 32=0; 41=algo20220531133054; 38=10138; 60=2022-05-31-13:30:54; 6=0.0; 14=0; 37=algo20220531133054; 10=252;
8=FIX4.4; 35=8; 34=167; 49=MS; 56=MTHREE; 52=2022-05-31-13:30:54; 151=6759; 55=AAPL; 11=C_algo20220531133054; 31=0; 150=4; 39=4; 54=1; 17=exec20220531133054; 32=0; 41=algo20220531133054; 38=10138; 60=2022-05-31-13:30:54; 6=0.0; 14=0; 37=algo20220531133054; 10=252;
8=FIX4.4; 35=D; 34=110; 49=MTHREE; 56=MS; 52=2022-05-31-13:30:56; 55=PEP; 40=2; 38=12923; 21=2; 11=algo20220531133056; 60=2022-05-31-13:30:56; 54=2; 44=45.43; 10=0252;
8=FIX4.4; 35=8; 34=169; 49=MS; 56=MTHREE; 52=2022-05-31-13:30:56; 55=PEP; 40=2; 11=algo20220531133056; 31=45.43; 150=0; 39=0; 54=2; 44=45.43; 32=0; 17=exec20220531133056; 38=12923; 60=2022-05-31-13:30:56; 6=0; 14=0; 37=algo20220531133056; 10=200;
8=FIX4.4; 35=8; 34=170; 49=MS; 56=MTHREE; 52=2022-05-31-13:30:56; 55=PEP; 40=2; 11=algo20220531133056; 31=45.43; 150=1; 39=1; 54=2; 44=45.43; 32=2584; 17=exec20220531133056; 38=12923; 60=2022-05-31-13:30:56; 6=45.43; 14=2584; 37=algo20220531133056; 10=240;
8=FIX4.4; 35=8; 34=171; 49=MS; 56=MTHREE; 52=2022-05-31-13:30:57; 55=PEP; 40=2; 11=algo20220531133056; 31=45.43; 150=1; 39=1; 54=2; 44=45.43; 32=2584; 17=exec20220531133057; 38=12923; 60=2022-05-31-13:30:57; 6=45.43; 14=5168; 37=algo20220531133056; 10=240;
8=FIX4.4; 35=8; 34=172; 49=MS; 56=MTHREE; 52=2022-05-31-13:30:58; 55=PEP; 40=2; 11=algo20220531133056; 31=45.43; 150=1; 39=1; 54=2; 44=45.43; 32=2584; 17=exec20220531133058; 38=12923; 60=2022-05-31-13:30:58; 6=45.43; 14=7752; 37=algo20220531133056; 10=240;
8=FIX4.4; 35=F; 34=110; 49=MTHREE; 56=MS; 52=2022-05-31-13:30:59; 41=algo20220531133056; 55=PEP; 38=12923; 11=C_algo20220531133056; 60=2022-05-31-13:30:59; 10=060;
8=FIX4.4; 35=8; 34=172; 49=MS; 56=MTHREE; 52=2022-05-31-13:30:59; 55=PEP; 11=C_algo20220531133056; 31=0; 150=6; 39=6; 54=2; 44=45.43; 17=exec20220531133059; 32=0; 41=algo20220531133056; 38=12923; 60=2022-05-31-13:30:59; 6=0.0; 14=7752; 37=algo20220531133056; 10=252;
8=FIX4.4; 35=8; 34=173; 49=MS; 56=MTHREE; 52=2022-05-31-13:30:59; 151=2587; 55=PEP; 11=C_algo20220531133056; 31=0; 150=4; 39=4; 54=2; 17=exec20220531133059; 32=0; 41=algo20220531133056; 38=12923; 60=2022-05-31-13:30:59; 6=0.0; 14=7752; 37=algo20220531133056; 10=252;
8=FIX4.4; 35=D; 34=112; 49=MTHREE; 56=MS; 52=2022-05-31-13:31:01; 55=; 40=2; 38=1031; 21=2; 11=algo20220531133101; 60=2022-05-31-13:31:01; 54=2; 44=; 10=0252;
8=FIX4.4; 35=8; 34=175; 49=MS; 56=MTHREE; 52=2022-05-31-13:31:01; 55=; 40=2; 11=algo20220531133101; 31=; 150=0; 39=0; 54=2; 44=; 32=0; 17=exec20220531133101; 38=1031; 60=2022-05-31-13:31:01; 6=0; 14=0; 37=algo20220531133101; 10=200;
8=FIX4.4; 35=8; 34=176; 49=MS; 56=MTHREE; 52=2022-05-31-13:31:01; 55=; 40=2; 11=algo20220531133101; 31=; 150=1; 39=1; 54=2; 44=; 32=343; 17=exec20220531133101; 38=1031; 60=2022-05-31-13:31:01; 6=; 14=343; 37=algo20220531133101; 10=240;
8=FIX4.4; 35=F; 34=112; 49=MTHREE; 56=MS; 52=2022-05-31-13:31:02; 41=algo20220531133101; 55=; 38=1031; 11=C_algo20220531133101; 60=2022-05-31-13:31:02; 10=060;
8=FIX4.4; 35=8; 34=176; 49=MS; 56=MTHREE; 52=2022-05-31-13:31:02; 55=; 11=C_algo20220531133101; 31=0; 150=6; 39=6; 54=2; 44=; 17=exec20220531133102; 32=0; 41=algo20220531133101; 38=1031; 60=2022-05-31-13:31:02; 6=0.0; 14=343; 37=algo20220531133101; 10=252;
8=FIX4.4; 35=8; 34=177; 49=MS; 56=MTHREE; 52=2022-05-31-13:31:03; 151=345; 55=; 11=C_algo20220531133101; 31=0; 150=4; 39=4; 54=2; 17=exec20220531133102; 32=0; 41=algo20220531133101; 38=1031; 60=2022-05-31-13:31:03; 6=0.0; 14=343; 37=algo20220531133101; 10=252;
