8=FIX4.4; 35=A; 34=1; 49=MTHREE; 56=MS; 52=2022-05-31-12:57:40; 108=30; 10=0015;
8=FIX4.4; 35=A; 34=1; 49=MS; 56=MTHREE; 52=2022-05-31-12:57:40; 108=30; 10=0016;
8=FIX4.4; 35=0; 34=2; 49=MTHREE; 56=MS; 52=2022-05-31-12:57:40; 108=30; 10=0015;
8=FIX4.4; 35=0; 34=2; 49=MS; 56=MTHREE; 52=2022-05-31-12:57:40; 108=30; 10=0015;
8=FIX4.4; 35=0; 34=3; 49=MTHREE; 56=MS; 52=2022-05-31-12:57:42; 108=30; 10=0015;
8=FIX4.4; 35=0; 34=3; 49=MS; 56=MTHREE; 52=2022-05-31-12:57:42; 108=30; 10=0015;
8=FIX4.4; 35=0; 34=4; 49=MTHREE; 56=MS; 52=2022-05-31-12:57:44; 108=30; 10=0015;
8=FIX4.4; 35=0; 34=4; 49=MS; 56=MTHREE; 52=2022-05-31-12:57:44; 108=30; 10=0015;
8=FIX4.4; 35=0; 34=5; 49=MTHREE; 56=MS; 52=2022-05-31-12:57:46; 108=30; 10=0015;
8=FIX4.4; 35=0; 34=5; 49=MS; 56=MTHREE; 52=2022-05-31-12:57:46; 108=30; 10=0015;
8=FIX4.4; 35=0; 34=6; 49=MTHREE; 56=MS; 52=2022-05-31-12:57:48; 108=30; 10=0015;
8=FIX4.4; 35=0; 34=6; 49=MS; 56=MTHREE; 52=2022-05-31-12:57:48; 108=30; 10=0015;
8=FIX4.4; 35=0; 34=7; 49=MTHREE; 56=MS; 52=2022-05-31-12:57:50; 108=30; 10=0015;
8=FIX4.4; 35=0; 34=7; 49=MS; 56=MTHREE; 52=2022-05-31-12:57:50; 108=30; 10=0015;
8=FIX4.4; 35=0; 34=8; 49=MTHREE; 56=MS; 52=2022-05-31-12:57:52; 108=30; 10=0015;
8=FIX4.4; 35=0; 34=8; 49=MS; 56=MTHREE; 52=2022-05-31-12:57:52; 108=30; 10=0015;
8=FIX4.4; 35=0; 34=9; 49=MTHREE; 56=MS; 52=2022-05-31-12:57:54; 108=30; 10=0015;
8=FIX4.4; 35=0; 34=9; 49=MS; 56=MTHREE; 52=2022-05-31-12:57:54; 108=30; 10=0015;
8=FIX4.4; 35=0; 34=10; 49=MTHREE; 56=MS; 52=2022-05-31-12:57:56; 108=30; 10=0015;
8=FIX4.4; 35=0; 34=10; 49=MS; 56=MTHREE; 52=2022-05-31-12:57:56; 108=30; 10=0015;
8=FIX4.4; 35=0; 34=11; 49=MTHREE; 56=MS; 52=2022-05-31-12:57:58; 108=30; 10=0015;
8=FIX4.4; 35=0; 34=11; 49=MS; 56=MTHREE; 52=2022-05-31-12:57:58; 108=30; 10=0015;
8=FIX4.4; 35=0; 34=12; 49=MTHREE; 56=MS; 52=2022-05-31-12:58:00; 108=30; 10=0015;
8=FIX4.4; 35=0; 34=12; 49=MS; 56=MTHREE; 52=2022-05-31-12:58:00; 108=30; 10=0015;
8=FIX4.4; 35=0; 34=13; 49=MTHREE; 56=MS; 52=2022-05-31-12:58:02; 108=30; 10=0015;
8=FIX4.4; 35=0; 34=13; 49=MS; 56=MTHREE; 52=2022-05-31-12:58:02; 108=30; 10=0015;
8=FIX4.4; 35=0; 34=14; 49=MTHREE; 56=MS; 52=2022-05-31-12:58:04; 108=30; 10=0015;
8=FIX4.4; 35=0; 34=14; 49=MS; 56=MTHREE; 52=2022-05-31-12:58:04; 108=30; 10=0015;
8=FIX4.4; 35=0; 34=15; 49=MTHREE; 56=MS; 52=2022-05-31-12:58:06; 108=30; 10=0015;
8=FIX4.4; 35=0; 34=15; 49=MS; 56=MTHREE; 52=2022-05-31-12:58:06; 108=30; 10=0015;
8=FIX4.4; 35=0; 34=16; 49=MTHREE; 56=MS; 52=2022-05-31-12:58:08; 108=30; 10=0015;
8=FIX4.4; 35=0; 34=16; 49=MS; 56=MTHREE; 52=2022-05-31-12:58:08; 108=30; 10=0015;
8=FIX4.4; 35=0; 34=17; 49=MTHREE; 56=MS; 52=2022-05-31-12:58:10; 108=30; 10=0015;
8=FIX4.4; 35=0; 34=17; 49=MS; 56=MTHREE; 52=2022-05-31-12:58:10; 108=30; 10=0015;
8=FIX4.4; 35=0; 34=18; 49=MTHREE; 56=MS; 52=2022-05-31-12:58:12; 108=30; 10=0015;
8=FIX4.4; 35=0; 34=18; 49=MS; 56=MTHREE; 52=2022-05-31-12:58:12; 108=30; 10=0015;
8=FIX4.4; 35=0; 34=19; 49=MTHREE; 56=MS; 52=2022-05-31-12:58:14; 108=30; 10=0015;
8=FIX4.4; 35=0; 34=19; 49=MS; 56=MTHREE; 52=2022-05-31-12:58:14; 108=30; 10=0015;
8=FIX4.4; 35=0; 34=20; 49=MTHREE; 56=MS; 52=2022-05-31-12:58:16; 108=30; 10=0015;
8=FIX4.4; 35=0; 34=20; 49=MS; 56=MTHREE; 52=2022-05-31-12:58:16; 108=30; 10=0015;
8=FIX4.4; 35=0; 34=21; 49=MTHREE; 56=MS; 52=2022-05-31-12:58:18; 108=30; 10=0015;
8=FIX4.4; 35=0; 34=21; 49=MS; 56=MTHREE; 52=2022-05-31-12:58:18; 108=30; 10=0015;
8=FIX4.4; 35=0; 34=22; 49=MTHREE; 56=MS; 52=2022-05-31-12:58:20; 108=30; 10=0015;
8=FIX4.4; 35=0; 34=22; 49=MS; 56=MTHREE; 52=2022-05-31-12:58:20; 108=30; 10=0015;
8=FIX4.4; 35=0; 34=23; 49=MTHREE; 56=MS; 52=2022-05-31-12:58:22; 108=30; 10=0015;
8=FIX4.4; 35=0; 34=23; 49=MS; 56=MTHREE; 52=2022-05-31-12:58:22; 108=30; 10=0015;
8=FIX4.4; 35=0; 34=24; 49=MTHREE; 56=MS; 52=2022-05-31-12:58:24; 108=30; 10=0015;
8=FIX4.4; 35=0; 34=24; 49=MS; 56=MTHREE; 52=2022-05-31-12:58:24; 108=30; 10=0015;
8=FIX4.4; 35=0; 34=25; 49=MTHREE; 56=MS; 52=2022-05-31-12:58:26; 108=30; 10=0015;
8=FIX4.4; 35=0; 34=25; 49=MS; 56=MTHREE; 52=2022-05-31-12:58:26; 108=30; 10=0015;
8=FIX4.4; 35=0; 34=26; 49=MTHREE; 56=MS; 52=2022-05-31-12:58:28; 108=30; 10=0015;
8=FIX4.4; 35=0; 34=26; 49=MS; 56=MTHREE; 52=2022-05-31-12:58:28; 108=30; 10=0015;
8=FIX4.4; 35=0; 34=27; 49=MTHREE; 56=MS; 52=2022-05-31-12:58:30; 108=30; 10=0015;
8=FIX4.4; 35=0; 34=27; 49=MS; 56=MTHREE; 52=2022-05-31-12:58:30; 108=30; 10=0015;
8=FIX4.4; 35=0; 34=28; 49=MTHREE; 56=MS; 52=2022-05-31-12:58:32; 108=30; 10=0015;
8=FIX4.4; 35=0; 34=28; 49=MS; 56=MTHREE; 52=2022-05-31-12:58:32; 108=30; 10=0015;
8=FIX4.4; 35=0; 34=29; 49=MTHREE; 56=MS; 52=2022-05-31-12:58:34; 108=30; 10=0015;
8=FIX4.4; 35=0; 34=29; 49=MS; 56=MTHREE; 52=2022-05-31-12:58:34; 108=30; 10=0015;
8=FIX4.4; 35=0; 34=30; 49=MTHREE; 56=MS; 52=2022-05-31-12:58:36; 108=30; 10=0015;
8=FIX4.4; 35=0; 34=30; 49=MS; 56=MTHREE; 52=2022-05-31-12:58:36; 108=30; 10=0015;
8=FIX4.4; 35=0; 34=31; 49=MTHREE; 56=MS; 52=2022-05-31-12:58:38; 108=30; 10=0015;
8=FIX4.4; 35=0; 34=31; 49=MS; 56=MTHREE; 52=2022-05-31-12:58:38; 108=30; 10=0015;
8=FIX4.4; 35=0; 34=32; 49=MTHREE; 56=MS; 52=2022-05-31-12:58:40; 108=30; 10=0015;
8=FIX4.4; 35=0; 34=32; 49=MS; 56=MTHREE; 52=2022-05-31-12:58:40; 108=30; 10=0015;
8=FIX4.4; 35=0; 34=33; 49=MTHREE; 56=MS; 52=2022-05-31-12:58:42; 108=30; 10=0015;
8=FIX4.4; 35=0; 34=33; 49=MS; 56=MTHREE; 52=2022-05-31-12:58:42; 108=30; 10=0015;
8=FIX4.4; 35=0; 34=34; 49=MTHREE; 56=MS; 52=2022-05-31-12:58:44; 108=30; 10=0015;
8=FIX4.4; 35=0; 34=34; 49=MS; 56=MTHREE; 52=2022-05-31-12:58:44; 108=30; 10=0015;
8=FIX4.4; 35=0; 34=35; 49=MTHREE; 56=MS; 52=2022-05-31-12:58:46; 108=30; 10=0015;
8=FIX4.4; 35=0; 34=35; 49=MS; 56=MTHREE; 52=2022-05-31-12:58:46; 108=30; 10=0015;
8=FIX4.4; 35=0; 34=36; 49=MTHREE; 56=MS; 52=2022-05-31-12:58:48; 108=30; 10=0015;
8=FIX4.4; 35=0; 34=36; 49=MS; 56=MTHREE; 52=2022-05-31-12:58:48; 108=30; 10=0015;
8=FIX4.4; 35=0; 34=37; 49=MTHREE; 56=MS; 52=2022-05-31-12:58:50; 108=30; 10=0015;
8=FIX4.4; 35=0; 34=37; 49=MS; 56=MTHREE; 52=2022-05-31-12:58:50; 108=30; 10=0015;
8=FIX4.4; 35=0; 34=38; 49=MTHREE; 56=MS; 52=2022-05-31-12:58:52; 108=30; 10=0015;
8=FIX4.4; 35=0; 34=38; 49=MS; 56=MTHREE; 52=2022-05-31-12:58:52; 108=30; 10=0015;
8=FIX4.4; 35=0; 34=39; 49=MTHREE; 56=MS; 52=2022-05-31-12:58:54; 108=30; 10=0015;
8=FIX4.4; 35=0; 34=39; 49=MS; 56=MTHREE; 52=2022-05-31-12:58:54; 108=30; 10=0015;
8=FIX4.4; 35=0; 34=40; 49=MTHREE; 56=MS; 52=2022-05-31-12:58:56; 108=30; 10=0015;
8=FIX4.4; 35=0; 34=40; 49=MS; 56=MTHREE; 52=2022-05-31-12:58:56; 108=30; 10=0015;
8=FIX4.4; 35=0; 34=41; 49=MTHREE; 56=MS; 52=2022-05-31-12:58:58; 108=30; 10=0015;
8=FIX4.4; 35=0; 34=41; 49=MS; 56=MTHREE; 52=2022-05-31-12:58:58; 108=30; 10=0015;
8=FIX4.4; 35=0; 34=42; 49=MTHREE; 56=MS; 52=2022-05-31-12:59:00; 108=30; 10=0015;
8=FIX4.4; 35=0; 34=42; 49=MS; 56=MTHREE; 52=2022-05-31-12:59:00; 108=30; 10=0015;
8=FIX4.4; 35=0; 34=43; 49=MTHREE; 56=MS; 52=2022-05-31-12:59:02; 108=30; 10=0015;
8=FIX4.4; 35=0; 34=43; 49=MS; 56=MTHREE; 52=2022-05-31-12:59:02; 108=30; 10=0015;
8=FIX4.4; 35=0; 34=44; 49=MTHREE; 56=MS; 52=2022-05-31-12:59:04; 108=30; 10=0015;
8=FIX4.4; 35=0; 34=44; 49=MS; 56=MTHREE; 52=2022-05-31-12:59:04; 108=30; 10=0015;
8=FIX4.4; 35=0; 34=45; 49=MTHREE; 56=MS; 52=2022-05-31-12:59:06; 108=30; 10=0015;
8=FIX4.4; 35=0; 34=45; 49=MS; 56=MTHREE; 52=2022-05-31-12:59:06; 108=30; 10=0015;
8=FIX4.4; 35=0; 34=46; 49=MTHREE; 56=MS; 52=2022-05-31-12:59:08; 108=30; 10=0015;
8=FIX4.4; 35=0; 34=46; 49=MS; 56=MTHREE; 52=2022-05-31-12:59:08; 108=30; 10=0015;
8=FIX4.4; 35=0; 34=47; 49=MTHREE; 56=MS; 52=2022-05-31-12:59:10; 108=30; 10=0015;
8=FIX4.4; 35=0; 34=47; 49=MS; 56=MTHREE; 52=2022-05-31-12:59:10; 108=30; 10=0015;
8=FIX4.4; 35=0; 34=48; 49=MTHREE; 56=MS; 52=2022-05-31-12:59:12; 108=30; 10=0015;
8=FIX4.4; 35=0; 34=48; 49=MS; 56=MTHREE; 52=2022-05-31-12:59:12; 108=30; 10=0015;
8=FIX4.4; 35=0; 34=49; 49=MTHREE; 56=MS; 52=2022-05-31-12:59:14; 108=30; 10=0015;
8=FIX4.4; 35=0; 34=49; 49=MS; 56=MTHREE; 52=2022-05-31-12:59:14; 108=30; 10=0015;
8=FIX4.4; 35=0; 34=50; 49=MTHREE; 56=MS; 52=2022-05-31-12:59:16; 108=30; 10=0015;
8=FIX4.4; 35=0; 34=50; 49=MS; 56=MTHREE; 52=2022-05-31-12:59:16; 108=30; 10=0015;
8=FIX4.4; 35=0; 34=51; 49=MTHREE; 56=MS; 52=2022-05-31-12:59:18; 108=30; 10=0015;
8=FIX4.4; 35=0; 34=51; 49=MS; 56=MTHREE; 52=2022-05-31-12:59:18; 108=30; 10=0015;
8=FIX4.4; 35=D; 34=52; 49=MTHREE; 56=MS; 52=2022-05-31-12:59:20; 55=AAPL; 40=2; 38=30306; 21=2; 11=algo20220531125920; 60=2022-05-31-12:59:20; 54=1; 44=1276.37; 10=0252;
8=FIX4.4; 35=8; 34=52; 49=MS; 56=MTHREE; 52=2022-05-31-12:59:20; 55=AAPL; 40=2; 11=algo20220531125920; 31=1276.37; 150=0; 39=0; 54=1; 44=1276.37; 32=0; 17=exec20220531125920; 38=30306; 60=2022-05-31-12:59:20; 6=0; 14=0; 37=algo20220531125920; 10=200;
8=FIX4.4; 35=8; 34=53; 49=MS; 56=MTHREE; 52=2022-05-31-12:59:20; 55=AAPL; 40=2; 11=algo20220531125920; 31=1276.37; 150=1; 39=1; 54=1; 44=1276.37; 32=15153; 17=exec20220531125920; 38=30306; 60=2022-05-31-12:59:20; 6=1276.37; 14=15153; 37=algo20220531125920; 10=240;
8=FIX4.4; 35=8; 34=54; 49=MS; 56=MTHREE; 52=2022-05-31-12:59:22; 55=AAPL; 40=2; 11=algo20220531125920; 31=1276.37; 150=2; 39=2; 54=1; 44=1276.37; 32=15153; 17=exec20220531125922; 38=30306; 60=2022-05-31-12:59:22; 6=1276.37; 14=30306; 37=algo20220531125920; 10=246;
8=FIX4.4; 35=D; 34=53; 49=MTHREE; 56=MS; 52=2022-05-31-12:59:22; 55=MSFT; 40=2; 38=17770; 21=2; 11=algo20220531125922; 60=2022-05-31-12:59:22; 54=1; 44=59.89; 10=0252;
8=FIX4.4; 35=8; 34=55; 49=MS; 56=MTHREE; 52=2022-05-31-12:59:22; 55=MSFT; 40=2; 11=algo20220531125922; 31=59.89; 150=0; 39=0; 54=1; 44=59.89; 32=0; 17=exec20220531125922; 38=17770; 60=2022-05-31-12:59:22; 6=0; 14=0; 37=algo20220531125922; 10=200;
8=FIX4.4; 35=F; 34=53; 49=MTHREE; 56=MS; 52=2022-05-31-12:59:22; 41=algo20220531125922; 55=MSFT; 38=17770; 11=C_algo20220531125922; 60=2022-05-31-12:59:22; 10=060;
8=FIX4.4; 35=8; 34=55; 49=MS; 56=MTHREE; 52=2022-05-31-12:59:22; 55=MSFT; 11=C_algo20220531125922; 31=0; 150=6; 39=6; 54=1; 44=59.89; 17=exec20220531125922; 32=0; 41=algo20220531125922; 38=17770; 60=2022-05-31-12:59:22; 6=0.0; 14=0; 37=algo20220531125922; 10=252;
8=FIX4.4; 35=8; 34=56; 49=MS; 56=MTHREE; 52=2022-05-31-12:59:22; 151=14216; 55=MSFT; 11=C_algo20220531125922; 31=0; 150=4; 39=4; 54=1; 17=exec20220531125922; 32=0; 41=algo20220531125922; 38=17770; 60=2022-05-31-12:59:22; 6=0.0; 14=0; 37=algo20220531125922; 10=252;
8=FIX4.4; 35=D; 34=55; 49=MTHREE; 56=MS; 52=2022-05-31-12:59:24; 55=AMZN; 40=2; 38=31698; 21=2; 11=algo20220531125924; 60=2022-05-31-12:59:24; 54=1; 44=133.47; 10=0252;
8=FIX4.4; 35=8; 34=58; 49=MS; 56=MTHREE; 52=2022-05-31-12:59:24; 55=AMZN; 40=2; 11=algo20220531125924; 31=133.47; 150=0; 39=0; 54=1; 44=133.47; 32=0; 17=exec20220531125924; 38=31698; 60=2022-05-31-12:59:24; 6=0; 14=0; 37=algo20220531125924; 10=200;
8=FIX4.4; 35=F; 34=55; 49=MTHREE; 56=MS; 52=2022-05-31-12:59:24; 41=algo20220531125924; 55=AMZN; 38=31698; 11=C_algo20220531125924; 60=2022-05-31-12:59:24; 10=060;
8=FIX4.4; 35=8; 34=58; 49=MS; 56=MTHREE; 52=2022-05-31-12:59:24; 55=AMZN; 11=C_algo20220531125924; 31=0; 150=6; 39=6; 54=1; 44=133.47; 17=exec20220531125924; 32=0; 41=algo20220531125924; 38=31698; 60=2022-05-31-12:59:24; 6=0.0; 14=0; 37=algo20220531125924; 10=252;
8=FIX4.4; 35=8; 34=59; 49=MS; 56=MTHREE; 52=2022-05-31-12:59:24; 151=25359; 55=AMZN; 11=C_algo20220531125924; 31=0; 150=4; 39=4; 54=1; 17=exec20220531125924; 32=0; 41=algo20220531125924; 38=31698; 60=2022-05-31-12:59:24; 6=0.0; 14=0; 37=algo20220531125924; 10=252;
8=FIX4.4; 35=D; 34=57; 49=MTHREE; 56=MS; 52=2022-05-31-12:59:26; 55=FB; 40=2; 38=16859; 21=2; 11=algo20220531125926; 60=2022-05-31-12:59:26; 54=2; 44=430.62; 10=0252;
8=FIX4.4; 35=8; 34=61; 49=MS; 56=MTHREE; 52=2022-05-31-12:59:26; 55=FB; 40=2; 11=algo20220531125926; 31=430.62; 150=0; 39=0; 54=2; 44=430.62; 32=0; 17=exec20220531125926; 38=16859; 60=2022-05-31-12:59:26; 6=0; 14=0; 37=algo20220531125926; 10=200;
8=FIX4.4; 35=8; 34=62; 49=MS; 56=MTHREE; 52=2022-05-31-12:59:26; 55=FB; 40=2; 11=algo20220531125926; 31=430.62; 150=1; 39=1; 54=2; 44=430.62; 32=5619; 17=exec20220531125926; 38=16859; 60=2022-05-31-12:59:26; 6=430.62; 14=5619; 37=algo20220531125926; 10=240;
8=FIX4.4; 35=F; 34=57; 49=MTHREE; 56=MS; 52=2022-05-31-12:59:27; 41=algo20220531125926; 55=FB; 38=16859; 11=C_algo20220531125926; 60=2022-05-31-12:59:27; 10=060;
8=FIX4.4; 35=8; 34=62; 49=MS; 56=MTHREE; 52=2022-05-31-12:59:27; 55=FB; 11=C_algo20220531125926; 31=0; 150=6; 39=6; 54=2; 44=430.62; 17=exec20220531125927; 32=0; 41=algo20220531125926; 38=16859; 60=2022-05-31-12:59:27; 6=0.0; 14=5619; 37=algo20220531125926; 10=252;
8=FIX4.4; 35=8; 34=63; 49=MS; 56=MTHREE; 52=2022-05-31-12:59:27; 151=5621; 55=FB; 11=C_algo20220531125926; 31=0; 150=4; 39=4; 54=2; 17=exec20220531125927; 32=0; 41=algo20220531125926; 38=16859; 60=2022-05-31-12:59:27; 6=0.0; 14=5619; 37=algo20220531125926; 10=252;
8=FIX4.4; 35=D; 34=59; 49=MTHREE; 56=MS; 52=2022-05-31-12:59:29; 55=GOOG; 40=2; 38=12997; 21=2; 11=algo20220531125929; 60=2022-05-31-12:59:29; 54=1; 44=42.05; 10=0252;
8=FIX4.4; 35=8; 34=65; 49=MS; 56=MTHREE; 52=2022-05-31-12:59:29; 55=GOOG; 40=2; 11=algo20220531125929; 31=42.05; 150=0; 39=0; 54=1; 44=42.05; 32=0; 17=exec20220531125929; 38=12997; 60=2022-05-31-12:59:29; 6=0; 14=0; 37=algo20220531125929; 10=200;
8=FIX4.4; 35=F; 34=59; 49=MTHREE; 56=MS; 52=2022-05-31-12:59:29; 41=algo20220531125929; 55=GOOG; 38=12997; 11=C_algo20220531125929; 60=2022-05-31-12:59:29; 10=060;
8=FIX4.4; 35=8; 34=65; 49=MS; 56=MTHREE; 52=2022-05-31-12:59:29; 55=GOOG; 11=C_algo20220531125929; 31=0; 150=6; 39=6; 54=1; 44=42.05; 17=exec20220531125929; 32=0; 41=algo20220531125929; 38=12997; 60=2022-05-31-12:59:29; 6=0.0; 14=0; 37=algo20220531125929; 10=252;
8=FIX4.4; 35=8; 34=66; 49=MS; 56=MTHREE; 52=2022-05-31-12:59:29; 151=10398; 55=GOOG; 11=C_algo20220531125929; 31=0; 150=4; 39=4; 54=1; 17=exec20220531125929; 32=0; 41=algo20220531125929; 38=12997; 60=2022-05-31-12:59:29; 6=0.0; 14=0; 37=algo20220531125929; 10=252;
8=FIX4.4; 35=D; 34=61; 49=MTHREE; 56=MS; 52=2022-05-31-12:59:31; 55=GOOGL; 40=2; 38=7357; 21=2; 11=algo20220531125931; 60=2022-05-31-12:59:31; 54=2; 44=289.20; 10=0252;
8=FIX4.4; 35=8; 34=68; 49=MS; 56=MTHREE; 52=2022-05-31-12:59:31; 55=GOOGL; 40=2; 11=algo20220531125931; 31=289.20; 150=0; 39=0; 54=2; 44=289.20; 32=0; 17=exec20220531125931; 38=7357; 60=2022-05-31-12:59:31; 6=0; 14=0; 37=algo20220531125931; 10=200;
8=FIX4.4; 35=8; 34=69; 49=MS; 56=MTHREE; 52=2022-05-31-12:59:31; 55=GOOGL; 40=2; 11=algo20220531125931; 31=289.20; 150=1; 39=1; 54=2; 44=289.20; 32=2452; 17=exec20220531125931; 38=7357; 60=2022-05-31-12:59:31; 6=289.20; 14=2452; 37=algo20220531125931; 10=240;
8=FIX4.4; 35=8; 34=70; 49=MS; 56=MTHREE; 52=2022-05-31-12:59:32; 55=GOOGL; 40=2; 11=algo20220531125931; 31=289.20; 150=1; 39=1; 54=2; 44=289.20; 32=2452; 17=exec20220531125932; 38=7357; 60=2022-05-31-12:59:32; 6=289.20; 14=4904; 37=algo20220531125931; 10=240;
8=FIX4.4; 35=8; 34=71; 49=MS; 56=MTHREE; 52=2022-05-31-12:59:34; 55=GOOGL; 40=2; 11=algo20220531125931; 31=289.20; 150=2; 39=2; 54=2; 44=289.20; 32=2453; 17=exec20220531125934; 38=7357; 60=2022-05-31-12:59:34; 6=289.20; 14=7357; 37=algo20220531125931; 10=246;
8=FIX4.4; 35=D; 34=62; 49=MTHREE; 56=MS; 52=2022-05-31-12:59:34; 55=INTC; 40=2; 38=15050; 21=2; 11=algo20220531125934; 60=2022-05-31-12:59:34; 54=1; 44=339.13; 10=0252;
8=FIX4.4; 35=8; 34=72; 49=MS; 56=MTHREE; 52=2022-05-31-12:59:34; 55=INTC; 40=2; 11=algo20220531125934; 31=339.13; 150=0; 39=0; 54=1; 44=339.13; 32=0; 17=exec20220531125934; 38=15050; 60=2022-05-31-12:59:34; 6=0; 14=0; 37=algo20220531125934; 10=200;
8=FIX4.4; 35=8; 34=73; 49=MS; 56=MTHREE; 52=2022-05-31-12:59:34; 55=INTC; 40=2; 11=algo20220531125934; 31=339.13; 150=1; 39=1; 54=1; 44=339.13; 32=3762; 17=exec20220531125934; 38=15050; 60=2022-05-31-12:59:34; 6=339.13; 14=3762; 37=algo20220531125934; 10=240;
8=FIX4.4; 35=F; 34=62; 49=MTHREE; 56=MS; 52=2022-05-31-12:59:35; 41=algo20220531125934; 55=INTC; 38=15050; 11=C_algo20220531125934; 60=2022-05-31-12:59:35; 10=060;
8=FIX4.4; 35=8; 34=73; 49=MS; 56=MTHREE; 52=2022-05-31-12:59:35; 55=INTC; 11=C_algo20220531125934; 31=0; 150=6; 39=6; 54=1; 44=339.13; 17=exec20220531125935; 32=0; 41=algo20220531125934; 38=15050; 60=2022-05-31-12:59:35; 6=0.0; 14=3762; 37=algo20220531125934; 10=252;
8=FIX4.4; 35=8; 34=74; 49=MS; 56=MTHREE; 52=2022-05-31-12:59:35; 151=7526; 55=INTC; 11=C_algo20220531125934; 31=0; 150=4; 39=4; 54=1; 17=exec20220531125935; 32=0; 41=algo20220531125934; 38=15050; 60=2022-05-31-12:59:35; 6=0.0; 14=3762; 37=algo20220531125934; 10=252;
8=FIX4.4; 35=D; 34=64; 49=MTHREE; 56=MS; 52=2022-05-31-12:59:37; 55=PEP; 40=2; 38=26029; 21=2; 11=algo20220531125937; 60=2022-05-31-12:59:37; 54=1; 44=36.21; 10=0252;
8=FIX4.4; 35=8; 34=76; 49=MS; 56=MTHREE; 52=2022-05-31-12:59:37; 55=PEP; 40=2; 11=algo20220531125937; 31=36.21; 150=0; 39=0; 54=1; 44=36.21; 32=0; 17=exec20220531125937; 38=26029; 60=2022-05-31-12:59:37; 6=0; 14=0; 37=algo20220531125937; 10=200;
8=FIX4.4; 35=F; 34=64; 49=MTHREE; 56=MS; 52=2022-05-31-12:59:37; 41=algo20220531125937; 55=PEP; 38=26029; 11=C_algo20220531125937; 60=2022-05-31-12:59:37; 10=060;
8=FIX4.4; 35=8; 34=76; 49=MS; 56=MTHREE; 52=2022-05-31-12:59:37; 55=PEP; 11=C_algo20220531125937; 31=0; 150=6; 39=6; 54=1; 44=36.21; 17=exec20220531125937; 32=0; 41=algo20220531125937; 38=26029; 60=2022-05-31-12:59:37; 6=0.0; 14=0; 37=algo20220531125937; 10=252;
8=FIX4.4; 35=8; 34=77; 49=MS; 56=MTHREE; 52=2022-05-31-12:59:37; 151=13015; 55=PEP; 11=C_algo20220531125937; 31=0; 150=4; 39=4; 54=1; 17=exec20220531125937; 32=0; 41=algo20220531125937; 38=26029; 60=2022-05-31-12:59:37; 6=0.0; 14=0; 37=algo20220531125937; 10=252;
8=FIX4.4; 35=D; 34=66; 49=MTHREE; 56=MS; 52=2022-05-31-12:59:39; 55=NFLX; 40=2; 38=31436; 21=2; 11=algo20220531125939; 60=2022-05-31-12:59:39; 54=1; 44=306.71; 10=0252;
8=FIX4.4; 35=8; 34=79; 49=MS; 56=MTHREE; 52=2022-05-31-12:59:39; 55=NFLX; 40=2; 11=algo20220531125939; 31=306.71; 150=0; 39=0; 54=1; 44=306.71; 32=0; 17=exec20220531125939; 38=31436; 60=2022-05-31-12:59:39; 6=0; 14=0; 37=algo20220531125939; 10=200;
8=FIX4.4; 35=F; 34=66; 49=MTHREE; 56=MS; 52=2022-05-31-12:59:39; 41=algo20220531125939; 55=NFLX; 38=31436; 11=C_algo20220531125939; 60=2022-05-31-12:59:39; 10=060;
8=FIX4.4; 35=8; 34=79; 49=MS; 56=MTHREE; 52=2022-05-31-12:59:39; 55=NFLX; 11=C_algo20220531125939; 31=0; 150=6; 39=6; 54=1; 44=306.71; 17=exec20220531125939; 32=0; 41=algo20220531125939; 38=31436; 60=2022-05-31-12:59:39; 6=0.0; 14=0; 37=algo20220531125939; 10=252;
8=FIX4.4; 35=8; 34=80; 49=MS; 56=MTHREE; 52=2022-05-31-12:59:39; 151=23577; 55=NFLX; 11=C_algo20220531125939; 31=0; 150=4; 39=4; 54=1; 17=exec20220531125939; 32=0; 41=algo20220531125939; 38=31436; 60=2022-05-31-12:59:39; 6=0.0; 14=0; 37=algo20220531125939; 10=252;
8=FIX4.4; 35=D; 34=68; 49=MTHREE; 56=MS; 52=2022-05-31-12:59:41; 55=CSCO; 40=2; 38=29907; 21=2; 11=algo20220531125941; 60=2022-05-31-12:59:41; 54=2; 44=233.73; 10=0252;
8=FIX4.4; 35=8; 34=82; 49=MS; 56=MTHREE; 52=2022-05-31-12:59:41; 55=CSCO; 40=2; 11=algo20220531125941; 31=233.73; 150=0; 39=0; 54=2; 44=233.73; 32=0; 17=exec20220531125941; 38=29907; 60=2022-05-31-12:59:41; 6=0; 14=0; 37=algo20220531125941; 10=200;
8=FIX4.4; 35=8; 34=83; 49=MS; 56=MTHREE; 52=2022-05-31-12:59:42; 55=CSCO; 40=2; 11=algo20220531125941; 31=233.73; 150=2; 39=2; 54=2; 44=233.73; 32=29907; 17=exec20220531125942; 38=29907; 60=2022-05-31-12:59:42; 6=233.73; 14=29907; 37=algo20220531125941; 10=246;
8=FIX4.4; 35=D; 34=69; 49=MTHREE; 56=MS; 52=2022-05-31-12:59:42; 55=AMGN; 40=2; 38=23; 21=2; 11=algo20220531125942; 60=2022-05-31-12:59:42; 54=2; 44=116.62; 10=0252;
8=FIX4.4; 35=8; 34=84; 49=MS; 56=MTHREE; 52=2022-05-31-12:59:42; 55=AMGN; 40=2; 11=algo20220531125942; 31=116.62; 150=0; 39=0; 54=2; 44=116.62; 32=0; 17=exec20220531125942; 38=23; 60=2022-05-31-12:59:42; 6=0; 14=0; 37=algo20220531125942; 10=200;
8=FIX4.4; 35=8; 34=85; 49=MS; 56=MTHREE; 52=2022-05-31-12:59:42; 55=AMGN; 40=2; 11=algo20220531125942; 31=116.62; 150=1; 39=1; 54=2; 44=116.62; 32=5; 17=exec20220531125942; 38=23; 60=2022-05-31-12:59:42; 6=116.62; 14=5; 37=algo20220531125942; 10=240;
8=FIX4.4; 35=F; 34=69; 49=MTHREE; 56=MS; 52=2022-05-31-12:59:43; 41=algo20220531125942; 55=AMGN; 38=23; 11=C_algo20220531125942; 60=2022-05-31-12:59:43; 10=060;
8=FIX4.4; 35=8; 34=85; 49=MS; 56=MTHREE; 52=2022-05-31-12:59:43; 55=AMGN; 11=C_algo20220531125942; 31=0; 150=6; 39=6; 54=2; 44=116.62; 17=exec20220531125943; 32=0; 41=algo20220531125942; 38=23; 60=2022-05-31-12:59:43; 6=0.0; 14=5; 37=algo20220531125942; 10=252;
8=FIX4.4; 35=8; 34=86; 49=MS; 56=MTHREE; 52=2022-05-31-12:59:43; 151=13; 55=AMGN; 11=C_algo20220531125942; 31=0; 150=4; 39=4; 54=2; 17=exec20220531125943; 32=0; 41=algo20220531125942; 38=23; 60=2022-05-31-12:59:43; 6=0.0; 14=5; 37=algo20220531125942; 10=252;
8=FIX4.4; 35=D; 34=71; 49=MTHREE; 56=MS; 52=2022-05-31-12:59:45; 55=PYPL; 40=2; 38=27805; 21=2; 11=algo20220531125945; 60=2022-05-31-12:59:45; 54=2; 44=723.61; 10=0252;
8=FIX4.4; 35=8; 34=88; 49=MS; 56=MTHREE; 52=2022-05-31-12:59:45; 55=PYPL; 40=2; 11=algo20220531125945; 31=723.61; 150=0; 39=0; 54=2; 44=723.61; 32=0; 17=exec20220531125945; 38=27805; 60=2022-05-31-12:59:45; 6=0; 14=0; 37=algo20220531125945; 10=200;
8=FIX4.4; 35=F; 34=71; 49=MTHREE; 56=MS; 52=2022-05-31-12:59:45; 41=algo20220531125945; 55=PYPL; 38=27805; 11=C_algo20220531125945; 60=2022-05-31-12:59:45; 10=060;
8=FIX4.4; 35=8; 34=88; 49=MS; 56=MTHREE; 52=2022-05-31-12:59:45; 55=PYPL; 11=C_algo20220531125945; 31=0; 150=6; 39=6; 54=2; 44=723.61; 17=exec20220531125945; 32=0; 41=algo20220531125945; 38=27805; 60=2022-05-31-12:59:45; 6=0.0; 14=0; 37=algo20220531125945; 10=252;
8=FIX4.4; 35=8; 34=89; 49=MS; 56=MTHREE; 52=2022-05-31-12:59:45; 151=13903; 55=PYPL; 11=C_algo20220531125945; 31=0; 150=4; 39=4; 54=2; 17=exec20220531125945; 32=0; 41=algo20220531125945; 38=27805; 60=2022-05-31-12:59:45; 6=0.0; 14=0; 37=algo20220531125945; 10=252;
8=FIX4.4; 35=D; 34=73; 49=MTHREE; 56=MS; 52=2022-05-31-12:59:47; 55=TSLA; 40=2; 38=27177; 21=2; 11=algo20220531125947; 60=2022-05-31-12:59:47; 54=1; 44=503.77; 10=0252;
8=FIX4.4; 35=8; 34=91; 49=MS; 56=MTHREE; 52=2022-05-31-12:59:47; 55=TSLA; 40=2; 11=algo20220531125947; 31=503.77; 150=0; 39=0; 54=1; 44=503.77; 32=0; 17=exec20220531125947; 38=27177; 60=2022-05-31-12:59:47; 6=0; 14=0; 37=algo20220531125947; 10=200;
8=FIX4.4; 35=F; 34=73; 49=MTHREE; 56=MS; 52=2022-05-31-12:59:47; 41=algo20220531125947; 55=TSLA; 38=27177; 11=C_algo20220531125947; 60=2022-05-31-12:59:47; 10=060;
8=FIX4.4; 35=8; 34=91; 49=MS; 56=MTHREE; 52=2022-05-31-12:59:47; 55=TSLA; 11=C_algo20220531125947; 31=0; 150=6; 39=6; 54=1; 44=503.77; 17=exec20220531125947; 32=0; 41=algo20220531125947; 38=27177; 60=2022-05-31-12:59:47; 6=0.0; 14=0; 37=algo20220531125947; 10=252;
8=FIX4.4; 35=8; 34=92; 49=MS; 56=MTHREE; 52=2022-05-31-12:59:47; 151=21742; 55=TSLA; 11=C_algo20220531125947; 31=0; 150=4; 39=4; 54=1; 17=exec20220531125947; 32=0; 41=algo20220531125947; 38=27177; 60=2022-05-31-12:59:47; 6=0.0; 14=0; 37=algo20220531125947; 10=252;
8=FIX4.4; 35=D; 34=75; 49=MTHREE; 56=MS; 52=2022-05-31-12:59:49; 55=TXN; 40=2; 38=19668; 21=2; 11=algo20220531125949; 60=2022-05-31-12:59:49; 54=1; 44=112.46; 10=0252;
8=FIX4.4; 35=8; 34=94; 49=MS; 56=MTHREE; 52=2022-05-31-12:59:49; 55=TXN; 40=2; 11=algo20220531125949; 31=112.46; 150=0; 39=0; 54=1; 44=112.46; 32=0; 17=exec20220531125949; 38=19668; 60=2022-05-31-12:59:49; 6=0; 14=0; 37=algo20220531125949; 10=200;
8=FIX4.4; 35=8; 34=95; 49=MS; 56=MTHREE; 52=2022-05-31-12:59:49; 55=TXN; 40=2; 11=algo20220531125949; 31=112.46; 150=1; 39=1; 54=1; 44=112.46; 32=3933; 17=exec20220531125949; 38=19668; 60=2022-05-31-12:59:49; 6=112.46; 14=3933; 37=algo20220531125949; 10=240;
8=FIX4.4; 35=F; 34=75; 49=MTHREE; 56=MS; 52=2022-05-31-12:59:50; 41=algo20220531125949; 55=TXN; 38=19668; 11=C_algo20220531125949; 60=2022-05-31-12:59:50; 10=060;
8=FIX4.4; 35=8; 34=95; 49=MS; 56=MTHREE; 52=2022-05-31-12:59:50; 55=TXN; 11=C_algo20220531125949; 31=0; 150=6; 39=6; 54=1; 44=112.46; 17=exec20220531125950; 32=0; 41=algo20220531125949; 38=19668; 60=2022-05-31-12:59:50; 6=0.0; 14=3933; 37=algo20220531125949; 10=252;
8=FIX4.4; 35=8; 34=96; 49=MS; 56=MTHREE; 52=2022-05-31-12:59:50; 151=11802; 55=TXN; 11=C_algo20220531125949; 31=0; 150=4; 39=4; 54=1; 17=exec20220531125950; 32=0; 41=algo20220531125949; 38=19668; 60=2022-05-31-12:59:50; 6=0.0; 14=3933; 37=algo20220531125949; 10=252;
8=FIX4.4; 35=D; 34=77; 49=MTHREE; 56=MS; 52=2022-05-31-12:59:52; 55=AVGO; 40=2; 38=3687; 21=2; 11=algo20220531125952; 60=2022-05-31-12:59:52; 54=1; 44=262.99; 10=0252;
8=FIX4.4; 35=8; 34=98; 49=MS; 56=MTHREE; 52=2022-05-31-12:59:52; 55=AVGO; 40=2; 11=algo20220531125952; 31=262.99; 150=0; 39=0; 54=1; 44=262.99; 32=0; 17=exec20220531125952; 38=3687; 60=2022-05-31-12:59:52; 6=0; 14=0; 37=algo20220531125952; 10=200;
8=FIX4.4; 35=8; 34=99; 49=MS; 56=MTHREE; 52=2022-05-31-12:59:52; 55=AVGO; 40=2; 11=algo20220531125952; 31=262.99; 150=1; 39=1; 54=1; 44=262.99; 32=737; 17=exec20220531125952; 38=3687; 60=2022-05-31-12:59:52; 6=262.99; 14=737; 37=algo20220531125952; 10=240;
8=FIX4.4; 35=8; 34=100; 49=MS; 56=MTHREE; 52=2022-05-31-12:59:53; 55=AVGO; 40=2; 11=algo20220531125952; 31=262.99; 150=1; 39=1; 54=1; 44=262.99; 32=737; 17=exec20220531125953; 38=3687; 60=2022-05-31-12:59:53; 6=262.99; 14=1474; 37=algo20220531125952; 10=240;
8=FIX4.4; 35=8; 34=101; 49=MS; 56=MTHREE; 52=2022-05-31-12:59:54; 55=AVGO; 40=2; 11=algo20220531125952; 31=262.99; 150=1; 39=1; 54=1; 44=262.99; 32=737; 17=exec20220531125954; 38=3687; 60=2022-05-31-12:59:54; 6=262.99; 14=2211; 37=algo20220531125952; 10=240;
8=FIX4.4; 35=8; 34=102; 49=MS; 56=MTHREE; 52=2022-05-31-12:59:55; 55=AVGO; 40=2; 11=algo20220531125952; 31=262.99; 150=1; 39=1; 54=1; 44=262.99; 32=737; 17=exec20220531125955; 38=3687; 60=2022-05-31-12:59:55; 6=262.99; 14=2948; 37=algo20220531125952; 10=240;
8=FIX4.4; 35=8; 34=103; 49=MS; 56=MTHREE; 52=2022-05-31-12:59:57; 55=AVGO; 40=2; 11=algo20220531125952; 31=262.99; 150=2; 39=2; 54=1; 44=262.99; 32=739; 17=exec20220531125957; 38=3687; 60=2022-05-31-12:59:57; 6=262.99; 14=3687; 37=algo20220531125952; 10=246;
8=FIX4.4; 35=D; 34=78; 49=MTHREE; 56=MS; 52=2022-05-31-12:59:57; 55=GILD; 40=2; 38=27531; 21=2; 11=algo20220531125957; 60=2022-05-31-12:59:57; 54=2; 44=82.91; 10=0252;
8=FIX4.4; 35=8; 34=104; 49=MS; 56=MTHREE; 52=2022-05-31-12:59:57; 55=GILD; 40=2; 11=algo20220531125957; 31=82.91; 150=0; 39=0; 54=2; 44=82.91; 32=0; 17=exec20220531125957; 38=27531; 60=2022-05-31-12:59:57; 6=0; 14=0; 37=algo20220531125957; 10=200;
8=FIX4.4; 35=8; 34=105; 49=MS; 56=MTHREE; 52=2022-05-31-12:59:57; 55=GILD; 40=2; 11=algo20220531125957; 31=82.91; 150=1; 39=1; 54=2; 44=82.91; 32=5506; 17=exec20220531125957; 38=27531; 60=2022-05-31-12:59:57; 6=82.91; 14=5506; 37=algo20220531125957; 10=240;
8=FIX4.4; 35=F; 34=78; 49=MTHREE; 56=MS; 52=2022-05-31-12:59:58; 41=algo20220531125957; 55=GILD; 38=27531; 11=C_algo20220531125957; 60=2022-05-31-12:59:58; 10=060;
8=FIX4.4; 35=8; 34=105; 49=MS; 56=MTHREE; 52=2022-05-31-12:59:58; 55=GILD; 11=C_algo20220531125957; 31=0; 150=6; 39=6; 54=2; 44=82.91; 17=exec20220531125958; 32=0; 41=algo20220531125957; 38=27531; 60=2022-05-31-12:59:58; 6=0.0; 14=5506; 37=algo20220531125957; 10=252;
8=FIX4.4; 35=8; 34=106; 49=MS; 56=MTHREE; 52=2022-05-31-12:59:58; 151=16519; 55=GILD; 11=C_algo20220531125957; 31=0; 150=4; 39=4; 54=2; 17=exec20220531125958; 32=0; 41=algo20220531125957; 38=27531; 60=2022-05-31-12:59:58; 6=0.0; 14=5506; 37=algo20220531125957; 10=252;
8=FIX4.4; 35=D; 34=80; 49=MTHREE; 56=MS; 52=2022-05-31-13:00:00; 55=SBUX; 40=2; 38=2294; 21=2; 11=algo20220531130000; 60=2022-05-31-13:00:00; 54=1; 44=75.71; 10=0252;
8=FIX4.4; 35=8; 34=108; 49=MS; 56=MTHREE; 52=2022-05-31-13:00:00; 55=SBUX; 40=2; 11=algo20220531130000; 31=75.71; 150=0; 39=0; 54=1; 44=75.71; 32=0; 17=exec20220531130000; 38=2294; 60=2022-05-31-13:00:00; 6=0; 14=0; 37=algo20220531130000; 10=200;
8=FIX4.4; 35=F; 34=80; 49=MTHREE; 56=MS; 52=2022-05-31-13:00:00; 41=algo20220531130000; 55=SBUX; 38=2294; 11=C_algo20220531130000; 60=2022-05-31-13:00:00; 10=060;
8=FIX4.4; 35=8; 34=108; 49=MS; 56=MTHREE; 52=2022-05-31-13:00:00; 55=SBUX; 11=C_algo20220531130000; 31=0; 150=6; 39=6; 54=1; 44=75.71; 17=exec20220531130000; 32=0; 41=algo20220531130000; 38=2294; 60=2022-05-31-13:00:00; 6=0.0; 14=0; 37=algo20220531130000; 10=252;
8=FIX4.4; 35=8; 34=109; 49=MS; 56=MTHREE; 52=2022-05-31-13:00:00; 151=1147; 55=SBUX; 11=C_algo20220531130000; 31=0; 150=4; 39=4; 54=1; 17=exec20220531130000; 32=0; 41=algo20220531130000; 38=2294; 60=2022-05-31-13:00:00; 6=0.0; 14=0; 37=algo20220531130000; 10=252;
8=FIX4.4; 35=D; 34=82; 49=MTHREE; 56=MS; 52=2022-05-31-13:00:03; 55=QCOM; 40=2; 38=7198; 21=2; 11=algo20220531130003; 60=2022-05-31-13:00:03; 54=1; 44=75.47; 10=0252;
8=FIX4.4; 35=8; 34=111; 49=MS; 56=MTHREE; 52=2022-05-31-13:00:03; 55=QCOM; 40=2; 11=algo20220531130003; 31=75.47; 150=0; 39=0; 54=1; 44=75.47; 32=0; 17=exec20220531130003; 38=7198; 60=2022-05-31-13:00:03; 6=0; 14=0; 37=algo20220531130003; 10=200;
8=FIX4.4; 35=8; 34=112; 49=MS; 56=MTHREE; 52=2022-05-31-13:00:03; 55=QCOM; 40=2; 11=algo20220531130003; 31=75.47; 150=1; 39=1; 54=1; 44=75.47; 32=1799; 17=exec20220531130003; 38=7198; 60=2022-05-31-13:00:03; 6=75.47; 14=1799; 37=algo20220531130003; 10=240;
8=FIX4.4; 35=8; 34=113; 49=MS; 56=MTHREE; 52=2022-05-31-13:00:04; 55=QCOM; 40=2; 11=algo20220531130003; 31=75.47; 150=1; 39=1; 54=1; 44=75.47; 32=1799; 17=exec20220531130004; 38=7198; 60=2022-05-31-13:00:04; 6=75.47; 14=3598; 37=algo20220531130003; 10=240;
8=FIX4.4; 35=8; 34=114; 49=MS; 56=MTHREE; 52=2022-05-31-13:00:05; 55=QCOM; 40=2; 11=algo20220531130003; 31=75.47; 150=1; 39=1; 54=1; 44=75.47; 32=1799; 17=exec20220531130005; 38=7198; 60=2022-05-31-13:00:05; 6=75.47; 14=5397; 37=algo20220531130003; 10=240;
8=FIX4.4; 35=8; 34=115; 49=MS; 56=MTHREE; 52=2022-05-31-13:00:07; 55=QCOM; 40=2; 11=algo20220531130003; 31=75.47; 150=2; 39=2; 54=1; 44=75.47; 32=1801; 17=exec20220531130007; 38=7198; 60=2022-05-31-13:00:07; 6=75.47; 14=7198; 37=algo20220531130003; 10=246;
8=FIX4.4; 35=D; 34=83; 49=MTHREE; 56=MS; 52=2022-05-31-13:00:07; 55=TMUS; 40=2; 38=23081; 21=2; 11=algo20220531130007; 60=2022-05-31-13:00:07; 54=1; 44=90.74; 10=0252;
8=FIX4.4; 35=8; 34=116; 49=MS; 56=MTHREE; 52=2022-05-31-13:00:07; 55=TMUS; 40=2; 11=algo20220531130007; 31=90.74; 150=0; 39=0; 54=1; 44=90.74; 32=0; 17=exec20220531130007; 38=23081; 60=2022-05-31-13:00:07; 6=0; 14=0; 37=algo20220531130007; 10=200;
8=FIX4.4; 35=F; 34=83; 49=MTHREE; 56=MS; 52=2022-05-31-13:00:07; 41=algo20220531130007; 55=TMUS; 38=23081; 11=C_algo20220531130007; 60=2022-05-31-13:00:07; 10=060;
8=FIX4.4; 35=8; 34=116; 49=MS; 56=MTHREE; 52=2022-05-31-13:00:07; 55=TMUS; 11=C_algo20220531130007; 31=0; 150=6; 39=6; 54=1; 44=90.74; 17=exec20220531130007; 32=0; 41=algo20220531130007; 38=23081; 60=2022-05-31-13:00:07; 6=0.0; 14=0; 37=algo20220531130007; 10=252;
8=FIX4.4; 35=8; 34=117; 49=MS; 56=MTHREE; 52=2022-05-31-13:00:07; 151=17311; 55=TMUS; 11=C_algo20220531130007; 31=0; 150=4; 39=4; 54=1; 17=exec20220531130007; 32=0; 41=algo20220531130007; 38=23081; 60=2022-05-31-13:00:07; 6=0.0; 14=0; 37=algo20220531130007; 10=252;
8=FIX4.4; 35=D; 34=85; 49=MTHREE; 56=MS; 52=2022-05-31-13:00:09; 55=MDLZ; 40=2; 38=3731; 21=2; 11=algo20220531130009; 60=2022-05-31-13:00:09; 54=1; 44=52.26; 10=0252;
8=FIX4.4; 35=8; 34=119; 49=MS; 56=MTHREE; 52=2022-05-31-13:00:09; 55=MDLZ; 40=2; 11=algo20220531130009; 31=52.26; 150=0; 39=0; 54=1; 44=52.26; 32=0; 17=exec20220531130009; 38=3731; 60=2022-05-31-13:00:09; 6=0; 14=0; 37=algo20220531130009; 10=200;
8=FIX4.4; 35=8; 34=120; 49=MS; 56=MTHREE; 52=2022-05-31-13:00:09; 55=MDLZ; 40=2; 11=algo20220531130009; 31=52.26; 150=1; 39=1; 54=1; 44=52.26; 32=932; 17=exec20220531130009; 38=3731; 60=2022-05-31-13:00:09; 6=52.26; 14=932; 37=algo20220531130009; 10=240;
8=FIX4.4; 35=F; 34=85; 49=MTHREE; 56=MS; 52=2022-05-31-13:00:10; 41=algo20220531130009; 55=MDLZ; 38=3731; 11=C_algo20220531130009; 60=2022-05-31-13:00:10; 10=060;
8=FIX4.4; 35=8; 34=120; 49=MS; 56=MTHREE; 52=2022-05-31-13:00:10; 55=MDLZ; 11=C_algo20220531130009; 31=0; 150=6; 39=6; 54=1; 44=52.26; 17=exec20220531130010; 32=0; 41=algo20220531130009; 38=3731; 60=2022-05-31-13:00:10; 6=0.0; 14=932; 37=algo20220531130009; 10=252;
8=FIX4.4; 35=8; 34=121; 49=MS; 56=MTHREE; 52=2022-05-31-13:00:10; 151=1867; 55=MDLZ; 11=C_algo20220531130009; 31=0; 150=4; 39=4; 54=1; 17=exec20220531130010; 32=0; 41=algo20220531130009; 38=3731; 60=2022-05-31-13:00:10; 6=0.0; 14=932; 37=algo20220531130009; 10=252;
8=FIX4.4; 35=D; 34=87; 49=MTHREE; 56=MS; 52=2022-05-31-13:00:12; 55=BAC; 40=2; 38=20397; 21=2; 11=algo20220531130012; 60=2022-05-31-13:00:12; 54=1; 44=22.03; 10=0252;
8=FIX4.4; 35=8; 34=123; 49=MS; 56=MTHREE; 52=2022-05-31-13:00:12; 55=BAC; 40=2; 11=algo20220531130012; 31=22.03; 150=0; 39=0; 54=1; 44=22.03; 32=0; 17=exec20220531130012; 38=20397; 60=2022-05-31-13:00:12; 6=0; 14=0; 37=algo20220531130012; 10=200;
8=FIX4.4; 35=8; 34=124; 49=MS; 56=MTHREE; 52=2022-05-31-13:00:12; 55=BAC; 40=2; 11=algo20220531130012; 31=22.03; 150=1; 39=1; 54=1; 44=22.03; 32=4079; 17=exec20220531130012; 38=20397; 60=2022-05-31-13:00:12; 6=22.03; 14=4079; 37=algo20220531130012; 10=240;
8=FIX4.4; 35=8; 34=125; 49=MS; 56=MTHREE; 52=2022-05-31-13:00:13; 55=BAC; 40=2; 11=algo20220531130012; 31=22.03; 150=1; 39=1; 54=1; 44=22.03; 32=4079; 17=exec20220531130013; 38=20397; 60=2022-05-31-13:00:13; 6=22.03; 14=8158; 37=algo20220531130012; 10=240;
8=FIX4.4; 35=8; 34=126; 49=MS; 56=MTHREE; 52=2022-05-31-13:00:14; 55=BAC; 40=2; 11=algo20220531130012; 31=22.03; 150=1; 39=1; 54=1; 44=22.03; 32=4079; 17=exec20220531130014; 38=20397; 60=2022-05-31-13:00:14; 6=22.03; 14=12237; 37=algo20220531130012; 10=240;
8=FIX4.4; 35=F; 34=87; 49=MTHREE; 56=MS; 52=2022-05-31-13:00:15; 41=algo20220531130012; 55=BAC; 38=20397; 11=C_algo20220531130012; 60=2022-05-31-13:00:15; 10=060;
8=FIX4.4; 35=8; 34=126; 49=MS; 56=MTHREE; 52=2022-05-31-13:00:15; 55=BAC; 11=C_algo20220531130012; 31=0; 150=6; 39=6; 54=1; 44=22.03; 17=exec20220531130015; 32=0; 41=algo20220531130012; 38=20397; 60=2022-05-31-13:00:15; 6=0.0; 14=12237; 37=algo20220531130012; 10=252;
8=FIX4.4; 35=8; 34=127; 49=MS; 56=MTHREE; 52=2022-05-31-13:00:15; 151=4081; 55=BAC; 11=C_algo20220531130012; 31=0; 150=4; 39=4; 54=1; 17=exec20220531130015; 32=0; 41=algo20220531130012; 38=20397; 60=2022-05-31-13:00:15; 6=0.0; 14=12237; 37=algo20220531130012; 10=252;
8=FIX4.4; 35=D; 34=89; 49=MTHREE; 56=MS; 52=2022-05-31-13:00:17; 55=DDD; 40=2; 38=28679; 21=2; 11=algo20220531130017; 60=2022-05-31-13:00:17; 54=1; 44=8.01; 10=0252;
8=FIX4.4; 35=8; 34=129; 49=MS; 56=MTHREE; 52=2022-05-31-13:00:17; 55=DDD; 40=2; 11=algo20220531130017; 31=8.01; 150=0; 39=0; 54=1; 44=8.01; 32=0; 17=exec20220531130017; 38=28679; 60=2022-05-31-13:00:17; 6=0; 14=0; 37=algo20220531130017; 10=200;
8=FIX4.4; 35=F; 34=89; 49=MTHREE; 56=MS; 52=2022-05-31-13:00:17; 41=algo20220531130017; 55=DDD; 38=28679; 11=C_algo20220531130017; 60=2022-05-31-13:00:17; 10=060;
8=FIX4.4; 35=8; 34=129; 49=MS; 56=MTHREE; 52=2022-05-31-13:00:17; 55=DDD; 11=C_algo20220531130017; 31=0; 150=6; 39=6; 54=1; 44=8.01; 17=exec20220531130017; 32=0; 41=algo20220531130017; 38=28679; 60=2022-05-31-13:00:17; 6=0.0; 14=0; 37=algo20220531130017; 10=252;
8=FIX4.4; 35=8; 34=130; 49=MS; 56=MTHREE; 52=2022-05-31-13:00:17; 151=22944; 55=DDD; 11=C_algo20220531130017; 31=0; 150=4; 39=4; 54=1; 17=exec20220531130017; 32=0; 41=algo20220531130017; 38=28679; 60=2022-05-31-13:00:17; 6=0.0; 14=0; 37=algo20220531130017; 10=252;
8=FIX4.4; 35=D; 34=91; 49=MTHREE; 56=MS; 52=2022-05-31-13:00:19; 55=MMM; 40=2; 38=10063; 21=2; 11=algo20220531130019; 60=2022-05-31-13:00:19; 54=2; 44=146.98; 10=0252;
8=FIX4.4; 35=8; 34=132; 49=MS; 56=MTHREE; 52=2022-05-31-13:00:19; 55=MMM; 40=2; 11=algo20220531130019; 31=146.98; 150=0; 39=0; 54=2; 44=146.98; 32=0; 17=exec20220531130019; 38=10063; 60=2022-05-31-13:00:19; 6=0; 14=0; 37=algo20220531130019; 10=200;
8=FIX4.4; 35=8; 34=133; 49=MS; 56=MTHREE; 52=2022-05-31-13:00:19; 55=MMM; 40=2; 11=algo20220531130019; 31=146.98; 150=1; 39=1; 54=2; 44=146.98; 32=2515; 17=exec20220531130019; 38=10063; 60=2022-05-31-13:00:19; 6=146.98; 14=2515; 37=algo20220531130019; 10=240;
8=FIX4.4; 35=8; 34=134; 49=MS; 56=MTHREE; 52=2022-05-31-13:00:20; 55=MMM; 40=2; 11=algo20220531130019; 31=146.98; 150=1; 39=1; 54=2; 44=146.98; 32=2515; 17=exec20220531130020; 38=10063; 60=2022-05-31-13:00:20; 6=146.98; 14=5030; 37=algo20220531130019; 10=240;
8=FIX4.4; 35=F; 34=91; 49=MTHREE; 56=MS; 52=2022-05-31-13:00:21; 41=algo20220531130019; 55=MMM; 38=10063; 11=C_algo20220531130019; 60=2022-05-31-13:00:21; 10=060;
8=FIX4.4; 35=8; 34=134; 49=MS; 56=MTHREE; 52=2022-05-31-13:00:21; 55=MMM; 11=C_algo20220531130019; 31=0; 150=6; 39=6; 54=2; 44=146.98; 17=exec20220531130021; 32=0; 41=algo20220531130019; 38=10063; 60=2022-05-31-13:00:21; 6=0.0; 14=5030; 37=algo20220531130019; 10=252;
8=FIX4.4; 35=8; 34=135; 49=MS; 56=MTHREE; 52=2022-05-31-13:00:21; 151=2518; 55=MMM; 11=C_algo20220531130019; 31=0; 150=4; 39=4; 54=2; 17=exec20220531130021; 32=0; 41=algo20220531130019; 38=10063; 60=2022-05-31-13:00:21; 6=0.0; 14=5030; 37=algo20220531130019; 10=252;
8=FIX4.4; 35=D; 34=93; 49=MTHREE; 56=MS; 52=2022-05-31-13:00:23; 55=WBAI; 40=2; 38=13785; 21=2; 11=algo20220531130023; 60=2022-05-31-13:00:23; 54=2; 44=4.10; 10=0252;
8=FIX4.4; 35=8; 34=137; 49=MS; 56=MTHREE; 52=2022-05-31-13:00:23; 55=WBAI; 40=2; 11=algo20220531130023; 31=4.10; 150=0; 39=0; 54=2; 44=4.10; 32=0; 17=exec20220531130023; 38=13785; 60=2022-05-31-13:00:23; 6=0; 14=0; 37=algo20220531130023; 10=200;
8=FIX4.4; 35=8; 34=138; 49=MS; 56=MTHREE; 52=2022-05-31-13:00:23; 55=WBAI; 40=2; 11=algo20220531130023; 31=4.10; 150=1; 39=1; 54=2; 44=4.10; 32=3446; 17=exec20220531130023; 38=13785; 60=2022-05-31-13:00:23; 6=4.10; 14=3446; 37=algo20220531130023; 10=240;
8=FIX4.4; 35=F; 34=93; 49=MTHREE; 56=MS; 52=2022-05-31-13:00:24; 41=algo20220531130023; 55=WBAI; 38=13785; 11=C_algo20220531130023; 60=2022-05-31-13:00:24; 10=060;
8=FIX4.4; 35=8; 34=138; 49=MS; 56=MTHREE; 52=2022-05-31-13:00:24; 55=WBAI; 11=C_algo20220531130023; 31=0; 150=6; 39=6; 54=2; 44=4.10; 17=exec20220531130024; 32=0; 41=algo20220531130023; 38=13785; 60=2022-05-31-13:00:24; 6=0.0; 14=3446; 37=algo20220531130023; 10=252;
8=FIX4.4; 35=8; 34=139; 49=MS; 56=MTHREE; 52=2022-05-31-13:00:24; 151=6893; 55=WBAI; 11=C_algo20220531130023; 31=0; 150=4; 39=4; 54=2; 17=exec20220531130024; 32=0; 41=algo20220531130023; 38=13785; 60=2022-05-31-13:00:24; 6=0.0; 14=3446; 37=algo20220531130023; 10=252;
8=FIX4.4; 35=D; 34=95; 49=MTHREE; 56=MS; 52=2022-05-31-13:00:26; 55=WUBA; 40=2; 38=26504; 21=2; 11=algo20220531130026; 60=2022-05-31-13:00:26; 54=1; 44=51.41; 10=0252;
8=FIX4.4; 35=8; 34=141; 49=MS; 56=MTHREE; 52=2022-05-31-13:00:26; 55=WUBA; 40=2; 11=algo20220531130026; 31=51.41; 150=0; 39=0; 54=1; 44=51.41; 32=0; 17=exec20220531130026; 38=26504; 60=2022-05-31-13:00:26; 6=0; 14=0; 37=algo20220531130026; 10=200;
8=FIX4.4; 35=8; 34=142; 49=MS; 56=MTHREE; 52=2022-05-31-13:00:26; 55=WUBA; 40=2; 11=algo20220531130026; 31=51.41; 150=1; 39=1; 54=1; 44=51.41; 32=5300; 17=exec20220531130026; 38=26504; 60=2022-05-31-13:00:26; 6=51.41; 14=5300; 37=algo20220531130026; 10=240;
8=FIX4.4; 35=F; 34=95; 49=MTHREE; 56=MS; 52=2022-05-31-13:00:27; 41=algo20220531130026; 55=WUBA; 38=26504; 11=C_algo20220531130026; 60=2022-05-31-13:00:27; 10=060;
8=FIX4.4; 35=8; 34=142; 49=MS; 56=MTHREE; 52=2022-05-31-13:00:27; 55=WUBA; 11=C_algo20220531130026; 31=0; 150=6; 39=6; 54=1; 44=51.41; 17=exec20220531130027; 32=0; 41=algo20220531130026; 38=26504; 60=2022-05-31-13:00:27; 6=0.0; 14=5300; 37=algo20220531130026; 10=252;
8=FIX4.4; 35=8; 34=143; 49=MS; 56=MTHREE; 52=2022-05-31-13:00:27; 151=15904; 55=WUBA; 11=C_algo20220531130026; 31=0; 150=4; 39=4; 54=1; 17=exec20220531130027; 32=0; 41=algo20220531130026; 38=26504; 60=2022-05-31-13:00:27; 6=0.0; 14=5300; 37=algo20220531130026; 10=252;
8=FIX4.4; 35=D; 34=97; 49=MTHREE; 56=MS; 52=2022-05-31-13:00:29; 55=EGHT; 40=2; 38=28277; 21=2; 11=algo20220531130029; 60=2022-05-31-13:00:29; 54=2; 44=17.03; 10=0252;
8=FIX4.4; 35=8; 34=145; 49=MS; 56=MTHREE; 52=2022-05-31-13:00:29; 55=EGHT; 40=2; 11=algo20220531130029; 31=17.03; 150=0; 39=0; 54=2; 44=17.03; 32=0; 17=exec20220531130029; 38=28277; 60=2022-05-31-13:00:29; 6=0; 14=0; 37=algo20220531130029; 10=200;
8=FIX4.4; 35=8; 34=146; 49=MS; 56=MTHREE; 52=2022-05-31-13:00:30; 55=EGHT; 40=2; 11=algo20220531130029; 31=17.03; 150=2; 39=2; 54=2; 44=17.03; 32=28277; 17=exec20220531130030; 38=28277; 60=2022-05-31-13:00:30; 6=17.03; 14=28277; 37=algo20220531130029; 10=246;
8=FIX4.4; 35=D; 34=98; 49=MTHREE; 56=MS; 52=2022-05-31-13:00:30; 55=AHC; 40=2; 38=15826; 21=2; 11=algo20220531130030; 60=2022-05-31-13:00:30; 54=1; 44=1.40; 10=0252;
8=FIX4.4; 35=8; 34=147; 49=MS; 56=MTHREE; 52=2022-05-31-13:00:30; 55=AHC; 40=2; 11=algo20220531130030; 31=1.40; 150=0; 39=0; 54=1; 44=1.40; 32=0; 17=exec20220531130030; 38=15826; 60=2022-05-31-13:00:30; 6=0; 14=0; 37=algo20220531130030; 10=200;
8=FIX4.4; 35=8; 34=148; 49=MS; 56=MTHREE; 52=2022-05-31-13:00:31; 55=AHC; 40=2; 11=algo20220531130030; 31=1.40; 150=2; 39=2; 54=1; 44=1.40; 32=15826; 17=exec20220531130031; 38=15826; 60=2022-05-31-13:00:31; 6=1.40; 14=15826; 37=algo20220531130030; 10=246;
8=FIX4.4; 35=D; 34=99; 49=MTHREE; 56=MS; 52=2022-05-31-13:00:31; 55=AOS; 40=2; 38=25151; 21=2; 11=algo20220531130031; 60=2022-05-31-13:00:31; 54=1; 44=40.38; 10=0252;
8=FIX4.4; 35=8; 34=149; 49=MS; 56=MTHREE; 52=2022-05-31-13:00:31; 55=AOS; 40=2; 11=algo20220531130031; 31=40.38; 150=0; 39=0; 54=1; 44=40.38; 32=0; 17=exec20220531130031; 38=25151; 60=2022-05-31-13:00:31; 6=0; 14=0; 37=algo20220531130031; 10=200;
8=FIX4.4; 35=8; 34=150; 49=MS; 56=MTHREE; 52=2022-05-31-13:00:31; 55=AOS; 40=2; 11=algo20220531130031; 31=40.38; 150=1; 39=1; 54=1; 44=40.38; 32=5030; 17=exec20220531130031; 38=25151; 60=2022-05-31-13:00:31; 6=40.38; 14=5030; 37=algo20220531130031; 10=240;
8=FIX4.4; 35=8; 34=151; 49=MS; 56=MTHREE; 52=2022-05-31-13:00:32; 55=AOS; 40=2; 11=algo20220531130031; 31=40.38; 150=1; 39=1; 54=1; 44=40.38; 32=5030; 17=exec20220531130032; 38=25151; 60=2022-05-31-13:00:32; 6=40.38; 14=10060; 37=algo20220531130031; 10=240;
8=FIX4.4; 35=8; 34=152; 49=MS; 56=MTHREE; 52=2022-05-31-13:00:33; 55=AOS; 40=2; 11=algo20220531130031; 31=40.38; 150=1; 39=1; 54=1; 44=40.38; 32=5030; 17=exec20220531130033; 38=25151; 60=2022-05-31-13:00:33; 6=40.38; 14=15090; 37=algo20220531130031; 10=240;
8=FIX4.4; 35=8; 34=153; 49=MS; 56=MTHREE; 52=2022-05-31-13:00:34; 55=AOS; 40=2; 11=algo20220531130031; 31=40.38; 150=1; 39=1; 54=1; 44=40.38; 32=5030; 17=exec20220531130034; 38=25151; 60=2022-05-31-13:00:34; 6=40.38; 14=20120; 37=algo20220531130031; 10=240;
8=FIX4.4; 35=8; 34=154; 49=MS; 56=MTHREE; 52=2022-05-31-13:00:36; 55=AOS; 40=2; 11=algo20220531130031; 31=40.38; 150=2; 39=2; 54=1; 44=40.38; 32=5031; 17=exec20220531130036; 38=25151; 60=2022-05-31-13:00:36; 6=40.38; 14=25151; 37=algo20220531130031; 10=246;
8=FIX4.4; 35=D; 34=100; 49=MTHREE; 56=MS; 52=2022-05-31-13:00:36; 55=ATEN; 40=2; 38=28850; 21=2; 11=algo20220531130036; 60=2022-05-31-13:00:36; 54=2; 44=6.45; 10=0252;
8=FIX4.4; 35=8; 34=155; 49=MS; 56=MTHREE; 52=2022-05-31-13:00:36; 55=ATEN; 40=2; 11=algo20220531130036; 31=6.45; 150=0; 39=0; 54=2; 44=6.45; 32=0; 17=exec20220531130036; 38=28850; 60=2022-05-31-13:00:36; 6=0; 14=0; 37=algo20220531130036; 10=200;
8=FIX4.4; 35=8; 34=156; 49=MS; 56=MTHREE; 52=2022-05-31-13:00:36; 55=ATEN; 40=2; 11=algo20220531130036; 31=6.45; 150=1; 39=1; 54=2; 44=6.45; 32=14425; 17=exec20220531130036; 38=28850; 60=2022-05-31-13:00:36; 6=6.45; 14=14425; 37=algo20220531130036; 10=240;
8=FIX4.4; 35=8; 34=157; 49=MS; 56=MTHREE; 52=2022-05-31-13:00:38; 55=ATEN; 40=2; 11=algo20220531130036; 31=6.45; 150=2; 39=2; 54=2; 44=6.45; 32=14425; 17=exec20220531130038; 38=28850; 60=2022-05-31-13:00:38; 6=6.45; 14=28850; 37=algo20220531130036; 10=246;
8=FIX4.4; 35=D; 34=101; 49=MTHREE; 56=MS; 52=2022-05-31-13:00:38; 55=AIR; 40=2; 38=20763; 21=2; 11=algo20220531130038; 60=2022-05-31-13:00:38; 54=1; 44=16.31; 10=0252;
8=FIX4.4; 35=8; 34=158; 49=MS; 56=MTHREE; 52=2022-05-31-13:00:38; 55=AIR; 40=2; 11=algo20220531130038; 31=16.31; 150=0; 39=0; 54=1; 44=16.31; 32=0; 17=exec20220531130038; 38=20763; 60=2022-05-31-13:00:38; 6=0; 14=0; 37=algo20220531130038; 10=200;
8=FIX4.4; 35=F; 34=101; 49=MTHREE; 56=MS; 52=2022-05-31-13:00:38; 41=algo20220531130038; 55=AIR; 38=20763; 11=C_algo20220531130038; 60=2022-05-31-13:00:38; 10=060;
8=FIX4.4; 35=8; 34=158; 49=MS; 56=MTHREE; 52=2022-05-31-13:00:38; 55=AIR; 11=C_algo20220531130038; 31=0; 150=6; 39=6; 54=1; 44=16.31; 17=exec20220531130038; 32=0; 41=algo20220531130038; 38=20763; 60=2022-05-31-13:00:38; 6=0.0; 14=0; 37=algo20220531130038; 10=252;
8=FIX4.4; 35=8; 34=159; 49=MS; 56=MTHREE; 52=2022-05-31-13:00:38; 151=15573; 55=AIR; 11=C_algo20220531130038; 31=0; 150=4; 39=4; 54=1; 17=exec20220531130038; 32=0; 41=algo20220531130038; 38=20763; 60=2022-05-31-13:00:38; 6=0.0; 14=0; 37=algo20220531130038; 10=252;
8=FIX4.4; 35=D; 34=103; 49=MTHREE; 56=MS; 52=2022-05-31-13:00:40; 55=AAN; 40=2; 38=748; 21=2; 11=algo20220531130040; 60=2022-05-31-13:00:40; 54=2; 44=25.68; 10=0252;
8=FIX4.4; 35=8; 34=161; 49=MS; 56=MTHREE; 52=2022-05-31-13:00:40; 55=AAN; 40=2; 11=algo20220531130040; 31=25.68; 150=0; 39=0; 54=2; 44=25.68; 32=0; 17=exec20220531130040; 38=748; 60=2022-05-31-13:00:40; 6=0; 14=0; 37=algo20220531130040; 10=200;
8=FIX4.4; 35=F; 34=103; 49=MTHREE; 56=MS; 52=2022-05-31-13:00:40; 41=algo20220531130040; 55=AAN; 38=748; 11=C_algo20220531130040; 60=2022-05-31-13:00:40; 10=060;
8=FIX4.4; 35=8; 34=161; 49=MS; 56=MTHREE; 52=2022-05-31-13:00:40; 55=AAN; 11=C_algo20220531130040; 31=0; 150=6; 39=6; 54=2; 44=25.68; 17=exec20220531130040; 32=0; 41=algo20220531130040; 38=748; 60=2022-05-31-13:00:40; 6=0.0; 14=0; 37=algo20220531130040; 10=252;
8=FIX4.4; 35=8; 34=162; 49=MS; 56=MTHREE; 52=2022-05-31-13:00:40; 151=599; 55=AAN; 11=C_algo20220531130040; 31=0; 150=4; 39=4; 54=2; 17=exec20220531130040; 32=0; 41=algo20220531130040; 38=748; 60=2022-05-31-13:00:40; 6=0.0; 14=0; 37=algo20220531130040; 10=252;
8=FIX4.4; 35=D; 34=105; 49=MTHREE; 56=MS; 52=2022-05-31-13:00:42; 55=ABB; 40=2; 38=21368; 21=2; 11=algo20220531130042; 60=2022-05-31-13:00:42; 54=2; 44=17.42; 10=0252;
8=FIX4.4; 35=8; 34=164; 49=MS; 56=MTHREE; 52=2022-05-31-13:00:42; 55=ABB; 40=2; 11=algo20220531130042; 31=17.42; 150=0; 39=0; 54=2; 44=17.42; 32=0; 17=exec20220531130042; 38=21368; 60=2022-05-31-13:00:42; 6=0; 14=0; 37=algo20220531130042; 10=200;
8=FIX4.4; 35=F; 34=105; 49=MTHREE; 56=MS; 52=2022-05-31-13:00:42; 41=algo20220531130042; 55=ABB; 38=21368; 11=C_algo20220531130042; 60=2022-05-31-13:00:42; 10=060;
8=FIX4.4; 35=8; 34=164; 49=MS; 56=MTHREE; 52=2022-05-31-13:00:42; 55=ABB; 11=C_algo20220531130042; 31=0; 150=6; 39=6; 54=2; 44=17.42; 17=exec20220531130042; 32=0; 41=algo20220531130042; 38=21368; 60=2022-05-31-13:00:42; 6=0.0; 14=0; 37=algo20220531130042; 10=252;
8=FIX4.4; 35=8; 34=165; 49=MS; 56=MTHREE; 52=2022-05-31-13:00:42; 151=14246; 55=ABB; 11=C_algo20220531130042; 31=0; 150=4; 39=4; 54=2; 17=exec20220531130042; 32=0; 41=algo20220531130042; 38=21368; 60=2022-05-31-13:00:42; 6=0.0; 14=0; 37=algo20220531130042; 10=252;
8=FIX4.4; 35=D; 34=107; 49=MTHREE; 56=MS; 52=2022-05-31-13:00:44; 55=ABT; 40=2; 38=26226; 21=2; 11=algo20220531130044; 60=2022-05-31-13:00:44; 54=2; 44=94.04; 10=0252;
8=FIX4.4; 35=8; 34=167; 49=MS; 56=MTHREE; 52=2022-05-31-13:00:44; 55=ABT; 40=2; 11=algo20220531130044; 31=94.04; 150=0; 39=0; 54=2; 44=94.04; 32=0; 17=exec20220531130044; 38=26226; 60=2022-05-31-13:00:44; 6=0; 14=0; 37=algo20220531130044; 10=200;
8=FIX4.4; 35=8; 34=168; 49=MS; 56=MTHREE; 52=2022-05-31-13:00:44; 55=ABT; 40=2; 11=algo20220531130044; 31=94.04; 150=1; 39=1; 54=2; 44=94.04; 32=6556; 17=exec20220531130044; 38=26226; 60=2022-05-31-13:00:44; 6=94.04; 14=6556; 37=algo20220531130044; 10=240;
8=FIX4.4; 35=F; 34=107; 49=MTHREE; 56=MS; 52=2022-05-31-13:00:45; 41=algo20220531130044; 55=ABT; 38=26226; 11=C_algo20220531130044; 60=2022-05-31-13:00:45; 10=060;
8=FIX4.4; 35=8; 34=168; 49=MS; 56=MTHREE; 52=2022-05-31-13:00:45; 55=ABT; 11=C_algo20220531130044; 31=0; 150=6; 39=6; 54=2; 44=94.04; 17=exec20220531130045; 32=0; 41=algo20220531130044; 38=26226; 60=2022-05-31-13:00:45; 6=0.0; 14=6556; 37=algo20220531130044; 10=252;
8=FIX4.4; 35=8; 34=169; 49=MS; 56=MTHREE; 52=2022-05-31-13:00:45; 151=13114; 55=ABT; 11=C_algo20220531130044; 31=0; 150=4; 39=4; 54=2; 17=exec20220531130045; 32=0; 41=algo20220531130044; 38=26226; 60=2022-05-31-13:00:45; 6=0.0; 14=6556; 37=algo20220531130044; 10=252;
8=FIX4.4; 35=D; 34=109; 49=MTHREE; 56=MS; 52=2022-05-31-13:00:47; 55=ABBV; 40=2; 38=9219; 21=2; 11=algo20220531130047; 60=2022-05-31-13:00:47; 54=1; 44=83.60; 10=0252;
8=FIX4.4; 35=8; 34=171; 49=MS; 56=MTHREE; 52=2022-05-31-13:00:47; 55=ABBV; 40=2; 11=algo20220531130047; 31=83.60; 150=0; 39=0; 54=1; 44=83.60; 32=0; 17=exec20220531130047; 38=9219; 60=2022-05-31-13:00:47; 6=0; 14=0; 37=algo20220531130047; 10=200;
8=FIX4.4; 35=F; 34=109; 49=MTHREE; 56=MS; 52=2022-05-31-13:00:47; 41=algo20220531130047; 55=ABBV; 38=9219; 11=C_algo20220531130047; 60=2022-05-31-13:00:47; 10=060;
8=FIX4.4; 35=8; 34=171; 49=MS; 56=MTHREE; 52=2022-05-31-13:00:47; 55=ABBV; 11=C_algo20220531130047; 31=0; 150=6; 39=6; 54=1; 44=83.60; 17=exec20220531130047; 32=0; 41=algo20220531130047; 38=9219; 60=2022-05-31-13:00:47; 6=0.0; 14=0; 37=algo20220531130047; 10=252;
8=FIX4.4; 35=8; 34=172; 49=MS; 56=MTHREE; 52=2022-05-31-13:00:47; 151=6146; 55=ABBV; 11=C_algo20220531130047; 31=0; 150=4; 39=4; 54=1; 17=exec20220531130047; 32=0; 41=algo20220531130047; 38=9219; 60=2022-05-31-13:00:47; 6=0.0; 14=0; 37=algo20220531130047; 10=252;
8=FIX4.4; 35=D; 34=111; 49=MTHREE; 56=MS; 52=2022-05-31-13:00:49; 55=ANF; 40=2; 38=10722; 21=2; 11=algo20220531130049; 60=2022-05-31-13:00:49; 54=2; 44=9.10; 10=0252;
8=FIX4.4; 35=8; 34=174; 49=MS; 56=MTHREE; 52=2022-05-31-13:00:49; 55=ANF; 40=2; 11=algo20220531130049; 31=9.10; 150=0; 39=0; 54=2; 44=9.10; 32=0; 17=exec20220531130049; 38=10722; 60=2022-05-31-13:00:49; 6=0; 14=0; 37=algo20220531130049; 10=200;
8=FIX4.4; 35=8; 34=175; 49=MS; 56=MTHREE; 52=2022-05-31-13:00:49; 55=ANF; 40=2; 11=algo20220531130049; 31=9.10; 150=1; 39=1; 54=2; 44=9.10; 32=5361; 17=exec20220531130049; 38=10722; 60=2022-05-31-13:00:49; 6=9.10; 14=5361; 37=algo20220531130049; 10=240;
8=FIX4.4; 35=8; 34=176; 49=MS; 56=MTHREE; 52=2022-05-31-13:00:51; 55=ANF; 40=2; 11=algo20220531130049; 31=9.10; 150=2; 39=2; 54=2; 44=9.10; 32=5361; 17=exec20220531130051; 38=10722; 60=2022-05-31-13:00:51; 6=9.10; 14=10722; 37=algo20220531130049; 10=246;
8=FIX4.4; 35=D; 34=112; 49=MTHREE; 56=MS; 52=2022-05-31-13:00:51; 55=ABM; 40=2; 38=27893; 21=2; 11=algo20220531130051; 60=2022-05-31-13:00:51; 54=1; 44=31.64; 10=0252;
8=FIX4.4; 35=8; 34=177; 49=MS; 56=MTHREE; 52=2022-05-31-13:00:51; 55=ABM; 40=2; 11=algo20220531130051; 31=31.64; 150=0; 39=0; 54=1; 44=31.64; 32=0; 17=exec20220531130051; 38=27893; 60=2022-05-31-13:00:51; 6=0; 14=0; 37=algo20220531130051; 10=200;
8=FIX4.4; 35=F; 34=112; 49=MTHREE; 56=MS; 52=2022-05-31-13:00:51; 41=algo20220531130051; 55=ABM; 38=27893; 11=C_algo20220531130051; 60=2022-05-31-13:00:51; 10=060;
8=FIX4.4; 35=8; 34=177; 49=MS; 56=MTHREE; 52=2022-05-31-13:00:51; 55=ABM; 11=C_algo20220531130051; 31=0; 150=6; 39=6; 54=1; 44=31.64; 17=exec20220531130051; 32=0; 41=algo20220531130051; 38=27893; 60=2022-05-31-13:00:51; 6=0.0; 14=0; 37=algo20220531130051; 10=252;
8=FIX4.4; 35=8; 34=178; 49=MS; 56=MTHREE; 52=2022-05-31-13:00:51; 151=18596; 55=ABM; 11=C_algo20220531130051; 31=0; 150=4; 39=4; 54=1; 17=exec20220531130051; 32=0; 41=algo20220531130051; 38=27893; 60=2022-05-31-13:00:51; 6=0.0; 14=0; 37=algo20220531130051; 10=252;
8=FIX4.4; 35=D; 34=114; 49=MTHREE; 56=MS; 52=2022-05-31-13:00:53; 55=AAPL; 40=2; 38=1507; 21=2; 11=algo20220531130053; 60=2022-05-31-13:00:53; 54=1; 44=284.65; 10=0252;
8=FIX4.4; 35=8; 34=180; 49=MS; 56=MTHREE; 52=2022-05-31-13:00:53; 55=AAPL; 40=2; 11=algo20220531130053; 31=284.65; 150=0; 39=0; 54=1; 44=284.65; 32=0; 17=exec20220531130053; 38=1507; 60=2022-05-31-13:00:53; 6=0; 14=0; 37=algo20220531130053; 10=200;
8=FIX4.4; 35=8; 34=181; 49=MS; 56=MTHREE; 52=2022-05-31-13:00:53; 55=AAPL; 40=2; 11=algo20220531130053; 31=284.65; 150=1; 39=1; 54=1; 44=284.65; 32=376; 17=exec20220531130053; 38=1507; 60=2022-05-31-13:00:53; 6=284.65; 14=376; 37=algo20220531130053; 10=240;
8=FIX4.4; 35=F; 34=114; 49=MTHREE; 56=MS; 52=2022-05-31-13:00:54; 41=algo20220531130053; 55=AAPL; 38=1507; 11=C_algo20220531130053; 60=2022-05-31-13:00:54; 10=060;
8=FIX4.4; 35=8; 34=181; 49=MS; 56=MTHREE; 52=2022-05-31-13:00:54; 55=AAPL; 11=C_algo20220531130053; 31=0; 150=6; 39=6; 54=1; 44=284.65; 17=exec20220531130054; 32=0; 41=algo20220531130053; 38=1507; 60=2022-05-31-13:00:54; 6=0.0; 14=376; 37=algo20220531130053; 10=252;
8=FIX4.4; 35=8; 34=182; 49=MS; 56=MTHREE; 52=2022-05-31-13:00:54; 151=755; 55=AAPL; 11=C_algo20220531130053; 31=0; 150=4; 39=4; 54=1; 17=exec20220531130054; 32=0; 41=algo20220531130053; 38=1507; 60=2022-05-31-13:00:54; 6=0.0; 14=376; 37=algo20220531130053; 10=252;
8=FIX4.4; 35=D; 34=116; 49=MTHREE; 56=MS; 52=2022-05-31-13:00:56; 55=PEP; 40=2; 38=7403; 21=2; 11=algo20220531130056; 60=2022-05-31-13:00:56; 54=1; 44=45.43; 10=0252;
8=FIX4.4; 35=8; 34=184; 49=MS; 56=MTHREE; 52=2022-05-31-13:00:56; 55=PEP; 40=2; 11=algo20220531130056; 31=45.43; 150=0; 39=0; 54=1; 44=45.43; 32=0; 17=exec20220531130056; 38=7403; 60=2022-05-31-13:00:56; 6=0; 14=0; 37=algo20220531130056; 10=200;
8=FIX4.4; 35=8; 34=185; 49=MS; 56=MTHREE; 52=2022-05-31-13:00:56; 55=PEP; 40=2; 11=algo20220531130056; 31=45.43; 150=1; 39=1; 54=1; 44=45.43; 32=3701; 17=exec20220531130056; 38=7403; 60=2022-05-31-13:00:56; 6=45.43; 14=3701; 37=algo20220531130056; 10=240;
8=FIX4.4; 35=8; 34=186; 49=MS; 56=MTHREE; 52=2022-05-31-13:00:58; 55=PEP; 40=2; 11=algo20220531130056; 31=45.43; 150=2; 39=2; 54=1; 44=45.43; 32=3702; 17=exec20220531130058; 38=7403; 60=2022-05-31-13:00:58; 6=45.43; 14=7403; 37=algo20220531130056; 10=246;
8=FIX4.4; 35=D; 34=117; 49=MTHREE; 56=MS; 52=2022-05-31-13:00:58; 55=; 40=2; 38=10418; 21=2; 11=algo20220531130058; 60=2022-05-31-13:00:58; 54=1; 44=; 10=0252;
8=FIX4.4; 35=8; 34=187; 49=MS; 56=MTHREE; 52=2022-05-31-13:00:58; 55=; 40=2; 11=algo20220531130058; 31=; 150=0; 39=0; 54=1; 44=; 32=0; 17=exec20220531130058; 38=10418; 60=2022-05-31-13:00:58; 6=0; 14=0; 37=algo20220531130058; 10=200;
8=FIX4.4; 35=F; 34=117; 49=MTHREE; 56=MS; 52=2022-05-31-13:00:58; 41=algo20220531130058; 55=; 38=10418; 11=C_algo20220531130058; 60=2022-05-31-13:00:58; 10=060;
8=FIX4.4; 35=8; 34=187; 49=MS; 56=MTHREE; 52=2022-05-31-13:00:58; 55=; 11=C_algo20220531130058; 31=0; 150=6; 39=6; 54=1; 44=; 17=exec20220531130058; 32=0; 41=algo20220531130058; 38=10418; 60=2022-05-31-13:00:58; 6=0.0; 14=0; 37=algo20220531130058; 10=252;
8=FIX4.4; 35=8; 34=188; 49=MS; 56=MTHREE; 52=2022-05-31-13:00:58; 151=6946; 55=; 11=C_algo20220531130058; 31=0; 150=4; 39=4; 54=1; 17=exec20220531130058; 32=0; 41=algo20220531130058; 38=10418; 60=2022-05-31-13:00:58; 6=0.0; 14=0; 37=algo20220531130058; 10=252;
