8=FIX4.4; 35=A; 34=1; 49=MTHREE; 56=MS; 52=2022-05-31-12:58:03; 108=30; 10=0015;
8=FIX4.4; 35=A; 34=1; 49=MS; 56=MTHREE; 52=2022-05-31-12:58:03; 108=30; 10=0016;
8=FIX4.4; 35=0; 34=2; 49=MTHREE; 56=MS; 52=2022-05-31-12:58:03; 108=30; 10=0015;
8=FIX4.4; 35=0; 34=2; 49=MS; 56=MTHREE; 52=2022-05-31-12:58:03; 108=30; 10=0015;
8=FIX4.4; 35=0; 34=3; 49=MTHREE; 56=MS; 52=2022-05-31-12:58:05; 108=30; 10=0015;
8=FIX4.4; 35=0; 34=3; 49=MS; 56=MTHREE; 52=2022-05-31-12:58:05; 108=30; 10=0015;
8=FIX4.4; 35=0; 34=4; 49=MTHREE; 56=MS; 52=2022-05-31-12:58:07; 108=30; 10=0015;
8=FIX4.4; 35=0; 34=4; 49=MS; 56=MTHREE; 52=2022-05-31-12:58:07; 108=30; 10=0015;
8=FIX4.4; 35=0; 34=5; 49=MTHREE; 56=MS; 52=2022-05-31-12:58:09; 108=30; 10=0015;
8=FIX4.4; 35=0; 34=5; 49=MS; 56=MTHREE; 52=2022-05-31-12:58:09; 108=30; 10=0015;
8=FIX4.4; 35=0; 34=6; 49=MTHREE; 56=MS; 52=2022-05-31-12:58:11; 108=30; 10=0015;
8=FIX4.4; 35=0; 34=6; 49=MS; 56=MTHREE; 52=2022-05-31-12:58:11; 108=30; 10=0015;
8=FIX4.4; 35=0; 34=7; 49=MTHREE; 56=MS; 52=2022-05-31-12:58:13; 108=30; 10=0015;
8=FIX4.4; 35=0; 34=7; 49=MS; 56=MTHREE; 52=2022-05-31-12:58:13; 108=30; 10=0015;
8=FIX4.4; 35=0; 34=8; 49=MTHREE; 56=MS; 52=2022-05-31-12:58:15; 108=30; 10=0015;
8=FIX4.4; 35=0; 34=8; 49=MS; 56=MTHREE; 52=2022-05-31-12:58:15; 108=30; 10=0015;
8=FIX4.4; 35=0; 34=9; 49=MTHREE; 56=MS; 52=2022-05-31-12:58:17; 108=30; 10=0015;
8=FIX4.4; 35=0; 34=9; 49=MS; 56=MTHREE; 52=2022-05-31-12:58:17; 108=30; 10=0015;
8=FIX4.4; 35=0; 34=10; 49=MTHREE; 56=MS; 52=2022-05-31-12:58:19; 108=30; 10=0015;
8=FIX4.4; 35=0; 34=10; 49=MS; 56=MTHREE; 52=2022-05-31-12:58:19; 108=30; 10=0015;
8=FIX4.4; 35=0; 34=11; 49=MTHREE; 56=MS; 52=2022-05-31-12:58:21; 108=30; 10=0015;
8=FIX4.4; 35=0; 34=11; 49=MS; 56=MTHREE; 52=2022-05-31-12:58:21; 108=30; 10=0015;
8=FIX4.4; 35=0; 34=12; 49=MTHREE; 56=MS; 52=2022-05-31-12:58:23; 108=30; 10=0015;
8=FIX4.4; 35=0; 34=12; 49=MS; 56=MTHREE; 52=2022-05-31-12:58:23; 108=30; 10=0015;
8=FIX4.4; 35=0; 34=13; 49=MTHREE; 56=MS; 52=2022-05-31-12:58:25; 108=30; 10=0015;
8=FIX4.4; 35=0; 34=13; 49=MS; 56=MTHREE; 52=2022-05-31-12:58:25; 108=30; 10=0015;
8=FIX4.4; 35=0; 34=14; 49=MTHREE; 56=MS; 52=2022-05-31-12:58:27; 108=30; 10=0015;
8=FIX4.4; 35=0; 34=14; 49=MS; 56=MTHREE; 52=2022-05-31-12:58:27; 108=30; 10=0015;
8=FIX4.4; 35=0; 34=15; 49=MTHREE; 56=MS; 52=2022-05-31-12:58:29; 108=30; 10=0015;
8=FIX4.4; 35=0; 34=15; 49=MS; 56=MTHREE; 52=2022-05-31-12:58:29; 108=30; 10=0015;
8=FIX4.4; 35=0; 34=16; 49=MTHREE; 56=MS; 52=2022-05-31-12:58:31; 108=30; 10=0015;
8=FIX4.4; 35=0; 34=16; 49=MS; 56=MTHREE; 52=2022-05-31-12:58:31; 108=30; 10=0015;
8=FIX4.4; 35=0; 34=17; 49=MTHREE; 56=MS; 52=2022-05-31-12:58:33; 108=30; 10=0015;
8=FIX4.4; 35=0; 34=17; 49=MS; 56=MTHREE; 52=2022-05-31-12:58:33; 108=30; 10=0015;
8=FIX4.4; 35=0; 34=18; 49=MTHREE; 56=MS; 52=2022-05-31-12:58:35; 108=30; 10=0015;
8=FIX4.4; 35=0; 34=18; 49=MS; 56=MTHREE; 52=2022-05-31-12:58:35; 108=30; 10=0015;
8=FIX4.4; 35=0; 34=19; 49=MTHREE; 56=MS; 52=2022-05-31-12:58:37; 108=30; 10=0015;
8=FIX4.4; 35=0; 34=19; 49=MS; 56=MTHREE; 52=2022-05-31-12:58:37; 108=30; 10=0015;
8=FIX4.4; 35=0; 34=20; 49=MTHREE; 56=MS; 52=2022-05-31-12:58:39; 108=30; 10=0015;
8=FIX4.4; 35=0; 34=20; 49=MS; 56=MTHREE; 52=2022-05-31-12:58:39; 108=30; 10=0015;
8=FIX4.4; 35=0; 34=21; 49=MTHREE; 56=MS; 52=2022-05-31-12:58:41; 108=30; 10=0015;
8=FIX4.4; 35=0; 34=21; 49=MS; 56=MTHREE; 52=2022-05-31-12:58:41; 108=30; 10=0015;
8=FIX4.4; 35=0; 34=22; 49=MTHREE; 56=MS; 52=2022-05-31-12:58:43; 108=30; 10=0015;
8=FIX4.4; 35=0; 34=22; 49=MS; 56=MTHREE; 52=2022-05-31-12:58:43; 108=30; 10=0015;
8=FIX4.4; 35=0; 34=23; 49=MTHREE; 56=MS; 52=2022-05-31-12:58:45; 108=30; 10=0015;
8=FIX4.4; 35=0; 34=23; 49=MS; 56=MTHREE; 52=2022-05-31-12:58:45; 108=30; 10=0015;
8=FIX4.4; 35=0; 34=24; 49=MTHREE; 56=MS; 52=2022-05-31-12:58:47; 108=30; 10=0015;
8=FIX4.4; 35=0; 34=24; 49=MS; 56=MTHREE; 52=2022-05-31-12:58:47; 108=30; 10=0015;
8=FIX4.4; 35=0; 34=25; 49=MTHREE; 56=MS; 52=2022-05-31-12:58:49; 108=30; 10=0015;
8=FIX4.4; 35=0; 34=25; 49=MS; 56=MTHREE; 52=2022-05-31-12:58:49; 108=30; 10=0015;
8=FIX4.4; 35=0; 34=26; 49=MTHREE; 56=MS; 52=2022-05-31-12:58:51; 108=30; 10=0015;
8=FIX4.4; 35=0; 34=26; 49=MS; 56=MTHREE; 52=2022-05-31-12:58:51; 108=30; 10=0015;
8=FIX4.4; 35=0; 34=27; 49=MTHREE; 56=MS; 52=2022-05-31-12:58:53; 108=30; 10=0015;
8=FIX4.4; 35=0; 34=27; 49=MS; 56=MTHREE; 52=2022-05-31-12:58:53; 108=30; 10=0015;
8=FIX4.4; 35=0; 34=28; 49=MTHREE; 56=MS; 52=2022-05-31-12:58:55; 108=30; 10=0015;
8=FIX4.4; 35=0; 34=28; 49=MS; 56=MTHREE; 52=2022-05-31-12:58:55; 108=30; 10=0015;
8=FIX4.4; 35=0; 34=29; 49=MTHREE; 56=MS; 52=2022-05-31-12:58:57; 108=30; 10=0015;
8=FIX4.4; 35=0; 34=29; 49=MS; 56=MTHREE; 52=2022-05-31-12:58:57; 108=30; 10=0015;
8=FIX4.4; 35=0; 34=30; 49=MTHREE; 56=MS; 52=2022-05-31-12:58:59; 108=30; 10=0015;
8=FIX4.4; 35=0; 34=30; 49=MS; 56=MTHREE; 52=2022-05-31-12:58:59; 108=30; 10=0015;
8=FIX4.4; 35=0; 34=31; 49=MTHREE; 56=MS; 52=2022-05-31-12:59:01; 108=30; 10=0015;
8=FIX4.4; 35=0; 34=31; 49=MS; 56=MTHREE; 52=2022-05-31-12:59:01; 108=30; 10=0015;
8=FIX4.4; 35=0; 34=32; 49=MTHREE; 56=MS; 52=2022-05-31-12:59:03; 108=30; 10=0015;
8=FIX4.4; 35=0; 34=32; 49=MS; 56=MTHREE; 52=2022-05-31-12:59:03; 108=30; 10=0015;
8=FIX4.4; 35=0; 34=33; 49=MTHREE; 56=MS; 52=2022-05-31-12:59:05; 108=30; 10=0015;
8=FIX4.4; 35=0; 34=33; 49=MS; 56=MTHREE; 52=2022-05-31-12:59:05; 108=30; 10=0015;
8=FIX4.4; 35=0; 34=34; 49=MTHREE; 56=MS; 52=2022-05-31-12:59:07; 108=30; 10=0015;
8=FIX4.4; 35=0; 34=34; 49=MS; 56=MTHREE; 52=2022-05-31-12:59:07; 108=30; 10=0015;
8=FIX4.4; 35=0; 34=35; 49=MTHREE; 56=MS; 52=2022-05-31-12:59:09; 108=30; 10=0015;
8=FIX4.4; 35=0; 34=35; 49=MS; 56=MTHREE; 52=2022-05-31-12:59:09; 108=30; 10=0015;
8=FIX4.4; 35=0; 34=36; 49=MTHREE; 56=MS; 52=2022-05-31-12:59:11; 108=30; 10=0015;
8=FIX4.4; 35=0; 34=36; 49=MS; 56=MTHREE; 52=2022-05-31-12:59:11; 108=30; 10=0015;
8=FIX4.4; 35=0; 34=37; 49=MTHREE; 56=MS; 52=2022-05-31-12:59:13; 108=30; 10=0015;
8=FIX4.4; 35=0; 34=37; 49=MS; 56=MTHREE; 52=2022-05-31-12:59:13; 108=30; 10=0015;
8=FIX4.4; 35=0; 34=38; 49=MTHREE; 56=MS; 52=2022-05-31-12:59:15; 108=30; 10=0015;
8=FIX4.4; 35=0; 34=38; 49=MS; 56=MTHREE; 52=2022-05-31-12:59:15; 108=30; 10=0015;
8=FIX4.4; 35=0; 34=39; 49=MTHREE; 56=MS; 52=2022-05-31-12:59:17; 108=30; 10=0015;
8=FIX4.4; 35=0; 34=39; 49=MS; 56=MTHREE; 52=2022-05-31-12:59:17; 108=30; 10=0015;
8=FIX4.4; 35=0; 34=40; 49=MTHREE; 56=MS; 52=2022-05-31-12:59:19; 108=30; 10=0015;
8=FIX4.4; 35=0; 34=40; 49=MS; 56=MTHREE; 52=2022-05-31-12:59:19; 108=30; 10=0015;
8=FIX4.4; 35=0; 34=41; 49=MTHREE; 56=MS; 52=2022-05-31-12:59:21; 108=30; 10=0015;
8=FIX4.4; 35=0; 34=41; 49=MS; 56=MTHREE; 52=2022-05-31-12:59:21; 108=30; 10=0015;
8=FIX4.4; 35=0; 34=42; 49=MTHREE; 56=MS; 52=2022-05-31-12:59:23; 108=30; 10=0015;
8=FIX4.4; 35=0; 34=42; 49=MS; 56=MTHREE; 52=2022-05-31-12:59:23; 108=30; 10=0015;
8=FIX4.4; 35=0; 34=43; 49=MTHREE; 56=MS; 52=2022-05-31-12:59:25; 108=30; 10=0015;
8=FIX4.4; 35=0; 34=43; 49=MS; 56=MTHREE; 52=2022-05-31-12:59:25; 108=30; 10=0015;
8=FIX4.4; 35=0; 34=44; 49=MTHREE; 56=MS; 52=2022-05-31-12:59:27; 108=30; 10=0015;
8=FIX4.4; 35=0; 34=44; 49=MS; 56=MTHREE; 52=2022-05-31-12:59:27; 108=30; 10=0015;
8=FIX4.4; 35=0; 34=45; 49=MTHREE; 56=MS; 52=2022-05-31-12:59:29; 108=30; 10=0015;
8=FIX4.4; 35=0; 34=45; 49=MS; 56=MTHREE; 52=2022-05-31-12:59:29; 108=30; 10=0015;
8=FIX4.4; 35=0; 34=46; 49=MTHREE; 56=MS; 52=2022-05-31-12:59:31; 108=30; 10=0015;
8=FIX4.4; 35=0; 34=46; 49=MS; 56=MTHREE; 52=2022-05-31-12:59:31; 108=30; 10=0015;
8=FIX4.4; 35=0; 34=47; 49=MTHREE; 56=MS; 52=2022-05-31-12:59:33; 108=30; 10=0015;
8=FIX4.4; 35=0; 34=47; 49=MS; 56=MTHREE; 52=2022-05-31-12:59:33; 108=30; 10=0015;
8=FIX4.4; 35=0; 34=48; 49=MTHREE; 56=MS; 52=2022-05-31-12:59:35; 108=30; 10=0015;
8=FIX4.4; 35=0; 34=48; 49=MS; 56=MTHREE; 52=2022-05-31-12:59:35; 108=30; 10=0015;
8=FIX4.4; 35=0; 34=49; 49=MTHREE; 56=MS; 52=2022-05-31-12:59:37; 108=30; 10=0015;
8=FIX4.4; 35=0; 34=49; 49=MS; 56=MTHREE; 52=2022-05-31-12:59:37; 108=30; 10=0015;
8=FIX4.4; 35=0; 34=50; 49=MTHREE; 56=MS; 52=2022-05-31-12:59:39; 108=30; 10=0015;
8=FIX4.4; 35=0; 34=50; 49=MS; 56=MTHREE; 52=2022-05-31-12:59:39; 108=30; 10=0015;
8=FIX4.4; 35=0; 34=51; 49=MTHREE; 56=MS; 52=2022-05-31-12:59:41; 108=30; 10=0015;
8=FIX4.4; 35=0; 34=51; 49=MS; 56=MTHREE; 52=2022-05-31-12:59:41; 108=30; 10=0015;
8=FIX4.4; 35=D; 34=52; 49=MTHREE; 56=MS; 52=2022-05-31-12:59:43; 55=AAPL; 40=2; 38=26358; 21=2; 11=algo20220531125943; 60=2022-05-31-12:59:43; 54=1; 44=1276.37; 10=0252;
8=FIX4.4; 35=8; 34=52; 49=MS; 56=MTHREE; 52=2022-05-31-12:59:43; 55=AAPL; 40=2; 11=algo20220531125943; 31=1276.37; 150=0; 39=0; 54=1; 44=1276.37; 32=0; 17=exec20220531125943; 38=26358; 60=2022-05-31-12:59:43; 6=0; 14=0; 37=algo20220531125943; 10=200;
8=FIX4.4; 35=F; 34=52; 49=MTHREE; 56=MS; 52=2022-05-31-12:59:43; 41=algo20220531125943; 55=AAPL; 38=26358; 11=C_algo20220531125943; 60=2022-05-31-12:59:43; 10=060;
8=FIX4.4; 35=8; 34=52; 49=MS; 56=MTHREE; 52=2022-05-31-12:59:43; 55=AAPL; 11=C_algo20220531125943; 31=0; 150=6; 39=6; 54=1; 44=1276.37; 17=exec20220531125943; 32=0; 41=algo20220531125943; 38=26358; 60=2022-05-31-12:59:43; 6=0.0; 14=0; 37=algo20220531125943; 10=252;
8=FIX4.4; 35=8; 34=53; 49=MS; 56=MTHREE; 52=2022-05-31-12:59:43; 151=21087; 55=AAPL; 11=C_algo20220531125943; 31=0; 150=4; 39=4; 54=1; 17=exec20220531125943; 32=0; 41=algo20220531125943; 38=26358; 60=2022-05-31-12:59:43; 6=0.0; 14=0; 37=algo20220531125943; 10=252;
8=FIX4.4; 35=D; 34=54; 49=MTHREE; 56=MS; 52=2022-05-31-12:59:45; 55=MSFT; 40=2; 38=3347; 21=2; 11=algo20220531125945; 60=2022-05-31-12:59:45; 54=2; 44=59.89; 10=0252;
8=FIX4.4; 35=8; 34=55; 49=MS; 56=MTHREE; 52=2022-05-31-12:59:45; 55=MSFT; 40=2; 11=algo20220531125945; 31=59.89; 150=0; 39=0; 54=2; 44=59.89; 32=0; 17=exec20220531125945; 38=3347; 60=2022-05-31-12:59:45; 6=0; 14=0; 37=algo20220531125945; 10=200;
8=FIX4.4; 35=F; 34=54; 49=MTHREE; 56=MS; 52=2022-05-31-12:59:45; 41=algo20220531125945; 55=MSFT; 38=3347; 11=C_algo20220531125945; 60=2022-05-31-12:59:45; 10=060;
8=FIX4.4; 35=8; 34=55; 49=MS; 56=MTHREE; 52=2022-05-31-12:59:45; 55=MSFT; 11=C_algo20220531125945; 31=0; 150=6; 39=6; 54=2; 44=59.89; 17=exec20220531125945; 32=0; 41=algo20220531125945; 38=3347; 60=2022-05-31-12:59:45; 6=0.0; 14=0; 37=algo20220531125945; 10=252;
8=FIX4.4; 35=8; 34=56; 49=MS; 56=MTHREE; 52=2022-05-31-12:59:45; 151=2678; 55=MSFT; 11=C_algo20220531125945; 31=0; 150=4; 39=4; 54=2; 17=exec20220531125945; 32=0; 41=algo20220531125945; 38=3347; 60=2022-05-31-12:59:45; 6=0.0; 14=0; 37=algo20220531125945; 10=252;
8=FIX4.4; 35=D; 34=56; 49=MTHREE; 56=MS; 52=2022-05-31-12:59:47; 55=AMZN; 40=2; 38=28945; 21=2; 11=algo20220531125947; 60=2022-05-31-12:59:47; 54=1; 44=133.47; 10=0252;
8=FIX4.4; 35=8; 34=58; 49=MS; 56=MTHREE; 52=2022-05-31-12:59:47; 55=AMZN; 40=2; 11=algo20220531125947; 31=133.47; 150=0; 39=0; 54=1; 44=133.47; 32=0; 17=exec20220531125947; 38=28945; 60=2022-05-31-12:59:47; 6=0; 14=0; 37=algo20220531125947; 10=200;
8=FIX4.4; 35=8; 34=59; 49=MS; 56=MTHREE; 52=2022-05-31-12:59:47; 55=AMZN; 40=2; 11=algo20220531125947; 31=133.47; 150=1; 39=1; 54=1; 44=133.47; 32=5789; 17=exec20220531125947; 38=28945; 60=2022-05-31-12:59:47; 6=133.47; 14=5789; 37=algo20220531125947; 10=240;
8=FIX4.4; 35=F; 34=56; 49=MTHREE; 56=MS; 52=2022-05-31-12:59:48; 41=algo20220531125947; 55=AMZN; 38=28945; 11=C_algo20220531125947; 60=2022-05-31-12:59:48; 10=060;
8=FIX4.4; 35=8; 34=59; 49=MS; 56=MTHREE; 52=2022-05-31-12:59:48; 55=AMZN; 11=C_algo20220531125947; 31=0; 150=6; 39=6; 54=1; 44=133.47; 17=exec20220531125948; 32=0; 41=algo20220531125947; 38=28945; 60=2022-05-31-12:59:48; 6=0.0; 14=5789; 37=algo20220531125947; 10=252;
8=FIX4.4; 35=8; 34=60; 49=MS; 56=MTHREE; 52=2022-05-31-12:59:48; 151=17367; 55=AMZN; 11=C_algo20220531125947; 31=0; 150=4; 39=4; 54=1; 17=exec20220531125948; 32=0; 41=algo20220531125947; 38=28945; 60=2022-05-31-12:59:48; 6=0.0; 14=5789; 37=algo20220531125947; 10=252;
8=FIX4.4; 35=D; 34=58; 49=MTHREE; 56=MS; 52=2022-05-31-12:59:50; 55=FB; 40=2; 38=10820; 21=2; 11=algo20220531125950; 60=2022-05-31-12:59:50; 54=1; 44=430.62; 10=0252;
8=FIX4.4; 35=8; 34=62; 49=MS; 56=MTHREE; 52=2022-05-31-12:59:50; 55=FB; 40=2; 11=algo20220531125950; 31=430.62; 150=0; 39=0; 54=1; 44=430.62; 32=0; 17=exec20220531125950; 38=10820; 60=2022-05-31-12:59:50; 6=0; 14=0; 37=algo20220531125950; 10=200;
8=FIX4.4; 35=8; 34=63; 49=MS; 56=MTHREE; 52=2022-05-31-12:59:51; 55=FB; 40=2; 11=algo20220531125950; 31=430.62; 150=2; 39=2; 54=1; 44=430.62; 32=10820; 17=exec20220531125951; 38=10820; 60=2022-05-31-12:59:51; 6=430.62; 14=10820; 37=algo20220531125950; 10=246;
8=FIX4.4; 35=D; 34=59; 49=MTHREE; 56=MS; 52=2022-05-31-12:59:51; 55=GOOG; 40=2; 38=2929; 21=2; 11=algo20220531125951; 60=2022-05-31-12:59:51; 54=2; 44=42.05; 10=0252;
8=FIX4.4; 35=8; 34=64; 49=MS; 56=MTHREE; 52=2022-05-31-12:59:51; 55=GOOG; 40=2; 11=algo20220531125951; 31=42.05; 150=0; 39=0; 54=2; 44=42.05; 32=0; 17=exec20220531125951; 38=2929; 60=2022-05-31-12:59:51; 6=0; 14=0; 37=algo20220531125951; 10=200;
8=FIX4.4; 35=F; 34=59; 49=MTHREE; 56=MS; 52=2022-05-31-12:59:51; 41=algo20220531125951; 55=GOOG; 38=2929; 11=C_algo20220531125951; 60=2022-05-31-12:59:51; 10=060;
8=FIX4.4; 35=8; 34=64; 49=MS; 56=MTHREE; 52=2022-05-31-12:59:51; 55=GOOG; 11=C_algo20220531125951; 31=0; 150=6; 39=6; 54=2; 44=42.05; 17=exec20220531125951; 32=0; 41=algo20220531125951; 38=2929; 60=2022-05-31-12:59:51; 6=0.0; 14=0; 37=algo20220531125951; 10=252;
8=FIX4.4; 35=8; 34=65; 49=MS; 56=MTHREE; 52=2022-05-31-12:59:51; 151=2344; 55=GOOG; 11=C_algo20220531125951; 31=0; 150=4; 39=4; 54=2; 17=exec20220531125951; 32=0; 41=algo20220531125951; 38=2929; 60=2022-05-31-12:59:51; 6=0.0; 14=0; 37=algo20220531125951; 10=252;
8=FIX4.4; 35=D; 34=61; 49=MTHREE; 56=MS; 52=2022-05-31-12:59:53; 55=GOOGL; 40=2; 38=16185; 21=2; 11=algo20220531125953; 60=2022-05-31-12:59:53; 54=2; 44=289.20; 10=0252;
8=FIX4.4; 35=8; 34=67; 49=MS; 56=MTHREE; 52=2022-05-31-12:59:53; 55=GOOGL; 40=2; 11=algo20220531125953; 31=289.20; 150=0; 39=0; 54=2; 44=289.20; 32=0; 17=exec20220531125953; 38=16185; 60=2022-05-31-12:59:53; 6=0; 14=0; 37=algo20220531125953; 10=200;
8=FIX4.4; 35=8; 34=68; 49=MS; 56=MTHREE; 52=2022-05-31-12:59:53; 55=GOOGL; 40=2; 11=algo20220531125953; 31=289.20; 150=1; 39=1; 54=2; 44=289.20; 32=8092; 17=exec20220531125953; 38=16185; 60=2022-05-31-12:59:53; 6=289.20; 14=8092; 37=algo20220531125953; 10=240;
8=FIX4.4; 35=8; 34=69; 49=MS; 56=MTHREE; 52=2022-05-31-12:59:55; 55=GOOGL; 40=2; 11=algo20220531125953; 31=289.20; 150=2; 39=2; 54=2; 44=289.20; 32=8093; 17=exec20220531125955; 38=16185; 60=2022-05-31-12:59:55; 6=289.20; 14=16185; 37=algo20220531125953; 10=246;
8=FIX4.4; 35=D; 34=62; 49=MTHREE; 56=MS; 52=2022-05-31-12:59:55; 55=INTC; 40=2; 38=8450; 21=2; 11=algo20220531125955; 60=2022-05-31-12:59:55; 54=1; 44=339.13; 10=0252;
8=FIX4.4; 35=8; 34=70; 49=MS; 56=MTHREE; 52=2022-05-31-12:59:55; 55=INTC; 40=2; 11=algo20220531125955; 31=339.13; 150=0; 39=0; 54=1; 44=339.13; 32=0; 17=exec20220531125955; 38=8450; 60=2022-05-31-12:59:55; 6=0; 14=0; 37=algo20220531125955; 10=200;
8=FIX4.4; 35=F; 34=62; 49=MTHREE; 56=MS; 52=2022-05-31-12:59:55; 41=algo20220531125955; 55=INTC; 38=8450; 11=C_algo20220531125955; 60=2022-05-31-12:59:55; 10=060;
8=FIX4.4; 35=8; 34=70; 49=MS; 56=MTHREE; 52=2022-05-31-12:59:55; 55=INTC; 11=C_algo20220531125955; 31=0; 150=6; 39=6; 54=1; 44=339.13; 17=exec20220531125955; 32=0; 41=algo20220531125955; 38=8450; 60=2022-05-31-12:59:55; 6=0.0; 14=0; 37=algo20220531125955; 10=252;
8=FIX4.4; 35=8; 34=71; 49=MS; 56=MTHREE; 52=2022-05-31-12:59:55; 151=4225; 55=INTC; 11=C_algo20220531125955; 31=0; 150=4; 39=4; 54=1; 17=exec20220531125955; 32=0; 41=algo20220531125955; 38=8450; 60=2022-05-31-12:59:55; 6=0.0; 14=0; 37=algo20220531125955; 10=252;
8=FIX4.4; 35=D; 34=64; 49=MTHREE; 56=MS; 52=2022-05-31-12:59:57; 55=PEP; 40=2; 38=32243; 21=2; 11=algo20220531125957; 60=2022-05-31-12:59:57; 54=1; 44=36.21; 10=0252;
8=FIX4.4; 35=8; 34=73; 49=MS; 56=MTHREE; 52=2022-05-31-12:59:57; 55=PEP; 40=2; 11=algo20220531125957; 31=36.21; 150=0; 39=0; 54=1; 44=36.21; 32=0; 17=exec20220531125957; 38=32243; 60=2022-05-31-12:59:57; 6=0; 14=0; 37=algo20220531125957; 10=200;
8=FIX4.4; 35=F; 34=64; 49=MTHREE; 56=MS; 52=2022-05-31-12:59:57; 41=algo20220531125957; 55=PEP; 38=32243; 11=C_algo20220531125957; 60=2022-05-31-12:59:57; 10=060;
8=FIX4.4; 35=8; 34=73; 49=MS; 56=MTHREE; 52=2022-05-31-12:59:57; 55=PEP; 11=C_algo20220531125957; 31=0; 150=6; 39=6; 54=1; 44=36.21; 17=exec20220531125957; 32=0; 41=algo20220531125957; 38=32243; 60=2022-05-31-12:59:57; 6=0.0; 14=0; 37=algo20220531125957; 10=252;
8=FIX4.4; 35=8; 34=74; 49=MS; 56=MTHREE; 52=2022-05-31-12:59:57; 151=24183; 55=PEP; 11=C_algo20220531125957; 31=0; 150=4; 39=4; 54=1; 17=exec20220531125957; 32=0; 41=algo20220531125957; 38=32243; 60=2022-05-31-12:59:57; 6=0.0; 14=0; 37=algo20220531125957; 10=252;
8=FIX4.4; 35=D; 34=66; 49=MTHREE; 56=MS; 52=2022-05-31-12:59:59; 55=NFLX; 40=2; 38=18079; 21=2; 11=algo20220531125959; 60=2022-05-31-12:59:59; 54=2; 44=306.71; 10=0252;
8=FIX4.4; 35=8; 34=76; 49=MS; 56=MTHREE; 52=2022-05-31-12:59:59; 55=NFLX; 40=2; 11=algo20220531125959; 31=306.71; 150=0; 39=0; 54=2; 44=306.71; 32=0; 17=exec20220531125959; 38=18079; 60=2022-05-31-12:59:59; 6=0; 14=0; 37=algo20220531125959; 10=200;
8=FIX4.4; 35=F; 34=66; 49=MTHREE; 56=MS; 52=2022-05-31-12:59:59; 41=algo20220531125959; 55=NFLX; 38=18079; 11=C_algo20220531125959; 60=2022-05-31-12:59:59; 10=060;
8=FIX4.4; 35=8; 34=76; 49=MS; 56=MTHREE; 52=2022-05-31-12:59:59; 55=NFLX; 11=C_algo20220531125959; 31=0; 150=6; 39=6; 54=2; 44=306.71; 17=exec20220531125959; 32=0; 41=algo20220531125959; 38=18079; 60=2022-05-31-12:59:59; 6=0.0; 14=0; 37=algo20220531125959; 10=252;
8=FIX4.4; 35=8; 34=77; 49=MS; 56=MTHREE; 52=2022-05-31-12:59:59; 151=12053; 55=NFLX; 11=C_algo20220531125959; 31=0; 150=4; 39=4; 54=2; 17=exec20220531125959; 32=0; 41=algo20220531125959; 38=18079; 60=2022-05-31-12:59:59; 6=0.0; 14=0; 37=algo20220531125959; 10=252;
8=FIX4.4; 35=D; 34=68; 49=MTHREE; 56=MS; 52=2022-05-31-13:00:01; 55=CSCO; 40=2; 38=27946; 21=2; 11=algo20220531130001; 60=2022-05-31-13:00:01; 54=1; 44=233.73; 10=0252;
8=FIX4.4; 35=8; 34=79; 49=MS; 56=MTHREE; 52=2022-05-31-13:00:01; 55=CSCO; 40=2; 11=algo20220531130001; 31=233.73; 150=0; 39=0; 54=1; 44=233.73; 32=0; 17=exec20220531130001; 38=27946; 60=2022-05-31-13:00:01; 6=0; 14=0; 37=algo20220531130001; 10=200;
8=FIX4.4; 35=8; 34=80; 49=MS; 56=MTHREE; 52=2022-05-31-13:00:01; 55=CSCO; 40=2; 11=algo20220531130001; 31=233.73; 150=1; 39=1; 54=1; 44=233.73; 32=9315; 17=exec20220531130001; 38=27946; 60=2022-05-31-13:00:01; 6=233.73; 14=9315; 37=algo20220531130001; 10=240;
8=FIX4.4; 35=F; 34=68; 49=MTHREE; 56=MS; 52=2022-05-31-13:00:02; 41=algo20220531130001; 55=CSCO; 38=27946; 11=C_algo20220531130001; 60=2022-05-31-13:00:02; 10=060;
8=FIX4.4; 35=8; 34=80; 49=MS; 56=MTHREE; 52=2022-05-31-13:00:03; 55=CSCO; 11=C_algo20220531130001; 31=0; 150=6; 39=6; 54=1; 44=233.73; 17=exec20220531130002; 32=0; 41=algo20220531130001; 38=27946; 60=2022-05-31-13:00:03; 6=0.0; 14=9315; 37=algo20220531130001; 10=252;
8=FIX4.4; 35=8; 34=81; 49=MS; 56=MTHREE; 52=2022-05-31-13:00:03; 151=9316; 55=CSCO; 11=C_algo20220531130001; 31=0; 150=4; 39=4; 54=1; 17=exec20220531130003; 32=0; 41=algo20220531130001; 38=27946; 60=2022-05-31-13:00:03; 6=0.0; 14=9315; 37=algo20220531130001; 10=252;
8=FIX4.4; 35=D; 34=70; 49=MTHREE; 56=MS; 52=2022-05-31-13:00:05; 55=AMGN; 40=2; 38=9926; 21=2; 11=algo20220531130005; 60=2022-05-31-13:00:05; 54=1; 44=116.62; 10=0252;
8=FIX4.4; 35=8; 34=83; 49=MS; 56=MTHREE; 52=2022-05-31-13:00:05; 55=AMGN; 40=2; 11=algo20220531130005; 31=116.62; 150=0; 39=0; 54=1; 44=116.62; 32=0; 17=exec20220531130005; 38=9926; 60=2022-05-31-13:00:05; 6=0; 14=0; 37=algo20220531130005; 10=200;
8=FIX4.4; 35=8; 34=84; 49=MS; 56=MTHREE; 52=2022-05-31-13:00:06; 55=AMGN; 40=2; 11=algo20220531130005; 31=116.62; 150=2; 39=2; 54=1; 44=116.62; 32=9926; 17=exec20220531130006; 38=9926; 60=2022-05-31-13:00:06; 6=116.62; 14=9926; 37=algo20220531130005; 10=246;
8=FIX4.4; 35=D; 34=71; 49=MTHREE; 56=MS; 52=2022-05-31-13:00:06; 55=PYPL; 40=2; 38=3520; 21=2; 11=algo20220531130006; 60=2022-05-31-13:00:06; 54=1; 44=723.61; 10=0252;
8=FIX4.4; 35=8; 34=85; 49=MS; 56=MTHREE; 52=2022-05-31-13:00:06; 55=PYPL; 40=2; 11=algo20220531130006; 31=723.61; 150=0; 39=0; 54=1; 44=723.61; 32=0; 17=exec20220531130006; 38=3520; 60=2022-05-31-13:00:06; 6=0; 14=0; 37=algo20220531130006; 10=200;
8=FIX4.4; 35=8; 34=86; 49=MS; 56=MTHREE; 52=2022-05-31-13:00:06; 55=PYPL; 40=2; 11=algo20220531130006; 31=723.61; 150=1; 39=1; 54=1; 44=723.61; 32=880; 17=exec20220531130006; 38=3520; 60=2022-05-31-13:00:06; 6=723.61; 14=880; 37=algo20220531130006; 10=240;
8=FIX4.4; 35=F; 34=71; 49=MTHREE; 56=MS; 52=2022-05-31-13:00:07; 41=algo20220531130006; 55=PYPL; 38=3520; 11=C_algo20220531130006; 60=2022-05-31-13:00:07; 10=060;
8=FIX4.4; 35=8; 34=86; 49=MS; 56=MTHREE; 52=2022-05-31-13:00:07; 55=PYPL; 11=C_algo20220531130006; 31=0; 150=6; 39=6; 54=1; 44=723.61; 17=exec20220531130007; 32=0; 41=algo20220531130006; 38=3520; 60=2022-05-31-13:00:07; 6=0.0; 14=880; 37=algo20220531130006; 10=252;
8=FIX4.4; 35=8; 34=87; 49=MS; 56=MTHREE; 52=2022-05-31-13:00:07; 151=1760; 55=PYPL; 11=C_algo20220531130006; 31=0; 150=4; 39=4; 54=1; 17=exec20220531130007; 32=0; 41=algo20220531130006; 38=3520; 60=2022-05-31-13:00:07; 6=0.0; 14=880; 37=algo20220531130006; 10=252;
8=FIX4.4; 35=D; 34=73; 49=MTHREE; 56=MS; 52=2022-05-31-13:00:09; 55=TSLA; 40=2; 38=8119; 21=2; 11=algo20220531130009; 60=2022-05-31-13:00:09; 54=1; 44=503.77; 10=0252;
8=FIX4.4; 35=8; 34=89; 49=MS; 56=MTHREE; 52=2022-05-31-13:00:09; 55=TSLA; 40=2; 11=algo20220531130009; 31=503.77; 150=0; 39=0; 54=1; 44=503.77; 32=0; 17=exec20220531130009; 38=8119; 60=2022-05-31-13:00:09; 6=0; 14=0; 37=algo20220531130009; 10=200;
8=FIX4.4; 35=8; 34=90; 49=MS; 56=MTHREE; 52=2022-05-31-13:00:09; 55=TSLA; 40=2; 11=algo20220531130009; 31=503.77; 150=1; 39=1; 54=1; 44=503.77; 32=1623; 17=exec20220531130009; 38=8119; 60=2022-05-31-13:00:09; 6=503.77; 14=1623; 37=algo20220531130009; 10=240;
8=FIX4.4; 35=F; 34=73; 49=MTHREE; 56=MS; 52=2022-05-31-13:00:10; 41=algo20220531130009; 55=TSLA; 38=8119; 11=C_algo20220531130009; 60=2022-05-31-13:00:10; 10=060;
8=FIX4.4; 35=8; 34=90; 49=MS; 56=MTHREE; 52=2022-05-31-13:00:10; 55=TSLA; 11=C_algo20220531130009; 31=0; 150=6; 39=6; 54=1; 44=503.77; 17=exec20220531130010; 32=0; 41=algo20220531130009; 38=8119; 60=2022-05-31-13:00:10; 6=0.0; 14=1623; 37=algo20220531130009; 10=252;
8=FIX4.4; 35=8; 34=91; 49=MS; 56=MTHREE; 52=2022-05-31-13:00:10; 151=4873; 55=TSLA; 11=C_algo20220531130009; 31=0; 150=4; 39=4; 54=1; 17=exec20220531130010; 32=0; 41=algo20220531130009; 38=8119; 60=2022-05-31-13:00:10; 6=0.0; 14=1623; 37=algo20220531130009; 10=252;
8=FIX4.4; 35=D; 34=75; 49=MTHREE; 56=MS; 52=2022-05-31-13:00:12; 55=TXN; 40=2; 38=8881; 21=2; 11=algo20220531130012; 60=2022-05-31-13:00:12; 54=1; 44=112.46; 10=0252;
8=FIX4.4; 35=8; 34=93; 49=MS; 56=MTHREE; 52=2022-05-31-13:00:12; 55=TXN; 40=2; 11=algo20220531130012; 31=112.46; 150=0; 39=0; 54=1; 44=112.46; 32=0; 17=exec20220531130012; 38=8881; 60=2022-05-31-13:00:12; 6=0; 14=0; 37=algo20220531130012; 10=200;
8=FIX4.4; 35=F; 34=75; 49=MTHREE; 56=MS; 52=2022-05-31-13:00:12; 41=algo20220531130012; 55=TXN; 38=8881; 11=C_algo20220531130012; 60=2022-05-31-13:00:12; 10=060;
8=FIX4.4; 35=8; 34=93; 49=MS; 56=MTHREE; 52=2022-05-31-13:00:12; 55=TXN; 11=C_algo20220531130012; 31=0; 150=6; 39=6; 54=1; 44=112.46; 17=exec20220531130012; 32=0; 41=algo20220531130012; 38=8881; 60=2022-05-31-13:00:12; 6=0.0; 14=0; 37=algo20220531130012; 10=252;
8=FIX4.4; 35=8; 34=94; 49=MS; 56=MTHREE; 52=2022-05-31-13:00:12; 151=5921; 55=TXN; 11=C_algo20220531130012; 31=0; 150=4; 39=4; 54=1; 17=exec20220531130012; 32=0; 41=algo20220531130012; 38=8881; 60=2022-05-31-13:00:12; 6=0.0; 14=0; 37=algo20220531130012; 10=252;
8=FIX4.4; 35=D; 34=77; 49=MTHREE; 56=MS; 52=2022-05-31-13:00:14; 55=AVGO; 40=2; 38=7187; 21=2; 11=algo20220531130014; 60=2022-05-31-13:00:14; 54=1; 44=262.99; 10=0252;
8=FIX4.4; 35=8; 34=96; 49=MS; 56=MTHREE; 52=2022-05-31-13:00:14; 55=AVGO; 40=2; 11=algo20220531130014; 31=262.99; 150=0; 39=0; 54=1; 44=262.99; 32=0; 17=exec20220531130014; 38=7187; 60=2022-05-31-13:00:14; 6=0; 14=0; 37=algo20220531130014; 10=200;
8=FIX4.4; 35=8; 34=97; 49=MS; 56=MTHREE; 52=2022-05-31-13:00:14; 55=AVGO; 40=2; 11=algo20220531130014; 31=262.99; 150=1; 39=1; 54=1; 44=262.99; 32=1437; 17=exec20220531130014; 38=7187; 60=2022-05-31-13:00:14; 6=262.99; 14=1437; 37=algo20220531130014; 10=240;
8=FIX4.4; 35=F; 34=77; 49=MTHREE; 56=MS; 52=2022-05-31-13:00:15; 41=algo20220531130014; 55=AVGO; 38=7187; 11=C_algo20220531130014; 60=2022-05-31-13:00:15; 10=060;
8=FIX4.4; 35=8; 34=97; 49=MS; 56=MTHREE; 52=2022-05-31-13:00:15; 55=AVGO; 11=C_algo20220531130014; 31=0; 150=6; 39=6; 54=1; 44=262.99; 17=exec20220531130015; 32=0; 41=algo20220531130014; 38=7187; 60=2022-05-31-13:00:15; 6=0.0; 14=1437; 37=algo20220531130014; 10=252;
8=FIX4.4; 35=8; 34=98; 49=MS; 56=MTHREE; 52=2022-05-31-13:00:15; 151=4313; 55=AVGO; 11=C_algo20220531130014; 31=0; 150=4; 39=4; 54=1; 17=exec20220531130015; 32=0; 41=algo20220531130014; 38=7187; 60=2022-05-31-13:00:15; 6=0.0; 14=1437; 37=algo20220531130014; 10=252;
8=FIX4.4; 35=D; 34=79; 49=MTHREE; 56=MS; 52=2022-05-31-13:00:17; 55=GILD; 40=2; 38=31918; 21=2; 11=algo20220531130017; 60=2022-05-31-13:00:17; 54=1; 44=82.91; 10=0252;
8=FIX4.4; 35=8; 34=100; 49=MS; 56=MTHREE; 52=2022-05-31-13:00:17; 55=GILD; 40=2; 11=algo20220531130017; 31=82.91; 150=0; 39=0; 54=1; 44=82.91; 32=0; 17=exec20220531130017; 38=31918; 60=2022-05-31-13:00:17; 6=0; 14=0; 37=algo20220531130017; 10=200;
8=FIX4.4; 35=F; 34=79; 49=MTHREE; 56=MS; 52=2022-05-31-13:00:17; 41=algo20220531130017; 55=GILD; 38=31918; 11=C_algo20220531130017; 60=2022-05-31-13:00:17; 10=060;
8=FIX4.4; 35=8; 34=100; 49=MS; 56=MTHREE; 52=2022-05-31-13:00:17; 55=GILD; 11=C_algo20220531130017; 31=0; 150=6; 39=6; 54=1; 44=82.91; 17=exec20220531130017; 32=0; 41=algo20220531130017; 38=31918; 60=2022-05-31-13:00:17; 6=0.0; 14=0; 37=algo20220531130017; 10=252;
8=FIX4.4; 35=8; 34=101; 49=MS; 56=MTHREE; 52=2022-05-31-13:00:17; 151=15959; 55=GILD; 11=C_algo20220531130017; 31=0; 150=4; 39=4; 54=1; 17=exec20220531130017; 32=0; 41=algo20220531130017; 38=31918; 60=2022-05-31-13:00:17; 6=0.0; 14=0; 37=algo20220531130017; 10=252;
8=FIX4.4; 35=D; 34=81; 49=MTHREE; 56=MS; 52=2022-05-31-13:00:19; 55=SBUX; 40=2; 38=17696; 21=2; 11=algo20220531130019; 60=2022-05-31-13:00:19; 54=1; 44=75.71; 10=0252;
8=FIX4.4; 35=8; 34=103; 49=MS; 56=MTHREE; 52=2022-05-31-13:00:19; 55=SBUX; 40=2; 11=algo20220531130019; 31=75.71; 150=0; 39=0; 54=1; 44=75.71; 32=0; 17=exec20220531130019; 38=17696; 60=2022-05-31-13:00:19; 6=0; 14=0; 37=algo20220531130019; 10=200;
8=FIX4.4; 35=8; 34=104; 49=MS; 56=MTHREE; 52=2022-05-31-13:00:19; 55=SBUX; 40=2; 11=algo20220531130019; 31=75.71; 150=1; 39=1; 54=1; 44=75.71; 32=5898; 17=exec20220531130019; 38=17696; 60=2022-05-31-13:00:19; 6=75.71; 14=5898; 37=algo20220531130019; 10=240;
8=FIX4.4; 35=F; 34=81; 49=MTHREE; 56=MS; 52=2022-05-31-13:00:20; 41=algo20220531130019; 55=SBUX; 38=17696; 11=C_algo20220531130019; 60=2022-05-31-13:00:20; 10=060;
8=FIX4.4; 35=8; 34=104; 49=MS; 56=MTHREE; 52=2022-05-31-13:00:20; 55=SBUX; 11=C_algo20220531130019; 31=0; 150=6; 39=6; 54=1; 44=75.71; 17=exec20220531130020; 32=0; 41=algo20220531130019; 38=17696; 60=2022-05-31-13:00:20; 6=0.0; 14=5898; 37=algo20220531130019; 10=252;
8=FIX4.4; 35=8; 34=105; 49=MS; 56=MTHREE; 52=2022-05-31-13:00:20; 151=5900; 55=SBUX; 11=C_algo20220531130019; 31=0; 150=4; 39=4; 54=1; 17=exec20220531130020; 32=0; 41=algo20220531130019; 38=17696; 60=2022-05-31-13:00:20; 6=0.0; 14=5898; 37=algo20220531130019; 10=252;
8=FIX4.4; 35=D; 34=83; 49=MTHREE; 56=MS; 52=2022-05-31-13:00:22; 55=QCOM; 40=2; 38=11354; 21=2; 11=algo20220531130022; 60=2022-05-31-13:00:22; 54=1; 44=75.47; 10=0252;
8=FIX4.4; 35=8; 34=107; 49=MS; 56=MTHREE; 52=2022-05-31-13:00:22; 55=QCOM; 40=2; 11=algo20220531130022; 31=75.47; 150=0; 39=0; 54=1; 44=75.47; 32=0; 17=exec20220531130022; 38=11354; 60=2022-05-31-13:00:22; 6=0; 14=0; 37=algo20220531130022; 10=200;
8=FIX4.4; 35=F; 34=83; 49=MTHREE; 56=MS; 52=2022-05-31-13:00:22; 41=algo20220531130022; 55=QCOM; 38=11354; 11=C_algo20220531130022; 60=2022-05-31-13:00:22; 10=060;
8=FIX4.4; 35=8; 34=107; 49=MS; 56=MTHREE; 52=2022-05-31-13:00:22; 55=QCOM; 11=C_algo20220531130022; 31=0; 150=6; 39=6; 54=1; 44=75.47; 17=exec20220531130022; 32=0; 41=algo20220531130022; 38=11354; 60=2022-05-31-13:00:22; 6=0.0; 14=0; 37=algo20220531130022; 10=252;
8=FIX4.4; 35=8; 34=108; 49=MS; 56=MTHREE; 52=2022-05-31-13:00:22; 151=7570; 55=QCOM; 11=C_algo20220531130022; 31=0; 150=4; 39=4; 54=1; 17=exec20220531130022; 32=0; 41=algo20220531130022; 38=11354; 60=2022-05-31-13:00:22; 6=0.0; 14=0; 37=algo20220531130022; 10=252;
8=FIX4.4; 35=D; 34=85; 49=MTHREE; 56=MS; 52=2022-05-31-13:00:24; 55=TMUS; 40=2; 38=10429; 21=2; 11=algo20220531130024; 60=2022-05-31-13:00:24; 54=2; 44=90.74; 10=0252;
8=FIX4.4; 35=8; 34=110; 49=MS; 56=MTHREE; 52=2022-05-31-13:00:24; 55=TMUS; 40=2; 11=algo20220531130024; 31=90.74; 150=0; 39=0; 54=2; 44=90.74; 32=0; 17=exec20220531130024; 38=10429; 60=2022-05-31-13:00:24; 6=0; 14=0; 37=algo20220531130024; 10=200;
8=FIX4.4; 35=F; 34=85; 49=MTHREE; 56=MS; 52=2022-05-31-13:00:24; 41=algo20220531130024; 55=TMUS; 38=10429; 11=C_algo20220531130024; 60=2022-05-31-13:00:24; 10=060;
8=FIX4.4; 35=8; 34=110; 49=MS; 56=MTHREE; 52=2022-05-31-13:00:24; 55=TMUS; 11=C_algo20220531130024; 31=0; 150=6; 39=6; 54=2; 44=90.74; 17=exec20220531130024; 32=0; 41=algo20220531130024; 38=10429; 60=2022-05-31-13:00:24; 6=0.0; 14=0; 37=algo20220531130024; 10=252;
8=FIX4.4; 35=8; 34=111; 49=MS; 56=MTHREE; 52=2022-05-31-13:00:24; 151=6953; 55=TMUS; 11=C_algo20220531130024; 31=0; 150=4; 39=4; 54=2; 17=exec20220531130024; 32=0; 41=algo20220531130024; 38=10429; 60=2022-05-31-13:00:24; 6=0.0; 14=0; 37=algo20220531130024; 10=252;
8=FIX4.4; 35=D; 34=87; 49=MTHREE; 56=MS; 52=2022-05-31-13:00:26; 55=MDLZ; 40=2; 38=25098; 21=2; 11=algo20220531130026; 60=2022-05-31-13:00:26; 54=1; 44=52.26; 10=0252;
8=FIX4.4; 35=8; 34=113; 49=MS; 56=MTHREE; 52=2022-05-31-13:00:26; 55=MDLZ; 40=2; 11=algo20220531130026; 31=52.26; 150=0; 39=0; 54=1; 44=52.26; 32=0; 17=exec20220531130026; 38=25098; 60=2022-05-31-13:00:26; 6=0; 14=0; 37=algo20220531130026; 10=200;
8=FIX4.4; 35=8; 34=114; 49=MS; 56=MTHREE; 52=2022-05-31-13:00:26; 55=MDLZ; 40=2; 11=algo20220531130026; 31=52.26; 150=1; 39=1; 54=1; 44=52.26; 32=6274; 17=exec20220531130026; 38=25098; 60=2022-05-31-13:00:26; 6=52.26; 14=6274; 37=algo20220531130026; 10=240;
8=FIX4.4; 35=F; 34=87; 49=MTHREE; 56=MS; 52=2022-05-31-13:00:27; 41=algo20220531130026; 55=MDLZ; 38=25098; 11=C_algo20220531130026; 60=2022-05-31-13:00:27; 10=060;
8=FIX4.4; 35=8; 34=114; 49=MS; 56=MTHREE; 52=2022-05-31-13:00:27; 55=MDLZ; 11=C_algo20220531130026; 31=0; 150=6; 39=6; 54=1; 44=52.26; 17=exec20220531130027; 32=0; 41=algo20220531130026; 38=25098; 60=2022-05-31-13:00:27; 6=0.0; 14=6274; 37=algo20220531130026; 10=252;
8=FIX4.4; 35=8; 34=115; 49=MS; 56=MTHREE; 52=2022-05-31-13:00:27; 151=12550; 55=MDLZ; 11=C_algo20220531130026; 31=0; 150=4; 39=4; 54=1; 17=exec20220531130027; 32=0; 41=algo20220531130026; 38=25098; 60=2022-05-31-13:00:27; 6=0.0; 14=6274; 37=algo20220531130026; 10=252;
8=FIX4.4; 35=D; 34=89; 49=MTHREE; 56=MS; 52=2022-05-31-13:00:29; 55=BAC; 40=2; 38=22131; 21=2; 11=algo20220531130029; 60=2022-05-31-13:00:29; 54=2; 44=22.03; 10=0252;
8=FIX4.4; 35=8; 34=117; 49=MS; 56=MTHREE; 52=2022-05-31-13:00:29; 55=BAC; 40=2; 11=algo20220531130029; 31=22.03; 150=0; 39=0; 54=2; 44=22.03; 32=0; 17=exec20220531130029; 38=22131; 60=2022-05-31-13:00:29; 6=0; 14=0; 37=algo20220531130029; 10=200;
8=FIX4.4; 35=8; 34=118; 49=MS; 56=MTHREE; 52=2022-05-31-13:00:30; 55=BAC; 40=2; 11=algo20220531130029; 31=22.03; 150=2; 39=2; 54=2; 44=22.03; 32=22131; 17=exec20220531130030; 38=22131; 60=2022-05-31-13:00:30; 6=22.03; 14=22131; 37=algo20220531130029; 10=246;
8=FIX4.4; 35=D; 34=90; 49=MTHREE; 56=MS; 52=2022-05-31-13:00:30; 55=DDD; 40=2; 38=21357; 21=2; 11=algo20220531130030; 60=2022-05-31-13:00:30; 54=1; 44=8.01; 10=0252;
8=FIX4.4; 35=8; 34=119; 49=MS; 56=MTHREE; 52=2022-05-31-13:00:30; 55=DDD; 40=2; 11=algo20220531130030; 31=8.01; 150=0; 39=0; 54=1; 44=8.01; 32=0; 17=exec20220531130030; 38=21357; 60=2022-05-31-13:00:30; 6=0; 14=0; 37=algo20220531130030; 10=200;
8=FIX4.4; 35=F; 34=90; 49=MTHREE; 56=MS; 52=2022-05-31-13:00:30; 41=algo20220531130030; 55=DDD; 38=21357; 11=C_algo20220531130030; 60=2022-05-31-13:00:30; 10=060;
8=FIX4.4; 35=8; 34=119; 49=MS; 56=MTHREE; 52=2022-05-31-13:00:30; 55=DDD; 11=C_algo20220531130030; 31=0; 150=6; 39=6; 54=1; 44=8.01; 17=exec20220531130030; 32=0; 41=algo20220531130030; 38=21357; 60=2022-05-31-13:00:30; 6=0.0; 14=0; 37=algo20220531130030; 10=252;
8=FIX4.4; 35=8; 34=120; 49=MS; 56=MTHREE; 52=2022-05-31-13:00:30; 151=10679; 55=DDD; 11=C_algo20220531130030; 31=0; 150=4; 39=4; 54=1; 17=exec20220531130030; 32=0; 41=algo20220531130030; 38=21357; 60=2022-05-31-13:00:30; 6=0.0; 14=0; 37=algo20220531130030; 10=252;
8=FIX4.4; 35=D; 34=92; 49=MTHREE; 56=MS; 52=2022-05-31-13:00:32; 55=MMM; 40=2; 38=22408; 21=2; 11=algo20220531130032; 60=2022-05-31-13:00:32; 54=2; 44=146.98; 10=0252;
8=FIX4.4; 35=8; 34=122; 49=MS; 56=MTHREE; 52=2022-05-31-13:00:32; 55=MMM; 40=2; 11=algo20220531130032; 31=146.98; 150=0; 39=0; 54=2; 44=146.98; 32=0; 17=exec20220531130032; 38=22408; 60=2022-05-31-13:00:32; 6=0; 14=0; 37=algo20220531130032; 10=200;
8=FIX4.4; 35=8; 34=123; 49=MS; 56=MTHREE; 52=2022-05-31-13:00:33; 55=MMM; 40=2; 11=algo20220531130032; 31=146.98; 150=2; 39=2; 54=2; 44=146.98; 32=22408; 17=exec20220531130033; 38=22408; 60=2022-05-31-13:00:33; 6=146.98; 14=22408; 37=algo20220531130032; 10=246;
8=FIX4.4; 35=D; 34=93; 49=MTHREE; 56=MS; 52=2022-05-31-13:00:33; 55=WBAI; 40=2; 38=22763; 21=2; 11=algo20220531130033; 60=2022-05-31-13:00:33; 54=1; 44=4.10; 10=0252;
8=FIX4.4; 35=8; 34=124; 49=MS; 56=MTHREE; 52=2022-05-31-13:00:33; 55=WBAI; 40=2; 11=algo20220531130033; 31=4.10; 150=0; 39=0; 54=1; 44=4.10; 32=0; 17=exec20220531130033; 38=22763; 60=2022-05-31-13:00:33; 6=0; 14=0; 37=algo20220531130033; 10=200;
8=FIX4.4; 35=8; 34=125; 49=MS; 56=MTHREE; 52=2022-05-31-13:00:33; 55=WBAI; 40=2; 11=algo20220531130033; 31=4.10; 150=1; 39=1; 54=1; 44=4.10; 32=4552; 17=exec20220531130033; 38=22763; 60=2022-05-31-13:00:33; 6=4.10; 14=4552; 37=algo20220531130033; 10=240;
8=FIX4.4; 35=8; 34=126; 49=MS; 56=MTHREE; 52=2022-05-31-13:00:34; 55=WBAI; 40=2; 11=algo20220531130033; 31=4.10; 150=1; 39=1; 54=1; 44=4.10; 32=4552; 17=exec20220531130034; 38=22763; 60=2022-05-31-13:00:34; 6=4.10; 14=9104; 37=algo20220531130033; 10=240;
8=FIX4.4; 35=8; 34=127; 49=MS; 56=MTHREE; 52=2022-05-31-13:00:35; 55=WBAI; 40=2; 11=algo20220531130033; 31=4.10; 150=1; 39=1; 54=1; 44=4.10; 32=4552; 17=exec20220531130035; 38=22763; 60=2022-05-31-13:00:35; 6=4.10; 14=13656; 37=algo20220531130033; 10=240;
8=FIX4.4; 35=8; 34=128; 49=MS; 56=MTHREE; 52=2022-05-31-13:00:36; 55=WBAI; 40=2; 11=algo20220531130033; 31=4.10; 150=1; 39=1; 54=1; 44=4.10; 32=4552; 17=exec20220531130036; 38=22763; 60=2022-05-31-13:00:36; 6=4.10; 14=18208; 37=algo20220531130033; 10=240;
8=FIX4.4; 35=8; 34=129; 49=MS; 56=MTHREE; 52=2022-05-31-13:00:38; 55=WBAI; 40=2; 11=algo20220531130033; 31=4.10; 150=2; 39=2; 54=1; 44=4.10; 32=4555; 17=exec20220531130038; 38=22763; 60=2022-05-31-13:00:38; 6=4.10; 14=22763; 37=algo20220531130033; 10=246;
8=FIX4.4; 35=D; 34=94; 49=MTHREE; 56=MS; 52=2022-05-31-13:00:38; 55=WUBA; 40=2; 38=19415; 21=2; 11=algo20220531130038; 60=2022-05-31-13:00:38; 54=2; 44=51.41; 10=0252;
8=FIX4.4; 35=8; 34=130; 49=MS; 56=MTHREE; 52=2022-05-31-13:00:38; 55=WUBA; 40=2; 11=algo20220531130038; 31=51.41; 150=0; 39=0; 54=2; 44=51.41; 32=0; 17=exec20220531130038; 38=19415; 60=2022-05-31-13:00:38; 6=0; 14=0; 37=algo20220531130038; 10=200;
8=FIX4.4; 35=F; 34=94; 49=MTHREE; 56=MS; 52=2022-05-31-13:00:38; 41=algo20220531130038; 55=WUBA; 38=19415; 11=C_algo20220531130038; 60=2022-05-31-13:00:38; 10=060;
8=FIX4.4; 35=8; 34=130; 49=MS; 56=MTHREE; 52=2022-05-31-13:00:38; 55=WUBA; 11=C_algo20220531130038; 31=0; 150=6; 39=6; 54=2; 44=51.41; 17=exec20220531130038; 32=0; 41=algo20220531130038; 38=19415; 60=2022-05-31-13:00:38; 6=0.0; 14=0; 37=algo20220531130038; 10=252;
8=FIX4.4; 35=8; 34=131; 49=MS; 56=MTHREE; 52=2022-05-31-13:00:38; 151=14562; 55=WUBA; 11=C_algo20220531130038; 31=0; 150=4; 39=4; 54=2; 17=exec20220531130038; 32=0; 41=algo20220531130038; 38=19415; 60=2022-05-31-13:00:38; 6=0.0; 14=0; 37=algo20220531130038; 10=252;
8=FIX4.4; 35=D; 34=96; 49=MTHREE; 56=MS; 52=2022-05-31-13:00:40; 55=EGHT; 40=2; 38=16546; 21=2; 11=algo20220531130040; 60=2022-05-31-13:00:40; 54=2; 44=17.03; 10=0252;
8=FIX4.4; 35=8; 34=133; 49=MS; 56=MTHREE; 52=2022-05-31-13:00:40; 55=EGHT; 40=2; 11=algo20220531130040; 31=17.03; 150=0; 39=0; 54=2; 44=17.03; 32=0; 17=exec20220531130040; 38=16546; 60=2022-05-31-13:00:40; 6=0; 14=0; 37=algo20220531130040; 10=200;
8=FIX4.4; 35=8; 34=134; 49=MS; 56=MTHREE; 52=2022-05-31-13:00:41; 55=EGHT; 40=2; 11=algo20220531130040; 31=17.03; 150=2; 39=2; 54=2; 44=17.03; 32=16546; 17=exec20220531130041; 38=16546; 60=2022-05-31-13:00:41; 6=17.03; 14=16546; 37=algo20220531130040; 10=246;
8=FIX4.4; 35=D; 34=97; 49=MTHREE; 56=MS; 52=2022-05-31-13:00:41; 55=AHC; 40=2; 38=14418; 21=2; 11=algo20220531130041; 60=2022-05-31-13:00:41; 54=1; 44=1.40; 10=0252;
8=FIX4.4; 35=8; 34=135; 49=MS; 56=MTHREE; 52=2022-05-31-13:00:41; 55=AHC; 40=2; 11=algo20220531130041; 31=1.40; 150=0; 39=0; 54=1; 44=1.40; 32=0; 17=exec20220531130041; 38=14418; 60=2022-05-31-13:00:41; 6=0; 14=0; 37=algo20220531130041; 10=200;
8=FIX4.4; 35=8; 34=136; 49=MS; 56=MTHREE; 52=2022-05-31-13:00:42; 55=AHC; 40=2; 11=algo20220531130041; 31=1.40; 150=2; 39=2; 54=1; 44=1.40; 32=14418; 17=exec20220531130042; 38=14418; 60=2022-05-31-13:00:42; 6=1.40; 14=14418; 37=algo20220531130041; 10=246;
8=FIX4.4; 35=D; 34=98; 49=MTHREE; 56=MS; 52=2022-05-31-13:00:42; 55=AOS; 40=2; 38=22271; 21=2; 11=algo20220531130042; 60=2022-05-31-13:00:42; 54=2; 44=40.38; 10=0252;
8=FIX4.4; 35=8; 34=137; 49=MS; 56=MTHREE; 52=2022-05-31-13:00:42; 55=AOS; 40=2; 11=algo20220531130042; 31=40.38; 150=0; 39=0; 54=2; 44=40.38; 32=0; 17=exec20220531130042; 38=22271; 60=2022-05-31-13:00:42; 6=0; 14=0; 37=algo20220531130042; 10=200;
8=FIX4.4; 35=F; 34=98; 49=MTHREE; 56=MS; 52=2022-05-31-13:00:42; 41=algo20220531130042; 55=AOS; 38=22271; 11=C_algo20220531130042; 60=2022-05-31-13:00:42; 10=060;
8=FIX4.4; 35=8; 34=137; 49=MS; 56=MTHREE; 52=2022-05-31-13:00:42; 55=AOS; 11=C_algo20220531130042; 31=0; 150=6; 39=6; 54=2; 44=40.38; 17=exec20220531130042; 32=0; 41=algo20220531130042; 38=22271; 60=2022-05-31-13:00:42; 6=0.0; 14=0; 37=algo20220531130042; 10=252;
8=FIX4.4; 35=8; 34=138; 49=MS; 56=MTHREE; 52=2022-05-31-13:00:42; 151=11136; 55=AOS; 11=C_algo20220531130042; 31=0; 150=4; 39=4; 54=2; 17=exec20220531130042; 32=0; 41=algo20220531130042; 38=22271; 60=2022-05-31-13:00:42; 6=0.0; 14=0; 37=algo20220531130042; 10=252;
8=FIX4.4; 35=D; 34=100; 49=MTHREE; 56=MS; 52=2022-05-31-13:00:44; 55=ATEN; 40=2; 38=8207; 21=2; 11=algo20220531130044; 60=2022-05-31-13:00:44; 54=2; 44=6.45; 10=0252;
8=FIX4.4; 35=8; 34=140; 49=MS; 56=MTHREE; 52=2022-05-31-13:00:44; 55=ATEN; 40=2; 11=algo20220531130044; 31=6.45; 150=0; 39=0; 54=2; 44=6.45; 32=0; 17=exec20220531130044; 38=8207; 60=2022-05-31-13:00:44; 6=0; 14=0; 37=algo20220531130044; 10=200;
8=FIX4.4; 35=F; 34=100; 49=MTHREE; 56=MS; 52=2022-05-31-13:00:44; 41=algo20220531130044; 55=ATEN; 38=8207; 11=C_algo20220531130044; 60=2022-05-31-13:00:44; 10=060;
8=FIX4.4; 35=8; 34=140; 49=MS; 56=MTHREE; 52=2022-05-31-13:00:44; 55=ATEN; 11=C_algo20220531130044; 31=0; 150=6; 39=6; 54=2; 44=6.45; 17=exec20220531130044; 32=0; 41=algo20220531130044; 38=8207; 60=2022-05-31-13:00:44; 6=0.0; 14=0; 37=algo20220531130044; 10=252;
8=FIX4.4; 35=8; 34=141; 49=MS; 56=MTHREE; 52=2022-05-31-13:00:44; 151=4104; 55=ATEN; 11=C_algo20220531130044; 31=0; 150=4; 39=4; 54=2; 17=exec20220531130044; 32=0; 41=algo20220531130044; 38=8207; 60=2022-05-31-13:00:44; 6=0.0; 14=0; 37=algo20220531130044; 10=252;
8=FIX4.4; 35=D; 34=102; 49=MTHREE; 56=MS; 52=2022-05-31-13:00:46; 55=AIR; 40=2; 38=12727; 21=2; 11=algo20220531130046; 60=2022-05-31-13:00:46; 54=1; 44=16.31; 10=0252;
8=FIX4.4; 35=8; 34=143; 49=MS; 56=MTHREE; 52=2022-05-31-13:00:46; 55=AIR; 40=2; 11=algo20220531130046; 31=16.31; 150=0; 39=0; 54=1; 44=16.31; 32=0; 17=exec20220531130046; 38=12727; 60=2022-05-31-13:00:46; 6=0; 14=0; 37=algo20220531130046; 10=200;
8=FIX4.4; 35=F; 34=102; 49=MTHREE; 56=MS; 52=2022-05-31-13:00:46; 41=algo20220531130046; 55=AIR; 38=12727; 11=C_algo20220531130046; 60=2022-05-31-13:00:46; 10=060;
8=FIX4.4; 35=8; 34=143; 49=MS; 56=MTHREE; 52=2022-05-31-13:00:46; 55=AIR; 11=C_algo20220531130046; 31=0; 150=6; 39=6; 54=1; 44=16.31; 17=exec20220531130046; 32=0; 41=algo20220531130046; 38=12727; 60=2022-05-31-13:00:46; 6=0.0; 14=0; 37=algo20220531130046; 10=252;
8=FIX4.4; 35=8; 34=144; 49=MS; 56=MTHREE; 52=2022-05-31-13:00:46; 151=8485; 55=AIR; 11=C_algo20220531130046; 31=0; 150=4; 39=4; 54=1; 17=exec20220531130046; 32=0; 41=algo20220531130046; 38=12727; 60=2022-05-31-13:00:46; 6=0.0; 14=0; 37=algo20220531130046; 10=252;
8=FIX4.4; 35=D; 34=104; 49=MTHREE; 56=MS; 52=2022-05-31-13:00:48; 55=AAN; 40=2; 38=17434; 21=2; 11=algo20220531130048; 60=2022-05-31-13:00:48; 54=1; 44=25.68; 10=0252;
8=FIX4.4; 35=8; 34=146; 49=MS; 56=MTHREE; 52=2022-05-31-13:00:48; 55=AAN; 40=2; 11=algo20220531130048; 31=25.68; 150=0; 39=0; 54=1; 44=25.68; 32=0; 17=exec20220531130048; 38=17434; 60=2022-05-31-13:00:48; 6=0; 14=0; 37=algo20220531130048; 10=200;
8=FIX4.4; 35=8; 34=147; 49=MS; 56=MTHREE; 52=2022-05-31-13:00:49; 55=AAN; 40=2; 11=algo20220531130048; 31=25.68; 150=2; 39=2; 54=1; 44=25.68; 32=17434; 17=exec20220531130049; 38=17434; 60=2022-05-31-13:00:49; 6=25.68; 14=17434; 37=algo20220531130048; 10=246;
8=FIX4.4; 35=D; 34=105; 49=MTHREE; 56=MS; 52=2022-05-31-13:00:49; 55=ABB; 40=2; 38=14298; 21=2; 11=algo20220531130049; 60=2022-05-31-13:00:49; 54=2; 44=17.42; 10=0252;
8=FIX4.4; 35=8; 34=148; 49=MS; 56=MTHREE; 52=2022-05-31-13:00:49; 55=ABB; 40=2; 11=algo20220531130049; 31=17.42; 150=0; 39=0; 54=2; 44=17.42; 32=0; 17=exec20220531130049; 38=14298; 60=2022-05-31-13:00:49; 6=0; 14=0; 37=algo20220531130049; 10=200;
8=FIX4.4; 35=8; 34=149; 49=MS; 56=MTHREE; 52=2022-05-31-13:00:49; 55=ABB; 40=2; 11=algo20220531130049; 31=17.42; 150=1; 39=1; 54=2; 44=17.42; 32=7149; 17=exec20220531130049; 38=14298; 60=2022-05-31-13:00:49; 6=17.42; 14=7149; 37=algo20220531130049; 10=240;
8=FIX4.4; 35=8; 34=150; 49=MS; 56=MTHREE; 52=2022-05-31-13:00:51; 55=ABB; 40=2; 11=algo20220531130049; 31=17.42; 150=2; 39=2; 54=2; 44=17.42; 32=7149; 17=exec20220531130051; 38=14298; 60=2022-05-31-13:00:51; 6=17.42; 14=14298; 37=algo20220531130049; 10=246;
8=FIX4.4; 35=D; 34=106; 49=MTHREE; 56=MS; 52=2022-05-31-13:00:51; 55=ABT; 40=2; 38=5282; 21=2; 11=algo20220531130051; 60=2022-05-31-13:00:51; 54=1; 44=94.04; 10=0252;
8=FIX4.4; 35=8; 34=151; 49=MS; 56=MTHREE; 52=2022-05-31-13:00:51; 55=ABT; 40=2; 11=algo20220531130051; 31=94.04; 150=0; 39=0; 54=1; 44=94.04; 32=0; 17=exec20220531130051; 38=5282; 60=2022-05-31-13:00:51; 6=0; 14=0; 37=algo20220531130051; 10=200;
8=FIX4.4; 35=F; 34=106; 49=MTHREE; 56=MS; 52=2022-05-31-13:00:51; 41=algo20220531130051; 55=ABT; 38=5282; 11=C_algo20220531130051; 60=2022-05-31-13:00:51; 10=060;
8=FIX4.4; 35=8; 34=151; 49=MS; 56=MTHREE; 52=2022-05-31-13:00:51; 55=ABT; 11=C_algo20220531130051; 31=0; 150=6; 39=6; 54=1; 44=94.04; 17=exec20220531130051; 32=0; 41=algo20220531130051; 38=5282; 60=2022-05-31-13:00:51; 6=0.0; 14=0; 37=algo20220531130051; 10=252;
8=FIX4.4; 35=8; 34=152; 49=MS; 56=MTHREE; 52=2022-05-31-13:00:51; 151=3962; 55=ABT; 11=C_algo20220531130051; 31=0; 150=4; 39=4; 54=1; 17=exec20220531130051; 32=0; 41=algo20220531130051; 38=5282; 60=2022-05-31-13:00:51; 6=0.0; 14=0; 37=algo20220531130051; 10=252;
8=FIX4.4; 35=D; 34=108; 49=MTHREE; 56=MS; 52=2022-05-31-13:00:53; 55=ABBV; 40=2; 38=19136; 21=2; 11=algo20220531130053; 60=2022-05-31-13:00:53; 54=1; 44=83.60; 10=0252;
8=FIX4.4; 35=8; 34=154; 49=MS; 56=MTHREE; 52=2022-05-31-13:00:53; 55=ABBV; 40=2; 11=algo20220531130053; 31=83.60; 150=0; 39=0; 54=1; 44=83.60; 32=0; 17=exec20220531130053; 38=19136; 60=2022-05-31-13:00:53; 6=0; 14=0; 37=algo20220531130053; 10=200;
8=FIX4.4; 35=8; 34=155; 49=MS; 56=MTHREE; 52=2022-05-31-13:00:53; 55=ABBV; 40=2; 11=algo20220531130053; 31=83.60; 150=1; 39=1; 54=1; 44=83.60; 32=4784; 17=exec20220531130053; 38=19136; 60=2022-05-31-13:00:53; 6=83.60; 14=4784; 37=algo20220531130053; 10=240;
8=FIX4.4; 35=F; 34=108; 49=MTHREE; 56=MS; 52=2022-05-31-13:00:54; 41=algo20220531130053; 55=ABBV; 38=19136; 11=C_algo20220531130053; 60=2022-05-31-13:00:54; 10=060;
8=FIX4.4; 35=8; 34=155; 49=MS; 56=MTHREE; 52=2022-05-31-13:00:54; 55=ABBV; 11=C_algo20220531130053; 31=0; 150=6; 39=6; 54=1; 44=83.60; 17=exec20220531130054; 32=0; 41=algo20220531130053; 38=19136; 60=2022-05-31-13:00:54; 6=0.0; 14=4784; 37=algo20220531130053; 10=252;
8=FIX4.4; 35=8; 34=156; 49=MS; 56=MTHREE; 52=2022-05-31-13:00:54; 151=9568; 55=ABBV; 11=C_algo20220531130053; 31=0; 150=4; 39=4; 54=1; 17=exec20220531130054; 32=0; 41=algo20220531130053; 38=19136; 60=2022-05-31-13:00:54; 6=0.0; 14=4784; 37=algo20220531130053; 10=252;
8=FIX4.4; 35=D; 34=110; 49=MTHREE; 56=MS; 52=2022-05-31-13:00:56; 55=ANF; 40=2; 38=17803; 21=2; 11=algo20220531130056; 60=2022-05-31-13:00:56; 54=1; 44=9.10; 10=0252;
8=FIX4.4; 35=8; 34=158; 49=MS; 56=MTHREE; 52=2022-05-31-13:00:56; 55=ANF; 40=2; 11=algo20220531130056; 31=9.10; 150=0; 39=0; 54=1; 44=9.10; 32=0; 17=exec20220531130056; 38=17803; 60=2022-05-31-13:00:56; 6=0; 14=0; 37=algo20220531130056; 10=200;
8=FIX4.4; 35=8; 34=159; 49=MS; 56=MTHREE; 52=2022-05-31-13:00:56; 55=ANF; 40=2; 11=algo20220531130056; 31=9.10; 150=1; 39=1; 54=1; 44=9.10; 32=5934; 17=exec20220531130056; 38=17803; 60=2022-05-31-13:00:56; 6=9.10; 14=5934; 37=algo20220531130056; 10=240;
8=FIX4.4; 35=F; 34=110; 49=MTHREE; 56=MS; 52=2022-05-31-13:00:57; 41=algo20220531130056; 55=ANF; 38=17803; 11=C_algo20220531130056; 60=2022-05-31-13:00:57; 10=060;
8=FIX4.4; 35=8; 34=159; 49=MS; 56=MTHREE; 52=2022-05-31-13:00:57; 55=ANF; 11=C_algo20220531130056; 31=0; 150=6; 39=6; 54=1; 44=9.10; 17=exec20220531130057; 32=0; 41=algo20220531130056; 38=17803; 60=2022-05-31-13:00:57; 6=0.0; 14=5934; 37=algo20220531130056; 10=252;
8=FIX4.4; 35=8; 34=160; 49=MS; 56=MTHREE; 52=2022-05-31-13:00:57; 151=5935; 55=ANF; 11=C_algo20220531130056; 31=0; 150=4; 39=4; 54=1; 17=exec20220531130057; 32=0; 41=algo20220531130056; 38=17803; 60=2022-05-31-13:00:57; 6=0.0; 14=5934; 37=algo20220531130056; 10=252;
8=FIX4.4; 35=D; 34=112; 49=MTHREE; 56=MS; 52=2022-05-31-13:00:59; 55=ABM; 40=2; 38=6947; 21=2; 11=algo20220531130059; 60=2022-05-31-13:00:59; 54=1; 44=31.64; 10=0252;
8=FIX4.4; 35=8; 34=162; 49=MS; 56=MTHREE; 52=2022-05-31-13:00:59; 55=ABM; 40=2; 11=algo20220531130059; 31=31.64; 150=0; 39=0; 54=1; 44=31.64; 32=0; 17=exec20220531130059; 38=6947; 60=2022-05-31-13:00:59; 6=0; 14=0; 37=algo20220531130059; 10=200;
8=FIX4.4; 35=8; 34=163; 49=MS; 56=MTHREE; 52=2022-05-31-13:01:00; 55=ABM; 40=2; 11=algo20220531130059; 31=31.64; 150=2; 39=2; 54=1; 44=31.64; 32=6947; 17=exec20220531130100; 38=6947; 60=2022-05-31-13:01:00; 6=31.64; 14=6947; 37=algo20220531130059; 10=246;
8=FIX4.4; 35=D; 34=113; 49=MTHREE; 56=MS; 52=2022-05-31-13:01:00; 55=AAPL; 40=2; 38=16889; 21=2; 11=algo20220531130100; 60=2022-05-31-13:01:00; 54=1; 44=284.65; 10=0252;
8=FIX4.4; 35=8; 34=164; 49=MS; 56=MTHREE; 52=2022-05-31-13:01:00; 55=AAPL; 40=2; 11=algo20220531130100; 31=284.65; 150=0; 39=0; 54=1; 44=284.65; 32=0; 17=exec20220531130100; 38=16889; 60=2022-05-31-13:01:00; 6=0; 14=0; 37=algo20220531130100; 10=200;
8=FIX4.4; 35=F; 34=113; 49=MTHREE; 56=MS; 52=2022-05-31-13:01:00; 41=algo20220531130100; 55=AAPL; 38=16889; 11=C_algo20220531130100; 60=2022-05-31-13:01:00; 10=060;
8=FIX4.4; 35=8; 34=164; 49=MS; 56=MTHREE; 52=2022-05-31-13:01:00; 55=AAPL; 11=C_algo20220531130100; 31=0; 150=6; 39=6; 54=1; 44=284.65; 17=exec20220531130100; 32=0; 41=algo20220531130100; 38=16889; 60=2022-05-31-13:01:00; 6=0.0; 14=0; 37=algo20220531130100; 10=252;
8=FIX4.4; 35=8; 34=165; 49=MS; 56=MTHREE; 52=2022-05-31-13:01:00; 151=8445; 55=AAPL; 11=C_algo20220531130100; 31=0; 150=4; 39=4; 54=1; 17=exec20220531130100; 32=0; 41=algo20220531130100; 38=16889; 60=2022-05-31-13:01:00; 6=0.0; 14=0; 37=algo20220531130100; 10=252;
8=FIX4.4; 35=D; 34=115; 49=MTHREE; 56=MS; 52=2022-05-31-13:01:02; 55=PEP; 40=2; 38=3810; 21=2; 11=algo20220531130102; 60=2022-05-31-13:01:02; 54=1; 44=45.43; 10=0252;
8=FIX4.4; 35=8; 34=167; 49=MS; 56=MTHREE; 52=2022-05-31-13:01:02; 55=PEP; 40=2; 11=algo20220531130102; 31=45.43; 150=0; 39=0; 54=1; 44=45.43; 32=0; 17=exec20220531130102; 38=3810; 60=2022-05-31-13:01:02; 6=0; 14=0; 37=algo20220531130102; 10=200;
8=FIX4.4; 35=8; 34=168; 49=MS; 56=MTHREE; 52=2022-05-31-13:01:02; 55=PEP; 40=2; 11=algo20220531130102; 31=45.43; 150=1; 39=1; 54=1; 44=45.43; 32=952; 17=exec20220531130102; 38=3810; 60=2022-05-31-13:01:02; 6=45.43; 14=952; 37=algo20220531130102; 10=240;
8=FIX4.4; 35=8; 34=169; 49=MS; 56=MTHREE; 52=2022-05-31-13:01:03; 55=PEP; 40=2; 11=algo20220531130102; 31=45.43; 150=1; 39=1; 54=1; 44=45.43; 32=952; 17=exec20220531130103; 38=3810; 60=2022-05-31-13:01:03; 6=45.43; 14=1904; 37=algo20220531130102; 10=240;
8=FIX4.4; 35=F; 34=115; 49=MTHREE; 56=MS; 52=2022-05-31-13:01:04; 41=algo20220531130102; 55=PEP; 38=3810; 11=C_algo20220531130102; 60=2022-05-31-13:01:04; 10=060;
8=FIX4.4; 35=8; 34=169; 49=MS; 56=MTHREE; 52=2022-05-31-13:01:04; 55=PEP; 11=C_algo20220531130102; 31=0; 150=6; 39=6; 54=1; 44=45.43; 17=exec20220531130104; 32=0; 41=algo20220531130102; 38=3810; 60=2022-05-31-13:01:04; 6=0.0; 14=1904; 37=algo20220531130102; 10=252;
8=FIX4.4; 35=8; 34=170; 49=MS; 56=MTHREE; 52=2022-05-31-13:01:04; 151=954; 55=PEP; 11=C_algo20220531130102; 31=0; 150=4; 39=4; 54=1; 17=exec20220531130104; 32=0; 41=algo20220531130102; 38=3810; 60=2022-05-31-13:01:04; 6=0.0; 14=1904; 37=algo20220531130102; 10=252;
8=FIX4.4; 35=D; 34=117; 49=MTHREE; 56=MS; 52=2022-05-31-13:01:06; 55=; 40=2; 38=29686; 21=2; 11=algo20220531130106; 60=2022-05-31-13:01:06; 54=2; 44=; 10=0252;
8=FIX4.4; 35=8; 34=172; 49=MS; 56=MTHREE; 52=2022-05-31-13:01:06; 55=; 40=2; 11=algo20220531130106; 31=; 150=0; 39=0; 54=2; 44=; 32=0; 17=exec20220531130106; 38=29686; 60=2022-05-31-13:01:06; 6=0; 14=0; 37=algo20220531130106; 10=200;
8=FIX4.4; 35=F; 34=117; 49=MTHREE; 56=MS; 52=2022-05-31-13:01:06; 41=algo20220531130106; 55=; 38=29686; 11=C_algo20220531130106; 60=2022-05-31-13:01:06; 10=060;
8=FIX4.4; 35=8; 34=172; 49=MS; 56=MTHREE; 52=2022-05-31-13:01:06; 55=; 11=C_algo20220531130106; 31=0; 150=6; 39=6; 54=2; 44=; 17=exec20220531130106; 32=0; 41=algo20220531130106; 38=29686; 60=2022-05-31-13:01:06; 6=0.0; 14=0; 37=algo20220531130106; 10=252;
8=FIX4.4; 35=8; 34=173; 49=MS; 56=MTHREE; 52=2022-05-31-13:01:06; 151=23749; 55=; 11=C_algo20220531130106; 31=0; 150=4; 39=4; 54=2; 17=exec20220531130106; 32=0; 41=algo20220531130106; 38=29686; 60=2022-05-31-13:01:06; 6=0.0; 14=0; 37=algo20220531130106; 10=252;
